#     'r'     'g11(r)'     'g12(r)'     'g22(r)'
 0.0047982             0            0             0
  0.014395             0            0             0
  0.023991             0            0             0
  0.033588             0            0             0
  0.043184             0            0             0
  0.052781             0            0             0
  0.062377             0            0             0
  0.071974             0            0             0
   0.08157             0            0             0
  0.091167             0            0             0
   0.10076             0            0             0
   0.11036             0            0             0
   0.11996             0            0             0
   0.12955             0            0             0
   0.13915             0            0             0
   0.14875             0            0             0
   0.15834             0            0             0
   0.16794             0            0             0
   0.17753             0            0             0
   0.18713             0            0             0
   0.19673             0            0             0
   0.20632             0            0             0
   0.21592             0            0             0
   0.22552             0            0             0
   0.23511             0            0             0
   0.24471             0            0             0
   0.25431             0            0             0
    0.2639             0            0             0
    0.2735             0            0             0
    0.2831             0            0             0
   0.29269             0            0             0
   0.30229             0            0             0
   0.31189             0            0             0
   0.32148             0            0             0
   0.33108             0            0             0
   0.34068             0            0             0
   0.35027             0            0             0
   0.35987             0            0             0
   0.36946             0            0             0
   0.37906             0            0             0
   0.38866             0            0             0
   0.39825             0            0             0
   0.40785             0            0             0
   0.41745             0            0             0
   0.42704             0            0             0
   0.43664             0            0             0
   0.44624             0            0             0
   0.45583             0            0             0
   0.46543             0            0             0
   0.47503             0            0             0
   0.48462             0            0             0
   0.49422             0            0             0
   0.50382             0            0             0
   0.51341             0            0             0
   0.52301             0            0             0
    0.5326             0            0             0
    0.5422             0            0             0
    0.5518             0            0             0
   0.56139             0            0             0
   0.57099             0            0             0
   0.58059             0            0             0
   0.59018             0            0             0
   0.59978             0            0             0
   0.60938             0            0             0
   0.61897             0            0             0
   0.62857             0            0             0
   0.63817             0            0             0
   0.64776             0            0             0
   0.65736             0            0             0
   0.66696             0            0             0
   0.67655             0            0             0
   0.68615             0            0             0
   0.69575             0            0             0
   0.70534             0            0             0
   0.71494             0            0             0
   0.72453             0            0             0
   0.73413             0            0             0
   0.74373             0            0             0
   0.75332             0            0             0
   0.76292             0            0             0
   0.77252             0            0             0
   0.78211             0            0             0
   0.79171             0            0             0
   0.80131             0            0             0
    0.8109             0            0             0
    0.8205             0            0             0
    0.8301             0            0             0
   0.83969             0            0             0
   0.84929             0            0             0
   0.85889             0            0             0
   0.86848             0            0             0
   0.87808             0            0             0
   0.88767             0            0             0
   0.89727             0            0             0
   0.90687             0            0             0
   0.91646             0            0             0
   0.92606             0            0             0
   0.93566             0            0             0
   0.94525             0            0             0
   0.95485             0            0             0
   0.96445             0            0             0
   0.97404             0            0             0
   0.98364             0            0             0
   0.99324             0            0             0
    1.0028             0            0             0
    1.0124             0            0             0
     1.022             0            0             0
    1.0316             0            0             0
    1.0412             0            0             0
    1.0508             0            0             0
    1.0604             0            0             0
      1.07             0            0             0
    1.0796             0            0             0
    1.0892             0            0   0.009643812
    1.0988             0  0.002360799             0
    1.1084   0.002324131  0.002320096             0
     1.118             0  0.004560875             0
    1.1276   0.002245686  0.006725361             0
    1.1372             0  0.006612332    0.02654149
    1.1468   0.008684583  0.004334753    0.01739943
    1.1564    0.00213526  0.006394658   0.008555919
     1.166    0.01050128   0.00209661    0.02524698
    1.1756    0.00619832    0.0103126   0.008278824
    1.1852    0.02236061  0.004058508   0.008145298
    1.1948    0.01200156   0.01198072   0.008014976
    1.2044   0.007874039  0.007860369             0
     1.214    0.01550008    0.0251439    0.03881771
    1.2236    0.04577369   0.02094319    0.05349568
    1.2331     0.0413087   0.03186494    0.01504752
    1.2427    0.04437076   0.06090387    0.00740801
    1.2523    0.08192504   0.04906969     0.0583593
    1.2619     0.1255081    0.1324496     0.1796096
    1.2715     0.2013253    0.1339838     0.1910615
    1.2811     0.2296343    0.2257623     0.1672977
    1.2907     0.3067848    0.3541575     0.3296385
    1.3003      0.565707    0.5326957     0.6495819
    1.3099     0.8652934    0.9152864     0.6734376
    1.3195      1.229932     1.211427       1.16965
    1.3291      1.878157     1.845854      1.716278
    1.3387      2.698923     2.258451      2.623825
    1.3483      3.383129     3.113848      3.669081
    1.3579      4.244452     4.280366      3.722887
    1.3675      5.550092     5.749272      5.218681
    1.3771      6.325202     6.732063      6.901821
    1.3867      7.266978     8.400177       8.59753
    1.3963      9.544372     9.729556      9.612347
    1.4059      11.51354      12.1497      12.60736
    1.4155      13.00393     13.66563      15.01804
    1.4251      15.21389     16.40011      16.64739
    1.4347      17.55519     17.73797      18.45985
    1.4443      19.43068     20.56118        20.157
    1.4539       21.5849      20.5037      20.59544
    1.4635      23.05054     22.03633      22.02497
    1.4731      22.97093     22.66702      23.26799
    1.4827      23.21877     23.78398      24.81539
    1.4923      23.02752     23.71714      21.96942
    1.5018      22.40758     22.51906      22.73955
    1.5114      21.18654     21.21589      21.36994
     1.521      19.78216     19.80326      19.79561
    1.5306      17.23638     17.97657      16.93556
    1.5402      16.37835      16.5001      16.37312
    1.5498       14.2207     13.78543      15.48985
    1.5594       11.9222     12.09138      11.75243
     1.569      10.33979     10.97947      10.13589
    1.5786      8.829237     8.859659      8.461268
    1.5882      7.393944     7.402577      6.835325
    1.5978      6.072917     6.331441      5.628635
    1.6074      4.836965     5.463992      5.229525
     1.617      4.097218     4.440031      4.327514
    1.6266      3.744692     3.664935      2.901517
    1.6362      3.020442     2.892759      3.017157
    1.6458       2.73549     2.721271      3.167926
    1.6554      2.376694     2.269593      2.333865
     1.665      1.960045     1.889809       1.75401
    1.6746      1.770659     1.762502      1.534048
    1.6842      1.520018     1.508335      1.456113
    1.6938      1.383412     1.355178       1.32002
    1.7034      1.371804     1.304587      1.399825
     1.713      1.054822     1.141387      1.263312
    1.7226      1.139329    0.9356245     0.9793703
    1.7322     0.8431513    0.8559373     0.9723619
    1.7418     0.8084741    0.8314987     0.8787085
    1.7514     0.7307522     0.727625     0.9399764
     1.761     0.6427018    0.6820298     0.6604243
    1.7706     0.6175373    0.5764586     0.6496351
    1.7801     0.4946645    0.6422173     0.4946237
    1.7897     0.5268125    0.4493713     0.4071828
    1.7993     0.4585926    0.4595572      0.614878
    1.8089     0.4136013    0.4747287     0.3111785
    1.8185     0.5128547    0.4154323     0.4013117
    1.8281     0.3930015    0.4119351     0.4963869
    1.8377      0.357626    0.3789487     0.5589702
    1.8473     0.4283856    0.4034199     0.4291319
    1.8569     0.3875344    0.4224066      0.550793
    1.8665     0.3827402    0.4008931     0.4170679
    1.8761     0.4031709    0.4000416     0.5005754
    1.8857     0.4392266    0.3534966     0.4601011
    1.8953     0.4395591    0.3840457     0.3726439
    1.9049      0.444584    0.4893716     0.3783577
    1.9145     0.4790885    0.4525942     0.5212823
    1.9241     0.4966878    0.4480908     0.5779033
    1.9337     0.5062789    0.5061623     0.5385238
    1.9433     0.5617786    0.6038259     0.5120107
    1.9529     0.6468616    0.6980553     0.7499867
    1.9625     0.8162574    0.7889371     0.9951776
    1.9721      1.003625    0.9410511     0.9943412
    1.9817      1.290579     1.449472      1.363478
    1.9913      1.705187     1.633936       1.68796
    2.0009      1.770888     1.807684      1.666092
    2.0105      1.712344     1.874385      1.896484
    2.0201      1.757689     1.717616      1.774769
    2.0297      1.725165     1.590015      1.694149
    2.0393      1.741237     1.532589      1.755275
    2.0488      1.658985     1.779006       1.73342
    2.0584      1.595709     1.579485      1.606589
     2.068      1.669728     1.704151      1.682669
    2.0776      1.701303     1.716839      1.873899
    2.0872      1.707979     1.742306      1.546818
    2.0968      1.606658     1.662214      1.600349
    2.1064      1.582399     1.557168      1.364046
     2.116      1.694341      1.56281      1.696654
    2.1256      1.475591     1.519712      1.501584
    2.1352       1.59137     1.466695      1.698913
    2.1448      1.664058      1.69091      1.382809
    2.1544       1.66526      1.58315      1.663848
     2.164      1.499922     1.617834      1.399923
    2.1736      1.610599     1.502828      1.680605
    2.1832      1.375421     1.663069      1.593851
    2.1928      1.557588     1.595786      1.361025
    2.2024      1.567001     1.555466      1.747815
     2.212      1.481073     1.557728      1.412335
    2.2216      1.489711     1.456515      1.467386
    2.2312      1.437921     1.551656       1.59958
    2.2408      1.509793     1.470273      1.503879
    2.2504      1.475519     1.511793      1.495598
      2.26      1.527863     1.551998      1.534445
    2.2696      1.537143     1.619692      1.425986
    2.2792      1.570947     1.467257      1.552761
    2.2888      1.496209     1.467494      1.463325
    2.2984      1.489686     1.597176      1.416476
     2.308      1.660649     1.561447       1.63025
    2.3176      1.652773     1.552257      1.461277
    2.3271      1.644969     1.657903      1.512628
    2.3367      1.658677     1.625522      1.498134
    2.3463      1.657066     1.766022      1.438106
    2.3559       1.53505     1.643822      1.682015
    2.3655      1.745605     1.671262      1.605013
    2.3751      1.769995     1.552183      1.598153
    2.3847      1.655362     1.658502      1.617506
    2.3943      1.636142     1.764065      1.754246
    2.4039        1.7491     1.670104      1.730369
    2.4135       1.79747     1.896129      1.512368
    2.4231      1.754083     1.757834       1.55887
    2.4327      1.852687     1.863919      1.579461
    2.4423      1.806084     1.792436      1.568991
    2.4519      2.038472     1.890799      1.847907
    2.4615      1.972655     1.923599      1.831638
    2.4711      1.889094     1.954899       1.85866
    2.4807      1.974264     1.970373      1.968872
    2.4903      1.962761     2.120679      1.745256
    2.4999      2.051435      2.06338      1.916787
    2.5095      2.073407      2.17753      2.114717
    2.5191      2.139532     2.163217      2.248281
    2.5287      2.064379     2.256488      2.064844
    2.5383      2.262409     2.313782      2.148705
    2.5479       2.24232     2.331512      2.083201
    2.5575      2.272671     2.398155      2.244269
    2.5671      2.325037     2.417889      2.258772
    2.5767      2.373551     2.437693      2.171324
    2.5863      2.425125     2.662963      2.567473
    2.5958      2.461465     2.570132      2.590972
    2.6054      2.421915     2.521422      2.588775
     2.615      2.653858     2.668424      2.384101
    2.6246      2.651066     2.953066      2.554374
    2.6342      2.712023     2.908998       2.69078
    2.6438      2.940734     2.997612      2.792406
    2.6534      2.841638     2.950869      2.765745
     2.663      2.790192     3.018465      2.774887
    2.6726      2.855335     3.095791      2.843091
    2.6822      3.117918     3.120033      2.749629
    2.6918      2.879782     3.107267      3.044276
    2.7014      2.962652     3.304739      3.370734
     2.711      3.127806     3.353131      3.332902
    2.7206      3.250826     3.275605      3.541292
    2.7302      3.287387     3.472875      3.275463
    2.7398      3.127843     3.445172      3.054417
    2.7494      3.423337     3.556909       3.26319
     2.759      3.407441     3.310907      3.356262
    2.7686      3.276205     3.495493      3.798735
    2.7782      3.387529     3.519395      3.127722
    2.7878      3.478874     3.794115      3.589089
    2.7974      3.155115     3.629714       3.41099
     2.807      3.343764     3.683078      3.492257
    2.8166      3.295103     3.471188      3.216114
    2.8262      3.370357      3.48227      3.487958
    2.8358      3.276926     3.398839      3.342034
    2.8454      3.466818     3.544238      3.217781
     2.855      3.312535     3.512409      3.461481
    2.8646      3.350576     3.289875      3.392316
    2.8741      3.189288     3.378013      3.020681
    2.8837       3.28621     3.354197      2.941451
    2.8933       3.13552     3.290444      3.165241
    2.9029      3.030795     3.149328      3.085969
    2.9125      3.079184     3.134321      2.926747
    2.9221       3.04963     3.058356      3.109878
    2.9317      2.921732     3.045662      2.775406
    2.9413      2.779263     2.918744       2.68988
    2.9509      2.693013     2.872296      2.865552
    2.9605      2.679818     2.823461      2.553297
    2.9701      2.577727     2.712835      2.661331
    2.9797       2.45599      2.53712      2.367167
    2.9893      2.397749     2.472692      2.357114
    2.9989       2.31766     2.483197      2.541782
    3.0085      2.372616     2.450375      2.134998
    3.0181      2.148786     2.272413       2.16666
    3.0277      2.059497     2.223206      2.120496
    3.0373       2.14369     2.192185      2.201374
    3.0469      2.052086     2.168266      1.953371
    3.0565      1.991846      2.03629      1.917855
    3.0661      1.971197     2.046303      1.975239
    3.0757      2.059125      1.93382       2.05606
    3.0853      1.891555     1.897254      1.699536
    3.0949      1.884612     1.886399       1.73082
    3.1045      1.862906     1.838082      1.841222
    3.1141      1.874114     1.834413      1.736686
    3.1237      1.907389     1.739611      1.646296
    3.1333      1.751755     1.706034      1.626904
    3.1428      1.760442     1.640804      1.711964
    3.1524      1.768703     1.707122      1.620969
     3.162      1.702297     1.682807      1.579106
    3.1716      1.722666     1.657338       1.43763
    3.1812      1.663197     1.676645      1.577067
    3.1908      1.657695      1.63466      1.330489
    3.2004      1.700455     1.612628      1.414116
      3.21      1.704158     1.623746      1.603311
    3.2196       1.72817     1.567886      1.637917
    3.2292      1.749676     1.543001      1.464718
    3.2388       1.79349     1.684948      1.424422
    3.2484      1.666015     1.604506      1.571064
     3.258      1.671009     1.634005      1.461582
    3.2676      1.756945     1.665533      1.615884
    3.2772      1.779902     1.578032      1.619217
    3.2868      1.752873     1.574635      1.436089
    3.2964      1.713251     1.577809      1.549877
     3.306      1.656034     1.592916      1.344094
    3.3156      1.682305     1.662272      1.457051
    3.3252      1.724515     1.708116      1.502461
    3.3348      1.770063     1.758532      1.559669
    3.3444      1.662912     1.685509      1.427982
     3.354      1.688437     1.660167      1.424908
    3.3636      1.689164     1.630553      1.551287
    3.3732      1.772165     1.578702      1.403711
    3.3828      1.780838     1.614095      1.437751
    3.3924      1.726861     1.629744      1.601621
     3.402      1.761048      1.68041        1.5145
    3.4116      1.679518     1.714807       1.59643
    3.4211      1.789647      1.76243      1.646137
    3.4307      1.708327      1.60704      1.461971
    3.4403       1.75333     1.665035      1.468326
    3.4499      1.712642     1.659856      1.633197
    3.4595      1.763751     1.691385      1.643268
    3.4691      1.753057     1.701461      1.539123
    3.4787      1.817957     1.776644      1.626131
    3.4883      1.803979     1.692862      1.468639
    3.4979      1.762824     1.747184      1.442826
    3.5075      1.837439     1.691763      1.529798
    3.5171      1.784954     1.772639      1.344805
    3.5267      1.699037     1.749025      1.440523
    3.5363      1.735721     1.720627      1.492183
    3.5459      1.824896     1.744878      1.604229
    3.5555       1.72155     1.743363      1.735862
    3.5651      1.801705     1.726589      1.721128
    3.5747      1.779755     1.689449       1.53104
    3.5843      1.734011     1.657119      1.611018
    3.5939      1.862266     1.694845      1.570537
    3.6035      1.740656     1.753878      1.578924
    3.6131       1.77976      1.75156      1.616998
    3.6227      1.699634     1.787468      1.782799
    3.6323      1.833285     1.708902       1.66586
    3.6419      1.814594     1.730639       1.54754
    3.6515      1.776587     1.757469       1.55143
    3.6611      1.764516     1.774425       1.75756
    3.6707      1.830744     1.718407      1.529304
    3.6803      1.744263     1.857611      1.664941
    3.6898      1.778613     1.747262        1.6252
    3.6994      1.821555     1.753829      1.637679
     3.709      1.826047     1.806923      1.720697
    3.7186      1.766459     1.837391      1.624954
    3.7282      1.883095      1.76417      1.726897
    3.7378      1.781882     1.757367      1.617317
    3.7474      1.861822     1.865288      1.801315
     3.757       1.78921     1.822654      1.748355
    3.7666      1.830821     1.866418      1.800746
    3.7762      1.786687     1.815967      1.737849
    3.7858      1.880438     1.853905      1.725058
    3.7954      1.832289     1.886095      1.686165
     3.805      1.877293     1.831312      1.715602
    3.8146      1.905534     1.869514      1.745508
    3.8242      1.869235     1.893861      1.746928
    3.8338      1.881258     1.861702      1.696938
    3.8434      1.911887     1.866117      1.782192
     3.853      1.899683     1.958785      1.746352
    3.8626      1.905565     1.916586      1.905626
    3.8722      1.890228     1.931811      1.684826
    3.8818      1.902685     1.944214      1.815455
    3.8914       1.99306     1.999764      1.791401
     3.901      1.971445      1.92438      1.861541
    3.9106      1.928547     1.900968      1.776105
    3.9202      1.964823     2.018167      1.819534
    3.9298      1.914932     1.950921      1.787691
    3.9394      2.016561     1.985509      2.009752
     3.949      2.029293     2.009502      1.961845
    3.9585      1.856568     1.971213      1.842097
    3.9681      1.910158     2.011652       1.94364
    3.9777      1.918277     1.997994      1.938612
    3.9873       1.99454     1.989284      1.809115
    3.9969      1.932427     2.036302      2.048232
    4.0065      1.915177     1.986252      2.054824
    4.0161       1.99207     2.018123      1.808807
    4.0257      1.946818     2.000774      2.080459
    4.0353      1.860944     2.040106      1.754404
    4.0449      1.891739     2.048207      2.035589
    4.0545      2.008546     2.132152      2.006477
    4.0641      2.008234     2.026664      2.033725
    4.0737      1.986223     2.094761      2.021397
    4.0833      2.051905     2.070054       1.97897
    4.0929      1.999171     2.029731      2.242891
    4.1025      1.992205     2.043109      2.041391
    4.1121      2.046577     2.047069      1.837009
    4.1217      1.946466     2.068924      2.023097
    4.1313      1.965037     2.094895      1.966785
    4.1409      2.002399     1.997094      1.981033
    4.1505      1.923038     2.028739      2.003098
    4.1601      1.977036     1.957957      1.979323
    4.1697      1.935429     2.024368      2.064983
    4.1793      1.978045        1.972      2.067956
    4.1889      1.939701     2.001312      2.075445
    4.1985      1.954494     2.018531      1.955627
    4.2081      1.986385       1.9802      1.991299
    4.2177      1.917966      2.00645      1.832389
    4.2273       1.97478     1.967363      1.936123
    4.2368       1.98016     1.989425      1.842594
    4.2464      1.926092     1.973014      1.931351
     4.256      1.881318     2.062789      1.922651
    4.2656      1.843048     1.920366      2.098243
    4.2752       1.85431      1.91846      1.850342
    4.2848      1.870741      1.92773       1.74485
    4.2944      1.772591     1.958227      1.839423
     4.304       1.85841     1.952274      1.936842
    4.3136      1.887285     1.929504      1.713644
    4.3232      1.802378     1.863149      1.871936
    4.3328      1.862845     1.869936      1.906923
    4.3424      1.808286     1.887679      1.696458
     4.352      1.828963     1.859498      1.695025
    4.3616      1.753832     1.851624       1.77478
    4.3712      1.748232     1.863791      1.744242
    4.3808      1.779562     1.816425      1.802782
    4.3904      1.824081     1.820914      1.759297
       4.4      1.738998     1.817544      1.639938
    4.4096      1.703096     1.822248      1.683998
    4.4192       1.71179     1.778584      1.653259
    4.4288      1.737134     1.797333      1.592437
    4.4384      1.652665     1.814601      1.715075
     4.448      1.666612      1.73244      1.696116
    4.4576      1.683298     1.741629      1.690549
    4.4672      1.682798      1.75058      1.666093
    4.4768      1.689838     1.731847      1.580748
    4.4864      1.716947     1.738466      1.625721
     4.496      1.714287      1.73486      1.679351
    4.5055      1.637227     1.731549      1.523978
    4.5151      1.654225     1.694696      1.741428
    4.5247      1.672459     1.695868      1.563606
    4.5343      1.725936     1.712542      1.574245
    4.5439      1.700676     1.689027       1.57259
    4.5535      1.702467     1.646861      1.605145
    4.5631      1.652118     1.714957      1.571477
    4.5727       1.67373     1.716218      1.617416
    4.5823      1.663464     1.685146      1.644976
    4.5919      1.706757     1.663646      1.646789
    4.6015      1.611723     1.737752      1.483769
    4.6111      1.651083     1.686691      1.540019
    4.6207      1.650116     1.656062      1.657412
    4.6303      1.635692      1.77351      1.555561
    4.6399      1.660366     1.679594       1.52575
    4.6495      1.622612     1.652099      1.682994
    4.6591      1.646978     1.668279      1.510043
    4.6687      1.625149      1.67712      1.506466
    4.6783      1.673543     1.631177      1.597001
    4.6879      1.683459     1.671457      1.635242
    4.6975      1.653426     1.669285      1.670046
    4.7071      1.606612     1.726808      1.561001
    4.7167      1.647826     1.702108      1.599912
    4.7263      1.611102     1.643013      1.635421
    4.7359      1.641626     1.705369      1.569116
    4.7455       1.63829     1.658355      1.554648
    4.7551      1.652394      1.65898      1.624786
    4.7647      1.644738     1.656824      1.644454
    4.7743       1.61596     1.660674      1.577114
    4.7838      1.695323     1.692504      1.631285
    4.7934       1.65151     1.688959      1.652644
     4.803        1.6391     1.662942      1.675308
    4.8126      1.634542     1.726833      1.744211
    4.8222      1.611589     1.735288      1.602958
    4.8318      1.582446     1.676148      1.687747
    4.8414       1.59299      1.73238      1.606869
     4.851      1.577472     1.656007      1.679766
    4.8606      1.637962     1.676138      1.691542
    4.8702      1.697722     1.661487      1.662694
    4.8798      1.666111     1.686799      1.623009
    4.8894      1.576329     1.734672      1.747775
     4.899        1.6024     1.692135      1.731877
    4.9086      1.580735     1.730479      1.603077
    4.9182      1.602195     1.731981       1.81535
    4.9278      1.664159      1.75846      1.741383
    4.9374      1.716142     1.694338      1.610718
     4.947      1.666555     1.711065      1.578763
    4.9566       1.64314     1.642956      1.615965
    4.9662      1.698387     1.705608      1.755854
    4.9758      1.607999     1.664383      1.657589
    4.9854      1.646734     1.699153      1.667326
     4.995      1.647623     1.718563      1.654047
    5.0046      1.620333     1.714824      1.674204
    5.0142      1.574502     1.739443      1.699201
    5.0238      1.663185     1.739016       1.62245
    5.0334      1.692915     1.717765      1.665042
     5.043      1.621471      1.74284      1.606525
    5.0525      1.658043     1.733099       1.58026
    5.0621      1.622792     1.773808      1.722058
    5.0717      1.709012     1.733969      1.743569
    5.0813      1.681773      1.71727      1.662547
    5.0909      1.662769     1.774478      1.675709
    5.1005      1.623812     1.747757      1.690958
    5.1101      1.628871     1.710527      1.727112
    5.1197       1.69837     1.749902      1.790045
    5.1293       1.67368     1.778895      1.681597
    5.1389      1.642135     1.731351      1.750705
    5.1485      1.689555     1.697912      1.755407
    5.1581      1.633693     1.748487       1.70588
    5.1677      1.621751     1.708058      1.611723
    5.1773      1.678486     1.745968      1.753439
    5.1869      1.670159     1.740997      1.880062
    5.1965       1.64528     1.781122      1.704073
    5.2061      1.619099     1.710831      1.730723
    5.2157      1.678222     1.720468      1.665059
    5.2253       1.66673     1.802263      1.752393
    5.2349      1.650101     1.795766      1.610704
    5.2445      1.655072     1.731373      1.735846
    5.2541      1.648721     1.741988      1.778002
    5.2637      1.662605     1.742638      1.683981
    5.2733      1.675042     1.748909      1.810753
    5.2829      1.664358     1.734492      1.772204
    5.2925      1.648745     1.733601      1.715951
    5.3021      1.642478     1.746596      1.677186
    5.3117      1.649502     1.737866      1.755478
    5.3213      1.633878     1.717309        1.7439
    5.3308      1.709586     1.755465      1.808484
    5.3404      1.664303     1.708186      1.728178
      5.35       1.66562      1.81021      1.680413
    5.3596      1.680336     1.736954      1.771583
    5.3692      1.708603      1.73777      1.864472
    5.3788      1.689781     1.800046      1.651796
    5.3884      1.669017      1.77008       1.79526
     5.398      1.669555     1.763498      1.763753
    5.4076      1.613153     1.723129      1.785669
    5.4172      1.687227     1.731016      1.698256
    5.4268      1.648592     1.754032      1.752859
    5.4364      1.677653     1.768291      1.776097
     5.446      1.659038     1.750628      1.731268
    5.4556      1.670762     1.761234      1.788224
    5.4652      1.605057     1.718886      1.814892
    5.4748      1.649161     1.696033       1.76731
    5.4844      1.676715     1.686692      1.736787
     5.494      1.645889      1.71565      1.712152
    5.5036      1.614985     1.756347      1.731871
    5.5132      1.652392     1.694911      1.685948
    5.5228      1.612017     1.678652      1.732233
    5.5324      1.613706     1.687734      1.651842
     5.542      1.601801     1.725234      1.815246
    5.5516      1.659266     1.691437      1.657888
    5.5612      1.646528     1.680627      1.676587
    5.5708      1.601205     1.719113      1.736071
    5.5804      1.614316     1.692885      1.697406
      5.59      1.632718     1.722744      1.656067
    5.5995      1.600809     1.753115      1.712792
    5.6091      1.601689     1.675461      1.691299
    5.6187      1.590344     1.733665      1.741699
    5.6283      1.626568     1.665404      1.661003
    5.6379      1.615286     1.679646      1.622599
    5.6475      1.633435     1.714873      1.717171
    5.6571      1.634144     1.693652      1.670238
    5.6667      1.643907      1.68366       1.64214
    5.6763      1.663787     1.739454       1.64973
    5.6859      1.578601     1.701054      1.598514
    5.6955      1.591858     1.681004      1.684128
    5.7051      1.572208     1.690942       1.68374
    5.7147       1.63303      1.67235      1.723983
    5.7243      1.637405     1.697541      1.690624
    5.7339      1.624547     1.677819      1.664786
    5.7435      1.622412     1.708766      1.664083
    5.7531      1.607342     1.659495      1.585945
    5.7627      1.626584      1.72753      1.677478
    5.7723      1.614324     1.661138      1.673622
    5.7819      1.639632     1.687176      1.604415
    5.7915      1.596832     1.683799      1.686425
    5.8011      1.616668     1.657651      1.586336
    5.8107      1.594081     1.636562      1.715966
    5.8203       1.59515     1.650775      1.613043
    5.8299      1.611409     1.641151       1.63837
    5.8395      1.616249     1.646963      1.634667
    5.8491      1.632149     1.628149      1.678802
    5.8587       1.54312     1.676631      1.614641
    5.8683      1.577794     1.663206      1.668171
    5.8778      1.611902     1.641609      1.656767
    5.8874      1.605087     1.641032      1.579744
     5.897      1.599292     1.689956      1.666069
    5.9066       1.57102     1.661757      1.642952
    5.9162      1.618708     1.650995      1.602651
    5.9258      1.586311     1.641269       1.61799
    5.9354      1.568542     1.625529      1.712464
     5.945       1.54789     1.653754      1.648348
    5.9546      1.597664      1.63428      1.672725
    5.9642      1.603122     1.653384      1.655768
    5.9738      1.598135     1.614131      1.592744
    5.9834      1.586234     1.645182      1.689264
     5.993        1.5333     1.620554      1.669523
    6.0026      1.574839     1.578275      1.558451
    6.0122      1.538297     1.627414      1.608871
    6.0218      1.549225     1.622546      1.674737
    6.0314      1.583544     1.642146      1.633558
     6.041      1.583133     1.641463      1.704242
    6.0506      1.582327     1.645292      1.581021
    6.0602       1.57491     1.623089      1.590971
    6.0698      1.562959     1.602642      1.667307
    6.0794      1.565058      1.63098      1.644402
     6.089      1.586468     1.694343      1.664527
    6.0986      1.609961     1.619811      1.683287
    6.1082      1.548886     1.610218      1.593366
    6.1178      1.590644     1.631749      1.641867
    6.1274      1.580113     1.615482      1.736986
     6.137       1.55372     1.606271      1.667763
    6.1465      1.585149     1.627589      1.637122
    6.1561      1.563787     1.618006      1.658588
    6.1657      1.557946     1.618222      1.655235
    6.1753      1.559398     1.636292      1.678896
    6.1849      1.608379     1.637999      1.633313
    6.1945       1.57371     1.654841      1.675962
    6.2041      1.570848     1.642246      1.684752
    6.2137      1.553206     1.607206      1.732594
    6.2233      1.554686     1.638167      1.653698
    6.2329      1.563205     1.629825      1.638891
    6.2425       1.50682     1.617357      1.644719
    6.2521      1.607823     1.642439      1.613917
    6.2617      1.538232     1.683861      1.664999
    6.2713      1.557558     1.626748      1.616562
    6.2809      1.556204     1.627489       1.67775
    6.2905      1.580539     1.623608      1.655287
    6.3001      1.591266     1.592094       1.64333
    6.3097      1.560109     1.599068      1.595228
    6.3193        1.5528      1.65353      1.599842
    6.3289      1.598921     1.621336      1.613274
    6.3385      1.553147     1.630335      1.617791
    6.3481      1.541015     1.650025      1.685017
    6.3577        1.5577     1.643284      1.662101
    6.3673      1.570897     1.629898      1.712971
    6.3769      1.564346     1.643711      1.645921
    6.3865      1.555518     1.632416       1.68586
    6.3961      1.549877     1.645497      1.685559
    6.4057      1.575924     1.626399      1.715088
    6.4152      1.582938     1.610733      1.710238
    6.4248      1.561612     1.598605      1.673259
    6.4344      1.565302     1.623513       1.64727
     6.444      1.555486     1.608522      1.704083
    6.4536      1.556897     1.602784      1.714128
    6.4632      1.618032     1.605806      1.601678
    6.4728      1.572143     1.616355      1.668205
    6.4824      1.585158     1.630566      1.672526
     6.492      1.554867     1.642318      1.671929
    6.5016      1.520222     1.640036       1.67241
    6.5112      1.531436     1.621221      1.680707
    6.5208      1.563797     1.620541      1.725542
    6.5304      1.580228     1.644723       1.73979
      6.54      1.582804     1.615775      1.659523
    6.5496       1.59401     1.617223      1.734676
    6.5592        1.6151       1.6382      1.631742
    6.5688      1.605885     1.598869      1.682925
    6.5784      1.588469     1.645253      1.798311
     6.588       1.56391     1.629562      1.663116
    6.5976      1.537061     1.644469      1.622535
    6.6072      1.566349     1.612469        1.6802
    6.6168      1.557309      1.59536      1.723675
    6.6264      1.561776     1.638585      1.685073
     6.636       1.57211     1.632619      1.771656
    6.6456      1.532143     1.647657      1.672245
    6.6552      1.583427      1.61633      1.640561
    6.6648      1.533295     1.643828      1.744278
    6.6744      1.571385      1.61383      1.655795
     6.684       1.59749     1.597588      1.680751
    6.6935      1.568823     1.607897      1.698662
    6.7031       1.57609     1.657154      1.683362
    6.7127      1.541109     1.624397      1.668396
    6.7223      1.571084     1.622222      1.634014
    6.7319      1.558669     1.639614      1.577858
    6.7415      1.550277      1.59801      1.637059
    6.7511       1.58841     1.640811      1.545554
    6.7607      1.543549      1.63996       1.70262
    6.7703      1.574122     1.654467      1.670091
    6.7799      1.570601     1.610288      1.616085
    6.7895      1.603638     1.668561      1.660166
    6.7991      1.538708     1.665519      1.597074
    6.8087      1.555992      1.63402      1.624659
    6.8183      1.586071     1.660999      1.688505
    6.8279      1.572184     1.622279      1.522773
    6.8375      1.523067     1.601938      1.603175
    6.8471      1.590423     1.600004      1.610643
    6.8567      1.598425     1.658459      1.632419
    6.8663      1.567009     1.622993       1.65237
    6.8759      1.534736     1.621722      1.591859
    6.8855      1.537869     1.606142      1.543987
    6.8951      1.596772     1.631951      1.630659
    6.9047      1.599524      1.59591      1.565653
    6.9143      1.580693     1.630476      1.658952
    6.9239      1.561901     1.608538       1.71044
    6.9335      1.541187     1.609721      1.588139
    6.9431      1.546111     1.623131      1.672991
    6.9527      1.565709     1.584749      1.608259
    6.9622      1.550204     1.617311      1.596039
    6.9718      1.563503     1.593804      1.684153
    6.9814       1.57274     1.613694      1.587745
     6.991      1.578708     1.618132      1.620141
    7.0006      1.522705     1.584619       1.57088
    7.0102      1.526208     1.589273      1.618266
    7.0198      1.547185     1.593434      1.618256
    7.0294      1.533718     1.610199      1.583277
     7.039      1.565844      1.60863      1.543865
    7.0486      1.533021     1.594901       1.69188
    7.0582      1.548055     1.590224      1.606214
    7.0678      1.528364     1.611528      1.624072
    7.0774      1.565664     1.586618      1.689564
     7.087      1.562507     1.618929      1.612326
    7.0966      1.529709     1.613025       1.62955
    7.1062      1.550233     1.571249      1.642144
    7.1158      1.554344     1.600789      1.648338
    7.1254      1.580979     1.586094      1.574494
     7.135      1.553901     1.585693      1.607568
    7.1446      1.525845     1.615555      1.540719
    7.1542      1.494251     1.568621      1.598284
    7.1638      1.557182     1.586471      1.574163
    7.1734       1.51856     1.629811      1.602194
     7.183      1.538413     1.585462      1.564653
    7.1926      1.527135     1.620518      1.485951
    7.2022      1.542169     1.569495      1.651169
    7.2118      1.545095     1.570691      1.547567
    7.2214      1.523798     1.541431      1.560569
     7.231      1.515661     1.601778      1.626232
    7.2405      1.515567      1.57981      1.592244
    7.2501      1.519325     1.587289      1.582808
    7.2597      1.552693     1.604025      1.540853
    7.2693      1.511097     1.600602      1.589616
    7.2789      1.496283     1.592188      1.583052
    7.2885      1.530776     1.616812      1.517721
    7.2981       1.50338     1.602555      1.564426
    7.3077      1.554933     1.575505      1.601454
    7.3173      1.522061     1.589688       1.50281
    7.3269      1.536639     1.604747      1.584337
    7.3365      1.499572      1.56274      1.534707
    7.3461      1.486768     1.587869      1.544904
    7.3557      1.506586     1.579619      1.564136
    7.3653       1.51919     1.586539      1.501009
    7.3749      1.520278     1.604057      1.542332
    7.3845      1.519785     1.610345       1.60064
    7.3941      1.525714     1.599911      1.524709
    7.4037      1.528793     1.616618      1.619486
    7.4133      1.483533     1.610724      1.479976
    7.4229       1.51727     1.605683      1.518304
    7.4325      1.541576     1.631775      1.555394
    7.4421      1.485584     1.590515      1.551178
    7.4517      1.531794     1.612908      1.524315
    7.4613       1.51052     1.605383      1.612672
    7.4709      1.532886     1.582928      1.521822
    7.4805      1.525128     1.597308      1.605838
    7.4901      1.514352     1.565833      1.641494
    7.4997      1.519667     1.577791        1.5482
    7.5092      1.519381     1.556069      1.687896
    7.5188      1.498383      1.61225      1.556294
    7.5284      1.527866     1.572788      1.542235
     7.538      1.524732     1.595573      1.584622
    7.5476      1.524716     1.577758      1.572159
    7.5572      1.509348     1.577946      1.592409
    7.5668      1.520681     1.585197      1.549607
    7.5764      1.519518     1.595584      1.589733
     7.586      1.532347     1.584467      1.548138
    7.5956      1.547581     1.596621      1.573975
    7.6052      1.503543     1.638573      1.571587
    7.6148      1.492616     1.554026      1.660167
    7.6244      1.519068     1.574682      1.508774
     7.634      1.509862     1.604815      1.526971
    7.6436      1.506953     1.589957      1.635152
    7.6532      1.506345     1.545776      1.558389
    7.6628      1.507048     1.569284      1.611578
    7.6724      1.516425     1.576159      1.578784
     7.682       1.49822     1.608642      1.490119
    7.6916      1.547284     1.581263      1.540359
    7.7012      1.495913     1.584438      1.595938
    7.7108      1.538439     1.560984      1.523464
    7.7204      1.514353     1.590725      1.548087
      7.73      1.522781     1.552575      1.603603
    7.7396      1.525394     1.566571      1.671254
    7.7492      1.511681     1.572139      1.580046
    7.7588       1.48418     1.563896      1.566067
    7.7684      1.515528     1.580581      1.567319
     7.778      1.521797      1.57004      1.583501
    7.7875      1.541024     1.585349      1.506403
    7.7971      1.517555     1.571931      1.638382
    7.8067      1.529052     1.588834      1.619714
    7.8163       1.50053     1.588434      1.626413
    7.8259      1.510373     1.597572      1.602625
    7.8355       1.54323     1.596354      1.508695
    7.8451      1.520806     1.605558      1.555941
    7.8547      1.530514     1.566664      1.571984
    7.8643      1.538876     1.564271      1.544286
    7.8739       1.51537     1.578575      1.595701
    7.8835      1.504516     1.596198      1.542667
    7.8931      1.527946     1.580789      1.609069
    7.9027      1.536673     1.557555      1.510085
    7.9123      1.519493     1.596031      1.615709
    7.9219      1.515359     1.567231      1.578982
    7.9315      1.492132     1.594206      1.587348
    7.9411       1.48323     1.591079      1.578616
    7.9507      1.529383     1.559194      1.549287
    7.9603      1.496184     1.574329      1.582929
    7.9699      1.514294     1.535449      1.619466
    7.9795      1.525677     1.558617       1.60048
    7.9891      1.467659     1.541567      1.564012
    7.9987      1.513276     1.533727       1.61999
    8.0083      1.524032     1.564987      1.587387
    8.0179      1.510615     1.592723       1.51952
    8.0275      1.506429     1.597587      1.563649
    8.0371      1.531168     1.573608      1.548227
    8.0467      1.509438     1.559644      1.538529
    8.0562      1.502193     1.563308      1.591451
    8.0658      1.471058     1.552756      1.596987
    8.0754      1.489938     1.549592      1.648458
     8.085       1.48304      1.55673      1.557909
    8.0946      1.507328     1.562437      1.623015
    8.1042      1.486501     1.588988      1.631019
    8.1138      1.512262     1.547304      1.623687
    8.1234      1.506917     1.570819      1.600435
     8.133      1.532112     1.559616      1.656507
    8.1426      1.530527      1.56798      1.606704
    8.1522      1.497925     1.527963       1.54508
    8.1618      1.522823     1.547392      1.575283
    8.1714      1.505522     1.545724      1.634469
     8.181      1.470081     1.536861      1.525335
    8.1906       1.50622     1.552976      1.589981
    8.2002      1.494544     1.553752      1.590855
    8.2098       1.47631     1.556042      1.589685
    8.2194      1.524469     1.572663      1.551596
     8.229      1.495532     1.561083      1.579237
    8.2386      1.504334     1.526499      1.627646
    8.2482      1.509061      1.53799      1.570214
    8.2578      1.480642     1.543864      1.587875
    8.2674      1.506115     1.570391      1.557743
     8.277      1.501166     1.538584      1.634795
    8.2866      1.499604     1.574831      1.556866
    8.2962      1.503147     1.525634      1.549776
    8.3058       1.49355     1.526201      1.583015
    8.3154      1.479368     1.541849      1.610471
     8.325      1.467225     1.521722      1.626405
    8.3345      1.492498     1.522036      1.607674
    8.3441      1.456341     1.528649      1.579165
    8.3537      1.472555      1.55516      1.637511
    8.3633      1.493344     1.555586       1.57536
    8.3729       1.53228     1.552389       1.59313
    8.3825      1.480947     1.571877      1.570271
    8.3921       1.48417     1.574031      1.644171
    8.4017      1.508166     1.548148      1.657598
    8.4113      1.502023      1.52262      1.608215
    8.4209      1.485032      1.55167      1.505165
    8.4305      1.482818     1.524478      1.631647
    8.4401       1.51472     1.561307      1.544101
    8.4497      1.485807     1.541674       1.55005
    8.4593      1.492573     1.523599      1.581069
    8.4689      1.496039     1.543914      1.587857
    8.4785      1.455318      1.55529      1.575352
    8.4881      1.471923     1.531797      1.585448
    8.4977      1.489755     1.560509      1.527208
    8.5073       1.50699     1.508785      1.544947
    8.5169      1.462383     1.570695      1.563392
    8.5265      1.505673     1.529523      1.610548
    8.5361      1.503935     1.503084       1.61902
    8.5457      1.493912     1.511536      1.606142
    8.5553      1.456662     1.522439      1.547518
    8.5649      1.503222     1.541333      1.600823
    8.5745      1.493723     1.544127      1.597865
    8.5841      1.474963     1.526867       1.61215
    8.5937      1.486672     1.536002      1.588876
    8.6032      1.481775     1.496956      1.649946
    8.6128      1.510153     1.512834      1.578255
    8.6224      1.489319     1.539027      1.566588
     8.632      1.495015     1.516174      1.532397
    8.6416      1.512955     1.519183      1.585069
    8.6512      1.502962     1.548529       1.61488
    8.6608      1.504886     1.512077      1.684364
    8.6704      1.497075     1.503462      1.633458
      8.68      1.489332     1.536571      1.579129
    8.6896      1.475381     1.502867      1.581249
    8.6992      1.466129      1.54558      1.593486
    8.7088      1.501714     1.517522      1.528428
    8.7184      1.485826     1.547707      1.566007
     8.728      1.488482     1.521818      1.592002
    8.7376      1.475902      1.50765      1.595401
    8.7472      1.496772     1.501401      1.604911
    8.7568      1.486642      1.50733      1.575733
    8.7664      1.459462      1.51961       1.57422
     8.776      1.496422     1.515992      1.591873
    8.7856      1.487162     1.529411      1.641759
    8.7952      1.491522      1.50205      1.613331
    8.8048        1.4833     1.502675      1.595205
    8.8144      1.490987     1.533341      1.553004
     8.824      1.507218     1.523052      1.591653
    8.8336      1.490626     1.482523      1.567963
    8.8432      1.465668     1.504529      1.629081
    8.8528      1.454368     1.496141      1.583215
    8.8624      1.497862     1.532968      1.602222
    8.8719      1.465168     1.521686      1.604426
    8.8815      1.492517     1.529312      1.567312
    8.8911      1.496232     1.497276      1.602283
    8.9007      1.466481     1.495668      1.595075
    8.9103      1.493354     1.481103      1.591785
    8.9199      1.470225     1.491496      1.611801
    8.9295      1.491023     1.501482      1.604464
    8.9391      1.477032     1.508961      1.630945
    8.9487      1.489662     1.512988      1.561014
    8.9583      1.477577     1.507475      1.564372
    8.9679      1.438558      1.51864      1.582934
    8.9775      1.502123     1.501107      1.565781
    8.9871      1.462717     1.490562      1.580854
    8.9967      1.474343     1.494498      1.606178
    9.0063      1.484932     1.485797      1.510651
    9.0159      1.463577     1.503184      1.580205
    9.0255      1.481778     1.468358      1.561958
    9.0351      1.506054     1.487133      1.570976
    9.0447      1.488235     1.487812       1.63939
    9.0543      1.429146     1.477601      1.567532
    9.0639        1.4598     1.459347      1.580509
    9.0735      1.471141     1.497116      1.550485
    9.0831      1.474748      1.48694      1.549845
    9.0927      1.468045     1.486113      1.578404
    9.1023       1.47305     1.475825      1.552016
    9.1119      1.486594      1.48724      1.606625
    9.1215      1.464078     1.494185      1.557318
    9.1311      1.471139     1.471354      1.591645
    9.1407       1.45985     1.474919      1.615281
    9.1502      1.486186     1.476729      1.587161
    9.1598       1.46422     1.498266      1.573337
    9.1694       1.47036     1.438958      1.593451
     9.179      1.478572      1.50334      1.558617
    9.1886      1.475147     1.496555      1.569727
    9.1982      1.462554     1.484978      1.571863
    9.2078      1.480286     1.495063      1.634036
    9.2174      1.443195     1.505472      1.607608
     9.227      1.480842     1.513524      1.645387
    9.2366      1.478904     1.494578      1.579477
    9.2462      1.432084     1.491644      1.585033
    9.2558      1.467944     1.462168      1.596972
    9.2654      1.434239     1.519603      1.581271
     9.275      1.454573     1.496016      1.606595
    9.2846      1.456073     1.503275      1.587482
    9.2942      1.448175      1.48661      1.568444
    9.3038      1.455646     1.483841      1.550274
    9.3134      1.451199     1.475264       1.62121
     9.323      1.447228     1.497447      1.632486
    9.3326      1.459366     1.474701      1.586701
    9.3422      1.460917      1.49179      1.590521
    9.3518       1.44362     1.483874      1.574307
    9.3614      1.436524     1.507374      1.559984
     9.371      1.451271     1.464429      1.613465
    9.3806      1.436849     1.484303      1.577791
    9.3902      1.462021     1.465754      1.576644
    9.3998      1.427142     1.495797      1.598159
    9.4094       1.43581      1.49967      1.623976
    9.4189      1.450523     1.492117      1.626859
    9.4285      1.455826     1.495558      1.607461
    9.4381      1.446264     1.474727      1.592892
    9.4477      1.459866     1.471254      1.603244
    9.4573      1.467759      1.47442      1.594364
    9.4669      1.420978      1.48867      1.555133
    9.4765       1.44217     1.482832      1.625622
    9.4861      1.428942     1.471725      1.583811
    9.4957      1.440336     1.463472        1.6202
    9.5053      1.435438     1.491877      1.594263
    9.5149       1.43942     1.496205       1.58928
    9.5245        1.4013     1.484488      1.572332
    9.5341      1.425181     1.454471      1.527506
    9.5437      1.431501     1.463158      1.572797
    9.5533       1.45062     1.477178      1.551712
    9.5629      1.441903     1.468044      1.538466
    9.5725      1.448299     1.466128      1.552988
    9.5821      1.421952     1.456891      1.625391
    9.5917      1.438722     1.468663      1.577371
    9.6013      1.395954     1.480539      1.560071
    9.6109      1.441174     1.463605      1.567981
    9.6205      1.438269     1.460748      1.566832
    9.6301      1.423581     1.502374      1.544588
    9.6397      1.432824     1.452575       1.55038
    9.6493      1.427583     1.471208      1.552335
    9.6589      1.415842     1.474091      1.572921
    9.6685      1.418775     1.453024      1.546546
    9.6781       1.41892     1.470533      1.546167
    9.6877      1.430501      1.46835       1.59065
    9.6972      1.430373     1.493028      1.564265
    9.7068      1.417243     1.450085      1.550973
    9.7164      1.397115     1.478138      1.579299
     9.726      1.415066     1.461483      1.599405
    9.7356      1.424508      1.45298      1.510792
    9.7452      1.425733     1.475421      1.542996
    9.7548      1.420108       1.4718       1.54465
    9.7644      1.427111     1.459432      1.525536
     9.774      1.422128     1.456478      1.520266
    9.7836      1.415402     1.463985      1.552426
    9.7932      1.412898     1.464475      1.515029
    9.8028      1.430724     1.459148      1.565046
    9.8124      1.454379     1.466627       1.58088
     9.822      1.421083     1.489053      1.526084
