#     'r'     'g11(r)'     'g12(r)'     'g22(r)'
 0.0047982             0            0             0
  0.014395             0            0             0
  0.023991             0            0             0
  0.033588             0            0             0
  0.043184             0            0             0
  0.052781             0            0             0
  0.062377             0            0             0
  0.071974             0            0             0
   0.08157             0            0             0
  0.091167             0            0             0
   0.10076             0            0             0
   0.11036             0            0             0
   0.11996             0            0             0
   0.12955             0            0             0
   0.13915             0            0             0
   0.14875             0            0             0
   0.15834             0            0             0
   0.16794             0            0             0
   0.17753             0            0             0
   0.18713             0            0             0
   0.19673             0            0             0
   0.20632             0            0             0
   0.21592             0            0             0
   0.22552             0            0             0
   0.23511             0            0             0
   0.24471             0            0             0
   0.25431             0            0             0
    0.2639             0            0             0
    0.2735             0            0             0
    0.2831             0            0             0
   0.29269             0            0             0
   0.30229             0            0             0
   0.31189             0            0             0
   0.32148             0            0             0
   0.33108             0            0             0
   0.34068             0            0             0
   0.35027             0            0             0
   0.35987             0            0             0
   0.36946             0            0             0
   0.37906             0            0             0
   0.38866             0            0             0
   0.39825             0            0             0
   0.40785             0            0             0
   0.41745             0            0             0
   0.42704             0            0             0
   0.43664             0            0             0
   0.44624             0            0             0
   0.45583             0            0             0
   0.46543             0            0             0
   0.47503             0            0             0
   0.48462             0            0             0
   0.49422             0            0             0
   0.50382             0            0             0
   0.51341             0            0             0
   0.52301             0            0             0
    0.5326             0            0             0
    0.5422             0            0             0
    0.5518             0            0             0
   0.56139             0            0             0
   0.57099             0            0             0
   0.58059             0            0             0
   0.59018             0            0             0
   0.59978             0            0             0
   0.60938             0            0             0
   0.61897             0            0             0
   0.62857             0            0             0
   0.63817             0            0             0
   0.64776             0            0             0
   0.65736             0            0             0
   0.66696             0            0             0
   0.67655             0            0             0
   0.68615             0            0             0
   0.69575             0            0             0
   0.70534             0            0             0
   0.71494             0            0             0
   0.72453             0            0             0
   0.73413             0            0             0
   0.74373             0            0             0
   0.75332             0            0             0
   0.76292             0            0             0
   0.77252             0            0             0
   0.78211             0            0             0
   0.79171             0            0             0
   0.80131             0            0             0
    0.8109             0            0             0
    0.8205             0            0             0
    0.8301             0            0             0
   0.83969             0            0             0
   0.84929             0            0             0
   0.85889             0            0             0
   0.86848             0            0             0
   0.87808             0            0             0
   0.88767             0            0             0
   0.89727             0            0             0
   0.90687             0            0             0
   0.91646             0            0             0
   0.92606             0            0             0
   0.93566             0            0             0
   0.94525             0            0             0
   0.95485             0            0             0
   0.96445             0            0             0
   0.97404             0  0.002035183             0
   0.98364             0            0             0
   0.99324             0            0             0
    1.0028             0            0             0
    1.0124             0            0             0
     1.022             0            0             0
    1.0316             0  0.001814342             0
    1.0412    0.00178415  0.005343156             0
    1.0508             0            0             0
    1.0604             0            0             0
      1.07   0.003378867  0.006746003             0
    1.0796             0            0             0
    1.0892   0.001630419  0.001627589             0
    1.0988    0.00320413   0.00479785   0.006419423
    1.1084             0  0.003143421    0.01261749
     1.118   0.007737654   0.01235875             0
    1.1276   0.009127812  0.009111965    0.00609581
    1.1372    0.01495735   0.01493138   0.005993361
    1.1468    0.02647451   0.01027777    0.01178695
    1.1564    0.01735795    0.0375436    0.01159213
     1.166     0.0341468   0.04687034    0.05701049
    1.1756    0.07838036    0.0363277    0.06169186
    1.1852    0.07436204   0.09347851    0.06621474
    1.1948      0.128729   0.08927751    0.08144416
    1.2044     0.1680253    0.1144848     0.1656463
     1.214      0.174567    0.1808152     0.2840012
    1.2236     0.3294666     0.266985     0.2950951
    1.2331     0.2989188    0.3263351     0.4179412
    1.2427     0.4220676    0.4438394     0.3763824
    1.2523     0.5340213    0.5490993     0.6671452
    1.2619     0.6850453    0.6438432     0.8030454
    1.2715      0.799165    0.7906119     0.8149385
    1.2811     0.9345498    0.9670444      1.057775
    1.2907      1.158718     1.168297       1.21889
    1.3003       1.37276     1.264172      1.475996
    1.3099      1.590573     1.662082      1.553821
    1.3195        1.7686     1.788818      1.655943
    1.3291      2.014699     2.077877      2.009434
    1.3387      2.224444     2.262602      2.248862
    1.3483      2.449315     2.564023      2.681674
    1.3579      2.749452     2.978201      3.051629
    1.3675      3.188863     2.999534      3.149864
    1.3771      3.251671     3.352937      3.408554
    1.3867      3.579005     3.518567      3.696083
    1.3963      3.709553     3.859596      4.031067
    1.4059      3.959522     3.937994       4.20366
    1.4155      4.051791     4.317491      4.510478
    1.4251      4.314569     4.580906      4.549163
    1.4347       4.59629     4.696194      4.631598
    1.4443      4.692127     4.766367      4.975259
    1.4539      4.745691     4.813273      4.847461
    1.4635      4.888669     4.844119      5.171312
    1.4731      4.892927     5.021471      5.204164
    1.4827      5.084086     5.228097      5.433178
    1.4923      5.160492      5.10124       5.21734
    1.5018      5.109332     5.275956      5.446391
    1.5114      5.143722     5.310601       5.28924
     1.521      5.215299     5.128627      5.343311
    1.5306      5.003977     5.106552      5.524633
    1.5402      4.952416     5.144045      5.259981
    1.5498      5.078906     5.116714      5.227311
    1.5594      4.853532     4.914186      4.959196
     1.569      4.956198     5.055832      5.364663
    1.5786      4.851105     4.755902      4.982406
    1.5882      4.727479     4.589903      4.943886
    1.5978      4.606463     4.591659      4.851284
    1.6074      4.480506     4.503367      4.433567
     1.617      4.394193     4.308286      4.647878
    1.6266      4.241611     4.219652      4.487742
    1.6362      4.091573     4.308059      4.255759
    1.6458      4.153256     4.148184      3.948747
    1.6554      3.784785      3.96635      4.180274
     1.665      3.807567     3.830211      3.816298
    1.6746      3.697835     3.775421      3.783739
    1.6842      3.609444     3.658318      3.784462
    1.6938      3.400778     3.545638      3.655249
    1.7034      3.439899     3.323455       3.48596
     1.713      3.205682     3.195511      3.309659
    1.7226      2.908663     3.002526      3.152732
    1.7322      2.951305     2.883113      3.055899
    1.7418       2.67659     2.766142      2.853702
    1.7514      2.468873     2.397228      2.511709
     1.761      2.207502     2.255352      2.121994
    1.7706      2.034936     2.118868      2.113888
    1.7801      1.846419     1.905974       1.97376
    1.7897      1.742735     1.653508      1.681651
    1.7993      1.469689     1.617429      1.591944
    1.8089      1.379065     1.449252      1.610627
    1.8185      1.258684     1.342912      1.565549
    1.8281       1.19573     1.239297      1.289418
    1.8377      1.086482     1.176075      1.220908
    1.8473       1.10413     1.058645      1.119681
    1.8569      1.013091     1.070691      1.020476
    1.8665     0.9649469     1.020913     0.9521675
    1.8761     0.9633437    0.9880033     0.9952993
    1.8857     0.9720583    0.9329025       1.07238
    1.8953     0.9412394    0.9788451     0.8220526
    1.9049     0.9866845     0.970604     0.9547625
    1.9145      0.960986    0.9940869     0.9642461
    1.9241      1.051216     1.051478      1.080264
    1.9337      1.059431      1.03487      1.131752
    1.9433      1.153995     1.140743      1.089816
    1.9529       1.17007     1.211074      1.260003
    1.9625      1.202851      1.26594      1.293997
    1.9721      1.249861      1.30876       1.29937
    1.9817      1.358953      1.34971      1.401287
    1.9913      1.395156     1.441918      1.430816
    2.0009      1.365861     1.442589       1.40938
    2.0105      1.388266      1.42264      1.323092
    2.0201      1.314908     1.446537      1.439706
    2.0297      1.351335     1.423047      1.384733
    2.0393      1.308878     1.373004      1.347502
    2.0488      1.350097     1.349593      1.347833
    2.0584      1.320647     1.392634      1.349928
     2.068      1.367214     1.423534      1.317495
    2.0776      1.314284     1.356735      1.431039
    2.0872      1.304447      1.37354      1.398341
    2.0968      1.306612     1.332451      1.419064
    2.1064      1.358381     1.340791      1.313584
     2.116      1.356023     1.324345      1.249767
    2.1256       1.34081     1.377372      1.344862
    2.1352      1.321149     1.381113         1.275
    2.1448      1.291272     1.275599      1.356282
    2.1544      1.348973     1.290885      1.329197
     2.164      1.263925     1.333064      1.368742
    2.1736      1.303556     1.364232      1.302546
    2.1832      1.301861     1.366039      1.328521
    2.1928      1.255896     1.292668      1.376558
    2.2024       1.30519     1.392493      1.275107
     2.212      1.339352     1.330712      1.384454
    2.2216      1.290574     1.349757      1.322267
    2.2312      1.269394     1.314123      1.357624
    2.2408      1.273568     1.324811      1.372262
    2.2504      1.278771     1.346708       1.47996
      2.26      1.325878     1.345503      1.355123
    2.2696      1.289154     1.351767      1.244378
    2.2792      1.313323         1.33      1.432363
    2.2888      1.294209     1.388537      1.350838
    2.2984      1.245342     1.350647      1.439352
     2.308      1.283304     1.268026      1.433228
    2.3176      1.313033     1.311113      1.432927
    2.3271       1.27901     1.319219      1.336696
    2.3367      1.364171     1.327855      1.405227
    2.3463      1.247982     1.321224      1.393756
    2.3559      1.272337     1.351533      1.309812
    2.3655      1.267911      1.34473      1.415553
    2.3751       1.30226     1.344154      1.328572
    2.3847      1.270032     1.362218      1.380593
    2.3943      1.292938     1.308881      1.372253
    2.4039      1.358282     1.364611      1.380095
    2.4135      1.330899     1.349803      1.337209
    2.4231      1.366828     1.333871      1.368879
    2.4327      1.298868     1.370678       1.47335
    2.4423       1.32727     1.340504      1.416316
    2.4519      1.325588     1.335171      1.496786
    2.4615      1.346877     1.319044      1.523513
    2.4711      1.337704     1.343919      1.553589
    2.4807      1.338689     1.335424      1.364007
    2.4903      1.276928     1.370299      1.529734
    2.4999      1.348854     1.357945      1.493208
    2.5095      1.369273      1.42086      1.544577
    2.5191      1.341486     1.424661      1.483976
    2.5287      1.412394     1.390011      1.522431
    2.5383      1.322476     1.428971      1.459213
    2.5479      1.368848     1.452731      1.457793
    2.5575      1.363031     1.445687      1.448058
    2.5671      1.356087     1.403546      1.604265
    2.5767      1.442731     1.454768      1.511786
    2.5863      1.465879     1.413103      1.535351
    2.5958      1.469987     1.422446      1.594182
    2.6054      1.362014     1.447827      1.454585
     2.615      1.443963     1.466869      1.518732
    2.6246      1.473857     1.451677      1.574028
    2.6342       1.44697     1.430823      1.526838
    2.6438      1.480208     1.450842      1.593393
    2.6534      1.452487     1.497137      1.581888
     2.663      1.432219     1.461861      1.634989
    2.6726      1.435763     1.483821        1.6428
    2.6822      1.467988     1.517776       1.54919
    2.6918       1.49331     1.476594      1.629084
    2.7014      1.477153     1.535181      1.632399
     2.711      1.484347     1.519866      1.688355
    2.7206      1.519627     1.549859      1.701596
    2.7302      1.496507     1.502716      1.564881
    2.7398      1.479858     1.527449      1.663384
    2.7494      1.500763     1.525745      1.587198
     2.759      1.491612     1.553707      1.595521
    2.7686      1.528226     1.530107      1.658294
    2.7782      1.504404     1.540569      1.650874
    2.7878       1.50178     1.584144      1.655485
    2.7974      1.523875     1.550593        1.5867
     2.807      1.525748     1.540744      1.554228
    2.8166      1.509029      1.55582      1.600321
    2.8262      1.542632     1.545272       1.56036
    2.8358      1.552654     1.582614      1.667403
    2.8454      1.553666     1.555023      1.607351
     2.855      1.486284     1.529189      1.623188
    2.8646      1.524902     1.592378      1.581161
    2.8741      1.547283     1.556518      1.672889
    2.8837      1.535141     1.563822      1.562048
    2.8933      1.484309     1.537781      1.661878
    2.9029      1.547503     1.541379      1.638033
    2.9125      1.511783      1.58769      1.647357
    2.9221      1.552385      1.58949      1.683754
    2.9317      1.551466     1.561353      1.653812
    2.9413      1.551867     1.570599      1.646622
    2.9509      1.528462     1.560844      1.623469
    2.9605       1.49628     1.602293      1.702275
    2.9701      1.513377     1.555621      1.594647
    2.9797      1.511052      1.56171      1.590503
    2.9893      1.479287      1.53182      1.660104
    2.9989      1.478652     1.534485      1.611577
    3.0085      1.492528     1.537938      1.646697
    3.0181      1.491334     1.532201      1.598803
    3.0277      1.524518     1.527559       1.59883
    3.0373      1.503997     1.540317      1.545054
    3.0469      1.483286     1.525638      1.651385
    3.0565      1.494899     1.506565      1.560556
    3.0661      1.483087     1.509678      1.554925
    3.0757      1.439904      1.51701      1.465763
    3.0853        1.4462     1.490548      1.605663
    3.0949      1.464508     1.503696      1.517229
    3.1045      1.453662     1.507236      1.553703
    3.1141      1.441325     1.500151      1.573714
    3.1237      1.426139     1.489563      1.525931
    3.1333      1.419781     1.463537      1.607388
    3.1428      1.402703     1.464778      1.530106
    3.1524      1.415392     1.505226      1.440474
     3.162      1.414552     1.458638      1.506161
    3.1716      1.417926      1.47401      1.527109
    3.1812      1.399637     1.468947      1.457408
    3.1908      1.390471     1.451021      1.493568
    3.2004      1.376102     1.423481      1.451331
      3.21      1.408808     1.434846      1.477266
    3.2196      1.400609     1.419227      1.527541
    3.2292      1.386732     1.476539      1.431514
    3.2388      1.391066     1.438534      1.474025
    3.2484      1.363978     1.425656      1.480753
     3.258       1.35067     1.406537      1.437724
    3.2676      1.357604     1.410585      1.478653
    3.2772      1.350205     1.410246       1.41083
    3.2868      1.375098     1.416323      1.444216
    3.2964       1.34948     1.375569       1.50144
     3.306      1.381831     1.389149      1.451606
    3.3156      1.381585     1.419761       1.43828
    3.3252      1.342308     1.414198      1.474152
    3.3348      1.360162     1.396694      1.382743
    3.3444      1.379173     1.386101      1.374819
     3.354      1.337418     1.364963      1.399346
    3.3636      1.342791     1.385517      1.442067
    3.3732      1.338731     1.378493      1.394366
    3.3828      1.327935     1.368658      1.391884
    3.3924      1.313205     1.364785      1.385367
     3.402        1.3155     1.355261      1.342738
    3.4116      1.314093      1.37021      1.413775
    3.4211      1.316647     1.368638      1.407841
    3.4307       1.30091     1.392818      1.357832
    3.4403      1.367203     1.359446      1.434741
    3.4499      1.340268     1.364385      1.435236
    3.4595      1.369368     1.361021      1.470025
    3.4691      1.296871     1.387837      1.378182
    3.4787      1.312262     1.338545      1.445523
    3.4883       1.33287     1.322622      1.436944
    3.4979      1.318927     1.361298      1.410066
    3.5075      1.303544      1.36516       1.45591
    3.5171      1.363834     1.382852      1.436072
    3.5267      1.310078     1.384651      1.354112
    3.5363      1.326488     1.345339      1.348012
    3.5459      1.316395     1.369088      1.428258
    3.5555        1.2865     1.329479      1.468994
    3.5651       1.30926     1.357273      1.421458
    3.5747      1.329789     1.385657      1.327708
    3.5843      1.362426     1.326995      1.365855
    3.5939      1.350218     1.364318      1.306364
    3.6035      1.360911     1.359441      1.390142
    3.6131      1.343319      1.35282      1.388111
    3.6227      1.342107     1.315059      1.417382
    3.6323      1.317285     1.359929      1.400503
    3.6419      1.332228     1.361944      1.414753
    3.6515      1.356715     1.351029        1.3864
    3.6611      1.338789     1.367582       1.42945
    3.6707      1.332946     1.379501      1.471456
    3.6803      1.315864     1.387998      1.414579
    3.6898      1.318689     1.344764      1.465296
    3.6994      1.349169     1.368413      1.441281
     3.709      1.323777     1.385202      1.369605
    3.7186      1.330662     1.371359      1.371513
    3.7282      1.328412     1.368198      1.396246
    3.7378      1.331707     1.331468      1.394078
    3.7474      1.338393     1.368244      1.409024
     3.757       1.31005     1.366462      1.461137
    3.7666      1.324379     1.363591      1.467905
    3.7762      1.320098     1.351117      1.396861
    3.7858      1.377924     1.361386      1.409256
    3.7954      1.332293      1.37274      1.387073
     3.805      1.339877     1.353155      1.400964
    3.8146      1.329422     1.369312      1.348649
    3.8242      1.335455      1.33987      1.357258
    3.8338      1.337069     1.350381      1.414278
    3.8434      1.326603      1.36077      1.417193
     3.853       1.29681     1.332409      1.474359
    3.8626      1.345086      1.31363      1.445743
    3.8722      1.326429      1.31743      1.405503
    3.8818      1.355052     1.361157      1.427366
    3.8914      1.340713     1.340808      1.417776
     3.901       1.35014     1.337518       1.40979
    3.9106      1.325181     1.330962      1.410989
    3.9202      1.340854     1.371446      1.381898
    3.9298        1.3402     1.366256      1.361606
    3.9394      1.358856     1.335842      1.416411
     3.949      1.329189     1.363285       1.42544
    3.9585      1.341391     1.331176      1.343357
    3.9681      1.336631     1.364967      1.421529
    3.9777      1.336668     1.340938      1.366183
    3.9873      1.336568     1.356352      1.437126
    3.9969      1.342266      1.35867       1.41956
    4.0065      1.312467     1.344711      1.422425
    4.0161      1.307641     1.346313      1.384881
    4.0257      1.337339     1.341689      1.415589
    4.0353      1.347378     1.348359      1.394586
    4.0449      1.341702     1.381151      1.393187
    4.0545      1.365245     1.324818      1.403101
    4.0641       1.36384     1.374566      1.419945
    4.0737      1.336092     1.350877      1.388043
    4.0833      1.331792      1.33805      1.420574
    4.0929      1.344952     1.333857      1.434277
    4.1025      1.329014     1.354585      1.442312
    4.1121      1.362054     1.381728      1.436504
    4.1217      1.320423     1.379053      1.394693
    4.1313      1.302962     1.365639      1.401845
    4.1409      1.339232     1.372379      1.377274
    4.1505      1.338885     1.331629      1.415455
    4.1601      1.336739      1.35439       1.41968
    4.1697      1.353177      1.35316      1.431431
    4.1793      1.336782     1.375144      1.446164
    4.1889      1.325262     1.358726      1.452355
    4.1985      1.372102     1.378484      1.312935
    4.2081      1.358205     1.347887       1.36648
    4.2177      1.351922     1.345451      1.443053
    4.2273      1.362244     1.344535      1.420894
    4.2368      1.326771     1.348348      1.378628
    4.2464      1.347384       1.3595      1.462236
     4.256      1.339713     1.352844      1.419279
    4.2656      1.341771     1.338911      1.386065
    4.2752      1.354908     1.367452      1.385362
    4.2848      1.348636     1.368275      1.423489
    4.2944      1.338944     1.365098      1.445712
     4.304      1.346554     1.349741      1.373167
    4.3136      1.341297     1.339487      1.386224
    4.3232        1.3665      1.33737      1.456379
    4.3328      1.352932     1.372902      1.402044
    4.3424      1.334239     1.353529      1.448055
     4.352      1.329893     1.359494      1.401572
    4.3616      1.329233     1.328955      1.372596
    4.3712      1.335855     1.347481      1.408762
    4.3808      1.316603     1.337761      1.337576
    4.3904      1.343166     1.345242      1.329724
       4.4      1.328422     1.338982      1.446034
    4.4096      1.345625     1.347857      1.428985
    4.4192      1.321662     1.331825      1.395005
    4.4288      1.344243     1.366915       1.42532
    4.4384      1.336277     1.334545      1.404999
     4.448      1.323575     1.345189      1.366036
    4.4576       1.35137     1.343485      1.394876
    4.4672      1.341887     1.348362      1.395104
    4.4768      1.320022     1.331508      1.423548
    4.4864      1.310921      1.32505      1.359703
     4.496      1.298058     1.323316      1.399917
    4.5055      1.323883     1.323012      1.396632
    4.5151      1.320729     1.322793      1.382718
    4.5247      1.323069     1.331429      1.359823
    4.5343      1.306843     1.339135       1.40308
    4.5439      1.319316     1.332643       1.42231
    4.5535      1.332885     1.322003      1.360251
    4.5631      1.331186     1.332863       1.34188
    4.5727      1.320147     1.345651      1.443747
    4.5823        1.3523     1.344159      1.406701
    4.5919      1.306566     1.334883      1.354513
    4.6015       1.31994     1.342271      1.394259
    4.6111      1.340834     1.310444      1.341438
    4.6207      1.325033     1.335122       1.38996
    4.6303      1.305923      1.33905      1.408787
    4.6399      1.313015     1.325445      1.366604
    4.6495      1.321022     1.343381      1.407936
    4.6591       1.31416     1.310011      1.375363
    4.6687       1.34781     1.337497      1.352291
    4.6783      1.299864     1.337573      1.355956
    4.6879      1.308543     1.305129      1.390969
    4.6975      1.325379     1.315027       1.39899
    4.7071      1.321901     1.335554      1.323679
    4.7167       1.33722     1.341755      1.320737
    4.7263       1.35024     1.332077      1.441678
    4.7359      1.325024     1.321346      1.349794
    4.7455      1.312197     1.314721      1.380823
    4.7551      1.293989     1.318216      1.367714
    4.7647      1.322863      1.31929      1.375525
    4.7743      1.325103     1.324496      1.351299
    4.7838      1.297901     1.341716      1.378395
    4.7934      1.299612     1.307272      1.397506
     4.803      1.318991     1.339217       1.39495
    4.8126      1.315657     1.335632      1.359276
    4.8222      1.321073     1.328993      1.396534
    4.8318      1.312848     1.315448      1.312645
    4.8414      1.304678     1.317241      1.366305
     4.851      1.276259     1.306208      1.339496
    4.8606      1.297424     1.311599       1.35488
    4.8702       1.31148     1.338591      1.368498
    4.8798      1.312663     1.342576      1.356937
    4.8894      1.283161     1.322691      1.310117
     4.899      1.305218     1.296275      1.444498
    4.9086      1.299317     1.294577       1.34557
    4.9182      1.300809     1.349161      1.410817
    4.9278       1.30196     1.307811      1.338939
    4.9374       1.30833     1.311603      1.390013
     4.947      1.313455     1.323483      1.337754
    4.9566      1.300579     1.325044      1.388103
    4.9662      1.315086     1.329401      1.416055
    4.9758      1.286346     1.331141      1.370528
    4.9854      1.294007     1.339073      1.351535
     4.995      1.335323      1.34709      1.383936
    5.0046       1.30055     1.314482      1.409579
    5.0142      1.294115     1.322896      1.369354
    5.0238       1.28703     1.333072      1.350615
    5.0334      1.301367     1.353526      1.377592
     5.043      1.286987     1.325981      1.324201
    5.0525      1.285437     1.321025      1.381719
    5.0621      1.333029     1.325289      1.412175
    5.0717      1.306783     1.342273      1.340547
    5.0813      1.292488     1.319708      1.332186
    5.0909      1.300605     1.322039      1.387576
    5.1005      1.321441     1.350617      1.377891
    5.1101      1.282632     1.327211      1.388451
    5.1197      1.308305     1.305592      1.357526
    5.1293      1.297312     1.305995      1.361878
    5.1389      1.294229     1.310554      1.303968
    5.1485      1.299333     1.334811      1.350866
    5.1581      1.310061      1.30902      1.366235
    5.1677      1.325553     1.331205       1.37858
    5.1773      1.294665     1.326995      1.370293
    5.1869      1.287291     1.307664       1.38136
    5.1965      1.315849     1.307772      1.393197
    5.2061      1.295087     1.309082      1.342311
    5.2157      1.291464     1.336779      1.322276
    5.2253      1.293454     1.304716      1.339849
    5.2349      1.307986     1.322908      1.370294
    5.2445      1.296241     1.341097      1.410371
    5.2541      1.305034     1.328579      1.367321
    5.2637      1.305585     1.333426      1.385838
    5.2733      1.286091     1.322397      1.406162
    5.2829      1.306789       1.3131      1.341905
    5.2925      1.282235     1.331022      1.345898
    5.3021      1.286749     1.318515      1.382111
    5.3117      1.300683     1.319162       1.36421
    5.3213      1.289028     1.333161      1.385844
    5.3308      1.291743     1.310156      1.329858
    5.3404      1.297549     1.312899       1.34166
      5.35      1.306279     1.306102      1.355806
    5.3596      1.301336     1.320116      1.373349
    5.3692      1.303398     1.317478      1.346399
    5.3788      1.294405     1.334204      1.412322
    5.3884      1.263018     1.309971      1.374997
     5.398      1.292187     1.326324      1.329682
    5.4076      1.279469     1.296859       1.34723
    5.4172      1.296757     1.313981      1.361477
    5.4268      1.307412     1.324287      1.359825
    5.4364      1.300641     1.325365      1.346898
     5.446      1.291757       1.3401      1.360971
    5.4556      1.317695     1.311969      1.368166
    5.4652      1.292543     1.323205      1.326258
    5.4748      1.304923      1.31361      1.375915
    5.4844      1.276631     1.315436      1.371362
     5.494      1.292874     1.300161      1.353223
    5.5036      1.280387     1.331649      1.364884
    5.5132      1.280324     1.302115      1.363962
    5.5228      1.311202     1.318928      1.328733
    5.5324      1.295408     1.328488      1.355274
     5.542       1.29905     1.310186      1.422252
    5.5516      1.314834     1.320947      1.334854
    5.5612      1.307173     1.319951      1.381376
    5.5708       1.29856     1.317522      1.334663
    5.5804      1.298073      1.30419      1.361437
      5.59      1.299933     1.310159      1.329482
    5.5995      1.305167      1.31571      1.325177
    5.6091      1.300274     1.326616      1.354395
    5.6187      1.276537     1.300254      1.338234
    5.6283      1.289284     1.296189      1.338568
    5.6379      1.296644     1.322275      1.352058
    5.6475      1.308918     1.331225      1.322438
    5.6571      1.293723     1.316275      1.380196
    5.6667      1.293019     1.319938      1.401109
    5.6763      1.284749     1.320812      1.405276
    5.6859      1.298544     1.307279      1.317348
    5.6955      1.305621     1.309961      1.385308
    5.7051      1.307353     1.330771      1.350172
    5.7147      1.294733     1.315958      1.332588
    5.7243      1.286972     1.319505       1.32907
    5.7339      1.301906     1.329833      1.390868
    5.7435      1.305182     1.311228      1.349806
    5.7531      1.298611     1.314033      1.334535
    5.7627      1.293299     1.302276      1.352499
    5.7723      1.307521     1.314002      1.373594
    5.7819      1.282644     1.326278      1.347476
    5.7915      1.301753     1.298974      1.365429
    5.8011      1.300036     1.316025      1.328902
    5.8107      1.296375     1.296527      1.375706
    5.8203      1.298499     1.311578      1.364081
    5.8299      1.293716     1.326523      1.344771
    5.8395      1.301039     1.322733      1.343991
    5.8491       1.30124      1.30818       1.34185
    5.8587      1.267733     1.328763      1.333393
    5.8683      1.303021     1.313207      1.337138
    5.8778      1.278167     1.318926      1.339057
    5.8874      1.297441     1.314184      1.362422
     5.897      1.301732     1.292198      1.370918
    5.9066      1.281316      1.32121      1.392682
    5.9162      1.282136     1.318361      1.357609
    5.9258      1.282284     1.321353      1.353216
    5.9354      1.291647     1.319112      1.367324
     5.945      1.290162     1.327149      1.323659
    5.9546      1.270951     1.330935      1.310216
    5.9642      1.289431     1.327415      1.378123
    5.9738      1.292988     1.322396       1.35893
    5.9834      1.298136     1.322472      1.304349
     5.993      1.300014     1.306789      1.371172
    6.0026      1.300155     1.348434      1.373675
    6.0122      1.284289     1.319026      1.392879
    6.0218      1.277905     1.311044       1.36365
    6.0314        1.3008     1.327842      1.393829
     6.041      1.296406     1.309446      1.367317
    6.0506       1.28696     1.317005       1.35388
    6.0602      1.294264     1.297169      1.321738
    6.0698        1.2991     1.313301      1.351011
    6.0794       1.29317     1.319764      1.328505
     6.089      1.274854     1.322847      1.353587
    6.0986      1.276618     1.305189      1.368711
    6.1082      1.282253     1.330487      1.334707
    6.1178      1.283763     1.314295      1.348954
    6.1274      1.298601     1.347468      1.371568
     6.137      1.296546     1.307113      1.353494
    6.1465      1.281749     1.305999      1.323012
    6.1561        1.2799     1.307229      1.355702
    6.1657      1.281566     1.305855      1.326205
    6.1753      1.275507     1.330762      1.342817
    6.1849      1.287379     1.296198      1.348379
    6.1945      1.300885     1.305369      1.356323
    6.2041      1.297768     1.298474      1.326961
    6.2137      1.269816     1.295067      1.333303
    6.2233      1.274992     1.299153      1.343003
    6.2329      1.298354     1.315533      1.322511
    6.2425      1.273418     1.302028      1.355044
    6.2521      1.280448     1.313792      1.374086
    6.2617       1.28368     1.330649      1.325006
    6.2713      1.295591     1.309298      1.308342
    6.2809      1.267413     1.320326      1.331852
    6.2905      1.295176      1.30742      1.339348
    6.3001      1.286701     1.316088      1.329217
    6.3097      1.290952     1.309906      1.362361
    6.3193      1.281076      1.30124       1.39452
    6.3289      1.302064     1.298791      1.334373
    6.3385      1.276989     1.316681      1.334966
    6.3481      1.265259     1.304749      1.338434
    6.3577      1.292595     1.338887      1.344175
    6.3673      1.300677     1.292752      1.320627
    6.3769      1.279546     1.314125      1.382221
    6.3865      1.296523     1.302794      1.342725
    6.3961       1.29968      1.30559      1.336236
    6.4057      1.270616     1.311516      1.339602
    6.4152      1.278803     1.293942      1.338987
    6.4248      1.288012     1.302756      1.356395
    6.4344      1.289499     1.306522      1.377999
     6.444      1.274389      1.31012      1.350567
    6.4536      1.285649     1.297047      1.407964
    6.4632      1.275444     1.302997      1.362225
    6.4728      1.293732     1.313101       1.34376
    6.4824      1.270434     1.312065      1.327795
     6.492      1.281596     1.293391      1.334539
    6.5016       1.27928     1.297752      1.335003
    6.5112      1.276607     1.298211      1.360321
    6.5208      1.299146     1.307743      1.333171
    6.5304      1.289116     1.292855      1.371237
      6.54      1.295375     1.305271      1.348189
    6.5496      1.286262     1.294741      1.333401
    6.5592      1.271665     1.308504      1.370936
    6.5688      1.287542     1.302715      1.294545
    6.5784      1.275162     1.304494      1.309218
     6.588      1.301265     1.287083      1.323801
    6.5976      1.286284     1.289906      1.339539
    6.6072      1.285696     1.310445      1.328904
    6.6168      1.293235     1.316482      1.331071
    6.6264      1.274162     1.294773      1.324041
     6.636      1.281022     1.308264      1.359464
    6.6456      1.273602     1.301165      1.351679
    6.6552      1.274604     1.304434      1.349709
    6.6648      1.274812     1.323807      1.335704
    6.6744      1.287214     1.312634      1.320905
     6.684      1.297029     1.286955       1.33377
    6.6935      1.285542     1.317012      1.337559
    6.7031      1.271102     1.292573      1.327523
    6.7127      1.280562      1.31142       1.35985
    6.7223      1.285769     1.308448      1.334703
    6.7319      1.274039     1.310088      1.338083
    6.7415      1.291992     1.322803      1.343656
    6.7511      1.264089     1.309429      1.321813
    6.7607      1.274976     1.315092      1.336207
    6.7703      1.269254     1.314273      1.328871
    6.7799      1.285525     1.302616      1.348549
    6.7895       1.28395     1.295795      1.307414
    6.7991      1.274763     1.289508      1.338767
    6.8087      1.266749     1.307993      1.325967
    6.8183      1.292103     1.304854      1.304232
    6.8279      1.273122      1.30678      1.339803
    6.8375      1.282873     1.309186      1.314825
    6.8471      1.273875     1.289538       1.34404
    6.8567      1.287715     1.294597      1.318355
    6.8663      1.287482     1.289875      1.335879
    6.8759      1.275136     1.303104      1.317563
    6.8855      1.286883     1.287907      1.358523
    6.8951      1.276672     1.306013      1.321487
    6.9047      1.263672     1.289263      1.297657
    6.9143      1.268785     1.309557      1.338154
    6.9239      1.265593     1.306372      1.324424
    6.9335      1.274404     1.298742      1.326242
    6.9431        1.2761     1.304527       1.33319
    6.9527        1.2723     1.310555      1.313157
    6.9622      1.280407     1.303838      1.318814
    6.9718      1.267055     1.301959      1.324594
    6.9814      1.280123     1.311971       1.29742
     6.991      1.281202     1.283758      1.336995
    7.0006      1.265496     1.289184      1.332541
    7.0102      1.276046     1.301177      1.332996
    7.0198      1.283432     1.295546      1.325422
    7.0294      1.274802     1.294668       1.35396
     7.039      1.271524      1.29874      1.341198
    7.0486      1.267675     1.301307      1.320389
    7.0582      1.271646     1.315484      1.344804
    7.0678      1.274352     1.291002      1.294764
    7.0774      1.273563     1.299146      1.316631
     7.087       1.28063     1.287979      1.334981
    7.0966      1.264801      1.29232      1.307518
    7.1062      1.265984     1.284893      1.324403
    7.1158      1.263947      1.29676       1.32466
    7.1254      1.285194     1.276231      1.331474
     7.135      1.283601     1.307885      1.316629
    7.1446      1.265377     1.301159      1.343918
    7.1542      1.272679     1.285032       1.32502
    7.1638      1.277149     1.290998      1.314374
    7.1734      1.273358     1.293325      1.315981
     7.183      1.279706     1.304991      1.317274
    7.1926      1.254084     1.297106      1.343875
    7.2022      1.275542     1.306272      1.297562
    7.2118      1.265566       1.3162      1.327641
    7.2214      1.263058      1.29245      1.318616
     7.231      1.272804     1.281193      1.325791
    7.2405      1.279947     1.294594       1.35643
    7.2501      1.277775     1.289737      1.302856
    7.2597      1.265958     1.292447      1.322208
    7.2693       1.27111     1.292837       1.34292
    7.2789      1.263307     1.280538      1.322705
    7.2885      1.258417     1.281458      1.340672
    7.2981      1.269418     1.285812      1.312265
    7.3077      1.262862     1.279291      1.343217
    7.3173      1.271438     1.302372      1.324353
    7.3269      1.267677     1.280942      1.326949
    7.3365      1.270867     1.301665      1.333272
    7.3461      1.256473     1.287926      1.330365
    7.3557      1.274432       1.2987      1.340075
    7.3653      1.254926     1.292897      1.330013
    7.3749      1.257992      1.28247      1.337669
    7.3845      1.270367     1.287318       1.32922
    7.3941      1.269725     1.297259      1.304082
    7.4037      1.264813     1.294849      1.313005
    7.4133      1.263898      1.28138      1.304813
    7.4229      1.268988     1.306174      1.342235
    7.4325      1.266798     1.280783      1.327827
    7.4421      1.270099     1.300736       1.31237
    7.4517      1.268188     1.291163      1.332721
    7.4613      1.255443     1.286387      1.294211
    7.4709      1.261681     1.290211      1.308524
    7.4805      1.265394     1.300809      1.353647
    7.4901      1.258016     1.302435       1.34645
    7.4997      1.261298     1.289319      1.302907
    7.5092      1.269293     1.293354      1.347961
    7.5188      1.270674     1.277075       1.30161
    7.5284      1.267846     1.287551      1.317165
     7.538      1.253863     1.281217      1.337547
    7.5476      1.260626     1.288977      1.281767
    7.5572      1.258002     1.290608      1.328862
    7.5668       1.27015     1.301467      1.322245
    7.5764      1.267811     1.304698      1.316062
     7.586       1.26595     1.280596      1.290647
    7.5956      1.275661     1.279705      1.316808
    7.6052      1.268865     1.301248      1.306385
    7.6148      1.258063      1.27879      1.315258
    7.6244      1.258425     1.287265      1.334215
     7.634      1.269602     1.302552      1.334719
    7.6436      1.266085     1.294656       1.30192
    7.6532      1.266049     1.281818      1.291643
    7.6628      1.264856     1.280188      1.332629
    7.6724      1.252757      1.29516      1.337855
     7.682      1.255266     1.292646      1.320068
    7.6916      1.263285     1.289096      1.292539
    7.7012       1.26477     1.276606      1.291934
    7.7108      1.281046     1.297268      1.334215
    7.7204      1.259885     1.280504      1.273815
      7.73      1.267667     1.278684      1.314367
    7.7396      1.261813     1.282187       1.30891
    7.7492       1.25621     1.292422      1.319222
    7.7588      1.264157     1.284544      1.311841
    7.7684      1.256004     1.286012      1.322858
     7.778       1.25815     1.296214      1.311781
    7.7875      1.257507     1.292608       1.31839
    7.7971      1.262622     1.310549      1.323561
    7.8067      1.258568     1.269721      1.321581
    7.8163      1.269568     1.303204      1.278757
    7.8259      1.273057     1.281472      1.341555
    7.8355       1.26197     1.292676      1.302167
    7.8451       1.25241     1.289704      1.286767
    7.8547      1.261359     1.287712      1.308876
    7.8643      1.238142      1.27917      1.304931
    7.8739      1.248759     1.289976      1.319754
    7.8835      1.259446     1.283513      1.288733
    7.8931      1.262316     1.301593      1.296425
    7.9027      1.261977     1.287458      1.337583
    7.9123      1.255179     1.286866      1.313913
    7.9219      1.255315     1.280889      1.308632
    7.9315       1.26012     1.308055       1.28711
    7.9411      1.261523     1.297945      1.263721
    7.9507      1.254288     1.306788      1.287769
    7.9603      1.253067     1.287184      1.316468
    7.9699      1.246945     1.287278       1.31513
    7.9795      1.259805     1.290461      1.343252
    7.9891       1.23693     1.291295      1.306147
    7.9987      1.256548     1.284849      1.304347
    8.0083      1.240117     1.283578      1.305695
    8.0179      1.257369     1.290719      1.279423
    8.0275      1.259197     1.291081      1.316538
    8.0371      1.249035      1.28519      1.303916
    8.0467      1.253586      1.28821      1.297097
    8.0562      1.246131     1.278478       1.30201
    8.0658        1.2418     1.274459       1.30082
    8.0754      1.265248     1.290174      1.308426
     8.085      1.258548     1.299165      1.312436
    8.0946      1.251846     1.276961      1.278217
    8.1042      1.256511     1.291667      1.322866
    8.1138      1.240378     1.281193      1.296782
    8.1234      1.253072     1.276675      1.296774
     8.133      1.245964     1.289632      1.325118
    8.1426      1.238507     1.281585      1.270444
    8.1522      1.254336     1.280952      1.308973
    8.1618      1.250953     1.279796      1.293331
    8.1714      1.246249     1.288677      1.311537
     8.181      1.238443     1.286868      1.293754
    8.1906      1.237878     1.294072      1.319839
    8.2002      1.247927     1.288116      1.301306
    8.2098      1.253363     1.285908      1.291481
    8.2194      1.252012     1.280735      1.296154
     8.229      1.249237     1.282455      1.349102
    8.2386      1.251999     1.291929      1.305766
    8.2482      1.257702     1.281829       1.28245
    8.2578      1.238272     1.309631      1.304363
    8.2674      1.246889     1.276054      1.318119
     8.277      1.243773     1.284963      1.287234
    8.2866      1.251063      1.28061      1.262357
    8.2962      1.236816     1.290891      1.306735
    8.3058      1.255802     1.292724      1.295515
    8.3154      1.247478     1.283236      1.290621
     8.325      1.244883     1.294488      1.284963
    8.3345      1.229822     1.284421      1.310346
    8.3441      1.253693     1.286737      1.272491
    8.3537      1.252809      1.27158      1.268347
    8.3633      1.250849     1.299665      1.276963
    8.3729      1.248314     1.271679      1.313284
    8.3825      1.237943     1.286466      1.281049
    8.3921      1.247088     1.271654      1.310586
    8.4017      1.252625     1.282729      1.291453
    8.4113      1.254553     1.271725      1.305159
    8.4209      1.242067     1.278985      1.257374
    8.4305      1.232464     1.284252      1.271852
    8.4401      1.233057     1.283638      1.289307
    8.4497      1.268999     1.294949      1.308634
    8.4593      1.242064     1.281246      1.314765
    8.4689      1.253221      1.28346      1.288337
    8.4785      1.246807     1.283188      1.284667
    8.4881      1.244258     1.289427      1.299837
    8.4977      1.255753     1.277211      1.277475
    8.5073      1.247042     1.275959      1.299119
    8.5169      1.261539     1.281177      1.305702
    8.5265      1.251252     1.270805       1.29349
    8.5361      1.243051     1.276641      1.282499
    8.5457      1.245505     1.272004      1.279514
    8.5553      1.244245     1.279758      1.290411
    8.5649      1.252902     1.279603      1.290797
    8.5745      1.239681     1.285486       1.25934
    8.5841      1.247883     1.268489      1.281034
    8.5937      1.259137     1.278338      1.296855
    8.6032      1.236154     1.278566       1.28454
    8.6128      1.237391     1.279831      1.309053
    8.6224      1.231854     1.274387      1.266943
     8.632      1.252973     1.286352      1.308647
    8.6416      1.244701     1.281971      1.298373
    8.6512      1.237108     1.285553       1.29042
    8.6608      1.239886     1.278561      1.292935
    8.6704      1.255746     1.282975      1.268733
      8.68      1.246809      1.28096      1.315925
    8.6896      1.242341     1.275831      1.288488
    8.6992      1.235639      1.27761      1.282779
    8.7088      1.238707       1.2875      1.301823
    8.7184      1.237534     1.273312       1.27571
     8.728      1.251547     1.277865      1.291728
    8.7376      1.237576     1.280345      1.313359
    8.7472      1.243179     1.275291      1.302375
    8.7568      1.243558     1.284081      1.310842
    8.7664      1.237943     1.284286      1.279735
     8.776      1.242796     1.275086      1.281869
    8.7856      1.235021     1.279507      1.289613
    8.7952      1.230002      1.27749      1.283194
    8.8048      1.228519     1.274906      1.298594
    8.8144      1.243746     1.262836      1.264743
     8.824      1.234559     1.272763      1.278617
    8.8336      1.242884     1.290241      1.299976
    8.8432      1.225495     1.273664      1.313807
    8.8528      1.229208     1.279799      1.277731
    8.8624      1.243491     1.272505      1.274669
    8.8719      1.235076     1.268748      1.295152
    8.8815      1.232997     1.270218      1.272507
    8.8911      1.241935     1.279104      1.291429
    8.9007      1.241358     1.268621      1.281993
    8.9103      1.247724     1.271119      1.275817
    8.9199       1.24577     1.274695      1.276385
    8.9295      1.253113      1.27651      1.291528
    8.9391      1.233407     1.287423      1.269649
    8.9487      1.227719     1.277381      1.296834
    8.9583      1.247289     1.275753      1.296568
    8.9679      1.224659     1.263468      1.316346
    8.9775      1.242682     1.277228      1.274778
    8.9871      1.233707     1.264604      1.264572
    8.9967       1.23196     1.259045      1.286964
    9.0063      1.234964     1.281026      1.282025
    9.0159      1.234074     1.268394      1.284542
    9.0255      1.239714     1.271174       1.28752
    9.0351      1.243717     1.278504      1.285072
    9.0447      1.222612     1.279097      1.279693
    9.0543      1.228139     1.292333      1.268851
    9.0639      1.242727      1.26043      1.294469
    9.0735      1.234108     1.264567      1.280623
    9.0831       1.23462     1.274488      1.273503
    9.0927      1.236578     1.255988      1.275504
    9.1023      1.229022     1.261148      1.270477
    9.1119      1.228695      1.26133       1.27387
    9.1215      1.232248     1.266313      1.287866
    9.1311      1.236666     1.270137      1.280605
    9.1407      1.242451     1.275376      1.277268
    9.1502      1.236496     1.276922      1.280885
    9.1598      1.231671     1.264996      1.279034
    9.1694      1.228795     1.271054      1.275529
     9.179      1.229831     1.263906      1.251889
    9.1886      1.237802     1.267259      1.300315
    9.1982      1.238764     1.270938      1.279008
    9.2078      1.233719     1.254853      1.277349
    9.2174      1.233884     1.282741       1.31118
     9.227      1.236362     1.265673      1.294162
    9.2366      1.234429     1.265466      1.254681
    9.2462         1.233     1.261011      1.262504
    9.2558      1.223151     1.259209      1.281419
    9.2654      1.239658      1.26263      1.290954
     9.275      1.237521     1.266415      1.278464
    9.2846      1.225024     1.261537      1.264673
    9.2942      1.225295     1.262152      1.275253
    9.3038      1.213651     1.259839      1.279428
    9.3134      1.224799     1.268553      1.256063
     9.323      1.224193     1.264521       1.26507
    9.3326      1.234713     1.273517      1.279912
    9.3422      1.233684     1.268291      1.265295
    9.3518      1.234781     1.260589      1.282019
    9.3614       1.22404     1.257896      1.267364
     9.371      1.222217     1.267041      1.254178
    9.3806      1.223125     1.263725      1.268261
    9.3902       1.23041     1.251245       1.29204
    9.3998      1.237466     1.273256      1.251683
    9.4094      1.233151     1.265578       1.26699
    9.4189      1.235676     1.258278      1.250868
    9.4285      1.231683     1.270075      1.255559
    9.4381      1.230417     1.261402        1.2765
    9.4477      1.232729     1.256851      1.274776
    9.4573      1.231916     1.253805      1.278083
    9.4669      1.227671     1.255466      1.276531
    9.4765      1.239811     1.251462       1.26851
    9.4861      1.226255     1.246528      1.267064
    9.4957      1.231136     1.262041      1.243359
    9.5053      1.221886     1.254664      1.263325
    9.5149      1.220683     1.257893      1.272763
    9.5245      1.223534     1.261724      1.273361
    9.5341      1.222519     1.253811      1.258435
    9.5437      1.225753     1.255615      1.294283
    9.5533      1.223716     1.251148      1.266972
    9.5629      1.228981     1.255373       1.26799
    9.5725      1.232239     1.243206      1.247686
    9.5821      1.221471     1.258404      1.266292
    9.5917      1.221299     1.259686      1.250112
    9.6013      1.228868     1.251095      1.252406
    9.6109      1.226352     1.253113      1.248396
    9.6205      1.217365     1.254453      1.250764
    9.6301      1.228852     1.257472      1.282036
    9.6397      1.225033     1.254346      1.264722
    9.6493      1.231676     1.253801      1.263206
    9.6589      1.217951     1.257872       1.26535
    9.6685      1.220562     1.247486      1.266487
    9.6781      1.225288     1.249239       1.24933
    9.6877       1.23123      1.25769      1.250573
    9.6972      1.216123     1.243868      1.250324
    9.7068      1.224087     1.244648      1.252624
    9.7164      1.222613     1.244951      1.254748
     9.726      1.210079     1.248456      1.238427
    9.7356      1.221429     1.245955      1.265179
    9.7452      1.216947     1.247122      1.250855
    9.7548      1.197235     1.250737      1.251653
    9.7644       1.21371     1.246781      1.269354
     9.774      1.215175     1.244334      1.253152
    9.7836      1.213317     1.261058      1.229318
    9.7932      1.205758     1.250816       1.24679
    9.8028      1.213503      1.24861      1.247092
    9.8124      1.205143     1.248595      1.276209
     9.822      1.213075     1.248398      1.255158
