#     'r'     'cord11(r)'     'cord12(r)'     'cord22(r)'     cord21(r)
 0.0047982             0            0             0            0
  0.014395             0            0             0            0
  0.023991             0            0             0            0
  0.033588             0            0             0            0
  0.043184             0            0             0            0
  0.052781             0            0             0            0
  0.062377             0            0             0            0
  0.071974             0            0             0            0
   0.08157             0            0             0            0
  0.091167             0            0             0            0
   0.10076             0            0             0            0
   0.11036             0            0             0            0
   0.11996             0            0             0            0
   0.12955             0            0             0            0
   0.13915             0            0             0            0
   0.14875             0            0             0            0
   0.15834             0            0             0            0
   0.16794             0            0             0            0
   0.17753             0            0             0            0
   0.18713             0            0             0            0
   0.19673             0            0             0            0
   0.20632             0            0             0            0
   0.21592             0            0             0            0
   0.22552             0            0             0            0
   0.23511             0            0             0            0
   0.24471             0            0             0            0
   0.25431             0            0             0            0
    0.2639             0            0             0            0
    0.2735             0            0             0            0
    0.2831             0            0             0            0
   0.29269             0            0             0            0
   0.30229             0            0             0            0
   0.31189             0            0             0            0
   0.32148             0            0             0            0
   0.33108             0            0             0            0
   0.34068             0            0             0            0
   0.35027             0            0             0            0
   0.35987             0            0             0            0
   0.36946             0            0             0            0
   0.37906             0            0             0            0
   0.38866             0            0             0            0
   0.39825             0            0             0            0
   0.40785             0            0             0            0
   0.41745             0            0             0            0
   0.42704             0            0             0            0
   0.43664             0            0             0            0
   0.44624             0            0             0            0
   0.45583             0            0             0            0
   0.46543             0            0             0            0
   0.47503             0            0             0            0
   0.48462             0            0             0            0
   0.49422             0            0             0            0
   0.50382             0            0             0            0
   0.51341             0            0             0            0
   0.52301             0            0             0            0
    0.5326             0            0             0            0
    0.5422             0            0             0            0
    0.5518             0            0             0            0
   0.56139             0            0             0            0
   0.57099             0            0             0            0
   0.58059             0            0             0            0
   0.59018             0            0             0            0
   0.59978             0            0             0            0
   0.60938             0            0             0            0
   0.61897             0            0             0            0
   0.62857             0            0             0            0
   0.63817             0            0             0            0
   0.64776             0            0             0            0
   0.65736             0            0             0            0
   0.66696             0            0             0            0
   0.67655             0            0             0            0
   0.68615             0            0             0            0
   0.69575             0            0             0            0
   0.70534             0            0             0            0
   0.71494             0            0             0            0
   0.72453             0            0             0            0
   0.73413             0            0             0            0
   0.74373             0            0             0            0
   0.75332             0            0             0            0
   0.76292             0            0             0            0
   0.77252             0            0             0            0
   0.78211             0            0             0            0
   0.79171             0            0             0            0
   0.80131             0            0             0            0
    0.8109             0            0             0            0
    0.8205             0            0             0            0
    0.8301             0            0             0            0
   0.83969             0            0             0            0
   0.84929             0            0             0            0
   0.85889             0            0             0            0
   0.86848             0            0             0            0
   0.87808             0            0             0            0
   0.88767             0            0             0            0
   0.89727             0            0             0            0
   0.90687             0            0             0            0
   0.91646             0            0             0            0
   0.92606             0            0             0            0
   0.93566             0            0             0            0
   0.94525             0            0             0            0
   0.95485             0            0             0            0
   0.96445             0            0             0            0
   0.97404             0            0             0            0
   0.98364             0            0             0            0
   0.99324             0            0             0            0
    1.0028             0            0             0            0
    1.0124             0            0             0            0
     1.022             0            0             0            0
    1.0316             0            0             0            0
    1.0412             0            0             0            0
    1.0508             0            0             0            0
    1.0604             0            0             0            0
      1.07             0            0             0            0
    1.0796             0            0             0            0
    1.0892             0            0  3.502859e-06            0
    1.0988             0 8.756478e-07  7.067442e-06 1.751296e-06
    1.1084  1.751164e-06 2.642172e-06  7.067442e-06 5.284345e-06
     1.118  3.532651e-06  5.28395e-06  7.067442e-06  1.05679e-05
    1.1276  5.283558e-06 9.691406e-06  7.067442e-06 1.938281e-05
    1.1372  7.064267e-06 1.498864e-05  1.757214e-05 2.997729e-05
    1.1468  1.406691e-05  1.94098e-05  3.525676e-05  3.88196e-05
    1.1564  2.293728e-05 2.381557e-05  4.587767e-05 4.763113e-05
     1.166  3.346897e-05 2.736016e-05  5.993937e-05 5.472033e-05
    1.1756  4.761604e-05 3.262554e-05  7.411537e-05 6.525108e-05
    1.1852  7.220474e-05 3.882292e-05  8.117351e-05 7.764584e-05
    1.1948   0.000102269 4.585168e-05  8.823072e-05 9.170335e-05
    1.2044   0.000119938 5.468616e-05  9.178709e-05 0.0001093723
     1.214  0.0001410482 6.961591e-05  0.0001092856 0.0001392318
    1.2236  0.0001972623 9.079338e-05  0.0001515572 0.0001815868
    1.2331  0.0002784069 0.0001154399  0.0001834365 0.0002308797
    1.2427  0.0003594869 0.0001594106   0.000194043 0.0003188212
    1.2523  0.0004808486 0.0002123411  0.0002255871 0.0004246821
    1.2619  0.0006832326 0.0003010455  0.0003414734 0.0006020911
    1.2715    0.00100696 0.0004332259  0.0005247287 0.0008664518
    1.2811   0.001440268 0.0006143935  0.0007045712  0.001228787
    1.2907    0.00198769 0.0009108155  0.0009576946  0.001821631
    1.3003   0.002891317  0.001370865   0.001463895   0.00274173
    1.3099   0.004395259  0.002133083   0.002157915  0.004266166
    1.3195   0.006629547  0.003268988   0.003138913  0.006537975
    1.3291   0.009992133  0.004925672   0.004697315  0.009851343
    1.3387     0.0150155  0.007181835   0.007074814   0.01436367
    1.3483    0.02178628   0.01017736    0.01057148   0.02035472
    1.3579    0.03039847   0.01435897     0.0147373   0.02871795
    1.3675    0.04161366   0.02011115    0.01984764    0.0402223
    1.3771    0.05540224   0.02736988    0.02687205   0.05473977
    1.3867    0.07140428   0.03629295    0.03597986    0.0725859
    1.3963    0.09147017   0.04713152    0.04682854   0.09426304
    1.4059     0.1169502   0.06039148    0.06024807     0.120783
    1.4155     0.1470213   0.07625048    0.07716012     0.152501
    1.4251     0.1821002   0.09497106     0.0968083    0.1899421
    1.4347     0.2233856    0.1165136     0.1188855    0.2330272
    1.4443     0.2706072    0.1410052     0.1434945    0.2820104
    1.4539     0.3236695    0.1676145     0.1698096    0.3352289
    1.4635     0.3821772    0.1955435     0.1976943    0.3910869
    1.4731     0.4432928    0.2252777      0.227716    0.4505554
    1.4827      0.505431    0.2565769     0.2600027    0.5131538
    1.4923     0.5684507     0.288998      0.291824     0.577996
    1.5018     0.6311613    0.3209617     0.3226245    0.6419233
    1.5114     0.6920999    0.3515825     0.3534004    0.7031651
     1.521     0.7500957    0.3806666      0.382487    0.7613333
    1.5306     0.8031608    0.4077919     0.4087678    0.8155839
    1.5402     0.8519509     0.432856     0.4328987    0.8657121
    1.5498     0.8969173    0.4551476     0.4562699    0.9102951
    1.5594      0.935811      0.47443     0.4764993    0.9488599
     1.569     0.9693386     0.491833      0.492953    0.9836661
    1.5786     0.9985611    0.5069814     0.5071037     1.013963
    1.5882      1.023594    0.5195495     0.5188845     1.039099
    1.5978      1.044624     0.530292     0.5285998     1.060584
    1.6074      1.061866     0.539629      0.537165     1.079258
     1.617      1.076154    0.5475625     0.5447939     1.095125
    1.6266      1.088845    0.5541318     0.5506329     1.108264
    1.6362      1.099921    0.5595098       0.55547      1.11902
    1.6458      1.109457    0.5641679     0.5605841     1.128336
    1.6554      1.118024    0.5683572     0.5651862     1.136714
     1.665      1.125376     0.571889     0.5686453     1.143778
    1.6746      1.131774    0.5750261     0.5714596     1.150052
    1.6842      1.137481    0.5778677     0.5740484     1.155735
    1.6938      1.142575    0.5803837     0.5764792     1.160767
    1.7034      1.147463    0.5827472     0.5788877     1.165494
     1.713      1.151817    0.5849453     0.5812725     1.169891
    1.7226      1.155797    0.5868326     0.5833034     1.173665
    1.7322      1.159434    0.5884788     0.5850905     1.176958
    1.7418      1.162497    0.5900464     0.5868041     1.180093
    1.7514      1.165384    0.5915108     0.5885064     1.183022
     1.761      1.167988    0.5928493     0.5900208     1.185699
    1.7706      1.170403    0.5940573     0.5912739     1.188115
    1.7801      1.172557    0.5952398     0.5923803      1.19048
    1.7897      1.174558    0.5963103     0.5932617     1.192621
    1.7993      1.176508    0.5972113     0.5942713     1.194423
    1.8089      1.178252    0.5981473     0.5951958     1.196295
    1.8185      1.180125    0.5990486     0.5959147     1.198097
    1.8281      1.181975    0.5998951       0.59683      1.19979
    1.8377      1.183525    0.6007128     0.5979173     1.201426
    1.8473      1.185164    0.6015302      0.598946      1.20306
    1.8569      1.186884    0.6024019     0.5999768     1.204804
    1.8665      1.188524    0.6032799     0.6010054      1.20656
    1.8761      1.190215    0.6041428     0.6019906     1.208286
    1.8857      1.192045     0.604963     0.6030327     1.209926
    1.8953      1.193974     0.605774     0.6039451     1.211548
    1.9049      1.195935     0.606744     0.6047763     1.213488
    1.9145      1.198004    0.6078008     0.6057821     1.215602
    1.9241      1.200211    0.6088213     0.6070232     1.217643
    1.9337      1.202503    0.6099134     0.6082964     1.219827
    1.9433      1.204967    0.6111963     0.6095064     1.222393
    1.9529      1.207784    0.6127158     0.6109742     1.225432
    1.9625      1.211227    0.6144684      0.613024     1.228937
    1.9721      1.215551    0.6165274     0.6153837     1.233055
    1.9817      1.221056    0.6194002     0.6182073       1.2388
    1.9913      1.228313    0.6231416     0.6218971     1.246283
    2.0009      1.236815    0.6273579     0.6259918     1.254716
    2.0105      1.245417     0.631912     0.6303829     1.263824
    2.0201      1.254068    0.6363972      0.634951     1.272794
    2.0297      1.262833    0.6405665     0.6393085     1.281133
    2.0393      1.271639    0.6445398     0.6436824      1.28908
    2.0488      1.280358    0.6487932     0.6481477     1.297586
    2.0584      1.288783    0.6531473     0.6524628     1.306295
     2.068      1.297314     0.657444     0.6567519     1.314888
    2.0776      1.306202     0.661962     0.6614327     1.323924
    2.0872      1.315275    0.6665726     0.6659762     1.333145
    2.0968      1.324176    0.6711521     0.6701949     1.342304
    2.1064      1.332819    0.6755222     0.6742049     1.351044
     2.116      1.341781     0.679796     0.6783829     1.359592
    2.1256      1.350529    0.6840567     0.6827882     1.368113
    2.1352      1.359069    0.6882219     0.6872365     1.376444
    2.1448      1.368215    0.6926654     0.6915582     1.385331
    2.1544      1.377653    0.6973141      0.695869     1.394628
     2.164      1.386706    0.7018995     0.7002425     1.403799
    2.1736      1.395681    0.7064094      0.704679     1.412819
    2.1832      1.404372    0.7110252     0.7094365      1.42205
    2.1928      1.412985    0.7158182     0.7137673     1.431636
    2.2024       1.42224    0.7204936     0.7183638     1.440987
     2.212      1.431348    0.7251527     0.7230767     1.450305
    2.2216      1.440302    0.7297029     0.7274088     1.459406
    2.2312      1.449201    0.7342831     0.7320623     1.468566
    2.2408      1.458239    0.7389239     0.7368117     1.477848
    2.2504      1.467471    0.7435427     0.7414414     1.487085
      2.26      1.476837    0.7483285     0.7461581     1.496657
    2.2696      1.486477     0.753325     0.7508055      1.50665
    2.2792      1.496336    0.7582291     0.7555213     1.516458
    2.2888      1.506146    0.7629306     0.7603364     1.525861
    2.2984      1.515776    0.7678815     0.7649724     1.535763
     2.308      1.526022    0.7730267     0.7699182     1.546053
    2.3176      1.536888     0.778141     0.7749784     1.556282
    2.3271      1.547792    0.7834574     0.7798864     1.566915
    2.3367      1.558805    0.7889399     0.7848962      1.57788
    2.3463       1.56995    0.7946495     0.7898221     1.589299
    2.3559      1.580766    0.8004368     0.7950993     1.600874
    2.3655      1.591974    0.8061092     0.8007041     1.612218
    2.3751      1.604081    0.8116695     0.8062103     1.623339
    2.3847      1.615973    0.8172525     0.8117826     1.634505
    2.3943      1.627493    0.8232519     0.8176724     1.646504
    2.4039      1.639435    0.8293199     0.8238081      1.65864
    2.4135      1.652046    0.8356715     0.8295635     1.671343
    2.4231      1.664776    0.8422312     0.8350579     1.684462
    2.4327      1.677805    0.8487845     0.8407168     1.697569
    2.4423      1.691127    0.8554526     0.8464387     1.710905
    2.4519      1.705236    0.8622225     0.8526973     1.724445
    2.4615       1.72007    0.8692884     0.8594897     1.738577
    2.4711      1.734464    0.8765291     0.8663551     1.753058
    2.4807      1.748976     0.883914     0.8735311     1.767828
    2.4903      1.763878    0.8916703     0.8805483     1.783341
    2.4999       1.77919    0.8996641     0.8875205     1.799328
    2.5095      1.795045    0.9078288     0.8952551     1.815658
    2.5191      1.811362    0.9162495     0.9036896     1.832499
    2.5287      1.827769    0.9248888     0.9120912     1.849778
    2.5383      1.844783    0.9338901     0.9203612      1.86778
    2.5479       1.86263    0.9431084       0.92873     1.886217
    2.5575      1.880654    0.9525649     0.9373523      1.90513
    2.5671      1.899145    0.9622663     0.9463917     1.924533
    2.5767      1.918183    0.9721205     0.9553511     1.944241
    2.5863      1.937771    0.9825491     0.9650063     1.965098
    2.5958      1.957866     0.993328     0.9755945     1.986656
    2.6054      1.978097     1.003893      0.986305     2.007786
     2.615      1.999279     1.014741     0.9966635     2.029482
    2.6246      2.021581     1.026578      1.007026     2.053155
    2.6342      2.044292     1.039011      1.018112     2.078022
    2.6438      2.068403      1.05163      1.029786      2.10326
    2.6534      2.093247     1.064431      1.041705     2.128862
     2.663      2.117619      1.07737      1.053673      2.15474
    2.6726      2.142226     1.090718      1.065896     2.181436
    2.6822      2.168449     1.104386       1.07815     2.208771
    2.6918      2.194967     1.118176      1.090937     2.236353
    2.7014      2.220983     1.132477      1.105195     2.264955
     2.711      2.248297     1.147432        1.1202     2.294864
    2.7206      2.277105     1.162427      1.135696     2.324854
    2.7302      2.306842     1.177801      1.151171     2.355601
    2.7398      2.336225     1.193671      1.165642     2.387342
    2.7494       2.36644     1.209847      1.180186     2.419694
     2.759      2.398166     1.225823      1.195531     2.451646
    2.7686      2.429424     1.241767      1.212233     2.483534
    2.7782      2.460804     1.258313      1.228514     2.516626
    2.7878      2.493363     1.275682      1.244411     2.551365
    2.7974      2.525036     1.293435      1.261092      2.58687
     2.807      2.556277     1.311042      1.277656     2.622085
    2.8166      2.588409     1.328386      1.293862     2.656772
    2.8262       2.62089     1.345357      1.310168     2.690715
    2.8358      2.653502     1.362266      1.326893     2.724533
    2.8454      2.686811     1.379443      1.343065     2.758886
     2.855      2.720522     1.397018      1.359643     2.794037
    2.8646      2.753877     1.414074      1.376768     2.828148
    2.8741      2.786836     1.430905      1.392899      2.86181
    2.8837      2.819687     1.448012      1.407996     2.896023
    2.8933      2.852483     1.465008      1.423563     2.930017
    2.9029      2.884183      1.48159      1.439603      2.96318
    2.9125      2.915801     1.497877      1.455133     2.995753
    2.9221      2.947726     1.514033      1.470828     3.028067
    2.9317      2.979035     1.530063       1.48623     3.060127
    2.9413      3.009121     1.545829      1.500627     3.091659
    2.9509       3.03819     1.561237      1.515356     3.122474
    2.9605      3.066915     1.576489      1.529817     3.152979
    2.9701      3.095207     1.591411      1.543822     3.182822
    2.9797      3.122469     1.605652      1.557416     3.211305
    2.9893      3.148926      1.61933      1.570269      3.23866
    2.9989      3.174794     1.632947      1.583683     3.265894
    3.0085      3.200688      1.64659       1.59657     3.293179
    3.0181      3.225809     1.659733        1.6085     3.319465
    3.0277       3.24934     1.672323      1.620465     3.344646
    3.0373      3.272991     1.684767      1.632603     3.369534
    3.0469      3.296749     1.697134      1.644345     3.394268
    3.0565      3.319792     1.709134      1.655355     3.418268
    3.0661      3.342516     1.720859      1.666497     3.441718
    3.0757       3.36577     1.732361      1.678107     3.464722
    3.0853      3.388707     1.743502       1.68899     3.487003
    3.0949      3.410767     1.754573      1.698993     3.509145
    3.1045      3.432795     1.765538      1.709473     3.531076
    3.1141      3.454898     1.776418      1.720035     3.552835
    3.1237      3.477401      1.78707      1.730084     3.574141
    3.1333       3.49931     1.797404      1.739866     3.594808
    3.1428      3.520468     1.807502      1.749905     3.615005
    3.1524      3.541858     1.817666      1.759988     3.635332
     3.162      3.563024     1.828019      1.769728     3.656039
    3.1716      3.584036     1.838283      1.778966     3.676566
    3.1812      3.604933      1.84859      1.788253     3.697179
    3.1908      3.625554     1.858888      1.797264     3.717775
    3.2004      3.646531     1.869048      1.805821     3.738095
      3.21      3.667925     1.879234      1.815286     3.758468
    3.2196      3.689623      1.88934      1.825513      3.77868
    3.2292       3.71174     1.899249      1.835361     3.798497
    3.2388      3.734406     1.909591      1.844586     3.819182
    3.2484      3.756668     1.920193      1.854207     3.840387
     3.258      3.778269     1.930693      1.864005     3.861386
    3.2676      3.800589     1.941454      1.874007     3.882908
    3.2772      3.823753     1.952094      1.884582     3.904188
    3.2868      3.847026     1.962497      1.894629     3.924993
    3.2964      3.869993     1.972959      1.904504     3.945918
     3.306      3.892449     1.983544      1.914131     3.967087
    3.3156      3.914828     1.994473      1.923504     3.988947
    3.3252      3.937798     2.005855      1.933463      4.01171
    3.3348      3.961495      2.01763      1.943828     4.035259
    3.3444      3.984909     2.029395      1.953998     4.058789
     3.354      4.007897     2.040889      1.963766     4.081779
    3.3636      4.031198      2.05226      1.974014      4.10452
    3.3732      4.055213     2.063412      1.984247     4.126824
    3.3828      4.080004      2.07457      1.994143     4.149141
    3.3924      4.104618     2.085971      2.004788     4.171943
     3.402      4.129231     2.097671      2.015764     4.195342
    3.4116      4.153647     2.109739      2.026783     4.219479
    3.4211      4.178405     2.122169      2.038334     4.244337
    3.4307      4.203509      2.13428      2.049467     4.268561
    3.4403       4.22849     2.146108      2.060022     4.292215
    3.4499      4.253643     2.158193      2.071256     4.316386
    3.4595      4.279011     2.170442       2.08319     4.340884
    3.4691      4.304817     2.182911      2.094846     4.365823
    3.4787      4.331165     2.195765      2.106503     4.391531
    3.4883      4.358037     2.208658      2.117963     4.417316
    3.4979      4.384645     2.221512      2.128804     4.443023
    3.5075       4.41165     2.234432      2.139933     4.468863
    3.5171       4.43897     2.247518      2.150754     4.495037
    3.5267       4.46539     2.260894      2.161297     4.521788
    3.5363      4.491577     2.274144      2.172457     4.548288
    3.5459      4.518872      2.28745      2.184305       4.5749
    3.5555      4.546205     2.300916      2.197154     4.601832
    3.5651      4.573506     2.314383      2.210524     4.628766
    3.5747      4.601408     2.327713       2.22317     4.655425
    3.5843      4.628929     2.340841      2.235454     4.681683
    3.5939      4.657247     2.354061      2.247958     4.708123
    3.6035      4.685769     2.367736      2.260403     4.735472
    3.6131      4.713787     2.381709      2.273098     4.763418
    3.6227      4.741625     2.395891      2.286675     4.791783
    3.6323      4.770041     2.409977       2.30052     4.819954
    3.6419      4.799536     2.423907      2.313489     4.847813
    3.6515      4.828727     2.438107      2.326061     4.876215
    3.6611      4.857661     2.452562      2.339557     4.905124
    3.6707      4.887192     2.466932      2.353032     4.933864
    3.6803       4.91671     2.481721      2.366197     4.963442
    3.6898       4.94595     2.496707      2.379827     4.993414
    3.6994      4.975986     2.511337      2.393414     5.022674
     3.709      5.006576     2.526294      2.407472     5.052588
    3.7186       5.03686     2.541681      2.421549     5.083362
    3.7282      5.067783     2.556966      2.435725     5.113932
    3.7378      5.098997     2.571988      2.449941     5.143976
    3.7474       5.13019     2.587521      2.464548     5.175042
     3.757      5.161605     2.603415      2.479793      5.20683
    3.7666      5.192912     2.619395      2.495114      5.23879
    3.7762      5.224357     2.635427      2.510466     5.270855
    3.7858      5.256396     2.651487      2.525567     5.302973
    3.7954      5.288997     2.667935      2.540518     5.335871
     3.805      5.321735     2.684368      2.555503     5.368735
    3.8146      5.355288     2.700809      2.570826     5.401618
    3.8242      5.388938     2.717612      2.586365     5.435225
    3.8338       5.42254     2.734465      2.601766      5.46893
    3.8434      5.456694     2.751277      2.617402     5.502554
     3.853      5.491185     2.768613      2.633339     5.537226
    3.8626       5.52579     2.786265      2.649916     5.572531
    3.8722      5.560481     2.803882      2.666294     5.607763
    3.8818      5.595317     2.821712      2.682341     5.643425
    3.8914      5.631275     2.839946      2.698957     5.679891
     3.901      5.668048     2.858177      2.715869     5.716353
    3.9106        5.7044     2.876036      2.732793     5.752072
    3.9202      5.740869     2.894423      2.749604     5.788846
    3.9298      5.777389     2.913136      2.766552     5.826271
    3.9394      5.814576     2.931785       2.78448      5.86357
     3.949      5.853031     2.950804      2.803322     5.901607
    3.9585      5.890145     2.969847      2.821456     5.939694
    3.9681      5.926295     2.988992      2.839591     5.977985
    3.9777      5.963216      3.00836      2.858278      6.01672
    3.9873      6.001132     3.027713      2.876405     6.055425
    3.9969      6.039369     3.047345      2.895152      6.09469
    4.0065      6.077013     3.067057      2.915188     6.134114
    4.0161      6.115423     3.086774      2.934146     6.173548
    4.0257       6.15433     3.106657      2.953321     6.213314
    4.0353       6.19212     3.126744      2.972317     6.253488
    4.0449      6.229541     3.147163      2.991181     6.294327
    4.0545      6.268619     3.168142      3.011395     6.336283
    4.0641      6.309054     3.189111      3.031695     6.378221
    4.0737      6.349455     3.209989      3.052167     6.419978
    4.0833      6.390489     3.231187      3.072457     6.462374
    4.0929      6.431849     3.252152      3.093971     6.504303
    4.1025       6.47279     3.273076      3.115905     6.546153
    4.1121      6.514411     3.294188      3.135855     6.588377
    4.1217      6.555753     3.315533      3.155803     6.631066
    4.1313      6.596439     3.337226      3.176518     6.674452
    4.1409      6.637899     3.358644      3.197109     6.717288
    4.1505       6.67911     3.379813      3.217986     6.759627
    4.1601      6.720244     3.400874      3.238951     6.801747
    4.1697        6.7617     3.422008       3.26034     6.844016
    4.1793      6.803356     3.443315      3.282298     6.886629
    4.1889       6.84525     3.464596      3.304413     6.929191
    4.1985      6.887083     3.486224      3.326027     6.972449
    4.2081      6.929611     3.507838      3.347286     7.015676
    4.2177      6.971936     3.529484      3.367976     7.058969
    4.2273      7.014328     3.551159       3.38846     7.102319
    4.2368      7.057593      3.57284      3.409092     7.145679
    4.2464      7.100519     3.594649      3.429792     7.189298
     4.256      7.142548     3.616963      3.451027     7.233925
    4.2656      7.183845     3.639085      3.473281     7.278169
    4.2752      7.225027     3.660501      3.495233     7.321002
    4.2848      7.266704     3.682054       3.51531     7.364109
    4.2944       7.30765     3.703929      3.535416     7.407857
     4.304      7.348639     3.726039      3.556693     7.452078
    4.3136      7.391111     3.748085      3.577354      7.49617
    4.3232      7.433135     3.769721      3.597737     7.539442
    4.3328      7.475065     3.791111      3.619314     7.582223
    4.3424      7.517249     3.812738      3.639981     7.625475
     4.352      7.559228     3.834399      3.659519     7.668798
    4.3616      7.600761     3.855947      3.679595     7.711894
    4.3712      7.641537     3.877615      3.700046     7.755229
    4.3808      7.682793     3.899171      3.720751     7.798343
    4.3904      7.725121      3.92057      3.741634      7.84114
       4.4      7.767155     3.942069       3.76165     7.884138
    4.4096      7.807939      3.96367      3.781307      7.92734
    4.4192      7.848576     3.985132       3.80113     7.970264
    4.4288      7.889797     4.006539      3.820492     8.013077
    4.4384      7.930487     4.028255      3.840308     8.056509
     4.448      7.970503     4.049672      3.860835     8.099345
    4.4576      8.011062      4.07074      3.881301     8.141481
    4.4672      8.051992     4.092009      3.901673     8.184019
    4.4768      8.093179      4.11331      3.921464      8.22662
    4.4864      8.134961     4.134627      3.941092     8.269255
     4.496      8.177222     4.156054      3.961411     8.312109
    4.5055      8.218678      4.17753      3.981188     8.355061
    4.5151      8.259565     4.198848      4.001434     8.397696
    4.5247      8.301064     4.220033      4.022013     8.440066
    4.5343      8.343639      4.24142      4.041634      8.48284
    4.5439      8.386748     4.262854      4.061394     8.525708
    4.5535      8.429743     4.283964      4.081433     8.567927
    4.5631      8.472303     4.305327      4.101549     8.610653
    4.5727      8.514676     4.327222      4.121828     8.654444
    4.5823      8.557372     4.349018      4.142661     8.698037
    4.5919      8.600671     4.370568       4.16377     8.741135
    4.6015      8.643484     4.392547      4.183929     8.785094
    4.6111      8.685754     4.414768      4.203481     8.829535
    4.6207      8.728699     4.436548      4.224243     8.873097
    4.6303      8.771622     4.458988      4.245192     8.917975
    4.6399      8.814857     4.481675      4.265366     8.963349
    4.6495      8.858099     4.503654      4.286461     9.007309
    4.6591      8.901342      4.52565       4.30754       9.0513
    4.6687      8.944796     4.547903      4.327535     9.095805
    4.6783      8.988784     4.569999      4.348191     9.139998
    4.6879      9.033733     4.592148      4.369793     9.184295
    4.6975      9.078596     4.614644      4.391973     9.229288
    4.7071      9.122604     4.637606      4.413744     9.275213
    4.7167      9.166716     4.660885      4.435128      9.32177
    4.7263      9.211069     4.683688      4.457106     9.367375
    4.7359      9.255516     4.706605      4.478963      9.41321
    4.7455      9.300518     4.729721      4.500355     9.459441
    4.7551      9.345849      4.75261      4.522216     9.505219
    4.7647      9.391453      4.77558      4.544786     9.551161
    4.7743      9.436734     4.798656      4.567116     9.597311
    4.7838      9.482903     4.822073      4.589444     9.644145
    4.7934      9.529754     4.845782      4.612389     9.691564
     4.803      9.576003     4.869378      4.635736     9.738756
    4.8126      9.622198     4.893336       4.65982     9.786673
    4.8222      9.668186     4.917903      4.683489     9.835807
    4.8318      9.713617     4.942207      4.706851     9.884414
    4.8414      9.758963     4.966587      4.730334     9.933173
     4.851      9.804417     4.990918      4.753853     9.981836
    4.8606      9.850699      5.01494      4.778073     10.02988
    4.8702        9.8989     5.039097      4.802266     10.07819
    4.8798        9.9477     5.063427      4.826058     10.12685
    4.8894      9.994924     5.088386      4.850562     10.17677
     4.899       10.0414     5.113482      4.875956     10.22696
    4.9086      10.08813     5.138645       4.90039     10.27729
    4.9182      10.13503     5.164201      4.925534      10.3284
    4.9278      10.18335     5.190065      4.951797     10.38013
    4.9374      10.23355     5.215749      4.976645      10.4315
     4.947      10.28399     5.241178       5.00038     10.48236
    4.9566      10.33352     5.266322      5.024246     10.53264
    4.9662      10.38373     5.291521      5.049532     10.58304
    4.9758       10.4336      5.31698       5.07523     10.63396
    4.9854      10.48288     5.342488      5.100357     10.68498
     4.995      10.53295     5.368507      5.125555     10.73701
    5.0046      10.58281     5.394745      5.150901     10.78949
    5.0142      10.63175     5.421245       5.17669     10.84249
    5.0238      10.68152     5.448032      5.202181     10.89606
    5.0334      10.73332     5.474753      5.227506     10.94951
     5.043      10.78467     5.501607      5.252804     11.00321
    5.0525      10.83567     5.528682      5.277541     11.05736
    5.0621      10.88689     5.556102      5.303272      11.1122
    5.0717       10.9391     5.583632      5.330377     11.16726
    5.0813      10.99243     5.610822      5.357118     11.22164
    5.0909      11.04523     5.638434      5.383425     11.27687
    5.1005      11.09732     5.666393      5.410056     11.33279
    5.1101      11.14906     5.693947      5.437195     11.38789
    5.1197      11.20219     5.721622      5.465226     11.44324
    5.1293      11.25623      5.74995      5.492998      11.4999
    5.1389      11.30958     5.778234      5.520558     11.55647
    5.1485      11.36337     5.805969      5.548816     11.61194
    5.1581      11.41723     5.833946      5.576817     11.66789
    5.1677      11.47019      5.86211      5.603755     11.72422
    5.1773      11.52408     5.890358       5.63118     11.78072
    5.1869      11.57896     5.918981      5.660903     11.83796
    5.1965       11.6335        5.948       5.69033       11.896
    5.2061      11.68739     5.976876      5.718635     11.95375
    5.2157      11.74203     6.005356      5.746722     12.01071
    5.2253      11.79767     6.034702      5.775092      12.0694
    5.2349      11.85303     6.064785      5.803113     12.12957
    5.2445      11.90841     6.094384      5.831099     12.18877
    5.2541      11.96396     6.123638      5.860591     12.24728
    5.2637      12.01985     6.153094      5.889754     12.30619
    5.2733      12.07638     6.182716      5.919301     12.36543
    5.2829      12.13315     6.212377      5.949703     12.42475
    5.2925      12.18968     6.242014      5.979409     12.48403
    5.3021      12.24604     6.271863       6.00841     12.54373
    5.3117      12.30262     6.301857      6.037855     12.60371
    5.3213      12.35925     6.331706      6.067981     12.66341
    5.3308      12.41712     6.361815      6.098674     12.72363
    5.3404      12.47574     6.391954      6.129341     12.78391
      5.35      12.53379     6.422678      6.159003     12.84536
    5.3596      12.59234     6.453765      6.189151     12.90753
    5.3692      12.65185     6.484327       6.22102     12.96865
    5.3788      12.71174     6.515554       6.25195     13.03111
    5.3884      12.77114     6.547179      6.282378     13.09436
     5.398       12.8304     6.578592      6.313907     13.15718
    5.4076      12.88887     6.609698      6.345463      13.2194
    5.4172      12.94786     6.640623      6.376547     13.28125
    5.4268       13.0077     6.671935      6.407447     13.34387
    5.4364      13.06758     6.703694      6.439155     13.40739
     5.446      13.12786     6.735535      6.470781     13.47107
    5.4556      13.18822     6.767424      6.502628     13.53485
    5.4652      13.24782     6.799135      6.535347     13.59827
    5.4748      13.30723     6.830362      6.567989     13.66072
    5.4844      13.36816     6.861403      6.600032     13.72281
     5.494      13.42925     6.892733      6.631681     13.78547
    5.5036      13.48941     6.924816      6.663395     13.84963
    5.5132       13.5499     6.956819      6.694978     13.91364
    5.5228      13.61054      6.98821      6.726674     13.97642
    5.5324      13.67068     7.019644      6.758163     14.03929
     5.542      13.73083     7.051622      6.790536     14.10324
    5.5516      13.79205     7.083747      6.823078     14.16749
    5.5612      13.85432     7.115562      6.854429     14.23112
    5.5708      13.91571     7.147748      6.886625      14.2955
    5.5804       13.9767     7.180162       6.91913     14.36032
      5.59      14.03849     7.212722      6.950986     14.42544
    5.5995      14.10025     7.245969      6.983098     14.49194
    5.6091      14.16162     7.278877      7.015658     14.55775
    5.6187      14.22299      7.31171      7.048606     14.62342
    5.6283      14.28506     7.344559      7.081375     14.68912
    5.6379      14.34782     7.376995      7.113105     14.75399
    5.6475      14.41093     7.410023      7.145488     14.82005
    5.6571      14.47462       7.4433      7.178444      14.8866
    5.6667      14.53874     7.476384      7.210779     14.95277
    5.6763      14.60365     7.510031      7.243024     15.02006
    5.6859      14.66749     7.543963      7.274948     15.08793
    5.6955      14.73013     7.577431      7.307319     15.15486
    5.7051      14.79285     7.610911      7.340643     15.22182
    5.7147      14.85661     7.644418      7.374474     15.28884
    5.7243      14.92188     7.678103      7.408488     15.35621
    5.7339      14.98719     7.711956      7.442024     15.42391
    5.7435      15.05243     7.746035      7.475406     15.49207
    5.7531      15.11753     7.780043      7.508107     15.56009
    5.7627      15.18294     7.814355      7.541052     15.62871
    5.7723      15.24871     7.848798      7.574994      15.6976
    5.7819      15.31496     7.882943      7.608307     15.76589
    5.7915      15.38108     7.917434      7.641861     15.83487
    5.8011      15.44694     7.951736      7.675341     15.90347
    5.8107      15.51296     7.985665      7.709236     15.97133
    5.8203      15.57876     8.019635      7.743517     16.03927
    5.8299      15.64513     8.053765       7.77711     16.10753
    5.8395      15.71216     8.087967      7.811037     16.17593
    5.8491      15.77985     8.122147      7.845496     16.24429
    5.8587      15.84622     8.156748       7.87986      16.3135
    5.8683      15.91168     8.191832      7.914224     16.38366
    5.8778      15.97879     8.226661      7.949144     16.45332
    5.8874       16.0467      8.26137      7.983246     16.52274
     5.897      16.11457     8.296704      8.017557     16.59341
    5.9066      16.18193     8.332374      8.052651     16.66475
    5.9162      16.24992     8.367744      8.087183     16.73549
    5.9258      16.31847     8.403009      8.121561     16.80602
    5.9354      16.38615     8.438115      8.157227     16.87623
     5.945      16.45323     8.473469      8.193334     16.94694
    5.9546      16.52116     8.509031      8.229129     17.01806
    5.9642       16.5905     8.544705       8.26512     17.08941
    5.9738      16.66007     8.580273      8.300359     17.16055
    5.9834       16.7295     8.615867      8.336076     17.23173
     5.993      16.79774     8.651645      8.372746     17.30329
    6.0026      16.86594     8.686802        8.4081      17.3736
    6.0122      16.93447     8.722147      8.442901     17.44429
    6.0218      17.00265     8.758095      8.479095     17.51619
    6.0314      17.07206     8.794321      8.515677     17.58864
     6.041      17.14243     8.830873      8.552703     17.66175
    6.0506      17.21301     8.867576      8.589262     17.73515
    6.0602      17.28362     8.904189      8.624672     17.80838
    6.0698      17.35403     8.940439      8.661161     17.88088
    6.0794      17.42443     8.976893      8.698366     17.95379
     6.089      17.49559     9.014499      8.735656       18.029
    6.0986      17.56799     9.052097      8.773504     18.10419
    6.1082      17.63976     9.088855      8.810664     18.17771
    6.1178      17.71132     9.125866      8.847469     18.25173
    6.1274      17.78381     9.163053      8.886029     18.32611
     6.137      17.85569     9.200063      8.925006     18.40013
    6.1465      17.92791     9.237329      8.962958     18.47466
    6.1561      18.00058     9.274847      9.000923     18.54969
    6.1657      18.07285     9.312374      9.039216     18.62475
    6.1753      18.14525      9.35023      9.077863     18.70046
    6.1849      18.21904     9.388434      9.116376     18.77687
    6.1945       18.2934     9.426974      9.154973     18.85395
    6.2041      18.36711     9.465683      9.194293     18.93137
    6.2137      18.44056     9.503951      9.234398      19.0079
    6.2233      18.51386     9.542289      9.274262     19.08458
    6.2329      18.58763     9.581013      9.313142     19.16203
    6.2425      18.66048     9.619609      9.352035     19.23922
    6.2521      18.73462     9.658474      9.390752     19.31695
    6.2617      18.80974     9.698254      9.429829     19.39651
    6.2713      18.88388     9.737968      9.469057     19.47594
    6.2809      18.95868     9.777124      9.508559     19.55425
    6.2905      19.03427     9.816363      9.548646     19.63273
    6.3001      19.11093     9.855293      9.588441     19.71059
    6.3097      19.18733     9.894043       9.62763     19.78809
    6.3193      19.26303     9.933659      9.666411     19.86732
    6.3289      19.33991     9.973668      9.705529     19.94734
    6.3385      19.41702     10.01351      9.744985     20.02703
    6.3481      19.49295     10.05383       9.78544     20.10767
    6.3577      19.56922     10.09443       9.82656     20.18887
    6.3673      19.64646     10.13491       9.86815     20.26982
    6.3769       19.7241     10.17551      9.909665     20.35102
    6.3865      19.80159     10.21627      9.950968     20.43253
    6.3961      19.87895     10.25717      9.992889     20.51433
    6.4057      19.95705     10.29811       10.0353     20.59623
    6.4152      20.03622     10.33875      10.07815     20.67749
    6.4248      20.11526     10.37915       10.1206     20.75831
    6.4344      20.19409     10.41984      10.16238     20.83968
     6.444      20.27301     10.46077      10.20468     20.92155
    6.4536      20.35194     10.50157      10.24795     21.00314
    6.4632       20.4327     10.54245      10.29005     21.08489
    6.4728      20.51409     10.58362      10.33169     21.16724
    6.4824      20.59488     10.62524      10.37436     21.25047
     6.492      20.67547     10.66731       10.4172     21.33461
    6.5016      20.75462     10.70962      10.46017     21.41925
    6.5112       20.8334     10.75179      10.50337     21.50359
    6.5208      20.91355     10.79384      10.54739     21.58767
    6.5304      20.99519     10.83631      10.59231     21.67261
      6.54      21.07757     10.87884       10.6365     21.75768
    6.5496      21.16055     10.92114      10.68075     21.84227
    6.5592      21.24462     10.96385      10.72477     21.92771
    6.5688      21.32925     11.00645      10.76824     22.01291
    6.5784      21.41343     11.04927      10.81403     22.09854
     6.588      21.49674     11.09262      10.85969     22.18524
    6.5976      21.57893     11.13608      10.90316     22.27217
    6.6072      21.66143     11.17945      10.94698     22.35889
    6.6168       21.7447     11.22228      10.99227     22.44456
    6.6264      21.82809     11.26559      11.03776     22.53118
     6.636      21.91213     11.30952      11.08402     22.61904
    6.6456       21.9956      11.3537      11.13025     22.70741
    6.6552      22.07963     11.39779      11.17484     22.79559
    6.6648      22.16393     11.44196      11.22054     22.88392
    6.6744      22.24814     11.48622      11.26657     22.97244
     6.684      22.33434     11.52997      11.31187     23.05995
    6.6935      22.42072     11.57378      11.35789     23.14755
    6.7031      22.50677     11.61852      11.40408     23.23704
    6.7127       22.5923     11.66361      11.44998     23.32723
    6.7223      22.67793     11.70836      11.49533     23.41672
    6.7319      22.76429     11.75344      11.53957     23.50688
    6.7415      22.85033     11.79832      11.58398     23.59664
    6.7511      22.93743     11.84334      11.62806     23.68668
    6.7607       23.0246     11.88907      11.67318     23.77814
    6.7703      23.11161     11.93513      11.72017     23.87025
    6.7799      23.19963     11.98089      11.76608     23.96179
    6.7895      23.28873     12.02699      11.81198     24.05398
    6.7991      23.37718     12.07399      11.85774     24.14799
    6.8087      23.46453     12.12064      11.90313     24.24129
    6.8183      23.55347     12.16736      11.94994     24.33472
    6.8279      23.64313     12.21404      11.99544     24.42808
    6.8375      23.73124     12.26001      12.03985     24.52002
    6.8471      23.82011     12.30579      12.08565     24.61159
    6.8567       23.9114     12.35251      12.13198     24.70502
    6.8663      24.00227     12.39969      12.17905     24.79939
    6.8759      24.09155     12.44648      12.22566     24.89295
    6.8855      24.18025     12.49315      12.27084     24.98629
    6.8951      24.27099      12.5401      12.31671     25.08019
    6.9047      24.36377     12.58703      12.36302     25.17405
    6.9143      24.45634     12.63406      12.40987     25.26813
    6.9239      24.54807     12.68142      12.45896     25.36284
    6.9335       24.6389      12.7286      12.50715      25.4572
    6.9431      24.72952     12.77613      12.55493     25.55226
    6.9527      24.82111     12.82342      12.60313     25.64684
    6.9622      24.91307     12.87075      12.65034      25.7415
    6.9718      25.00522     12.91835      12.69879      25.8367
    6.9814      25.09829     12.96603      12.74726     25.93206
     6.991      25.19207      13.0142       12.7949      26.0284
    7.0006      25.28462     13.06207      12.84243     26.12413
    7.0102      25.37585     13.10963      12.89006     26.21927
    7.0198      25.46806     13.15746      12.93853     26.31492
    7.0294      25.56075     13.20574      12.98661     26.41147
     7.039      25.65426     13.25437      13.03369     26.50875
    7.0486        25.748     13.30291      13.08255     26.60582
    7.0582      25.84145      13.3513      13.13248      26.7026
    7.0678      25.93502     13.40008      13.18152     26.80015
    7.0774      26.02938     13.44893      13.23196     26.89786
     7.087      26.12504     13.49803      13.28236     26.99605
    7.0966      26.21986     13.54766      13.33197     27.09533
    7.1062      26.31455      13.5967      13.38218      27.1934
    7.1158      26.41026     13.64568      13.43282     27.29136
    7.1254      26.50718     13.69502      13.48254     27.39005
     7.135      26.60435     13.74426      13.53177     27.48853
    7.1446      26.70006      13.7941      13.58061     27.58819
    7.1542      26.79418      13.8438      13.62943     27.68759
    7.1638      26.88952     13.89317      13.67891     27.78634
    7.1734      26.98588     13.94364      13.72858     27.88728
     7.183      27.08191     13.99423      13.77823     27.98846
    7.1926      27.17847     14.04481      13.82619     28.08962
    7.2022       27.2754     14.09527      13.87564     28.19054
    7.2118      27.37316     14.14507       13.9262     28.29015
    7.2214       27.4706     14.19456      13.97545     28.38913
     7.231      27.56736     14.24468      14.02609     28.48936
    7.2405      27.66411     14.29555      14.07737     28.59109
    7.2501      27.76124     14.34631      14.12808     28.69262
    7.2597      27.85981      14.3976      14.17811     28.79521
    7.2693      27.95838     14.44924      14.22838     28.89849
    7.2789      28.05539     14.50083      14.27947     29.00166
    7.2885       28.1533     14.55281      14.32952     29.10563
    7.2981      28.25169      14.6051      14.37941     29.21021
    7.3077      28.35112     14.65686      14.43079     29.31371
    7.3173      28.45143     14.70854       14.4813     29.41707
    7.3269       28.5514     14.76083      14.53166     29.52166
    7.3365       28.6509     14.81282      14.58267     29.62564
    7.3461      28.74901     14.86467      14.63318     29.72934
    7.3557      28.84762     14.91693       14.6843     29.83386
    7.3653      28.94755     14.96931      14.73482     29.93861
    7.3749       29.0482     15.02222      14.78512     30.04445
    7.3845      29.14913     15.07567      14.83721     30.15135
    7.3941       29.2505     15.12919      14.88913     30.25839
    7.4037      29.35243     15.18296       14.9415     30.36592
    7.4133      29.45322     15.23704      14.99327     30.47409
    7.4229      29.55389     15.29109      15.04347     30.58217
    7.4325      29.65676     15.34562      15.09507     30.69124
    7.4421      29.75883     15.40004      15.14735     30.80009
    7.4517      29.86084     15.45428      15.19924     30.90857
    7.4613      29.96395     15.50892      15.25231     31.01784
    7.4709      30.06737     15.56318      15.30547     31.12636
    7.4805      30.17155     15.61745      15.35866     31.23489
    7.4901      30.27536     15.67156      15.41402     31.34312
    7.4997      30.37925     15.72548      15.46853     31.45095
    7.5092      30.48358     15.77936      15.52398     31.55872
    7.5188      30.58745     15.83398      15.57972     31.66796
    7.5284      30.69187     15.88903      15.63308     31.77805
     7.538      30.79747     15.94392      15.68707     31.88785
    7.5476      30.90323     15.99905      15.74172      31.9981
    7.5572      31.00872       16.054      15.79664     32.10801
    7.5668      31.11434     16.10923      15.85131     32.21846
    7.5764      31.22059     16.16491      15.90606     32.32981
     7.586      31.32751     16.22071      15.96094     32.44142
    7.5956      31.43569     16.27667      16.01567     32.55335
    7.6052      31.54313     16.33373      16.07096     32.66746
    7.6148      31.64889     16.39018       16.1279     32.78036
    7.6244      31.75548     16.44564      16.18388     32.89128
     7.634      31.86294     16.50214      16.23764     33.00428
    7.6436      31.97025     16.55906      16.29378     33.11811
    7.6532       32.0777     16.61506      16.35061     33.23012
    7.6628      32.18542     16.67084      16.40717     33.34167
    7.6724      32.29377      16.7273      16.46424     33.45459
     7.682      32.40207      16.7846      16.51927     33.56921
    7.6916      32.51176     16.84215      16.57375      33.6843
    7.7012      32.62164      16.8994      16.63027      33.7988
    7.7108      32.73147     16.95642      16.68663     33.91285
    7.7204      32.84225      17.0137      16.74226     34.02741
      7.73      32.95273     17.07098      16.79948     34.14195
    7.7396      33.06388     17.12795      16.85909     34.25589
    7.7492      33.17491     17.18542      16.91842     34.37084
    7.7588       33.2847     17.24298      16.97597     34.48596
    7.7684      33.39491     17.30084      17.03342     34.60169
     7.778      33.50677     17.35896      17.09134     34.71792
    7.7875      33.61985     17.41731      17.14829     34.83462
    7.7971      33.73305     17.47584      17.20638     34.95168
    7.8067      33.84608     17.53458      17.26672     35.06916
    7.8163      33.95876     17.59377      17.32698     35.18754
    7.8259      34.07103     17.65327      17.38707     35.30653
    7.8355      34.18516     17.71306      17.44511     35.42612
    7.8451      34.29996     17.77315      17.50243     35.54629
    7.8547      34.41457     17.83282      17.56107     35.66565
    7.8643      34.53013     17.89187      17.61963     35.78373
    7.8739      34.64541     17.95128      17.67878     35.90256
    7.8835      34.75966     18.01144      17.73805     36.02289
    7.8931      34.87468      18.0718      17.79771     36.14359
    7.9027      34.99119     18.13156       17.8569     36.26312
    7.9123      35.10767     18.19176      17.91637     36.38351
    7.9219      35.22361     18.25229      17.97728     36.50457
    7.9315      35.33879     18.31293      18.03781     36.62586
    7.9411      35.45301     18.37418      18.09847     36.74835
    7.9507      35.56894      18.4349      18.15855     36.86979
    7.9603      35.68565     18.49544      18.21886     36.99088
    7.9699      35.80206     18.55567      18.28067     37.11133
    7.9795       35.9199     18.61574      18.34296     37.23147
    7.9891       36.0362     18.67607      18.40433     37.35214
    7.9987       36.1523     18.73606      18.46623     37.47212
    8.0083      36.27088     18.79666      18.52873     37.59331
    8.0179      36.38964     18.85855      18.58942      37.7171
    8.0275        36.508     18.92124      18.64979     37.84247
    8.0371      36.62744     18.98369      18.71087     37.96739
    8.0467      36.74729     19.04555      18.77159      38.0911
    8.0562      36.86628     19.10735      18.83332      38.2147
    8.0658      36.98403     19.16916      18.89635     38.33833
    8.0754      37.10158     19.23085      18.96065      38.4617
     8.085      37.21988     19.29276      19.02434     38.58553
    8.0946      37.33916     19.35508      19.08767     38.71016
    8.1042      37.45886     19.41819      19.15261     38.83638
    8.1138      37.57904     19.48114      19.21771     38.96229
    8.1234      37.70033     19.54388      19.28236     39.08776
     8.133       37.8227     19.60702      19.34782     39.21403
    8.1426      37.94631     19.67024      19.41356     39.34049
    8.1522      38.06883     19.73298       19.4772     39.46596
    8.1618      38.19133     19.79544      19.54036     39.59088
    8.1714      38.31442     19.85841      19.60548     39.71683
     8.181      38.43565     19.92132      19.66973     39.84264
    8.1906       38.5572     19.98452      19.73324     39.96904
    8.2002      38.68003     20.04822      19.79822     40.09643
    8.2098      38.80193     20.11212      19.86336     40.22425
    8.2194      38.92533     20.17657      19.92784     40.35314
     8.229      39.04982     20.24127      19.99226     40.48255
    8.2386      39.17377     20.30517      20.05839     40.61034
    8.2482      39.29857     20.36874       20.1245     40.73747
    8.2578      39.42267     20.43281      20.18993     40.86562
    8.2674      39.54694     20.49771      20.25525     40.99542
     8.277      39.67235     20.56265      20.32171      41.1253
    8.2866      39.79779     20.62784       20.3883     41.25567
    8.2962      39.92359      20.6929      20.45326      41.3858
    8.3058      40.04944     20.75709      20.51893     41.51418
    8.3154      40.17457     20.82177      20.58602     41.64354
     8.325      40.29888     20.88651      20.65418     41.77301
    8.3345      40.42403     20.95097      20.72244     41.90194
    8.3441      40.54901     21.01573      20.78985     42.03146
    8.3537      40.67343     21.08135      20.85806     42.16269
    8.3633      40.79971     21.14769      20.92634     42.29537
    8.3729      40.92883     21.21412      20.99383     42.42824
    8.3825      41.05772     21.28105      21.06137      42.5621
    8.3921      41.18484      21.3486      21.13015     42.69721
    8.4017      41.31342      21.4158      21.20096      42.8316
    8.4113      41.44306     21.48204      21.27117     42.96408
    8.4209        41.572     21.54851      21.33825     43.09701
    8.4305       41.7004     21.61517      21.40598     43.23033
    8.4401      41.83038     21.68219      21.47472     43.36437
    8.4497      41.96079     21.74973      21.54184     43.49947
    8.4593      42.09052     21.81661      21.60992     43.63322
    8.4689        42.221     21.88369      21.67897     43.76738
    8.4785      42.35015     21.95161      21.74806     43.90323
    8.4881      42.47853     22.01943      21.81725     44.03885
    8.4977      42.60871     22.08751      21.88554     44.17501
    8.5073      42.74073     22.15523      21.95309     44.31047
    8.5169      42.87184     22.22334       22.0216     44.44668
    8.5265      43.00319     22.29206      22.09171     44.58411
    8.5361      43.13668     22.35943       22.1632     44.71886
    8.5457      43.26995     22.42655      22.23476      44.8531
    8.5553       43.4014     22.49425      22.30489     44.98851
    8.5649      43.53357     22.56278      22.37506     45.12555
    8.5745      43.66769     22.63194      22.44652     45.26388
    8.5841      43.80085     22.70093      22.51838     45.40186
    8.5937      43.93399     22.76989       22.5902     45.53979
    8.6032      44.06773     22.83834      22.66304     45.67667
    8.6128      44.20283     22.90641       22.7358     45.81282
    8.6224      44.33857     22.97558      22.80683     45.95117
     8.632      44.47393     23.04499      22.87699     46.08998
    8.6416      44.61066      23.1141      22.94772      46.2282
    8.6512      44.74806      23.1841      23.02049      46.3682
    8.6608      44.88539     23.25409      23.09568     46.50819
    8.6704      45.02276     23.32321      23.17146     46.64642
      8.68      45.15972     23.39304      23.24499     46.78608
    8.6896      45.29599     23.46301       23.3175     46.92603
    8.6992      45.43149     23.53335      23.39049      47.0667
    8.7088       45.5685     23.60418      23.46243     47.20835
    8.7184      45.70673     23.67521      23.53389     47.35042
     8.728      45.84465      23.7465      23.60698       47.493
    8.7376      45.98241     23.81701      23.68091     47.63403
    8.7472      46.12086     23.88721      23.75531     47.77442
    8.7568      46.26011     23.95755      23.82941     47.91509
    8.7664      46.39792     24.02847      23.90296     48.05694
     8.776      46.53649     24.09975      23.97704     48.19949
    8.7856      46.67667     24.17141      24.05287     48.34282
    8.7952      46.81693     24.24291      24.12937     48.48581
    8.8048       46.9573     24.31392      24.20494     48.62785
    8.8144      47.09796     24.38584      24.27926     48.77167
     8.824      47.24006     24.45839      24.35365     48.91678
    8.8336      47.38245     24.52989      24.42855     49.05979
    8.8432      47.52317     24.60111      24.50451     49.20222
    8.8528      47.66247     24.67281        24.581     49.34561
    8.8624      47.80361     24.74534      24.65701     49.49068
    8.8719      47.94557     24.81864      24.73369     49.63728
    8.8815      48.08758     24.89201       24.8097     49.78403
    8.8911      48.23139     24.96496      24.88583     49.92992
    8.9007      48.37426     25.03725      24.96279     50.07449
    8.9103       48.5173      25.1093      25.03966      50.2186
    8.9199      48.66082     25.18141       25.1171     50.36281
    8.9295      48.80455     25.25416      25.19501     50.50833
    8.9391      48.94891      25.3275      25.27356     50.65501
    8.9487      49.09351     25.40128      25.35121     50.80256
    8.9583      49.23846     25.47518      25.42742     50.95036
    8.9679      49.38121     25.54938      25.50432     51.09875
    8.9775      49.52547     25.62358      25.58141     51.24715
    8.9871      49.67123     25.69724      25.65863     51.39448
    8.9967      49.81593      25.7709        25.737      51.5418
    9.0063      49.96203      25.8446      25.81381      51.6892
    9.0159      50.10792     25.91867      25.89014     51.83735
    9.0255      50.25396     25.99247       25.9679     51.98494
    9.0351      50.40241     26.06602       26.0456     52.13205
    9.0447      50.55151     26.14022      26.12539     52.28044
    9.0543      50.69709     26.21433      26.20526     52.42867
    9.0639      50.84155     26.28789      26.28383     52.57579
    9.0735      50.98842      26.3621      26.36214      52.7242
    9.0831      51.13635     26.43715      26.43985     52.87431
    9.0927      51.28444     26.51209      26.51843     53.02418
    9.1023      51.43276      26.5869      26.59722     53.17381
    9.1119      51.58233      26.6619       26.6769     53.32381
    9.1215      51.73176     26.73753      26.75687     53.47506
    9.1311      51.88072     26.81291      26.83664     53.62581
    9.1407      52.02977     26.88795      26.91804     53.77591
    9.1502      52.17991      26.9633       26.9995     53.92659
    9.1598      52.33058     27.03939      27.08006     54.07879
    9.1694      52.48076     27.11468      27.16095     54.22936
     9.179      52.63199     27.19026      27.24163     54.38052
    9.1886      52.78378     27.26747      27.32188     54.53495
    9.1982      52.93507     27.34438      27.40263     54.68876
    9.2078      53.08693     27.42141       27.4852     54.84281
    9.2174      53.23812     27.49912      27.56888     54.99825
     9.227      53.38964     27.57748      27.65302     55.15496
    9.2366      53.54333     27.65572       27.7366     55.31144
    9.2462      53.69481     27.73355      27.81879      55.4671
    9.2558      53.84603      27.8107      27.90161     55.62139
    9.2654      53.99768     27.88873       27.9845     55.77747
     9.275      54.14894     27.96782      28.06781     55.93564
    9.2846      54.30165     28.04664      28.15146     56.09329
    9.2942      54.45435     28.12538      28.23428     56.25076
    9.3038      54.60734     28.20377       28.3163     56.40753
    9.3134      54.76081     28.28201      28.39987     56.56403
     9.323      54.91414     28.36078      28.48578     56.72157
    9.3326      55.06823      28.4397      28.57096      56.8794
    9.3422      55.22336     28.51863      28.65521     57.03726
    9.3518      55.37797     28.59797      28.73929     57.19593
    9.3614      55.53159     28.67788      28.82274     57.35576
     9.371      55.68594     28.75744       28.9074     57.51488
    9.3806      55.84062     28.83654      28.99271     57.67308
    9.3902       55.9962     28.91584      29.07721     57.83168
    9.3998      56.15157     28.99561      29.16243     57.99122
    9.4094      56.30585     29.07646      29.24909     58.15292
    9.4189      56.46171     29.15738      29.33671     58.31475
    9.4285      56.61896     29.23834      29.42406     58.47669
    9.4381      56.77631       29.319      29.51066     58.63801
    9.4477      56.93419     29.39917      29.59733     58.79834
    9.4573      57.09356     29.47949      29.68422     58.95897
    9.4669      57.25114     29.56044      29.76997     59.12089
    9.4765      57.40764     29.64179      29.85675     59.28359
    9.4861      57.56489     29.72285      29.94448     59.44569
    9.4957      57.72236     29.80353      30.03225     59.60706
    9.5053       57.8805     29.88493      30.12048     59.76986
    9.5149      58.03891      29.9674      30.20804      59.9348
    9.5245      58.19576     30.04983      30.29517     60.09966
    9.5341      58.35214     30.13127      30.38077     60.26254
    9.5437       58.5105     30.21228      30.46656     60.42457
    9.5533       58.6706     30.29409      30.55319     60.58818
    9.5629      58.83159      30.3762      30.63903      60.7524
    9.5725      58.99279     30.45816      30.72509     60.91632
    9.5821      59.15318     30.53998      30.81375     61.07995
    9.5917      59.31337     30.62203      30.90326     61.24406
    9.6013      59.47241     30.70491      30.99112     61.40982
    9.6109      59.63191     30.78781       31.0789     61.57562
    9.6205      59.79412     30.87032      31.16704     61.74064
    9.6301      59.95565     30.95409       31.2547     61.90818
    9.6397       60.1172      31.0378      31.34207     62.07559
    9.6493       60.2793     31.12079      31.42983     62.24157
    9.6589      60.44075     31.20455       31.5184      62.4091
    9.6685      60.60203     31.28796      31.60699     62.57593
    9.6781       60.7638     31.37144      31.69499     62.74288
    9.6877      60.92656     31.45552      31.78442     62.91105
    9.6972       61.0903     31.54042      31.87455     63.08083
    9.7068       61.2536     31.62495      31.96372      63.2499
    9.7164      61.41531     31.70923      32.05349     63.41845
     9.726      61.57722       31.794      32.14484     63.58799
    9.7356      61.74103     31.87821      32.23439     63.75641
    9.7452      61.90578     31.96299       32.3225     63.92597
    9.7548      62.07059     32.04848      32.41175     64.09696
    9.7644      62.23582     32.13368      32.50068     64.26735
     9.774      62.40148     32.21859      32.58907     64.43719
    9.7836      62.56679     32.30381      32.67842     64.60762
    9.7932      62.73188     32.38943      32.76779     64.77886
    9.8028      62.89819     32.47507       32.8577     64.95015
    9.8124      63.06726     32.56095      32.94972      65.1219
     9.822      0.180079   0.09451018    0.09652423    0.1890204
