#     'r'     'cord11(r)'     'cord12(r)'     'cord22(r)'     cord21(r)
 0.0047982             0            0             0            0
  0.014395             0            0             0            0
  0.023991             0            0             0            0
  0.033588             0            0             0            0
  0.043184             0            0             0            0
  0.052781             0            0             0            0
  0.062377             0            0             0            0
  0.071974             0            0             0            0
   0.08157             0            0             0            0
  0.091167             0            0             0            0
   0.10076             0            0             0            0
   0.11036             0            0             0            0
   0.11996             0            0             0            0
   0.12955             0            0             0            0
   0.13915             0            0             0            0
   0.14875             0            0             0            0
   0.15834             0            0             0            0
   0.16794             0            0             0            0
   0.17753             0            0             0            0
   0.18713             0            0             0            0
   0.19673             0            0             0            0
   0.20632             0            0             0            0
   0.21592             0            0             0            0
   0.22552             0            0             0            0
   0.23511             0            0             0            0
   0.24471             0            0             0            0
   0.25431             0            0             0            0
    0.2639             0            0             0            0
    0.2735             0            0             0            0
    0.2831             0            0             0            0
   0.29269             0            0             0            0
   0.30229             0            0             0            0
   0.31189             0            0             0            0
   0.32148             0            0             0            0
   0.33108             0            0             0            0
   0.34068             0            0             0            0
   0.35027             0            0             0            0
   0.35987             0            0             0            0
   0.36946             0            0             0            0
   0.37906             0            0             0            0
   0.38866             0            0             0            0
   0.39825             0            0             0            0
   0.40785             0            0             0            0
   0.41745             0            0             0            0
   0.42704             0            0             0            0
   0.43664             0            0             0            0
   0.44624             0            0             0            0
   0.45583             0            0             0            0
   0.46543             0            0             0            0
   0.47503             0            0             0            0
   0.48462             0            0             0            0
   0.49422             0            0             0            0
   0.50382             0            0             0            0
   0.51341             0            0             0            0
   0.52301             0            0             0            0
    0.5326             0            0             0            0
    0.5422             0            0             0            0
    0.5518             0            0             0            0
   0.56139             0            0             0            0
   0.57099             0            0             0            0
   0.58059             0            0             0            0
   0.59018             0            0             0            0
   0.59978             0            0             0            0
   0.60938             0            0             0            0
   0.61897             0            0             0            0
   0.62857             0            0             0            0
   0.63817             0            0             0            0
   0.64776             0            0             0            0
   0.65736             0            0             0            0
   0.66696             0            0             0            0
   0.67655             0            0             0            0
   0.68615             0            0             0            0
   0.69575             0            0             0            0
   0.70534             0            0             0            0
   0.71494             0            0             0            0
   0.72453             0            0             0            0
   0.73413             0            0             0            0
   0.74373             0            0             0            0
   0.75332             0            0             0            0
   0.76292             0            0             0            0
   0.77252             0            0             0            0
   0.78211             0            0             0            0
   0.79171             0            0             0            0
   0.80131             0            0             0            0
    0.8109             0            0             0            0
    0.8205             0            0             0            0
    0.8301             0            0             0            0
   0.83969             0            0             0            0
   0.84929             0            0             0            0
   0.85889             0            0             0            0
   0.86848             0            0             0            0
   0.87808             0            0             0            0
   0.88767             0            0             0            0
   0.89727             0            0             0            0
   0.90687             0            0             0            0
   0.91646             0            0             0            0
   0.92606             0            0             0            0
   0.93566             0            0             0            0
   0.94525             0            0             0            0
   0.95485             0            0             0            0
   0.96445             0            0             0            0
   0.97404             0 8.766218e-07             0 1.753244e-06
   0.98364             0 1.770517e-06             0 3.541033e-06
   0.99324             0 1.770517e-06             0 3.541033e-06
    1.0028             0 1.770517e-06             0 3.541033e-06
    1.0124             0 1.770517e-06             0 3.541033e-06
     1.022             0 1.770517e-06             0 3.541033e-06
    1.0316             0 2.646659e-06             0 5.293319e-06
    1.0412  1.752137e-06 6.167307e-06             0 1.233461e-05
    1.0508   3.53657e-06 8.843957e-06             0 1.768791e-05
    1.0604   3.53657e-06 8.843957e-06             0 1.768791e-05
      1.07   7.03998e-06 1.234737e-05             0 2.469473e-05
    1.0796  1.060623e-05 1.591362e-05             0 3.182723e-05
    1.0892  1.235766e-05 1.678933e-05             0 3.357866e-05
    1.0988  1.764254e-05 2.030742e-05  3.502591e-06 4.061484e-05
    1.1084  2.120631e-05 2.473141e-05  1.407102e-05 4.946283e-05
     1.118  2.996148e-05 3.351704e-05  2.119696e-05 6.703407e-05
    1.1276   4.93724e-05 4.589414e-05  2.469878e-05 9.178828e-05
    1.1372  7.756448e-05 5.999018e-05  3.176176e-05 0.0001199804
    1.1468  0.0001268797 7.501914e-05  4.232506e-05 0.0001500383
    1.1564  0.0001799254  0.000104006  5.644705e-05  0.000208012
     1.166  0.0002432906 0.0001560226  9.857381e-05 0.0003120452
    1.1756  0.0003840091 0.0002081339  0.0001726651 0.0004162678
    1.1852  0.0005781364 0.0002907657   0.000253805 0.0005815314
    1.1948  0.0008404341 0.0004089882  0.0003489919 0.0008179764
    1.2044   0.001229857 0.0005429168  0.0005108352  0.001085834
     1.214   0.001686597 0.0007401042  0.0008100461  0.001480208
    1.2236   0.002369192  0.001043852   0.001201489  0.002087703
    1.2331   0.003233541   0.00145262    0.00169103  0.002905239
    1.2427   0.004240699   0.00199149   0.002244867   0.00398298
    1.2523   0.005596901  0.002696951   0.002983696  0.005393903
    1.2619   0.007352637  0.003557501   0.004040561  0.007115001
    1.2715    0.00952275  0.004608007   0.005221358  0.009216014
    1.2811    0.01209593  0.005914635   0.006608684   0.01182927
    1.2907    0.01524931  0.007525811   0.008320529   0.01505162
    1.3003    0.01911953  0.009388471    0.01037697   0.01877694
    1.3099    0.02371686   0.01166232    0.01272312   0.02332464
    1.3195    0.02900465   0.01438313    0.01524502   0.02876627
    1.3291    0.03504669   0.01747612    0.01816679   0.03495224
    1.3387     0.0419145   0.02099822    0.02161021   0.04199645
    1.3483    0.04959498   0.02497096    0.02565439   0.04994193
    1.3579    0.05825982   0.02959764    0.03042396   0.05919528
    1.3675    0.06829717   0.03465842    0.03565594   0.06931683
    1.3771    0.07933619   0.04011192     0.0412667   0.08022385
    1.3867    0.09120708   0.04609323    0.04742947   0.09218646
    1.3963      0.104049   0.05260445    0.05422499    0.1052089
    1.4059     0.1177472    0.0595804    0.06156643    0.1191608
    1.4155     0.1322519   0.06706683    0.06944134    0.1341337
    1.4251     0.1476049   0.07524568    0.07773949    0.1504914
    1.4347     0.1641773   0.08388746    0.08626184    0.1677749
    1.4443      0.181683   0.09281992    0.09529902    0.1856398
    1.4539     0.1997067    0.1019831     0.1046621    0.2039661
    1.4635     0.2183485    0.1113425      0.114338    0.2226851
    1.4731     0.2375235    0.1210292     0.1244899    0.2420583
    1.4827     0.2573364    0.1312239     0.1350337    0.2624479
    1.4923      0.277944     0.141631     0.1457271    0.2832621
    1.5018      0.298868    0.1522208     0.1565715    0.3044417
    1.5114     0.3200249    0.1631623     0.1676286    0.3263247
     1.521     0.3416718    0.1740886     0.1787185    0.3481772
    1.5306     0.3632962    0.1849364      0.190197    0.3698729
    1.5402     0.3846285    0.1959369     0.2017303    0.3918737
    1.5498     0.4063892    0.2070854     0.2130855    0.4141708
    1.5594     0.4282021    0.2181192     0.2242515    0.4362383
     1.569     0.4500108    0.2292209     0.2357073    0.4584418
    1.5786     0.4720807    0.2402801     0.2473294    0.4805602
    1.5882      0.493898    0.2509421     0.2586144    0.5018843
    1.5978      0.515415    0.2615434     0.2698849    0.5230868
    1.6074     0.5366143    0.2721709     0.2806965    0.5443418
     1.617     0.5575656    0.2825902     0.2913975    0.5651804
    1.6266     0.5781949    0.2927937     0.3022902    0.5855875
    1.6362     0.5983362    0.3031174     0.3128383    0.6062348
    1.6458     0.6184976    0.3134746     0.3228523    0.6269492
    1.6554     0.6381353    0.3235292     0.3328899    0.6470584
     1.665     0.6571355    0.3333018     0.3428784    0.6666036
    1.6746     0.6761346    0.3429449      0.352481    0.6858899
    1.6842     0.6948442    0.3524782      0.362153    0.7049564
    1.6938     0.7129978     0.361822     0.3717691    0.7236441
    1.7034     0.7309131    0.3708325      0.381104     0.741665
     1.713     0.7485135    0.3794801     0.3900872    0.7589601
    1.7226     0.7648884     0.387794     0.3987257     0.775588
    1.7322     0.7807569    0.3957769     0.4071174    0.7915538
    1.7418     0.7961658    0.4035241     0.4151934    0.8070481
    1.7514     0.8104091    0.4106829     0.4226066    0.8213658
     1.761     0.8234958    0.4172043     0.4290789    0.8344085
    1.7706     0.8354975    0.4234023     0.4350601    0.8468046
    1.7801     0.8465967    0.4291671     0.4408945    0.8583341
    1.7897      0.856971    0.4343203     0.4461682    0.8686406
    1.7993     0.8663559    0.4391065     0.4509417    0.8782131
    1.8089     0.8747672    0.4436418     0.4556615    0.8872836
    1.8185     0.8826381    0.4478149      0.460392    0.8956297
    1.8281     0.8900393    0.4517149      0.464689    0.9034298
    1.8377     0.8969934    0.4554012      0.468507    0.9108024
    1.8473     0.9037381    0.4588475      0.472104    0.9176949
    1.8569     0.9103246    0.4621653     0.4754271    0.9243306
    1.8665     0.9165417     0.465458     0.4785218    0.9309161
    1.8761     0.9226647    0.4686531     0.4816084    0.9373062
    1.8857     0.9288732    0.4717395      0.484919     0.943479
    1.8953     0.9350733    0.4748424     0.4879831    0.9496848
    1.9049     0.9413841    0.4780385     0.4908861    0.9560771
    1.9145     0.9478237    0.4812921      0.494053    0.9625843
    1.9241     0.9545433    0.4847136     0.4974609    0.9694272
    1.9337      0.961662    0.4882381     0.5011847    0.9764762
    1.9433     0.9692015    0.4919499     0.5049617    0.9838998
    1.9529      0.977196    0.4960019     0.5089962    0.9920038
    1.9625     0.9854388    0.5003116     0.5134244     1.000623
    1.9721     0.9940421     0.504835     0.5179649      1.00967
    1.9817      1.003282    0.5095511     0.5227391     1.019102
    1.9913      1.013131    0.5145514     0.5277943     1.029103
    2.0009        1.0231    0.5197678     0.5329127     1.039536
    2.0105      1.033139     0.524999     0.5378843     1.049998
    2.0201      1.043087    0.5302875      0.542959     1.060575
    2.0297      1.052992     0.535627     0.5481962     1.071254
    2.0393      1.062968    0.5408789     0.5533104     1.081758
    2.0488      1.073033    0.5460409      0.558403     1.092082
    2.0584      1.083238    0.5512888     0.5635479     1.102578
     2.068      1.093604    0.5567285     0.5686824     1.113457
    2.0776      1.104041    0.5621487     0.5740221     1.124297
    2.0872      1.114328    0.5675206     0.5795697     1.135041
    2.0968      1.124679    0.5728937     0.5851445     1.145787
    2.1064       1.13534    0.5782503     0.5906012     1.156501
     2.116      1.146299    0.5836394     0.5957664     1.167279
    2.1256      1.157285    0.5891519     0.6010421     1.178304
    2.1352      1.168227    0.5948311     0.6064172     1.189662
    2.1448      1.179062      0.60035     0.6118643       1.2007
    2.1544       1.19011    0.6057291     0.6174733     1.211458
     2.164      1.201141    0.6112777     0.6231585     1.222555
    2.1736      1.212077    0.6170319     0.6288374     1.234064
    2.1832      1.223272     0.622908     0.6344803     1.245816
    2.1928      1.234359    0.6286803     0.6403329     1.257361
    2.2024      1.245557    0.6345611     0.6461201     1.269122
     2.212      1.257222    0.6405771     0.6519752     1.281154
    2.2216      1.268922    0.6465502     0.6579858       1.2931
    2.2312       1.28041    0.6525375     0.6639882     1.305075
    2.2408      1.291919    0.6585198     0.6701552      1.31704
    2.2504       1.30357    0.6646279     0.6766538     1.329256
      2.26      1.315561    0.6708357     0.6831684     1.341671
    2.2696      1.327702    0.6771081     0.6891924     1.354216
    2.2792      1.339887    0.6833971     0.6954478     1.366794
    2.2888      1.352199     0.689826     0.7020068     1.379652
    2.2984       1.36429    0.6963581     0.7086374     1.392716
     2.308      1.376429     0.702655     0.7155209      1.40531
    2.3176      1.388998    0.7089083      0.722446     1.417817
    2.3271      1.401649    0.7153386     0.7291933     1.430677
    2.3367      1.414656    0.7218632     0.7359282     1.443726
    2.3463      1.427617    0.7284464     0.7428598     1.456893
    2.3559      1.440224    0.7351428     0.7496098     1.470286
    2.3655      1.453034     0.741953     0.7564697     1.483906
    2.3751        1.4661    0.7487998     0.7634328       1.4976
    2.3847      1.479283    0.7557467     0.7703628     1.511493
    2.3943      1.492523    0.7626583     0.7774612     1.525317
    2.4039      1.506329    0.7696316     0.7846152     1.539263
    2.4135      1.520445    0.7767681     0.7917345     1.553536
    2.4231      1.534718    0.7838799     0.7988808      1.56776
    2.4327      1.548934    0.7911037      0.806446     1.582207
    2.4423      1.563049    0.7984025     0.8141982     1.596805
    2.4519       1.57742    0.8056622     0.8220747     1.611324
    2.4615       1.59201    0.8129201      0.830305      1.62584
    2.4711      1.606781    0.8202587     0.8387555     1.640517
    2.4807      1.621621    0.8276998     0.8468301       1.6554
    2.4903      1.636236    0.8352723     0.8549006     1.670545
    2.4999      1.651021    0.8429666     0.8633965     1.685933
    2.5095      1.666443    0.8508638     0.8719997     1.701728
    2.5191      1.681942    0.8590123     0.8806423     1.718025
    2.5287      1.697807     0.867134      0.889287     1.734268
    2.5383      1.713682    0.8753298     0.8979257      1.75066
    2.5479      1.729422    0.8837713      0.906441     1.767543
    2.5575       1.74552    0.8923258     0.9149876     1.784652
    2.5671      1.761663    0.9007982     0.9240323     1.801596
    2.5767      1.778403    0.9093611      0.933335     1.818722
    2.5863      1.795929    0.9180167     0.9424997     1.836033
    2.5958      1.813752    0.9266382      0.951982     1.853276
    2.6054       1.83107    0.9354298     0.9612879      1.87086
     2.615      1.848356    0.9444233     0.9704304     1.888847
    2.6246      1.866463    0.9534947       0.98001     1.906989
    2.6342      1.884721    0.9625196     0.9896849     1.925039
    2.6438      1.903152    0.9716077     0.9994911     1.943215
    2.6534      1.921752    0.9809724      1.009543     1.961945
     2.663       1.94018      0.99044        1.0198      1.98088
    2.6726      1.958633     0.999933      1.030326     1.999866
    2.6822       1.97745     1.009676      1.040651     2.019351
    2.6918      1.996778     1.019464      1.051005     2.038929
    2.7014      2.016304      1.02938      1.061706      2.05876
     2.711      2.035909      1.03951      1.072678      2.07902
    2.7206      2.055936      1.04976      1.083959     2.099521
    2.7302      2.076186     1.060026      1.094905     2.120051
    2.7398      2.096309     1.070287      1.105799     2.140574
    2.7494      2.116603     1.080699      1.116846     2.161398
     2.759      2.137118     1.091273      1.127737     2.182547
    2.7686      2.157966     1.101937      1.138949     2.203874
    2.7782      2.179047     1.112628      1.150431     2.225257
    2.7878      2.200089     1.123583      1.161982     2.247166
    2.7974      2.221413     1.134649      1.173387     2.269297
     2.807      2.243054     1.145636      1.184512     2.291272
    2.8166      2.264736     1.156717      1.195762     2.313434
    2.8262      2.286688      1.16789       1.20711      2.33578
    2.8358      2.309104     1.179236      1.218777     2.358472
    2.8454      2.331753     1.190694      1.230695     2.381389
     2.855      2.354067     1.202034      1.242531     2.404067
    2.8646      2.376319     1.213587       1.25435     2.427175
    2.8741      2.399173      1.22532      1.266433     2.450641
    2.8837      2.422257     1.237025      1.278525     2.474049
    2.8933       2.44502     1.248736      1.290656     2.497472
    2.9029      2.468028      1.26044      1.303155      2.52088
    2.9125      2.491397     1.272412      1.315681     2.544824
    2.9221      2.514958     1.284648      1.328466     2.569296
    2.9317      2.538981     1.296863       1.34136     2.593726
    2.9413      2.563158     1.309084      1.354193     2.618167
    2.9509      2.587311     1.321382      1.366992     2.642764
    2.9605      2.611183     1.333886      1.380093     2.667772
    2.9701       2.63509      1.34645      1.393164       2.6929
    2.9797       2.65927     1.358933      1.405874     2.717866
    2.9893      2.683331       1.3714      1.418929       2.7428
    2.9989      2.707284     1.383837      1.432153     2.767674
    3.0085      2.731498     1.396379      1.445407     2.792757
    3.0181      2.755971     1.408991      1.458693     2.817981
    3.0277      2.780863      1.42164      1.471867      2.84328
    3.0373      2.806019     1.434403      1.484901     2.868807
    3.0469      2.830988     1.447239      1.498236     2.894479
    3.0565      2.856039     1.460014      1.511721     2.920028
    3.0661      2.881245     1.472801      1.524883     2.945602
    3.0757      2.906141     1.485713      1.537725     2.971426
    3.0853      2.930875     1.498623      1.550863     2.997246
    3.0949      2.955976     1.511556      1.564305     3.023113
    3.1045      2.981297     1.524642      1.577605     3.049284
    3.1141      3.006573     1.537793      1.591234     3.075586
    3.1237      3.031762     1.550948      1.604825     3.101895
    3.1333      3.056916     1.564021      1.618648     3.128042
    3.1428      3.082015     1.577064      1.632574     3.154128
    3.1524      3.107229     1.590373      1.645839     3.180746
     3.162      3.132702     1.603736      1.659078     3.207472
    3.1716      3.158353     1.617038      1.672789     3.234076
    3.1812      3.184024     1.630468      1.686361     3.260936
    3.1908      3.209597     1.643873      1.699862     3.287746
    3.2004      3.235108     1.657149      1.713416     3.314298
      3.21      3.260941     1.670429      1.726975     3.340859
    3.2196      3.287158     1.683769      1.740971     3.367538
    3.2292      3.313324     1.697385      1.754836     3.394769
    3.2388      3.339555     1.711172      1.768531     3.422345
    3.2484      3.365726       1.7248       1.78254     3.449599
     3.258      3.391665     1.738354      1.796459     3.476709
    3.2676      3.417695     1.751916       1.81045     3.503833
    3.2772      3.443874     1.765576      1.824394     3.531152
    3.2868      3.470377     1.779343      1.838252     3.558687
    3.2964      3.497027     1.793021      1.852633     3.586043
     3.306      3.523899     1.806645      1.867134      3.61329
    3.3156      3.551244     1.820567      1.881408     3.641134
    3.3252      3.578354     1.834694      1.895876     3.669389
    3.3348      3.605406     1.848788       1.91015     3.697575
    3.3444      3.632985      1.86282      1.924007     3.725641
     3.354      3.660492     1.876773      1.938028     3.753545
    3.3636      3.687786     1.890802       1.95247     3.781604
    3.3732       3.71525      1.90498       1.96697     3.809961
    3.3828      3.742716     1.919153      1.981294     3.838305
    3.3924      3.770074     1.933334      1.995653     3.866669
     3.402      3.797457     1.947526      2.009837     3.895052
    3.4116      3.825004     1.961827       2.02425     3.923653
    3.4211      3.852718     1.976278      2.039087     3.952556
    3.4307      3.880447     1.990931      2.053711     3.981861
    3.4403      3.908871     2.005616       2.06856     4.011232
    3.4499      3.937874     2.020231      2.083905     4.040462
    3.4595      3.967063     2.034936      2.099526     4.069871
    3.4691      3.995943     2.049849      2.114925     4.099698
    3.4787      4.024361     2.064722      2.130275     4.129445
    3.4883       4.05333      2.07932      2.146032      4.15864
    3.4979      4.082532     2.094123      2.161681     4.188247
    3.5075      4.111569     2.109244       2.17752     4.218488
    3.5171      4.141265     2.124568       2.19359     4.249135
    3.5267      4.171197     2.140084      2.209179     4.280168
    3.5363      4.200871     2.155473      2.224359     4.310947
    3.5459      4.230777     2.170858      2.240039     4.341716
    3.5555       4.26039     2.186236      2.256492     4.372472
    3.5651      4.290082     2.201629      2.272994     4.403258
    3.5747      4.320431     2.217428      2.288775     4.434856
    3.5843      4.351558     2.233137      2.304319     4.466274
    3.5939      4.383089     2.248806      2.319823     4.497612
    3.6035      4.414771     2.264748      2.335551     4.529496
    3.6131      4.446541     2.280708      2.351842     4.561416
    3.6227      4.478257      2.29649       2.36838     4.592979
    3.6323      4.509832     2.312397      2.385079     4.624795
    3.6419      4.541456      2.32867      2.401851     4.657339
    3.6515       4.57372     2.344974      2.418627     4.689948
    3.6611      4.606232     2.361398       2.43558     4.722796
    3.6707      4.638627     2.378081      2.453136     4.756162
    3.6803      4.670912     2.394976      2.470693     4.789952
    3.6898       4.70319     2.411746      2.488305     4.823492
    3.6994      4.736047     2.428482      2.506172     4.856965
     3.709      4.769137     2.445556       2.52354     4.891113
    3.7186      4.802167     2.462737      2.540565     4.925474
    3.7282      4.835427       2.4799      2.557845       4.9598
    3.7378       4.86887       2.4969      2.575354       4.9938
    3.7474      4.902612     2.513987      2.593035     5.027975
     3.757      4.936251     2.531385      2.611231      5.06277
    3.7666      4.969883     2.548842      2.629895     5.097684
    3.7762      5.003816     2.566289      2.648243     5.132578
    3.7858      5.038611      2.58381      2.666306     5.167621
    3.7954      5.073741     2.601561      2.684397     5.203122
     3.805      5.108553     2.619348      2.702527     5.238696
    3.8146      5.143503     2.637202      2.720496     5.274404
    3.8242      5.178571     2.655058      2.738269     5.310117
    3.8338      5.213916     2.672879      2.756564     5.345758
    3.8434       5.24932     2.690928      2.775349     5.381856
     3.853      5.284363     2.708947      2.794627     5.417893
    3.8626      5.319829     2.726738      2.814194     5.453477
    3.8722       5.35587     2.744517      2.833393     5.489034
    3.8818      5.392226     2.762707      2.852564     5.525413
    3.8914      5.428955     2.781146      2.871913     5.562292
     3.901      5.465799     2.799514      2.891237     5.599028
    3.9106       5.50261     2.817904      2.910609     5.635808
    3.9202      5.539474      2.83662      2.929884      5.67324
    3.9298      5.576726     2.855673      2.948911     5.711346
    3.9394      5.614412      2.87457      2.968272      5.74914
     3.949      5.652127     2.893538      2.988174     5.787076
    3.9585      5.689779     2.912566      3.007658     5.825131
    3.9681       5.72772     2.931697       3.02721     5.863394
    3.9777      5.765776     2.950991      3.047018     5.901982
    3.9873      5.804015     2.970316      3.067033     5.940632
    3.9969      5.842519     2.989862      3.087527     5.979724
    4.0065      5.880859     3.009417      3.108014     6.018835
    4.0161      5.918881     3.028977      3.128347     6.057953
    4.0257      5.957447     3.048607      3.148728     6.097215
    4.0353      5.996779     3.068347      3.169278     6.136693
    4.0449      6.036362     3.088471       3.18976     6.176942
    4.0545      6.076398     3.108516      3.210402     6.217032
    4.0641      6.116951     3.128607      3.231341     6.257215
    4.0737      6.157262     3.148988      3.252266     6.297976
    4.0833      6.197281     3.169191      3.273295     6.338382
    4.0929      6.237622      3.18936       3.29477      6.37872
    4.1025       6.27811     3.209749       3.31651     6.419498
    4.1121      6.319048     3.230598      3.338369     6.461196
    4.1217      6.360045     3.251732      3.359967     6.503464
    4.1313      6.400326      3.27284      3.381399      6.54568
    4.1409      6.441084     3.293995      3.402797      6.58799
    4.1505      6.482588     3.314984      3.424399     6.629968
    4.1601      6.524245      3.33593      3.446431      6.67186
    4.1697      6.566318     3.357141      3.468689     6.714282
    4.1793      6.608585     3.378613      3.491258     6.757226
    4.1889      6.650606     3.400228      3.514095     6.800456
    4.1985      6.693379     3.421968      3.535982     6.843936
    4.2081      6.736872     3.443721      3.557286     6.887443
    4.2177      6.780241     3.465309      3.579727     6.930618
    4.2273      6.823873     3.486968      3.602706     6.973936
    4.2368      6.867296     3.508748      3.625271     7.017497
    4.2464      6.910675     3.530749      3.648272     7.061499
     4.256       6.95446     3.552886      3.671708     7.105773
    4.2656      6.998352     3.574954      3.694628     7.149909
    4.2752       7.04269     3.597242      3.717372     7.194484
    4.2848      7.087341     3.619873      3.740527     7.239745
    4.2944      7.131928     3.642585      3.764285      7.28517
     4.304      7.176678     3.665244      3.787731     7.330488
    4.3136      7.221668      3.68779      3.810784      7.37558
    4.3232      7.267194     3.710331      3.834639     7.420663
    4.3328      7.313117     3.733256      3.858732     7.466512
    4.3424      7.358698     3.756419      3.882862     7.512838
     4.352      7.404087      3.77957      3.907095     7.559141
    4.3616       7.44959     3.802613      3.930789     7.605226
    4.3712      7.495396     3.825654       3.95465     7.651307
    4.3808      7.541186     3.848872      3.978314     7.697743
    4.3904      7.587303     3.872172      4.001397     7.744344
       4.4      7.633827     3.895585      4.025524     7.791169
    4.4096      7.680597     3.919122      4.050623     7.838245
    4.4192      7.727452       3.9427      4.075384     7.885399
    4.4288      7.774486     3.966548       4.10022     7.933096
    4.4384      7.821983     3.990523      4.125252     7.981047
     4.448      7.869317     4.014409      4.149866     8.028818
    4.4576      7.917126     4.038478      4.174495     8.076955
    4.4672      7.965469     4.062678      4.199491     8.125357
    4.4768      8.013454     4.086875      4.224853      8.17375
    4.4864      8.061085     4.110964      4.250003     8.221928
     4.496       8.10852     4.135082      4.275046     8.270163
    4.5055      8.156394     4.159283      4.300533     8.318567
    4.5151      8.204888     4.183584      4.325971     8.367167
    4.5247      8.253573     4.208065      4.351179     8.416129
    4.5343      8.302208     4.232801      4.376681     8.465602
    4.5439      8.350979     4.257653      4.402871     8.515306
    4.5535      8.400442      4.28245      4.428773       8.5649
    4.5631      8.450335     4.307354      4.454032     8.614708
    4.5727      8.500199     4.332585      4.480181     8.665171
    4.5823      8.550671     4.358029      4.507051     8.716059
    4.5919      8.601096     4.383478      4.533189     8.766955
    4.6015      8.651116     4.409014      4.559318     8.818028
    4.6111         8.702     4.434423      4.585431     8.868847
    4.6207      8.753194     4.459869      4.611611     8.919739
    4.6303      8.803927     4.485697      4.638549     8.971395
    4.6399      8.854638     4.511539      4.665372     9.023078
    4.6495      8.905852     4.537529      4.692298     9.075058
    4.6591        8.9573     4.563476       4.71942     9.126952
    4.6687      9.009485     4.589472       4.74611     9.178943
    4.6783      9.061603     4.615846      4.772719     9.231692
    4.6879      9.113158     4.642008      4.799819     9.284017
    4.6975      9.165432     4.668053      4.827455     9.336107
    4.7071      9.218184     4.694509      4.854536     9.389018
    4.7167      9.271389      4.72134      4.880945      9.44268
    4.7263       9.32538     4.748245      4.908645      9.49649
    4.7359      9.379344     4.775053       4.93675     9.550107
    4.7455      9.432756     4.801794      4.964354     9.603588
    4.7551      9.485754     4.828611      4.992251     9.657222
    4.7647      9.539182     4.855583      5.020207     9.711167
    4.7743      9.593464     4.882729      5.048108     9.765457
    4.7838       9.64745     4.910214       5.07615     9.820428
    4.7934      9.701127     4.937632      5.104782     9.875263
     4.803      9.755455     4.965133      5.133699     9.930266
    4.8126      9.810335      4.99304      5.162335      9.98608
    4.8222      9.865478     5.020951      5.191101      10.0419
    4.8318       9.92078     5.048762      5.219493     10.09752
    4.8414      9.975957     5.076558       5.24768     10.15312
     4.851      10.03058     5.104367      5.276262     10.20873
    4.8606      10.08526     5.132226      5.304836     10.26445
    4.8702      10.14091      5.16054      5.333831     10.32108
    4.8798      10.19711     5.189299      5.362963      10.3786
    4.8894      10.25292     5.217999      5.391583       10.436
     4.899      10.30878     5.246312      5.421259     10.49262
    4.9086      10.36522      5.27443      5.451434     10.54886
    4.9182      10.42178     5.303235      5.481362     10.60647
    4.9278      10.47862     5.332297      5.511334     10.66459
    4.9374      10.53584     5.361059      5.541195     10.72212
     4.947      10.59354     5.390106       5.57116     10.78021
    4.9566       10.6513     5.419415      5.601219     10.83883
    4.9662      10.70931     5.448903      5.632262     10.89781
    4.9758      10.76723     5.478572      5.663229     10.95714
    4.9854       10.8249     5.508465      5.693596     11.01693
     4.995       10.8839     5.538652      5.724231      11.0773
    5.0046      10.94326     5.568677      5.755635     11.13735
    5.0142      11.00193     5.598543      5.786995     11.19709
    5.0238      11.06051     5.628735      5.817807     11.25747
    5.0334      11.11948     5.659392      5.848831     11.31878
     5.043      11.17867     5.690085      5.879672     11.38017
    5.0525      11.23773     5.720521      5.910677     11.44104
    5.0621      11.29807     5.751064      5.942812     11.50213
    5.0717      11.35913      5.78197      5.974593     11.56394
    5.0813      11.41948     5.812927      6.005567     11.62585
    5.0909      11.47991     5.843765      6.037206     11.68753
    5.1005      11.54126     5.875082      6.069498     11.75016
    5.1101       11.6024     5.906577      6.101921     11.81315
    5.1197      11.66347     5.937659      6.134227     11.87532
    5.1293      11.72512     5.968606      6.166339     11.93721
    5.1389      11.78666     5.999728      6.197938     11.99946
    5.1485      11.84848     6.031311      6.229523     12.06262
    5.1581      11.91091     6.062992      6.261969     12.12598
    5.1677       11.9742     6.094748      6.294869      12.1895
    5.1773      12.03736     6.126839      6.327939     12.25368
    5.1869      12.09982     6.158764      6.361166     12.31753
    5.1965      12.16303     6.190573      6.394793     12.38115
    5.2061      12.22666     6.222517      6.428069     12.44503
    5.2157      12.28993     6.254934      6.460602     12.50987
    5.2253       12.3534     6.287417      6.493225     12.57483
    5.2349       12.4175     6.319847      6.526558     12.63969
    5.2445      12.48191     6.352848      6.560884      12.7057
    5.2541      12.54648     6.386039      6.595299     12.77208
    5.2637      12.61152     6.419256      6.629534     12.83851
    5.2733      12.67632     6.452517      6.664379     12.90503
    5.2829      12.74139     6.485643        6.6988     12.97129
    5.2925      12.80659     6.518999      6.732589       13.038
    5.3021      12.87153     6.552544      6.767008     13.10509
    5.3117      12.93717      6.58606      6.801783     13.17212
    5.3213      13.00311     6.619884      6.836731     13.23977
    5.3308      13.06905     6.653714      6.871367     13.30743
    5.3404      13.13545     6.687406      6.905562     13.37481
      5.35      13.20247     6.721167      6.940214     13.44233
    5.3596      13.26982     6.755142      6.975398     13.51028
    5.3692      13.33734     6.789387      7.010587     13.57877
    5.3788      13.40492     6.823937      7.046407     13.64787
    5.3884      13.47169     6.858513      7.082728     13.71703
     5.398      13.53863     6.893108      7.118098     13.78622
    5.4076      13.60625     6.927654      7.153229     13.85531
    5.4172      13.67423     6.962159      7.188903     13.92432
    5.4268      13.74318     6.997151       7.22487      13.9943
    5.4364      13.81249     7.032417      7.260772     14.06483
     5.446      13.88162      7.06802      7.296815     14.13604
    5.4556      13.95145     7.103568      7.333269     14.20714
    5.4652      14.02155     7.139014      7.369386     14.27803
    5.4748      14.09155     7.174606      7.405734     14.34921
    5.4844      14.16137     7.210219      7.442819     14.42044
     5.494       14.2311     7.245773      7.479726     14.49155
    5.5036      14.30118     7.281672      7.516673     14.56334
    5.5132      14.37117     7.317723      7.553896     14.63545
    5.5228      14.44223     7.353725      7.590754     14.70745
    5.5324      14.51397     7.390216      7.627621     14.78043
     5.542      14.58561     7.426712      7.665904     14.85342
    5.5516      14.65804     7.463231      7.704038     14.92646
    5.5612      14.73095     7.500011      7.741736     15.00002
    5.5708      14.80366      7.53687      7.779562     15.07374
    5.5804      14.87636     7.573636      7.817239     15.14727
      5.59      14.94935     7.610424      7.854973     15.22085
    5.5995      15.02279     7.647501      7.892327       15.295
    5.6091      15.09649     7.684939       7.93016     15.36988
    5.6187      15.16963     7.722284      7.968308     15.44457
    5.6283      15.24271     7.759324      8.006361     15.51865
    5.6379      15.31661     7.796805      8.044741     15.59361
    5.6475      15.39133     7.834916      8.083021     15.66983
    5.6571      15.46621     7.873071      8.121835     15.74614
    5.6667      15.54089     7.911192      8.161915     15.82238
    5.6763      15.61557     7.949508      8.202492     15.89902
    5.6859      15.69065     7.987769      8.241992     15.97554
    5.6955       15.7666     8.026001      8.281335       16.052
    5.7051      15.84307     8.064706      8.321289     16.12941
    5.7147      15.91947     8.103629      8.360605     16.20726
    5.7243      15.99553     8.142517      8.399743     16.28503
    5.7339      16.07205     8.181741      8.439872     16.36348
    5.7435      16.14937     8.220973      8.480443     16.44195
    5.7531      16.22685       8.2601      8.520312      16.5202
    5.7627      16.30423     8.299225      8.560354     16.59845
    5.7723      16.38214     8.338479      8.601114     16.67696
    5.7819      16.45999     8.378225      8.641934     16.75645
    5.7915      16.53792     8.417876      8.682767     16.83575
    5.8011      16.61664     8.457503      8.723454     16.91501
    5.8107      16.69545     8.497224      8.764432     16.99445
    5.8203      16.77448     8.537008      8.806079     17.07402
    5.8299      16.85369     8.577382      8.847393     17.15476
    5.8395      16.93323     8.618061      8.888535     17.23612
    5.8491      17.01327     8.658591      8.929767     17.31718
    5.8587      17.09254     8.699347      8.970971     17.39869
    5.8683      17.17213     8.740314      9.012238     17.48063
    5.8778       17.2523     8.781263      9.053727     17.56253
    5.8874      17.33256      8.82236      9.095745     17.64472
     5.897      17.41382     8.863173      9.138397     17.72635
    5.9066      17.49484     8.904229      9.181662     17.80846
    5.9162       17.5755     8.945831      9.224859     17.89166
    5.9258      17.65646      8.98757      9.267573     17.97514
    5.9354      17.73798     9.029456       9.31058     18.05891
     5.945      17.82001      9.07157      9.353256     18.14314
    5.9546      17.90165     9.114008      9.395162     18.22802
    5.9642      17.98353     9.156588      9.438073     18.31318
    5.9738      18.06638     9.199167      9.481901     18.39833
    5.9834      18.14977     9.241804      9.524686     18.48361
     5.993      18.23366     9.284324      9.567804     18.56865
    6.0026      18.31789     9.327403      9.612182     18.65481
    6.0122      18.40187     9.370818      9.657054     18.74164
    6.0218      18.48539     9.413761      9.701905     18.82752
    6.0314      18.56973     9.456986      9.746916     18.91397
     6.041      18.65493     9.500321      9.792129     19.00064
    6.0506      18.73995     9.543616       9.83683     19.08723
    6.0602      18.82517     9.586845      9.880922     19.17369
    6.0698      18.91107      9.63015      9.925106      19.2603
    6.0794      18.99719     9.673968      9.969541     19.34794
     6.089      19.08278     9.718083      10.01416     19.43617
    6.0986      19.16809     9.762093      10.05959     19.52419
    6.1082      19.25392      9.80637      10.10485     19.61274
    6.1178      19.34025      9.85094      10.14992     19.70188
    6.1274      19.42741     9.895937      10.19575     19.79187
     6.137      19.51527     9.940952       10.2418      19.8819
    6.1465      19.60284     9.985403      10.28717     19.97081
    6.1561      19.69011        10.03      10.33272     20.05999
    6.1657      19.77765     10.07472      10.37847     20.14945
    6.1753      19.86531        10.12      10.42413     20.23999
    6.1849      19.95344     10.16524      10.47033     20.33048
    6.1945      20.04272     10.21019      10.51689     20.42038
    6.2041      20.13263     10.25532      10.56324     20.51063
    6.2137      20.22175      10.3004      10.60932     20.60081
    6.2233      20.31035     10.34564      10.65583     20.69128
    6.2329      20.40022     10.39138      10.70229     20.78275
    6.2425      20.49031      10.4373      10.74911     20.87461
    6.2521      20.58005     10.48334      10.79697     20.96668
    6.2617      20.67042     10.53003      10.84446     21.06005
    6.2713      20.76161     10.57677      10.89093     21.15355
    6.2809       20.8525     10.62348      10.93766     21.24696
    6.2905      20.94365      10.6703      10.98508     21.34059
    6.3001      21.03577     10.71718      11.03261     21.43436
    6.3097      21.12802     10.76425      11.08069      21.5285
    6.3193      21.22035      10.8112      11.13008      21.6224
    6.3289      21.31336     10.85809      11.17912     21.71618
    6.3385       21.4065      10.9054      11.22724      21.8108
    6.3481      21.49859     10.95296      11.27558     21.90592
    6.3577      21.59153     11.00107      11.32423     22.00214
    6.3673      21.68603     11.04911       11.3727     22.09822
    6.3769      21.78035     11.09684      11.42201     22.19367
    6.3865       21.8748     11.14489      11.47188     22.28978
    6.3961      21.97027     11.19293      11.52105     22.38587
    6.4057      22.06507     11.24128      11.57031     22.48257
    6.4152      22.15939     11.28956      11.61977     22.57912
    6.4248      22.25463     11.33782      11.66969     22.67564
    6.4344      22.35055     11.38646      11.72049     22.77291
     6.444      22.44625     11.43538      11.77132     22.87076
    6.4536       22.5421     11.48427      11.82287     22.96853
    6.4632      22.63826     11.53317      11.87479     23.06633
    6.4728      22.73502     11.58251      11.92565     23.16503
    6.4824      22.83188     11.63218      11.97602     23.26436
     6.492      22.92856     11.68162      12.02637     23.36324
    6.5016      23.02586     11.73093      12.07699     23.46186
    6.5112      23.12326     11.78048      12.12826     23.56096
    6.5208      23.22171     11.83037      12.17965     23.66074
    6.5304      23.32093      11.8803      12.23139      23.7606
      6.54      23.42029     11.93033      12.28358     23.86066
    6.5496      23.51984     11.98055      12.33519     23.96109
    6.5592      23.61876     12.03097      12.38739     24.06194
    6.5688      23.71802      12.0817      12.43899     24.16339
    6.5784       23.8177     12.13249      12.48954     24.26499
     6.588      23.91821     12.18313      12.54081     24.36626
    6.5976      24.01945     12.23363      12.59282     24.46727
    6.6072      24.12038     12.28474      12.64508     24.56948
    6.6168      24.22187     12.33652      12.69733     24.67304
    6.6264      24.32319     12.38814      12.74964     24.77628
     6.636      24.42433     12.43974      12.80265     24.87949
    6.6456      24.52574     12.49163      12.85637     24.98325
    6.6552      24.62719     12.54358      12.91005     25.08717
    6.6648      24.72898     12.59614      12.96357     25.19228
    6.6744      24.83156     12.64902      13.01666     25.29803
     6.684      24.93533      12.7013      13.06987      25.4026
    6.6935      25.03934     12.75382      13.12356     25.50765
    6.7031      25.14259     12.80661      13.17729     25.61322
    6.7127      25.24594     12.85944      13.23161     25.71888
    6.7223      25.35018     12.91274      13.28624     25.82547
    6.7319      25.45445     12.96616      13.34058     25.93232
    6.7415      25.55927     13.02003      13.39526     26.04007
    6.7511      25.66399     13.07404      13.44977     26.14809
    6.7607       25.7683     13.12805      13.50427      26.2561
    6.7703      25.87312     13.18231      13.55908     26.36461
    6.7799      25.97868     13.23646      13.61429     26.47292
    6.7895      26.08514     13.29039      13.66922     26.58077
    6.7991      26.19145     13.34419       13.7241     26.68838
    6.8087      26.29735      13.3984      13.77952      26.7968
    6.8183      26.40428     13.45308      13.83437     26.90617
    6.8279      26.51177      13.5079      13.88967     27.01579
    6.8375      26.61917     13.56295      13.94535     27.12591
    6.8471      26.72691      13.6178      14.00127      27.2356
    6.8567      26.83515      13.6725      14.05743     27.34499
    6.8663      26.94428     13.72735      14.11357      27.4547
    6.8759      27.05317     13.78254      14.16985     27.56508
    6.8855      27.16234     13.83784      14.22676     27.67568
    6.8951      27.27189     13.89335      14.28392     27.78671
    6.9047      27.38074     13.94905      14.33994     27.89811
    6.9143      27.48956     14.00499      14.39647     28.00997
    6.9239      27.59876     14.06144      14.45373     28.12288
    6.9335      27.70851     14.11782       14.5109     28.23564
    6.9431      27.81901     14.17431      14.56841     28.34863
    6.9527      27.92973     14.23122       14.6258     28.46244
    6.9622      28.04095     14.28827      14.68303     28.57654
    6.9718      28.15224     14.34529      14.74067     28.69058
    6.9814      28.26382     14.40264      14.79801     28.80529
     6.991      28.37633     14.45976      14.85577     28.91951
    7.0006      28.48851     14.51652      14.91446     29.03304
    7.0102      28.60077     14.57383      14.97322     29.14766
    7.0198      28.71413     14.63143      15.03199     29.26286
    7.0294      28.82774     14.68905      15.09139      29.3781
     7.039      28.94114      14.7469      15.15129     29.49379
    7.0486      29.05452     14.80505      15.21061     29.61009
    7.0582      29.16822     14.86373      15.27018     29.72747
    7.0678      29.28253     14.92235      15.32933     29.84469
    7.0774      29.39723     14.98075      15.38801      29.9615
     7.087      29.51253     15.03925      15.44775     30.07849
    7.0966      29.62775     15.09774      15.50745     30.19549
    7.1062      29.74261     15.15633      15.56707     30.31266
    7.1158      29.85774     15.21518      15.62725     30.43035
    7.1254      29.97406     15.27398      15.68774     30.54796
     7.135       30.0916      15.3332      15.74822      30.6664
    7.1446      30.20854     15.39315      15.80914     30.78631
    7.1542      30.32529     15.45274      15.87042     30.90548
    7.1638       30.4429     15.51225      15.93118      31.0245
    7.1734      30.56085     15.57211       15.9919     31.14423
     7.183      30.67924     15.63246      16.05285     31.26492
    7.1926      30.79705     15.69306      16.11461     31.38612
    7.2022      30.91498     15.75385      16.17607      31.5077
    7.2118      31.03375     15.81525      16.23732     31.63049
    7.2214      31.15227     15.87648      16.29922     31.75297
     7.231      31.27143     15.93706      16.36125     31.87412
    7.2405      31.39171     15.99785      16.42433     31.99569
    7.2501      31.51254       16.059      16.48703     32.11799
    7.2597      31.63303     16.12026       16.5491     32.24052
    7.2693      31.75352     16.18176      16.61227     32.36351
    7.2789       31.8742     16.24313      16.67563     32.48626
    7.2885       31.9946      16.3044       16.7391     32.60879
    7.2981       32.1156     16.36595      16.80248      32.7319
    7.3077      32.23714     16.42761       16.8661     32.85522
    7.3173      32.35909     16.48984      16.93017     32.97967
    7.3269       32.4816     16.55226      16.99401     33.10453
    7.3365      32.60439     16.61484      17.05824     33.22967
    7.3461      32.72697     16.67774      17.12272     33.35549
    7.3557      32.85004     16.74074      17.18754     33.48148
    7.3653      32.97336     16.80403      17.25251     33.60805
    7.3749      33.09619     16.86708       17.3176     33.73416
    7.3845       33.2201     16.93016      17.38284     33.86032
    7.3941      33.34491     16.99377      17.44742     33.98753
    7.4037      33.46976     17.05772      17.51177     34.11545
    7.4133      33.59466     17.12145       17.5763     34.24291
    7.4229      33.72008     17.18563      17.64173     34.37126
    7.4325      33.84597     17.24996      17.70789     34.49992
    7.4421      33.97225     17.31432      17.77348     34.62864
    7.4517      34.09892      17.3791      17.83937     34.75821
    7.4613      34.22518     17.44369      17.90497     34.88739
    7.4709      34.35144     17.50843      17.97013     35.01686
    7.4805      34.47852     17.57369      18.03695     35.14738
    7.4901      34.60574     17.63943       18.1049     35.27886
    7.4997      34.73309     17.70505      18.17174     35.41009
    7.5092      34.86133      17.7706       18.2388      35.5412
    7.5188      34.99038     17.83601      18.30599     35.67202
    7.5284      35.11968     17.90144      18.37257     35.80288
     7.538      35.24845     17.96714      18.44023     35.93429
    7.5476      35.37718     18.03305      18.50716      36.0661
    7.5572      35.50645     18.09936      18.57404     36.19873
    7.5668      35.63654     18.16617      18.64213     36.33234
    7.5764      35.76747     18.23351      18.71006     36.46701
     7.586      35.89851     18.30048      18.77735     36.60095
    7.5956      36.03028     18.36696      18.84483     36.73393
    7.6052      36.16255     18.43416      18.91289     36.86832
    7.6148      36.29423      18.5015      18.98108       37.003
    7.6244      36.42569     18.56864      19.05016     37.13729
     7.634      36.55809     18.63658      19.11993     37.27316
    7.6436      36.69123     18.70488      19.18903     37.40976
    7.6532      36.82451     18.77281      19.25717     37.54562
    7.6628      36.95807     18.84052      19.32629     37.68105
    7.6724      37.09125     18.90876       19.3968     37.81752
     7.682      37.22426      18.9775      19.46716       37.955
    7.6916      37.35816     19.04625      19.53649      38.0925
    7.7012       37.4929     19.11474      19.60524     38.22949
    7.7108      37.62893     19.18363      19.67528     38.36725
    7.7204      37.76503     19.25278      19.74501     38.50557
      7.73      37.90075     19.32161      19.81438     38.64323
    7.7396      38.03692     19.39066      19.88486     38.78132
    7.7492       38.1728     19.46025      19.95565      38.9205
    7.7588      38.30915     19.53008      20.02669     39.06015
    7.7684      38.44582      19.5999      20.09801      39.1998
     7.778       38.5825     19.67021       20.1695     39.34043
    7.7875      38.71961     19.74088      20.24105     39.48176
    7.7971      38.85729     19.81212       20.3131     39.62423
    7.8067      38.99537      19.8829       20.3854      39.7658
    7.8163      39.13418     19.95365      20.45666      39.9073
    7.8259      39.27412      20.0249      20.52865     40.04981
    7.8355      39.41398     20.09604      20.60145     40.19208
    7.8451      39.55305     20.16758      20.67292     40.33515
    7.8547      39.69242     20.23915      20.74475      40.4783
    7.8643      39.83134     20.31061      20.81726     40.62122
    7.8739       39.9699      20.3823      20.89025     40.76461
    7.8835      40.10998     20.45429      20.96297     40.90859
    7.8931      40.25117     20.52678      21.03521     41.05357
    7.9027      40.39284     20.59956        21.109     41.19913
    7.9123      40.53445      20.6721      21.18345     41.34421
    7.9219      40.67603     20.74463      21.25727     41.48927
    7.9315      40.81823     20.81794      21.33052     41.63588
    7.9411      40.96113     20.89191      21.40267     41.78382
    7.9507      41.10405     20.96602      21.47501     41.93204
    7.9603      41.24682        21.04      21.54903        42.08
    7.9699      41.38952      21.1136        21.624     42.22721
    7.9795      41.53295     21.18748      21.69992     42.37496
    7.9891      41.67616     21.26165      21.77577     42.52329
    7.9987      41.81951     21.33583      21.85068     42.67166
    8.0083       41.9634     21.40997      21.92576     42.81994
    8.0179      42.10768     21.48446       22.0003     42.96891
    8.0275       42.2534     21.55934      22.07533     43.11868
    8.0371        42.399     21.63424      22.15125     43.26848
    8.0467      42.54461     21.70924      22.22679     43.41847
    8.0562       42.6904     21.78422      22.30245     43.56843
    8.0658      42.83585     21.85897      22.37841     43.71794
    8.0754      42.98277     21.93425      22.45473     43.86849
     8.085      43.13102     22.01043      22.53157     44.02086
    8.0946      43.27883      22.0864       22.6077      44.1728
    8.1042      43.42687     22.16233      22.68433     44.32467
    8.1138      43.57459     22.23857      22.76168     44.47714
    8.1234      43.72245     22.31454      22.83845     44.62909
     8.133      43.87099     22.39095      22.91623     44.78189
    8.1426      44.01901     22.46768      22.99342     44.93535
    8.1522      44.16789     22.54433      23.07031     45.08865
    8.1618      44.31786      22.6211      23.14806     45.24221
    8.1714      44.46769     22.69829      23.22607     45.39659
     8.181      44.61713     22.77588      23.30428     45.55176
    8.1906      44.76641     22.85381      23.38292     45.70762
    8.2002      44.91661     22.93196      23.46198     45.86392
    8.2098      45.06811     23.01004      23.54036     46.02009
    8.2194       45.2202     23.08809      23.61877     46.17617
     8.229       45.3724     23.16621      23.69911     46.33241
    8.2386      45.52496     23.24485      23.77993      46.4897
    8.2482      45.67839     23.32366       23.8589     46.64732
    8.2578      45.83133     23.40319      23.93802     46.80639
    8.2674      45.98396     23.48274      24.01842     46.96547
     8.277      46.13729      23.5617      24.09847     47.12341
    8.2866      46.29123     23.64099      24.17699     47.28199
    8.2962       46.4451     23.72065       24.2563      47.4413
    8.3058      46.59962     23.80087      24.33682     47.60174
    8.3154      46.75515     23.88103      24.41702     47.76207
     8.325      46.91037     23.96144      24.49708     47.92288
    8.3345      47.06484     24.04207      24.57794     48.08413
    8.3441      47.22022     24.12264      24.65859     48.24528
    8.3537      47.37739     24.20299      24.73812     48.40598
    8.3633      47.53475     24.28393      24.81797     48.56787
    8.3729      47.69219     24.36507      24.89941     48.73013
    8.3825      47.84917     24.44597      24.98117     48.89194
    8.3921      48.00644     24.52705      25.06304     49.05411
    8.4017      48.16499     24.60821      25.14542     49.21641
    8.4113      48.32438     24.68955      25.22781     49.37909
    8.4209      48.48347     24.77095      25.30931     49.54191
    8.4305       48.6415     24.85295      25.38994     49.70589
    8.4401      48.79932     24.93527      25.47176     49.87055
    8.4497      48.95984     25.01813      25.55495     50.03627
    8.4593      49.12131      25.1011      25.63915     50.20221
    8.4689      49.28212     25.18389      25.72289     50.36779
    8.4785      49.44361     25.26693      25.80584     50.53386
    8.4881      49.60488     25.35035      25.88936      50.7007
    8.4977      49.76709     25.43377      25.97283     50.86753
    8.5073      49.92986     25.51693      26.05646     51.03386
    8.5169      50.09336     25.60041      26.14121     51.20082
    8.5265      50.25752     25.68391      26.22596     51.36782
    8.5361      50.42083     25.76745      26.31014      51.5349
    8.5457      50.58413     25.85122      26.39405     51.70244
    8.5553      50.74787     25.93528      26.47841     51.87055
    8.5649      50.91247     26.01977      26.56334     52.03955
    8.5745      51.07714     26.10465      26.64743      52.2093
    8.5841      51.24184     26.18935      26.73138     52.37869
    8.5937      51.40821       26.274      26.81676     52.54799
    8.6032      51.57416     26.35917      26.90245     52.71834
    8.6128      51.73904     26.44458      26.98874     52.88917
    8.6224      51.90399     26.53005      27.07464      53.0601
     8.632      52.07036     26.61592      27.16071     53.23184
    8.6416      52.23796     26.70224      27.24802     53.40448
    8.6512      52.40486     26.78873      27.33492     53.57745
    8.6608      52.57181     26.87529      27.42183     53.75057
    8.6704      52.74039     26.96195       27.5082      53.9239
      8.68      52.90981     27.04889      27.59554     54.09778
    8.6896      53.07869     27.13578      27.68373     54.27156
    8.6992      53.24719     27.22274        27.771     54.44549
    8.7088      53.41581      27.3103      27.85892      54.6206
    8.7184      53.58494      27.3979      27.94679      54.7958
     8.728      53.75531     27.48537       28.0345     54.97073
    8.7376      53.92606     27.57327       28.1237     55.14653
    8.7472      54.09662     27.66127      28.21346     55.32254
    8.7568      54.26795     27.74959      28.30333     55.49919
    8.7664      54.43931     27.83842      28.39262     55.67685
     8.776      54.61098     27.92714       28.4811     55.85427
    8.7856      54.78283     28.01588      28.57012     56.03175
    8.7952      54.95416     28.10489      28.65937     56.20979
    8.8048      55.12542     28.19394      28.74914     56.38789
    8.8144      55.29801     28.28268      28.83845     56.56536
     8.824      55.47139     28.37153      28.92727     56.74306
    8.8336       55.6451     28.46154      29.01751     56.92307
    8.8432      55.81854     28.55177      29.10918     57.10354
    8.8528       55.9914     28.64183      29.20027     57.28367
    8.8624       56.1659     28.73205      29.29017      57.4641
    8.8719      56.34119     28.82207      29.38089     57.64414
    8.8815      56.51612      28.9122      29.47172     57.82441
    8.8911      56.69192      29.0029      29.56262      58.0058
    8.9007      56.86869     29.09374      29.65406     58.18747
    8.9103      57.04625     29.18448      29.74513     58.36896
    8.9199      57.22451     29.27564       29.8362     58.55128
    8.9295      57.40354     29.36719      29.92803     58.73438
    8.9391      57.58207     29.45939      30.01982     58.91879
    8.9487      57.75916     29.55183      30.11199     59.10365
    8.9583      57.93762     29.64404      30.20533     59.28807
    8.9679      58.11625     29.73594      30.29957     59.47188
    8.9775      58.29492     29.82809      30.39323     59.65619
    8.9871      58.47464     29.92049      30.48521     59.84097
    8.9967      58.65395     30.01241      30.57783     60.02483
    9.0063      58.83375     30.10514      30.67128     60.21027
    9.0159      59.01408      30.1984      30.76484     60.39679
    9.0255      59.19514      30.2915      30.85881     60.58299
    9.0351      59.37729     30.38517      30.95299     60.77033
    9.0447      59.55857     30.47933      31.04708     60.95865
    9.0543       59.7391     30.57419      31.14078     61.14839
    9.0639      59.92148     30.66858      31.23522     61.33715
    9.0735       60.1047     30.76213       31.3303     61.52425
    9.0831       60.2877      30.8564       31.4248      61.7128
    9.0927      60.47127     30.95055      31.51931      61.9011
    9.1023      60.65482      31.0444      31.61391     62.08881
    9.1119      60.83816     31.13865      31.70865     62.27731
    9.1215      61.02213      31.2333      31.80424     62.46659
    9.1311      61.20708     31.32847      31.90028     62.65693
    9.1407      61.39319     31.42418      31.99612     62.84836
    9.1502      61.57968     31.52035      32.09217      63.0407
    9.1598      61.76574     31.61633       32.1885     63.23266
    9.1694      61.95162     31.71229      32.28482     63.42457
     9.179      62.13774      31.8084      32.38032     63.61681
    9.1886      62.32494     31.90458      32.47696     63.80916
    9.1982       62.5132     32.00122      32.57482     64.00244
    9.2078      62.70155     32.09759      32.67202     64.19519
    9.2174      62.88992     32.19462      32.77065     64.38923
     9.227      63.07888     32.29226      32.87013     64.58451
    9.2366      63.26827     32.38944      32.96765     64.77887
    9.2462      63.45781     32.48664      33.06415     64.97328
    9.2558      63.64686      32.5838      33.16189     65.16761
    9.2654      63.83683     32.68123      33.26092     65.36246
     9.275      64.02829     32.77914      33.36005     65.55828
    9.2846      64.21902     32.87721      33.45837     65.75441
    9.2942       64.4092     32.97531      33.55676     65.95062
    9.3038      64.59888     33.07355      33.65593     66.14711
    9.3134      64.78892     33.17225      33.75456     66.34449
     9.323      64.98017     33.27133      33.85283     66.54265
    9.3326      65.17259     33.37081      33.95223     66.74161
    9.3422      65.36615     33.47064      34.05185     66.94128
    9.3518      65.56011     33.57017      34.15176     67.14033
    9.3614      65.75372     33.66949      34.25195     67.33898
     9.371      65.94672     33.76927      34.35125     67.53854
    9.3806      66.14005     33.86949      34.45079     67.73897
    9.3902      66.33443     33.96928      34.55203     67.93856
    9.3998      66.53034     34.06966      34.65282     68.13932
    9.4094      66.72687     34.17081      34.75282     68.34162
    9.4189      66.92366     34.27157      34.85299     68.54315
    9.4285      67.12073     34.37272      34.95292     68.74544
    9.4381      67.31778      34.4742      35.05406      68.9484
    9.4477      67.51532     34.57535      35.15619      69.1507
    9.4573      67.71337      34.6764      35.25858     69.35281
    9.4669      67.91143     34.77761      35.36126     69.55521
    9.4765      68.11052     34.87892      35.46375     69.75784
    9.4861       68.3099     34.98008      35.56607     69.96015
    9.4957      68.50898     35.08187      35.66759     70.16373
    9.5053      68.70811     35.18419      35.76915     70.36838
    9.5149      68.90679     35.28656      35.87211     70.57311
    9.5245        69.106     35.38942      35.97569     70.77883
    9.5341      69.30577     35.49231       36.0789     70.98463
    9.5437      69.50612     35.59517      36.18317     71.19034
    9.5533      69.70697     35.69812      36.28799     71.39625
    9.5629      69.90849     35.80127      36.39195     71.60255
    9.5725      70.11111      35.9043      36.49533     71.80861
    9.5821      70.31353     36.00766      36.59884     72.01533
    9.5917      70.51544     36.11192      36.70266     72.22383
    9.6013      70.71837     36.21607      36.80611     72.43214
    9.6109      70.92213     36.32016       36.9097     72.64033
    9.6205      71.12533      36.4246      37.01343      72.8492
    9.6301      71.32915     36.52943      37.11876     73.05886
    9.6397      71.53402     36.63446      37.22488     73.26893
    9.6493      71.73953     36.73955      37.33043     73.47911
    9.6589      71.94485       36.845      37.43622        73.69
    9.6685      72.14965     36.95039      37.54235     73.90078
    9.6781      72.35548     37.05563      37.64803     74.11125
    9.6877      72.56261      37.1615      37.75324       74.323
    9.6972      72.76938     37.26736       37.8587     74.53472
    9.7068      72.97595     37.37287      37.96446     74.74574
    9.7164      73.18348     37.47864      38.07061     74.95728
     9.726      73.39023     37.58478      38.17637     75.16956
    9.7356      73.59729     37.69117      38.28279     75.38234
    9.7452      73.80534     37.79772      38.38994     75.59543
    9.7548      74.01173     37.90468      38.49672     75.80935
    9.7644      74.21826     38.01183      38.60451     76.02366
     9.774      74.42672     38.11892      38.71257     76.23784
    9.7836      74.63557     38.22684      38.81913     76.45367
    9.7932      74.84401     38.33524      38.92562     76.67049
    9.8028      75.05288     38.44332      39.03309     76.88665
    9.8124       75.2621     38.55152      39.14204     77.10304
     9.822      0.226916    0.1169647     0.1171898    0.2339295
