#     'r'     'g11(r)'     'g12(r)'     'g22(r)'
 0.0047982             0            0             0
  0.014395             0            0             0
  0.023991             0            0             0
  0.033588             0            0             0
  0.043184             0            0             0
  0.052781             0            0             0
  0.062377             0            0             0
  0.071974             0            0             0
   0.08157             0            0             0
  0.091167             0            0             0
   0.10076             0            0             0
   0.11036             0            0             0
   0.11996             0            0             0
   0.12955             0            0             0
   0.13915             0            0             0
   0.14875             0            0             0
   0.15834             0            0             0
   0.16794             0            0             0
   0.17753             0            0             0
   0.18713             0            0             0
   0.19673             0            0             0
   0.20632             0            0             0
   0.21592             0            0             0
   0.22552             0            0             0
   0.23511             0            0             0
   0.24471             0            0             0
   0.25431             0            0             0
    0.2639             0            0             0
    0.2735             0            0             0
    0.2831             0            0             0
   0.29269             0            0             0
   0.30229             0            0             0
   0.31189             0            0             0
   0.32148             0            0             0
   0.33108             0            0             0
   0.34068             0            0             0
   0.35027             0            0             0
   0.35987             0            0             0
   0.36946             0            0             0
   0.37906             0            0             0
   0.38866             0            0             0
   0.39825             0            0             0
   0.40785             0            0             0
   0.41745             0            0             0
   0.42704             0            0             0
   0.43664             0            0             0
   0.44624             0            0             0
   0.45583             0            0             0
   0.46543             0            0             0
   0.47503             0            0             0
   0.48462             0            0             0
   0.49422             0            0             0
   0.50382             0            0             0
   0.51341             0            0             0
   0.52301             0            0             0
    0.5326             0            0             0
    0.5422             0            0             0
    0.5518             0            0             0
   0.56139             0            0             0
   0.57099             0            0             0
   0.58059             0            0             0
   0.59018             0            0             0
   0.59978             0            0             0
   0.60938             0            0             0
   0.61897             0            0             0
   0.62857             0            0             0
   0.63817             0            0             0
   0.64776             0            0             0
   0.65736             0            0             0
   0.66696             0            0             0
   0.67655             0            0             0
   0.68615             0            0             0
   0.69575             0            0             0
   0.70534             0            0             0
   0.71494             0            0             0
   0.72453             0            0             0
   0.73413             0            0             0
   0.74373             0            0             0
   0.75332             0            0             0
   0.76292             0            0             0
   0.77252             0            0             0
   0.78211             0            0             0
   0.79171             0            0             0
   0.80131             0            0             0
    0.8109             0            0             0
    0.8205             0            0             0
    0.8301             0            0             0
   0.83969             0            0             0
   0.84929             0            0             0
   0.85889             0            0             0
   0.86848             0            0             0
   0.87808             0            0             0
   0.88767             0            0             0
   0.89727             0            0             0
   0.90687             0            0             0
   0.91646             0            0             0
   0.92606             0            0             0
   0.93566             0            0             0
   0.94525             0            0             0
   0.95485             0            0             0
   0.96445             0            0             0
   0.97404             0            0             0
   0.98364             0            0             0
   0.99324             0            0             0
    1.0028             0            0             0
    1.0124             0            0             0
     1.022             0            0             0
    1.0316             0            0             0
    1.0412             0            0             0
    1.0508             0            0             0
    1.0604             0            0             0
      1.07             0            0             0
    1.0796             0            0             0
    1.0892             0            0             0
    1.0988             0            0             0
    1.1084             0            0             0
     1.118             0            0             0
    1.1276             0            0             0
    1.1372             0            0             0
    1.1468             0            0             0
    1.1564             0            0             0
     1.166             0            0             0
    1.1756             0            0             0
    1.1852             0            0             0
    1.1948             0            0             0
    1.2044             0            0             0
     1.214             0            0             0
    1.2236             0            0             0
    1.2331             0            0             0
    1.2427             0            0             0
    1.2523             0            0             0
    1.2619             0            0             0
    1.2715             0            0             0
    1.2811             0            0             0
    1.2907             0            0             0
    1.3003             0            0             0
    1.3099             0            0             0
    1.3195             0            0             0
    1.3291             0            0             0
    1.3387             0            0             0
    1.3483             0            0             0
    1.3579             0            0             0
    1.3675             0            0             0
    1.3771             0            0             0
    1.3867             0            0             0
    1.3963             0            0             0
    1.4059             0            0             0
    1.4155             0            0             0
    1.4251             0            0             0
    1.4347             0            0             0
    1.4443             0            0             0
    1.4539             0            0             0
    1.4635             0            0             0
    1.4731             0            0             0
    1.4827             0            0             0
    1.4923             0            0             0
    1.5018             0            0             0
    1.5114             0            0             0
     1.521             0            0             0
    1.5306             0            0             0
    1.5402             0    0.0185436             0
    1.5498             0   0.06339694             0
    1.5594             0     0.197598             0
     1.569             0     1.411679             0
    1.5786             0     5.640734             0
    1.5882             0     17.85998             0
    1.5978             0      41.8957             0
    1.6074             0     64.46467             0
     1.617             0      53.3236             0
    1.6266             0     26.98378             0
    1.6362             0     10.03754             0
    1.6458             0     2.606076             0
    1.6554             0    0.8039033             0
     1.665             0    0.1745573             0
    1.6746             0   0.06033651             0
    1.6842             0     0.068002             0
    1.6938             0    0.1521603             0
    1.7034             0     0.348719             0
     1.713             0    0.7761394             0
    1.7226             0     1.314927             0
    1.7322             0     1.497769             0
    1.7418             0     1.466809             0
    1.7514             0     1.270948             0
     1.761             0     1.258225             0
    1.7706             0    0.9769155             0
    1.7801             0    0.8275897             0
    1.7897             0    0.8050048             0
    1.7993             0     1.073419             0
    1.8089             0     1.438486             0
    1.8185             0     1.652553             0
    1.8281             0     1.558296             0
    1.8377             0     1.225435             0
    1.8473             0    0.8557573             0
    1.8569             0    0.5593893             0
    1.8665             0    0.2884819             0
    1.8761             0    0.1653622             0
    1.8857             0    0.1008747             0
    1.8953             0    0.1111601             0
    1.9049             0   0.09139162             0
    1.9145             0    0.1098658             0
    1.9241             0    0.1233975             0
    1.9337             0    0.1086007             0
    1.9433             0    0.0842324             0
    1.9529             0   0.07719547             0
    1.9625             0   0.06589857             0
    1.9721             0    0.0661289             0
    1.9817             0   0.03188328             0
    1.9913             0   0.02816301             0
    2.0009             0   0.01436939             0
    2.0105             0   0.01423254             0
    2.0201             0   0.01824399             0
    2.0297             0   0.01889333             0
    2.0393             0   0.01790219             0
    2.0488             0    0.0128981             0
    2.0584             0   0.01597265             0
     2.068             0   0.01345104             0
    2.0776             0   0.01019129             0
    2.0872             0  0.006214024             0
    2.0968             0  0.006926935             0
    2.1064             0  0.004575975             0
     2.116             0  0.002267282             0
    2.1256             0            0             0
    2.1352             0 0.0007422351             0
    2.1448             0            0             0
    2.1544             0            0             0
     2.164             0            0             0
    2.1736             0            0             0
    2.1832             0            0             0
    2.1928             0            0             0
    2.2024             0            0             0
     2.212             0            0             0
    2.2216             0            0             0
    2.2312             0            0             0
    2.2408             0            0             0
    2.2504             0            0             0
      2.26             0            0             0
    2.2696             0            0             0
    2.2792             0            0             0
    2.2888             0            0             0
    2.2984             0            0             0
     2.308             0            0             0
    2.3176             0            0             0
    2.3271             0            0             0
    2.3367             0            0             0
    2.3463             0            0             0
    2.3559             0            0             0
    2.3655             0            0             0
    2.3751             0            0             0
    2.3847             0            0             0
    2.3943             0            0             0
    2.4039             0            0             0
    2.4135             0            0             0
    2.4231             0            0             0
    2.4327             0            0             0
    2.4423             0            0             0
    2.4519             0            0             0
    2.4615             0            0             0
    2.4711             0            0             0
    2.4807             0            0             0
    2.4903             0            0             0
    2.4999             0            0             0
    2.5095             0            0             0
    2.5191             0            0             0
    2.5287             0            0             0
    2.5383             0            0             0
    2.5479   0.003133131            0             0
    2.5575     0.0450901            0             0
    2.5671     0.1553516            0             0
    2.5767     0.5948312            0             0
    2.5863      2.243615            0             0
    2.5958      5.700703            0             0
    2.6054      12.44014            0             0
     2.615      20.55094            0             0
    2.6246      23.56751            0             0
    2.6342      23.04341            0             0
    2.6438      17.77214            0             0
    2.6534      9.376561            0             0
     2.663      3.609399            0             0
    2.6726      1.031254            0             0
    2.6822     0.3152237            0             0
    2.6918    0.06596443            0             0
    2.7014    0.03855473            0             0
     2.711   0.005073553            0             0
    2.7206    0.01786138            0             0
    2.7302    0.06503212            0             0
    2.7398     0.1815391            0             0
    2.7494     0.3605481            0             0
     2.759     0.6377108            0             0
    2.7686     0.9375634            0             0
    2.7782      1.158602            0             0
    2.7878      1.290216            0             0
    2.7974      1.362819            0             0
     2.807      1.450749            0             0
    2.8166      1.517368            0             0
    2.8262      1.575835            0             0
    2.8358      1.466968            0             0
    2.8454      1.311381            0             0
     2.855     0.9844208            0             0
    2.8646      0.737818            0             0
    2.8741     0.5182821            0             0
    2.8837     0.3974405            0             0
    2.8933     0.3053185            0             0
    2.9029     0.2168176            0             0
    2.9125     0.1494551            0             0
    2.9221    0.07939842            0             0
    2.9317    0.05284925            0             0
    2.9413     0.0446684            0             0
    2.9509    0.03153198            0             0
    2.9605    0.04989257            0             0
    2.9701    0.08223354            0             0
    2.9797     0.1076669            0             0
    2.9893     0.1513608            0    0.01064031
    2.9989     0.1752707            0    0.03020664
    3.0085     0.1644167            0     0.1215577
    3.0181     0.1626285            0     0.8529571
    3.0277     0.1346044            0       3.23317
    3.0373     0.1058282            0      8.685672
    3.0469    0.07595081            0      19.66017
    3.0565    0.05805741            0      32.38123
    3.0661    0.02488077            0      26.56694
    3.0757    0.02221734            0      12.38298
    3.0853   0.007834608            0      4.697538
    3.0949   0.002831308            0      1.860574
    3.1045   0.002813831            0     0.4242193
    3.1141  0.0006991287            0       0.14147
    3.1237  0.0003474198            0      0.027842
    3.1333             0            0    0.06364495
    3.1428             0            0    0.09901075
    3.1524             0            0     0.2227867
     3.162             0            0     0.4211369
    3.1716             0            0     0.7143075
    3.1812             0            0     0.9838058
    3.1908             0            0      1.211365
    3.2004             0            0      1.318157
      3.21             0            0      1.604246
    3.2196             0            0      2.162078
    3.2292             0            0      2.300345
    3.2388             0            0      2.354067
    3.2484             0            0      2.099467
     3.258             0            0      1.769763
    3.2676   0.003174844            0      1.470605
    3.2772    0.01230948            0      1.230563
    3.2868    0.03200631            0      1.041074
    3.2964     0.2261732            0     0.8125169
     3.306     0.8147759            0     0.6611587
    3.3156      2.027478            0     0.5090655
    3.3252      2.836519            0     0.3488867
    3.3348      2.729685            0     0.2638254
    3.3444      1.588116            0     0.1530162
     3.354     0.8154362            0     0.1255774
    3.3636     0.5606016            0     0.1116553
    3.3732     0.9435263            0       0.12654
    3.3828      1.781565            0     0.1080179
    3.3924      3.901778            0      0.105047
     3.402      5.957944            0     0.1150181
    3.4116      5.061476            0     0.1190402
    3.4211       2.62546            0    0.09864439
    3.4307      1.244194            0    0.08770696
    3.4403     0.4966236            0    0.07344702
    3.4499     0.1985142  0.004549086    0.05934417
    3.4595     0.1566286   0.02997073    0.05788049
    3.4691      0.162805    0.0449889    0.04175973
    3.4787     0.1473419    0.2782332    0.03703996
    3.4883     0.1735545    0.8885134    0.03013891
    3.4979     0.3075279     2.190167    0.01887237
    3.5075     0.4243289     5.386772    0.02649775
    3.5171      0.463944     9.514448    0.02305918
    3.5267     0.5140243     9.851533    0.03057848
    3.5363     0.6142449     6.885675    0.02280956
    3.5459      1.324299     3.364748    0.01620447
    3.5555      2.783949      1.47602    0.02041502
    3.5651      4.450853    0.6051789    0.01389307
    3.5747      6.033522    0.3585652    0.01062968
    3.5843      6.962503    0.3458482   0.006343699
    3.5939      4.700024    0.8103605   0.002103289
    3.6035      2.772695     1.971213   0.001046051
    3.6131      1.363023     3.721652   0.003121504
    3.6227     0.6403232     5.397328             0
    3.6323     0.3119202     4.336218   0.001029534
    3.6419     0.1745636     2.641719             0
    3.6515      0.111358     1.331438             0
    3.6611     0.1176036    0.9025867             0
    3.6707     0.1373683    0.5635883             0
    3.6803     0.2082328    0.4452244             0
    3.6898     0.2646654    0.4764655             0
    3.6994     0.4346953    0.5729006             0
     3.709     0.6357368    0.6420125             0
    3.7186      0.885934    0.6059115             0
    3.7282     0.9906369    0.5348722             0
    3.7378     0.8128053    0.3996419             0
    3.7474     0.5923646    0.3585608             0
     3.757     0.4173908    0.3790272             0
    3.7666     0.3681968    0.4612954             0
    3.7762     0.3934279    0.5866256             0
    3.7858     0.4735073    0.6910838             0
    3.7954     0.5078262    0.8466303             0
     3.805     0.4743618    0.9045375             0
    3.8146     0.4176983    0.8353415             0
    3.8242     0.3360996    0.6640905             0
    3.8338     0.2693804    0.5120392             0
    3.8434     0.2437116    0.4105206             0
     3.853     0.2614514    0.4216991             0
    3.8626     0.2501567    0.6915565             0
    3.8722     0.2204318     1.354825             0
    3.8818     0.1770493     2.562871             0
    3.8914      0.144613     4.205269             0
     3.901     0.1176168      4.63602             0
    3.9106    0.09243522     2.511112             0
    3.9202    0.07213072     1.031198             0
    3.9298    0.04916962    0.5166995             0
    3.9394    0.03560557    0.3484596             0
     3.949    0.03412846    0.2959898             0
    3.9585    0.02357954    0.4493929             0
    3.9681    0.01442382     1.090439             0
    3.9777   0.005998817     2.386592             0
    3.9873   0.004903909      4.53867             0
    3.9969   0.002121909     4.055553             0
    4.0065   0.001478229     2.278423             0
    4.0161  0.0004203352     1.041251             0
    4.0257   0.001882501    0.5169979             0
    4.0353    0.02040097    0.2585178             0
    4.0449    0.09820641    0.2155136             0
    4.0545     0.3864318    0.2402257             0
    4.0641      1.023914    0.2815023             0
    4.0737      2.213657    0.4804209             0
    4.0833      3.692099     1.067145             0
    4.0929      3.848631     2.184491             0
    4.1025      2.159334     3.793636             0
    4.1121       0.95866     4.328094             0
    4.1217     0.3224569     3.217975             0
    4.1313     0.1151963     1.739021             0
    4.1409    0.07453091     0.999388             0
    4.1505     0.1375503    0.8303517             0
    4.1601     0.4234812     1.456929             0
    4.1697      1.048766     3.490013             0
    4.1793      2.439195     6.819555             0
    4.1889      3.874264     10.31028             0
    4.1985       3.55484     9.750246             0
    4.2081      1.961043     6.233904             0
    4.2177      1.060293     3.077008             0
    4.2273     0.4207522     1.373498             0
    4.2368     0.1797762    0.7020213             0
    4.2464    0.05771232     0.408727             0
     4.256    0.02507692    0.4014683             0
    4.2656    0.02608202    0.3950145             0
    4.2752    0.04599525    0.4634122             0
    4.2848     0.1098578    0.5061272             0
    4.2944     0.2354614    0.4345079             0
     4.304     0.4618715    0.3474463             0
    4.3136     0.6381716    0.3833657    0.03503922
    4.3232     0.6866694    0.5176386     0.2231112
    4.3328     0.6538373    0.8120473     0.8588313
    4.3424     0.5218751      1.17384      2.197747
     4.352     0.4399304     1.455075      6.081545
    4.3616     0.3685017     1.674056      12.07393
    4.3712     0.3243069     2.266384      16.63315
    4.3808     0.3343688      3.37597      15.38405
    4.3904     0.3070568     4.050467      11.08951
       4.4     0.2756022     3.108689       6.40006
    4.4096     0.2154786     1.755295      2.560909
    4.4192     0.1569155     1.031349     0.9285272
    4.4288     0.1011042    0.8950733     0.3282522
    4.4384    0.08036188    0.9406803      0.263398
     4.448    0.07727407    0.9162716      0.405752
    4.4576    0.08291279    0.8113391      0.516117
    4.4672     0.1144926    0.7357874     0.3702816
    4.4768     0.1530742    0.9060443     0.3083761
    4.4864     0.2959138      1.44472     0.3596968
     4.496     0.6694653     2.464284     0.7505967
    4.5055      1.162905     3.484326      1.244556
    4.5151      2.179752     2.830301       1.42183
    4.5247      3.230026     1.435848       1.36671
    4.5343      2.552585     0.672507      1.129705
    4.5439      1.200639    0.2851749     0.9617896
    4.5535     0.3962935    0.0962901     0.8280323
    4.5631     0.1813597     0.036404     0.8878298
    4.5727    0.07084551   0.02459914      1.201113
    4.5823    0.06473726   0.03239302      1.617855
    4.5919     0.1162335   0.04589911      1.981505
    4.6015     0.1378423    0.1312103      2.029059
    4.6111     0.1227611    0.3017544      1.747202
    4.6207    0.09589613    0.7314442      1.161665
    4.6303    0.07810683      1.63566     0.6740928
    4.6399     0.1281705     3.190055     0.4012701
    4.6495      0.218434      3.67265     0.2664103
    4.6591     0.3171671     2.933418     0.2696941
    4.6687     0.3604993     1.965021     0.3265414
    4.6783     0.3693991     1.325827     0.4319492
    4.6879     0.6267212    0.9774845     0.4221475
    4.6975      1.059987    0.6792073     0.3613311
    4.7071      1.468298    0.4545242     0.3003936
    4.7167      1.692718    0.2975253     0.2600969
    4.7263       1.22846     0.189062      0.207355
    4.7359      1.487984    0.1422786     0.1659392
    4.7455      2.602369     0.142455     0.1489831
    4.7551      2.899668    0.1445746      0.130961
    4.7647      1.964007    0.1292358    0.08974813
    4.7743      1.057551    0.0966489      0.072702
    4.7838     0.5099921   0.07526439    0.03798589
    4.7934     0.2823759   0.06686317    0.02541968
     4.803     0.2061609   0.07510414     0.0129535
    4.8126     0.1674329   0.09891198    0.06978752
    4.8222     0.1533558    0.1383918     0.4024573
    4.8318     0.1479558    0.1879936      1.114147
    4.8414      0.162989    0.2230531      2.653512
     4.851     0.1855369    0.2510753       4.45718
    4.8606     0.2335889    0.2717131      4.778805
    4.8702     0.3743003    0.2961811      3.358107
    4.8798     0.7809633    0.3041123      2.493283
    4.8894      1.825358    0.2590388      3.805655
     4.899      4.249703    0.1813224      7.708294
    4.9086      7.680307    0.1165706      14.91439
    4.9182      8.219902   0.07050906      15.47956
    4.9278      4.979562   0.07009535      9.673021
    4.9374      3.197843   0.09050633       4.78569
     4.947       2.47597    0.1891607      2.322795
    4.9566      2.963948    0.5177663      1.074249
    4.9662      3.325399     1.148025     0.5166005
    4.9758      2.060747     1.993339     0.3209453
    4.9854      1.239112     2.776592      0.209315
     4.995       1.10895     2.129279     0.1812907
    5.0046      1.412074    0.9510524     0.3145517
    5.0142       1.69386    0.3665027     0.6239964
    5.0238      1.172701    0.1311317      1.006424
    5.0334     0.8401489    0.0487533      1.434722
     5.043     0.7663084   0.07850705      1.593237
    5.0525     0.6193249    0.1764345      1.621244
    5.0621     0.4047932    0.3438731      1.265261
    5.0717      0.244857    0.6388381     0.8184919
    5.0813     0.1890546     1.172201     0.4676732
    5.0909     0.2206485     1.969594     0.2243085
    5.1005     0.2957849     2.178375     0.1143432
    5.1101     0.5680608     1.662088     0.1596878
    5.1197      1.274384    0.7796475     0.3021151
    5.1293      2.277431     0.281548     0.5436328
    5.1389      3.029352    0.1503077     0.9371349
    5.1485      2.767417    0.1223005      1.396368
    5.1581      2.166843    0.1227361      1.756201
    5.1677      2.202342    0.1597886      1.873281
    5.1773       2.92908    0.1551569       1.91195
    5.1869      3.565631    0.1022589      1.762508
    5.1965      2.996988   0.07506405      1.498967
    5.2061      2.435011    0.1564421      1.211295
    5.2157      2.567742    0.4897432     0.9067539
    5.2253      2.946921     1.230462     0.5865307
    5.2349      2.307363     2.200495     0.3216828
    5.2445      1.457396     2.773534     0.1718587
    5.2541     0.6971198     2.106852    0.07971122
    5.2637     0.3086887     1.260214    0.05147647
    5.2733     0.1486021     0.703144    0.04786999
    5.2829     0.1413823    0.3860651    0.06278382
    5.2925     0.2352675    0.2202408    0.08680299
    5.3021     0.3896092    0.2181201     0.1096817
    5.3117     0.5291378    0.2603914     0.1376903
    5.3213     0.5982229    0.2982934     0.1175265
    5.3308     0.5924924    0.3247275     0.1089781
    5.3404     0.5731306    0.2848813     0.1376386
      5.35     0.5100842    0.2161168     0.3464223
    5.3596     0.4832416    0.1425414     0.9140253
    5.3692     0.5711165   0.09414046        2.3709
    5.3788     0.8926958   0.09052986      4.466678
    5.3884      1.608116    0.1137503       6.04556
     5.398      2.732252    0.1391278      6.088413
    5.4076      3.055725    0.1441891      5.859191
    5.4172       2.19312    0.1278809      3.436234
    5.4268      1.263845   0.09157886      1.564917
    5.4364     0.7034446   0.07614194     0.5836824
     5.446     0.3752286    0.1005186     0.1699084
    5.4556     0.2673061    0.1631523    0.03605279
    5.4652     0.1969105    0.2426801   0.009095263
    5.4748     0.1566373    0.2810061    0.01857998
    5.4844     0.1882092    0.2831737    0.04922285
     5.494     0.4200272    0.2390223     0.1579534
    5.5036     0.9018144    0.1824406     0.2533695
    5.5132      1.751295    0.1360483     0.3575054
    5.5228      2.029396    0.1223734      0.407477
    5.5324      1.469701    0.1221703     0.4713013
     5.542       1.15006    0.1339775     0.5643122
    5.5516      1.547878    0.1200095     0.6416931
    5.5612      2.728301    0.1065747     0.6372843
    5.5708      3.559454    0.0829817     0.6617898
    5.5804       2.93305   0.05520347     0.5910341
      5.59      1.585925   0.04104398      0.430779
    5.5995     0.8256535   0.05342267     0.3162379
    5.6091     0.4674955    0.1117503     0.1830499
    5.6187     0.3689403    0.3603679      0.161343
    5.6283     0.4645265    0.8749899     0.1878066
    5.6379     0.5398376     1.670038     0.2743418
    5.6475     0.4904961     2.225204     0.3875441
    5.6571     0.4758049     2.206452     0.5211989
    5.6667     0.5214875     2.407851     0.7195106
    5.6763     0.5831659     1.865979     0.8448137
    5.6859     0.6186316     1.051418     0.8709542
    5.6955     0.5622088     0.522009     0.7444971
    5.7051     0.4408606    0.2454677     0.5600432
    5.7147     0.3319493    0.1226847      0.345629
    5.7243     0.2912154   0.07962246     0.1989725
    5.7339     0.3444748   0.05269826      0.189218
    5.7435     0.4872928   0.04052014     0.4232895
    5.7531     0.6438027   0.07524915      1.136774
    5.7627       0.77283    0.1660977      2.443089
    5.7723     0.7933572     0.579106      3.678752
    5.7819     0.7229899     1.262276      2.699124
    5.7915     0.5853704     1.982991      1.158607
    5.8011     0.4064505     1.901018     0.4657855
    5.8107     0.2767995     1.288686     0.1552858
    5.8203     0.1732177    0.7898639    0.05974442
    5.8299     0.1394349    0.6433933    0.02517797
    5.8395     0.1615433    0.8228871    0.01712853
    5.8491     0.1928201     1.437606    0.01191095
    5.8587     0.2163853     1.972284     0.0110805
    5.8683     0.2352674     1.930659    0.02011639
    5.8778     0.2261599     2.022796    0.05779335
    5.8874     0.2022452     2.517428    0.09640037
     5.897     0.2128951     2.894687     0.1538952
    5.9066     0.3002335     2.981119     0.2133522
    5.9162     0.5469006     2.278454     0.3418869
    5.9258      1.068541     1.213357     0.5132982
    5.9354      1.580361    0.7083141     0.8374389
     5.945      1.176652    0.5705489      1.075705
    5.9546     0.7623413    0.7135854      1.031251
    5.9642     0.7446427      1.25363     0.6709068
    5.9738      1.266217     2.209141     0.3128714
    5.9834      1.861708     3.467416     0.1172353
     5.993      2.206193     3.612912    0.07563762
    6.0026      2.214574     2.340429    0.06861033
    6.0122      2.387663     1.457822    0.08718034
    6.0218      2.070633     1.222119     0.1060063
    6.0314      1.520966     1.470419     0.1276992
     6.041     0.9214611     2.049288     0.1373433
    6.0506     0.8876138     2.497938     0.1328268
    6.0602      1.351944     2.140909     0.1031882
    6.0698      1.898813     1.418997    0.08221604
    6.0794      1.682693     1.019345    0.07093112
     6.089      1.140968    0.8302126    0.07803494
    6.0986     0.5765737    0.6951274    0.06354639
    6.1082     0.3404424    0.6754399    0.06334687
    6.1178     0.2639283    0.6310081    0.05951908
    6.1274     0.2938908    0.5370982    0.04594673
     6.137     0.3739786    0.4476358    0.03354089
    6.1465      0.465409    0.4245631    0.03451483
    6.1561       0.54786    0.3986854    0.02078775
    6.1657      0.624089    0.3602376    0.02072309
    6.1753     0.6667743     0.332409    0.02422058
    6.1849     0.6460089    0.3474784    0.02805136
    6.1945     0.5849968    0.4434976    0.03150433
    6.2041     0.5063048    0.8093494    0.03881757
    6.2137      0.423267     1.464182      0.033069
    6.2233     0.3746986     2.094355    0.03401923
    6.2329     0.3509462     1.759872    0.02517369
    6.2425     0.3889259     1.189327    0.01917083
    6.2521     0.4444489    0.8004371    0.01042474
    6.2617     0.4812148    0.6138085   0.008314247
    6.2713     0.5162885    0.5554017   0.006561984
    6.2809     0.4783642    0.6431737   0.003098817
    6.2905     0.4235355    0.8806628    0.00102979
    6.3001     0.3481994     1.354742   0.001026655
    6.3097     0.2908594     1.794571  0.0003411782
    6.3193     0.2454106     1.357796  0.0003401427
    6.3289     0.2565152    0.7091556             0
    6.3385     0.3131137    0.4044629             0
    6.3481     0.5602364     0.200025             0
    6.3577     0.8763979    0.1604917             0
    6.3673      0.799844    0.2987322             0
    6.3769     0.4950854     0.721658             0
    6.3865     0.3621995     1.475736             0
    6.3961     0.2378145     2.328521             0
    6.4057     0.2343762     2.569704             0
    6.4152     0.2664577     1.721033             0
    6.4248      0.467927    0.9067663             0
    6.4344     0.9341289    0.5145177             0
     6.444      2.108004    0.3413662             0
    6.4536      2.831322    0.3004585             0
    6.4632      2.283768    0.3695577             0
    6.4728      1.156503    0.5112602             0
    6.4824       0.50652    0.7338593             0
     6.492     0.1939181     1.017527             0
    6.5016     0.1010436     1.677053             0
    6.5112     0.1146585     2.193407             0
    6.5208     0.1541025     2.300203             0
    6.5304     0.2012631     2.287734    0.02038433
      6.54     0.2561512     1.858698    0.07526436
    6.5496     0.3183822    0.9213819     0.2070833
    6.5592      0.325094     0.483019     0.6061735
    6.5688     0.2367844    0.3183276      1.748993
    6.5784     0.1699815     0.405527      3.532672
     6.588     0.1337148    0.7069435      5.240862
    6.5976     0.1115983     1.270463       4.09475
    6.6072    0.07912671      2.10186      2.042676
    6.6168    0.06031505     2.610764     0.7827471
    6.6264    0.04331041     2.742546     0.2753185
     6.636    0.05049824     2.777653     0.1206049
    6.6456     0.1070758     2.874841     0.1205644
    6.6552     0.2454499     2.935701     0.2882755
    6.6648     0.6513521     2.283736     0.4158792
    6.6744      1.232453     1.458737     0.4534083
     6.684      1.589715    0.9822746     0.4080215
    6.6935      1.327537    0.9208496     0.3401552
    6.7031     0.9007244     1.160948     0.2421433
    6.7127     0.6553139     1.588242     0.1434843
    6.7223     0.6371663     1.845353    0.06823109
    6.7319     0.7644557     1.524838     0.0566473
    6.7415      1.261493       1.0331     0.1374795
    6.7511      1.867043    0.6697003     0.2416937
    6.7607      2.045822    0.5259484     0.3292687
    6.7703      1.685342    0.4836328     0.4939856
    6.7799      1.256983    0.5378455     0.6394486
    6.7895      1.098344    0.5885199     0.7478448
    6.7991      1.266689     0.693881     0.7081253
    6.8087      1.234676    0.7974052     0.6337595
    6.8183     0.8082117    0.9215262     0.4759548
    6.8279     0.4330009    0.9501496     0.3461301
    6.8375     0.2680628    0.8932701     0.1798431
    6.8471      0.198839    0.7331999     0.1196561
    6.8567     0.2319548    0.5643048     0.1412788
    6.8663     0.3888429    0.4240562     0.2785993
    6.8759     0.7580216    0.3613176     0.6363764
    6.8855      1.488368    0.3677344      1.243709
    6.8951      2.176501    0.4285655      2.713063
    6.9047      2.025972    0.4883475      4.649483
    6.9143       1.46905    0.5597587      4.151022
    6.9239     0.9626533    0.5846785      2.483147
    6.9335     0.6434488    0.6014336      1.172305
    6.9431     0.5003981    0.6107933     0.6537078
    6.9527     0.5352729    0.7759289     0.3551755
    6.9622     0.7398209     1.113774     0.4200486
    6.9718      1.087883     1.215069     0.5555433
    6.9814      1.331098    0.9297136     0.5395257
     6.991      1.293253    0.5303613     0.4199312
    7.0006      1.384677    0.3158949     0.2923981
    7.0102      1.841323    0.2313668     0.2031513
    7.0198      2.353528    0.2037469     0.1080513
    7.0294      2.110015    0.2098339    0.07284561
     7.039      1.452878    0.2172529    0.04139515
    7.0486     0.9407506    0.1705505    0.05659258
    7.0582     0.8089101    0.1284483     0.1276008
    7.0678     0.9465057   0.09429657     0.2398258
    7.0774      1.001939   0.08134008     0.3834406
     7.087      1.100061   0.09749216     0.4740822
    7.0966      1.456591      0.12377     0.4539212
    7.1062      1.537107    0.1305392     0.4470475
    7.1158      1.109789    0.1147493     0.5056637
    7.1254      0.864837   0.07964842     0.6118515
     7.135     0.6629484   0.05869498     0.6593007
    7.1446     0.5916384   0.09102136     0.6367751
    7.1542     0.5617716    0.2169267     0.4676095
    7.1638     0.5407817    0.4800361     0.3194629
    7.1734     0.5239205     0.927912     0.1969197
     7.183     0.4690408     1.127377      0.178492
    7.1926     0.3858825     0.912893      0.230003
    7.2022     0.3164319     0.627655     0.3063778
    7.2118      0.284305    0.4954012     0.3170542
    7.2214     0.2765944    0.4572269      0.330017
     7.231     0.3026364    0.6442187     0.2948507
    7.2405     0.3616456    0.8822439     0.2847423
    7.2501     0.4287896    0.9407465      0.329727
    7.2597     0.5036817     0.678992     0.7175037
    7.2693     0.6574014    0.4639544       1.96433
    7.2789      1.258043    0.4327134      4.667668
    7.2885      2.673907     0.689755      8.842598
    7.2981      4.978944    0.9270829      12.51638
    7.3077      5.993951    0.9748995      12.83759
    7.3173      4.090631     1.015131      8.528095
    7.3269      2.162778     1.326894      3.625522
    7.3365      1.178794     1.235658       1.30974
    7.3461     0.7687982     1.092847      0.401209
    7.3557     0.7749382      1.19263     0.1830105
    7.3653      1.136166     0.937322     0.2553972
    7.3749      1.659242    0.6715164     0.6093613
    7.3845      1.852987    0.4996762     0.9609875
    7.3941      1.943293    0.4676181      1.104331
    7.4037      1.701774    0.5107323     0.8497054
    7.4133      1.413448    0.5908132     0.6517573
    7.4229      1.409672    0.7012479      0.641445
    7.4325       1.17819    0.9376687     0.7285537
    7.4421      1.056964     1.479711     0.9741333
    7.4517      1.498187     2.312519       1.21918
    7.4613      2.092594     2.378483      1.625217
    7.4709      2.200493     1.878245      2.121643
    7.4805      2.040979     1.772317      2.671106
    7.4901      2.151827      1.63212      3.261813
    7.4997      2.548624     1.200774      3.613787
    7.5092      2.940381    0.8828872      3.667185
    7.5188      2.532511    0.7608585       3.14534
    7.5284      1.719048    0.8976762       2.30069
     7.538      1.040485     1.205965      1.452201
    7.5476     0.7157359     1.515833      1.037443
    7.5572     0.8750675     1.505705      1.484076
    7.5668      1.212682     1.035045      2.884478
    7.5764      1.277288    0.7749819      5.378584
     7.586      0.962333    0.8987429      7.247567
    7.5956     0.7553132     1.289985      6.397003
    7.6052     0.6448073     1.443822      5.546009
    7.6148      0.726314     1.481678      5.167078
    7.6244     0.9098653     1.906509      4.112655
     7.634      0.899145     2.184152      2.606458
    7.6436     0.7704029     2.201028      1.472814
    7.6532     0.7460164     1.989717     0.9844396
    7.6628     0.7660867     1.606623     0.9428815
    7.6724     0.9501755     1.198937     0.9479082
     7.682      1.342893     1.065775     0.8672833
    7.6916      1.543473     1.171511      1.029971
    7.7012      1.433031     1.464493      1.318496
    7.7108       1.32188     1.451003      1.548698
    7.7204       1.43564     1.530856      1.488562
      7.73       1.83544     1.908369        1.2114
    7.7396      2.047522       2.1852     0.8902548
    7.7492      1.640862     1.809608     0.6211382
    7.7588       1.21858     1.166547     0.4848966
    7.7684      1.148445    0.8122449     0.4866254
     7.778      1.296288    0.7385311     0.5799508
    7.7875      1.131221     0.794129     0.6954362
    7.7971      0.861188    0.8760574     0.7198658
    7.8067     0.8270898    0.9526947     0.7374871
    7.8163      1.073688    0.9844761     0.7801425
    7.8259      1.291677     0.964106     0.8667211
    7.8355      1.290889    0.9712261      1.011059
    7.8451      1.220482    0.9318481      1.173669
    7.8547     0.9060249    0.8656191      1.371807
    7.8643     0.5487018    0.9346917      1.606312
    7.8739     0.4702168     1.179396       1.76518
    7.8835     0.5620691     1.439949      1.662755
    7.8931     0.7319883     1.313532      1.430662
    7.9027     0.7111598     1.181168      1.072676
    7.9123     0.6271321     1.261546     0.6981962
    7.9219     0.5976874     1.338296     0.4675116
    7.9315     0.5958109     1.135438      0.335967
    7.9411     0.6820465     1.061057      0.280445
    7.9507     0.7094125     1.292916     0.2376528
    7.9603     0.6610542     1.265235     0.2308637
    7.9699     0.5563037     0.983402     0.1980179
    7.9795     0.4405552    0.6777289     0.1994619
    7.9891     0.3340712    0.5270645     0.1811064
    7.9987     0.2923133    0.5209345     0.1579554
    8.0083     0.3580547    0.6808324     0.1298316
    8.0179     0.5337406    0.9917225     0.1009968
    8.0275     0.7955416     1.173412    0.08073087
    8.0371     0.9518152     1.105755    0.05929967
    8.0467     0.8468799      1.07265    0.04762034
    8.0562     0.6106667     1.196637    0.03662431
    8.0658     0.4660293     1.031505    0.02860342
    8.0754     0.5237653    0.6638445    0.02270341
     8.085     0.7402232    0.4277599    0.01537675
    8.0946     0.9202151    0.2995952   0.009328571
    8.1042       1.25352    0.3002257    0.00682476
    8.1138      1.362549    0.3806274   0.002475864
    8.1234      1.448047    0.4817246   0.002881687
     8.133       1.68765    0.6034726   0.001642795
    8.1426      1.552124     0.766191  0.0006145969
    8.1522      1.034015      1.08823    0.01062795
    8.1618     0.9770334     1.311727     0.0248762
    8.1714      1.304578     1.171103    0.08340408
     8.181      1.529286    0.7511303     0.4290313
    8.1906       1.27836    0.5499223      1.201268
    8.2002     0.8091103    0.4817045      2.015543
    8.2098     0.4759328    0.5924899      2.807872
    8.2194      0.338492    0.9181421       2.30089
     8.229     0.3727448     1.372654      1.835579
    8.2386     0.4470414     1.763673      1.704829
    8.2482      0.571267     1.926501      1.471859
    8.2578      0.636752     1.415702     0.8268443
    8.2674     0.6309102    0.9511338     0.3271087
     8.277     0.7281132    0.9343086     0.1447363
    8.2866     0.9493667     1.147552    0.06052984
    8.2962      1.058383     1.182659     0.1006498
    8.3058     0.8280344     1.132885     0.2402141
    8.3154     0.5908031     1.189588     0.5089827
     8.325     0.5034051     1.031087     0.7819999
    8.3345     0.4790667     0.727948     0.8779696
    8.3441     0.4553744    0.5588858     0.7179289
    8.3537     0.4566604    0.5933891     0.4737572
    8.3633     0.4662267    0.7956119     0.2767278
    8.3729     0.5372533     1.089198     0.1329126
    8.3825     0.7140875     1.314063    0.09510691
    8.3921     0.9238526     1.366796     0.1282551
    8.4017      1.135683      1.56943     0.2020458
    8.4113     0.9377524     1.688104     0.3165845
    8.4209     0.7158144     1.912221     0.4581838
    8.4305     0.6296223     1.629672     0.5519331
    8.4401     0.6054925      1.20342     0.6153186
    8.4497     0.8157302    0.9930451     0.6426488
    8.4593      1.055188    0.8802795     0.6960478
    8.4689      1.134139    0.8777195     0.9024149
    8.4785      1.069798    0.9892312      1.314564
    8.4881      1.151176     1.200139      2.323049
    8.4977      1.712046     1.147427      3.957498
    8.5073      2.502139     1.086955      5.248063
    8.5169       2.48711     1.258984      4.810236
    8.5265      1.922311     1.732834      2.869036
    8.5361       1.76749     2.200233      1.307328
    8.5457      1.361309     2.303122     0.6223445
    8.5553       0.82606     1.944131     0.4004806
    8.5649     0.6282313      1.48604     0.2901518
    8.5745     0.6183883     1.307306     0.2776787
    8.5841     0.6977435     1.580481     0.2624956
    8.5937     0.7966183     1.645227     0.2505063
    8.6032      0.961459     1.215225     0.2692169
    8.6128      1.069402    0.8825654     0.3191547
    8.6224     0.9916079    0.7369984     0.2879339
     8.632      1.002234    0.7401292     0.2036215
    8.6416      1.327021    0.8069108     0.1469659
    8.6512      1.546147    0.8971316     0.1854779
    8.6608      1.715853    0.9763492     0.3277607
    8.6704      1.832363     1.006509     0.4667033
      8.68      1.482456     0.953801     0.5588784
    8.6896      1.048973    0.8306496      0.575993
    8.6992     0.8752327    0.7413528     0.6989291
    8.7088     0.9089272    0.6900155     0.9597614
    8.7184      1.015967    0.7112914       1.26126
     8.728       1.26689    0.8824403      1.377597
    8.7376      1.587484     1.147646      1.306965
    8.7472      1.682314     1.218413     0.9790502
    8.7568      1.541145     1.045755     0.6226333
    8.7664      1.212062     1.187897     0.4805791
     8.776     0.8521523     1.607891     0.6539508
    8.7856     0.6682086     2.053405      1.343761
    8.7952     0.6468999     1.926044      2.450755
    8.8048     0.6699337     1.805388      2.589614
    8.8144     0.7259818     1.713346      1.615424
     8.824     0.7594505     1.615137      1.055244
    8.8336     0.7973334     1.382785     0.7450218
    8.8432     0.8045768     1.217081     0.6737548
    8.8528     0.8736399     1.198165     0.6944794
    8.8624      1.036146    0.8694168     0.7652657
    8.8719      1.322927    0.7885176     0.7196064
    8.8815      1.341299     0.942839     0.5787466
    8.8911      1.153073     1.124231     0.3984581
    8.9007     0.9342911     1.073712     0.2504927
    8.9103     0.7267811    0.9936571     0.1575682
    8.9199      0.603965    0.8731996     0.1133554
    8.9295     0.7288468    0.6455885    0.09539554
    8.9391     0.9382049    0.5232562    0.09077125
    8.9487        1.0024    0.4428171     0.1173765
    8.9583      1.000126    0.5514611     0.1668864
    8.9679     0.9675547    0.8250015     0.1960859
    8.9775     0.7012664     1.272121     0.1786451
    8.9871     0.5702914     1.920617     0.1414338
    8.9967     0.5427324     2.243586     0.1335806
    9.0063     0.5221434     2.185866     0.1895617
    9.0159     0.4949683     1.961491     0.3049594
    9.0255     0.4624978     1.719163     0.4420434
    9.0351     0.4380123     1.426748     0.5069961
    9.0447     0.4498875     1.085765     0.4845017
    9.0543     0.5749271    0.7949725     0.3787609
    9.0639     0.8160848    0.6339647     0.2663572
    9.0735     0.9397785     0.528427     0.2187728
    9.0831     0.7720857    0.4545063     0.2321404
    9.0927     0.5039889     0.459687     0.2723948
    9.1023     0.3460588    0.5966073     0.2985438
    9.1119     0.2872716    0.8904795     0.3033141
    9.1215     0.3173877     1.316479     0.2574543
    9.1311     0.4348305      1.59157     0.1972874
    9.1407     0.5544981     1.326995     0.1368847
    9.1502     0.7134617    0.9597753    0.09750028
    9.1598     0.8185485    0.6913317    0.07835492
    9.1694     0.9479088    0.5514737     0.0681748
     9.179      0.922512    0.4542098    0.07093417
    9.1886     0.9988373     0.396188    0.06258133
    9.1982      1.161705    0.3582453    0.06180865
    9.2078      1.081959    0.3516717    0.05607262
    9.2174      1.026043    0.3737224    0.04556411
     9.227     0.9033467    0.4363021    0.05057472
    9.2366     0.9121986    0.6420077    0.06256967
    9.2462      0.713241    0.9782714     0.1572912
    9.2558     0.5151456     1.129544      0.423172
    9.2654     0.5194493     1.039854     0.9839857
     9.275     0.8604117    0.8414524      1.916533
    9.2846      1.057416    0.7109952      1.780215
    9.2942      1.175904    0.6372508      1.073346
    9.3038      1.026075    0.5907837     0.6727143
    9.3134     0.7909605    0.5143885     0.9655732
     9.323     0.7702617    0.4737743      1.983432
    9.3326     0.9512542    0.4683324      3.720257
    9.3422       1.04345    0.5595343      4.261223
    9.3518     0.8633977    0.7724779      2.903119
    9.3614     0.6880649     1.070464      1.326759
     9.371     0.6338485     1.097598     0.5716895
    9.3806     0.7277819    0.7821648     0.3303338
    9.3902     0.9140969    0.4694378     0.2723538
    9.3998     0.9542423    0.3382614     0.3231444
    9.4094     0.7988772    0.3610397     0.3760286
    9.4189     0.5868281    0.5631901     0.3432636
    9.4285     0.4752033    0.7210078      0.394057
    9.4381     0.4380094    0.6397283     0.5382682
    9.4477     0.4515515    0.4817412     0.6584582
    9.4573     0.5910943    0.4116403     0.6007805
    9.4669     0.8731196    0.3651946     0.4534613
    9.4765      1.337528    0.3163361     0.3741952
    9.4861      1.457592    0.2733152     0.4179674
    9.4957      1.306149    0.2295293     0.5438115
    9.5053      1.278112     0.194384     0.6458447
    9.5149      1.179644    0.1950387     0.6804005
    9.5245      1.190571    0.2242643     0.6213837
    9.5341      0.983365    0.2717996     0.6080296
    9.5437     0.6908313    0.3135333     0.6279838
    9.5533      0.686027    0.3509089     0.7489122
    9.5629     0.8497529    0.4538159     0.9044075
    9.5725      1.081815    0.6603409      1.199655
    9.5821     0.9861309    0.7152977      1.858828
    9.5917     0.7505914    0.6047714      2.778162
    9.6013     0.6421207    0.4767715      2.831255
    9.6109     0.5525777    0.4446798      2.185339
    9.6205      0.469324    0.5027681      1.580005
    9.6301     0.4356377    0.6074765      1.104357
    9.6397     0.5352737    0.7545206     0.7218118
    9.6493     0.7889903    0.7402637     0.5237247
    9.6589      1.124506    0.7473174     0.4335807
    9.6685      1.347289     0.641976     0.3977017
    9.6781       1.26753     0.598686     0.3748707
    9.6877       1.11711    0.7627497     0.3253542
    9.6972      1.294637    0.9734483     0.2906218
    9.7068      1.202711     1.140251     0.3077789
    9.7164     0.8689965     1.270765     0.3419888
     9.726     0.6003464     1.081738     0.3894171
    9.7356     0.4492385    0.7906309     0.4191742
    9.7452     0.4562069    0.6245608     0.4199223
    9.7548     0.6116632    0.5606721     0.4337992
    9.7644     0.8556772    0.4626058     0.5093074
     9.774      1.097455    0.4312344     0.9786524
    9.7836      1.385207    0.4898528      1.791837
    9.7932      1.708977    0.7273064      2.625486
    9.8028      1.839294     1.134023      2.969482
    9.8124      2.002544     1.157884      3.986038
     9.822      2.181634     1.026152      4.757149
