#     'r'     'g11(r)'     'g12(r)'     'g22(r)'
 0.0047982             0            0             0
  0.014395             0            0             0
  0.023991             0            0             0
  0.033588             0            0             0
  0.043184             0            0             0
  0.052781             0            0             0
  0.062377             0            0             0
  0.071974             0            0             0
   0.08157             0            0             0
  0.091167             0            0             0
   0.10076             0            0             0
   0.11036             0            0             0
   0.11996             0            0             0
   0.12955             0            0             0
   0.13915             0            0             0
   0.14875             0            0             0
   0.15834             0            0             0
   0.16794             0            0             0
   0.17753             0            0             0
   0.18713             0            0             0
   0.19673             0            0             0
   0.20632             0            0             0
   0.21592             0            0             0
   0.22552             0            0             0
   0.23511             0            0             0
   0.24471             0            0             0
   0.25431             0            0             0
    0.2639             0            0             0
    0.2735             0            0             0
    0.2831             0            0             0
   0.29269             0            0             0
   0.30229             0            0             0
   0.31189             0            0             0
   0.32148             0            0             0
   0.33108             0            0             0
   0.34068             0            0             0
   0.35027             0            0             0
   0.35987             0            0             0
   0.36946             0            0             0
   0.37906             0            0             0
   0.38866             0            0             0
   0.39825             0            0             0
   0.40785             0            0             0
   0.41745             0            0             0
   0.42704             0            0             0
   0.43664             0            0             0
   0.44624             0            0             0
   0.45583             0            0             0
   0.46543             0            0             0
   0.47503             0            0             0
   0.48462             0            0             0
   0.49422             0            0             0
   0.50382             0            0             0
   0.51341             0            0             0
   0.52301             0            0             0
    0.5326             0            0             0
    0.5422             0            0             0
    0.5518             0            0             0
   0.56139             0            0             0
   0.57099             0            0             0
   0.58059             0            0             0
   0.59018             0            0             0
   0.59978             0            0             0
   0.60938             0            0             0
   0.61897             0            0             0
   0.62857             0            0             0
   0.63817             0            0             0
   0.64776             0            0             0
   0.65736             0            0             0
   0.66696             0            0             0
   0.67655             0            0             0
   0.68615             0            0             0
   0.69575             0            0             0
   0.70534             0            0             0
   0.71494             0            0             0
   0.72453             0            0             0
   0.73413             0            0             0
   0.74373             0            0             0
   0.75332             0            0             0
   0.76292             0            0             0
   0.77252             0            0             0
   0.78211             0            0             0
   0.79171             0            0             0
   0.80131             0            0             0
    0.8109             0            0             0
    0.8205             0            0             0
    0.8301             0            0             0
   0.83969             0            0             0
   0.84929             0            0             0
   0.85889             0            0             0
   0.86848             0            0             0
   0.87808             0            0             0
   0.88767             0            0             0
   0.89727             0            0             0
   0.90687             0            0             0
   0.91646             0            0             0
   0.92606             0            0             0
   0.93566             0            0             0
   0.94525             0            0             0
   0.95485             0            0             0
   0.96445             0            0             0
   0.97404             0            0             0
   0.98364             0            0             0
   0.99324             0            0             0
    1.0028             0            0             0
    1.0124             0            0             0
     1.022             0            0             0
    1.0316             0            0             0
    1.0412             0            0             0
    1.0508             0            0             0
    1.0604             0            0             0
      1.07             0            0             0
    1.0796             0            0             0
    1.0892             0            0             0
    1.0988             0            0             0
    1.1084             0            0             0
     1.118             0            0             0
    1.1276             0            0             0
    1.1372             0            0             0
    1.1468             0            0             0
    1.1564             0            0             0
     1.166             0            0             0
    1.1756             0            0             0
    1.1852             0            0             0
    1.1948             0            0             0
    1.2044             0            0             0
     1.214             0            0             0
    1.2236             0            0             0
    1.2331             0            0             0
    1.2427             0            0             0
    1.2523             0            0             0
    1.2619             0            0             0
    1.2715             0            0             0
    1.2811             0            0             0
    1.2907             0            0             0
    1.3003             0            0             0
    1.3099             0            0             0
    1.3195             0            0             0
    1.3291             0            0             0
    1.3387             0            0             0
    1.3483             0            0             0
    1.3579             0            0             0
    1.3675             0            0             0
    1.3771             0            0             0
    1.3867             0            0             0
    1.3963             0            0             0
    1.4059             0            0             0
    1.4155             0            0             0
    1.4251             0            0             0
    1.4347             0            0             0
    1.4443             0            0             0
    1.4539             0            0             0
    1.4635             0            0             0
    1.4731             0            0             0
    1.4827             0            0             0
    1.4923             0            0             0
    1.5018             0            0             0
    1.5114             0            0             0
     1.521             0   0.05554507             0
    1.5306             0    0.2164382             0
    1.5402             0    0.4714202             0
    1.5498             0     2.074958             0
    1.5594             0     4.228965             0
     1.569             0     8.044409             0
    1.5786             0      13.9468             0
    1.5882             0     24.44158             0
    1.5978             0     32.89911             0
    1.6074             0     37.54159             0
     1.617             0     36.04529             0
    1.6266             0     27.65581             0
    1.6362             0      20.3877             0
    1.6458             0     11.33898             0
    1.6554             0     5.879613             0
     1.665             0     3.345145             0
    1.6746             0     1.834285             0
    1.6842             0    0.5718278             0
    1.6938             0    0.2481802             0
    1.7034             0   0.07062491             0
     1.713             0   0.04261169             0
    1.7226             0   0.09129949             0
    1.7322             0    0.1180724             0
    1.7418             0    0.1751624             0
    1.7514             0    0.2627029             0
     1.761             0    0.2620876             0
    1.7706             0    0.3600753             0
    1.7801             0    0.4362124             0
    1.7897             0    0.4857615             0
    1.7993             0    0.5739235             0
    1.8089             0    0.6739905             0
    1.8185             0     0.717307             0
    1.8281             0    0.6370497             0
    1.8377             0    0.7188569             0
    1.8473             0    0.7327804             0
    1.8569             0     0.725226             0
    1.8665             0    0.7746127             0
    1.8761             0    0.8180199             0
    1.8857             0     0.780413             0
    1.8953             0    0.7386897             0
    1.9049             0     0.658522             0
    1.9145             0    0.6339328             0
    1.9241             0    0.6313776             0
    1.9337             0    0.5405997             0
    1.9433             0    0.5122808             0
    1.9529             0    0.5673645             0
    1.9625             0    0.5338731             0
    1.9721             0    0.5197593             0
    1.9817             0    0.4979334             0
    1.9913             0    0.4134364             0
    2.0009             0    0.4008047             0
    2.0105             0    0.3153559             0
    2.0201             0    0.3115156             0
    2.0297             0    0.2773819             0
    2.0393             0    0.2447106             0
    2.0488             0    0.2060187             0
    2.0584             0    0.1557407             0
     2.068             0    0.1112574             0
    2.0776             0    0.1094274             0
    2.0872             0    0.1028429             0
    2.0968             0    0.0821549             0
    2.1064             0   0.07671143             0
     2.116             0   0.06981172             0
    2.1256             0   0.04996535             0
    2.1352             0   0.05256445             0
    2.1448             0   0.03624009             0
    2.1544             0   0.03666625             0
     2.164             0   0.03263343             0
    2.1736             0   0.03896212             0
    2.1832             0   0.04007772             0
    2.1928             0   0.03683841             0
    2.2024             0     0.035086             0
     2.212             0   0.03762159             0
    2.2216             0   0.02181538             0
    2.2312             0   0.02232581             0
    2.2408             0    0.0186764             0
    2.2504             0   0.01645996             0
      2.26             0   0.01632047             0
    2.2696             0    0.0141599             0
    2.2792             0   0.01470952             0
    2.2888             0  0.009282275             0
    2.2984             0   0.01117741             0
     2.308             0   0.01173669             0
    2.3176             0  0.009053092             0
    2.3271             0  0.003847963             0
    2.3367             0  0.008268916             0
    2.3463             0  0.003785269             0
    2.3559             0  0.005631741             0
    2.3655             0  0.003103411             0
    2.3751             0  0.005541091             0
    2.3847             0  0.004885853             0
    2.3943             0  0.007875995             0
    2.4039             0   0.00360611             0
    2.4135             0  0.002384994             0
    2.4231             0  0.001774605             0
    2.4327             0  0.001760632             0
    2.4423             0  0.003493646             0
    2.4519             0  0.001155451             0
    2.4615             0  0.001146459             0
    2.4711             0  0.001706358             0
    2.4807             0  0.002257575             0
    2.4903             0 0.0005600522             0
    2.4999   0.001670182  0.003334564             0
    2.5095    0.02541396  0.001103036             0
    2.5191    0.01973794 0.0005473242             0
    2.5287    0.02938261 0.0005431778             0
    2.5383     0.1101632            0             0
    2.5479     0.3633779 0.0005350252             0
    2.5575     0.6707776            0             0
    2.5671      1.565435            0             0
    2.5767      3.711293 0.0005231361             0
    2.5863      5.954319 0.0005192611             0
    2.5958      8.335039            0             0
    2.6054      12.31402            0             0
     2.615      15.27899            0             0
    2.6246      17.62105            0             0
    2.6342      16.96895            0             0
    2.6438      14.03616 0.0004968898             0
    2.6534      10.56218            0             0
     2.663      7.329148            0             0
    2.6726      4.378922 0.0004862425             0
    2.6822      2.445611            0             0
    2.6918      1.269561            0             0
    2.7014     0.6121618            0             0
     2.711     0.1197682            0             0
    2.7206    0.02632327            0             0
    2.7302   0.008868436            0             0
    2.7398    0.01529536            0             0
    2.7494    0.02715568            0             0
     2.759    0.03930798            0             0
    2.7686    0.05083752            0             0
    2.7782    0.08429513            0             0
    2.7878      0.118187            0             0
    2.7974     0.1689524            0             0
     2.807     0.2123984            0             0
    2.8166     0.2561266            0             0
    2.8262     0.3219081            0             0
    2.8358      0.405399            0             0
    2.8454     0.4147018            0             0
     2.855     0.5263167            0             0
    2.8646     0.5800367            0             0
    2.8741     0.6389251            0             0
    2.8837     0.6279857            0             0
    2.8933      0.697805            0             0
    2.9029     0.7121908            0             0
    2.9125     0.7349853            0             0
    2.9221     0.7423895            0             0
    2.9317     0.7205359            0             0
    2.9413     0.6921145            0             0
    2.9509     0.6844239            0             0
    2.9605     0.6788031            0             0
    2.9701     0.6428718            0   0.001580348
    2.9797      0.594457            0    0.03454407
    2.9893     0.5532686            0     0.2761412
    2.9989     0.5149156            0      1.264923
    3.0085     0.4643548            0      2.190274
    3.0181     0.4430725            0      4.355797
    3.0277      0.388271            0      7.718116
    3.0373     0.3394323            0      11.99906
    3.0469     0.2960722            0      15.46613
    3.0565     0.2621874            0      15.45721
    3.0661      0.219838            0      16.06353
    3.0757     0.1805858            0      14.91857
    3.0853     0.1692299            0      11.10295
    3.0949     0.1558317            0      6.714258
    3.1045     0.1263507            0      3.389204
    3.1141     0.1065578            0      1.242105
    3.1237    0.09199745            0     0.7858411
    3.1333    0.08966279            0     0.5950065
    3.1428    0.07608328            0     0.2540528
    3.1524    0.08122231            0    0.05891862
     3.162      0.067855            0    0.02091484
    3.1716    0.06329454            0    0.03603333
    3.1812    0.06188189            0    0.05234685
    3.1908    0.05570092            0    0.09447999
    3.2004    0.04144062            0     0.1333854
      3.21    0.04220616            0     0.2313545
    3.2196    0.04128366            0     0.2568753
    3.2292    0.04671066            0     0.3128382
    3.2388    0.04212251            0     0.4518616
    3.2484    0.04121457            0     0.5813121
     3.258    0.05113322            0     0.5936534
    3.2676    0.08439635            0     0.7781908
    3.2772     0.2105669            0     0.8346485
    3.2868     0.4434768            0     0.8775297
    3.2964     0.6938467            0     0.9776323
     3.306      1.000834            0      1.026813
    3.3156      1.345722            0      1.086823
    3.3252      1.855279            0      1.091907
    3.3348      1.902495            0      1.116972
    3.3444      1.700287            0      1.126774
     3.354      1.772842            0      1.104225
    3.3636      1.834086            0     0.9710112
    3.3732      2.312606            0     0.9495659
    3.3828      3.028606            0     0.9819534
    3.3924      3.465896            0     0.9279488
     3.402      3.361292            0     0.7841923
    3.4116      3.354665            0     0.7438519
    3.4211      2.601932            0      0.672982
    3.4307      1.621372            0     0.6182904
    3.4403        1.0697  0.007042655     0.4841028
    3.4499     0.6533379   0.09104588     0.5001545
    3.4595      0.373261    0.2170674     0.3843948
    3.4691     0.2312765    0.5584289     0.3544695
    3.4787     0.1069511     1.272861     0.3317803
    3.4883    0.09149541      2.33108     0.2864213
    3.4979     0.1549743     3.565033     0.2529484
    3.5075     0.2265249     5.354604      0.193774
    3.5171     0.3948911     6.060769     0.1848289
    3.5267     0.6411477     6.146789     0.1378683
    3.5363      1.299272     5.333597     0.1293174
    3.5459      1.959957     4.070285     0.1341623
    3.5555      2.708451     2.752653     0.1047662
    3.5651      3.429159     1.753003    0.09213736
    3.5747      4.255637     1.388631    0.08727936
    3.5843      4.577089     1.403914    0.06293915
    3.5939      4.151581     1.651618      0.058286
    3.6035      3.162501     2.262306     0.0483133
    3.6131      2.107632     2.875537    0.04912493
    3.6227       1.13122     3.212834    0.06479926
    3.6323     0.7613304     3.330665    0.05494722
    3.6419     0.4113208     2.665801    0.05886248
    3.6515     0.2317191     1.749203    0.03555034
    3.6611     0.1881946     1.075641     0.0436852
    3.6707     0.1807563     0.566847    0.02483262
    3.6803     0.1864937     0.380802    0.02779119
    3.6898     0.1998353    0.2880082    0.03686243
    3.6994     0.2168495     0.200485    0.04278334
     3.709     0.2172463    0.2143444    0.04154885
    3.7186     0.2342418    0.2044488    0.03931835
    3.7282     0.2422989    0.2716133    0.03610726
    3.7378     0.2629706    0.2799155    0.02694157
    3.7474     0.2648462    0.2685909    0.01886191
     3.757     0.3098346    0.2832144    0.01975334
    3.7666     0.3340073    0.3067435    0.01867018
    3.7762     0.3835494    0.3271072    0.02444132
    3.7858     0.4061254    0.3455645    0.02237216
    3.7954     0.4306422    0.3320049    0.02129138
     3.805     0.4640386    0.3634376    0.02022121
    3.8146     0.4609894    0.3470513    0.01820344
    3.8242     0.4465456    0.3757105   0.007626187
    3.8338     0.4547283    0.4964735    0.01422761
    3.8434     0.4748361    0.7566317    0.01132532
     3.853     0.4391943     1.071514   0.008451729
    3.8626     0.4493742      1.63887   0.004672103
    3.8722     0.4206965     2.056282    0.01115754
    3.8818     0.3932202     2.361909    0.01480325
    3.8914     0.3717534     3.126207    0.01473033
     3.901     0.3623818     3.095096   0.004580607
    3.9106     0.3535526      2.49828   0.005469784
    3.9202     0.3169583     1.797424   0.002721518
    3.9298     0.2962621     1.520796   0.002708243
    3.9394     0.2905607     1.271458   0.005390128
     3.949     0.2820107     1.378429    0.00715195
    3.9585     0.2715418     1.695575             0
    3.9681     0.2545421     1.859431   0.001770733
    3.9777     0.2546348     2.440074   0.004405499
    3.9873     0.2332778     2.994359  0.0008768637
    3.9969     0.2312878     2.554315   0.003490633
    4.0065     0.2180435     2.571303   0.003473931
    4.0161     0.2709299     1.899892  0.0008643373
    4.0257     0.3209486      1.11912   0.002580664
    4.0353     0.4931307    0.6784772  0.0008561348
    4.0449     0.7653233    0.5037397             0
    4.0545      1.052714    0.5393876  0.0008480486
    4.0641      1.818921    0.7374499             0
    4.0737      2.286904     0.996429             0
    4.0833      2.249667     1.550848   0.001672265
    4.0929      2.138399     2.020032             0
    4.1025      1.726539     2.427033             0
    4.1121      1.537423     2.558677             0
    4.1217     0.9644075     2.377495             0
    4.1313     0.6201134     1.894147             0
    4.1409     0.6217065     1.673708             0
    4.1505     0.8559472     2.080103  0.0008092859
    4.1601      1.197991     3.045268             0
    4.1697      1.625531     4.353525  0.0008018527
    4.1793      1.904718     5.382095             0
    4.1889       2.15615     6.527886             0
    4.1985      2.027877     6.394634             0
    4.2081      1.705449     5.514258             0
    4.2177      1.383193     4.182205             0
    4.2273     0.9468271     3.170047             0
    4.2368     0.5419185     2.039501             0
    4.2464     0.3364947     1.212668             0
     4.256     0.2043679    0.7431905             0
    4.2656     0.1738115    0.6547179    0.02911483
    4.2752     0.1302024     0.596675    0.08237635
    4.2848     0.1161651    0.5593865    0.06150583
    4.2944     0.1169671    0.5913535     0.1587477
     4.304     0.1044259    0.5812198     0.3085554
    4.3136     0.1073274    0.5749035      0.525959
    4.3232    0.09363466    0.5589743      1.308321
    4.3328     0.1041547    0.6527046      2.636253
    4.3424     0.1077541     0.771941       4.63041
     4.352       0.11426     1.038657       7.33421
    4.3616     0.1146722     1.460216      9.548845
    4.3712      0.138569     1.910605      10.80934
    4.3808     0.1526472     2.124663      10.42497
    4.3904     0.1666011     2.172685      9.085541
       4.4     0.1996612     2.199098      7.566138
    4.4096     0.2216963     1.802643      5.195191
    4.4192     0.2323146     1.536412      3.391564
    4.4288     0.2261648     1.246616      1.703722
    4.4384     0.2555661     1.142497     0.7770573
     4.448     0.2748639     1.015916     0.6687148
    4.4576      0.307301    0.9977372     0.4251825
    4.4672     0.3795573     1.138087     0.1495026
    4.4768     0.5572627     1.424358     0.1154726
    4.4864     0.9692272      1.85968     0.1717761
     4.496      1.362354     2.177872     0.2358746
    4.5055      1.749727     2.303255     0.2801968
    4.5151      2.057853     2.299778      0.309096
    4.5247      2.236237     2.025218     0.3540904
    4.5343      1.844172     1.408854     0.3953112
    4.5439      1.277453     1.055715     0.4253778
    4.5535     0.8488882    0.7227898     0.4578771
    4.5631     0.5986928    0.5926493      0.529602
    4.5727     0.3936835    0.5175774     0.5833866
    4.5823     0.2916246     0.467278     0.6606182
    4.5919     0.1803493      0.52479     0.6228181
    4.6015     0.1390117    0.7435533     0.6524852
    4.6111     0.1246885    0.9369707     0.7468118
    4.6207     0.1109718     1.397184     0.7443659
    4.6303     0.1023984     1.821827     0.7360817
    4.6399     0.1459328     2.072747     0.7738364
    4.6495     0.1826697     2.107578     0.7822534
    4.6591     0.2481137     1.861942     0.7327931
    4.6687     0.3717595     1.512979     0.7758349
    4.6783     0.5886576      1.16083     0.8032303
    4.6879     0.8485822    0.7075573     0.7910638
    4.6975     0.9837118    0.5696221     0.7954164
    4.7071      1.049112    0.4375074     0.7418396
    4.7167      1.291475    0.3868636     0.6999715
    4.7263      1.487162    0.4089281     0.6784085
    4.7359      1.692888    0.4343724     0.6464475
    4.7455      1.865266    0.4542096     0.6326923
    4.7551      1.877903    0.4585225     0.6504881
    4.7647      1.668047    0.4404603     0.6104106
    4.7743      1.339885     0.432444     0.6042894
    4.7838     0.9042716    0.4301037     0.5781095
    4.7934     0.6285503    0.4315576     0.5224039
     4.803     0.4678341    0.4141771     0.5698726
    4.8126     0.3067412    0.4215243     0.7102551
    4.8222     0.2157503    0.4025226      1.424454
    4.8318     0.2178747    0.3891728      2.058337
    4.8414     0.2628782    0.3818526       2.78711
     4.851     0.3847009    0.3527437      3.928949
    4.8606     0.6780078    0.3282717      3.856802
    4.8702      1.169521     0.300329      4.424091
    4.8798      2.029597    0.2709988       5.57176
    4.8894      2.973733    0.2577323      6.993225
     4.899      3.983092    0.2491984        8.2978
    4.9086      5.064828    0.2456303      9.668507
    4.9182       5.09787    0.2860258      9.450415
    4.9278      4.562379    0.3371183      7.875035
    4.9374      3.737289    0.5322795      6.535995
     4.947      3.068548    0.7633924      4.691163
    4.9566      2.704049    0.9932787      2.521783
    4.9662      2.456892     1.355873      1.406384
    4.9758      2.190399     1.493877     0.8125368
    4.9854      1.975074     1.547663     0.7460274
     4.995       1.65666     1.507476     0.4386341
    5.0046      1.344421     1.290916     0.2616155
    5.0142       1.22622    0.7934974     0.2827951
    5.0238      1.018065    0.5580346     0.2485727
    5.0334      0.738564    0.5002493     0.2773408
     5.043     0.5662501    0.3961922     0.3579662
    5.0525     0.5143556    0.4327834     0.4035728
    5.0621     0.4636647    0.5586846     0.4330543
    5.0717      0.413083    0.9665078     0.4493024
    5.0813     0.4593602     1.337217     0.5172587
    5.0909     0.6156325     1.618021     0.5486604
    5.1005     0.8198082     1.450397     0.6419845
    5.1101      1.061485     1.285483     0.6406433
    5.1197      1.565756     1.140345     0.6813253
    5.1293      1.846203    0.6729892     0.7073919
    5.1389      2.204647    0.3996828     0.7137268
    5.1485      2.170185    0.3409349     0.6700454
    5.1581      2.158718    0.2033828     0.5994367
    5.1677      2.173768    0.1940444     0.5491849
    5.1773      2.147285    0.1585996     0.5185451
    5.1869      2.367339      0.23702     0.4731007
    5.1965      2.593226    0.3688807     0.4661923
    5.2061      2.337207    0.5975436     0.4408142
    5.2157      1.994165    0.9225768     0.4320189
    5.2253       1.75735     1.181109     0.4723025
    5.2349      1.705207     1.259924     0.4726073
    5.2445      1.323658      1.26403     0.4592214
    5.2541      1.057431     1.259291     0.4994618
    5.2637     0.9188362    0.9652529      0.522298
    5.2733     0.7858718     0.795249     0.5549917
    5.2829     0.6665824    0.4975444     0.5649659
    5.2925     0.5892668    0.3598405     0.5977591
    5.3021     0.5777296    0.1850763     0.6580829
    5.3117     0.5755206    0.1354132     0.7219202
    5.3213     0.5889286    0.1419168     0.7611682
    5.3308     0.6076234    0.1722053     0.9021689
    5.3404     0.6148349    0.1782848      1.199062
      5.35     0.6898179    0.1936631      1.832328
    5.3596     0.8045929    0.2027638      2.386317
    5.3692      1.038627    0.1985458      3.079962
    5.3788      1.275316    0.1907552      3.996085
    5.3884      1.588681    0.2032345      4.506665
     5.398      1.850977    0.1994135      5.381993
    5.4076      1.819309    0.2111775      5.209396
    5.4172      1.707115    0.2234487      3.708775
    5.4268      1.393685    0.2186493      2.844061
    5.4364       1.07292    0.2183482      2.059011
     5.446     0.8860252    0.2223806      1.690764
    5.4556     0.6732005     0.208296     0.9775428
    5.4652     0.6777111    0.1896576     0.5148282
    5.4748     0.7060978    0.1867916     0.3074429
    5.4844     0.8682292    0.1856766     0.2498219
     5.494       1.03591    0.1838779     0.1999913
    5.5036      1.347723    0.1788799      0.167076
    5.5132      1.568419    0.1784862     0.1453963
    5.5228      1.914192    0.1705787     0.1389496
    5.5324      2.044761    0.1619306     0.1343686
     5.542      2.105767    0.1572993     0.1443436
    5.5516      2.204045    0.1504452     0.1727949
    5.5612      2.684131     0.155317     0.1996968
    5.5708      2.786779    0.1636238     0.2165294
    5.5804      2.384929    0.1955177     0.2292159
      5.59      1.966667    0.2097412     0.2926754
    5.5995      1.385146    0.3137005     0.3147935
    5.6091     0.9856284    0.5017282     0.3203639
    5.6187     0.6569369    0.6978219     0.3515066
    5.6283     0.4058231     1.118434     0.3542698
    5.6379     0.3208178     1.470839     0.3504332
    5.6475     0.2838394     1.779682     0.3557998
    5.6571     0.3014675     1.876641       0.35198
    5.6667     0.3183247      1.91615     0.3381987
    5.6763     0.3281554     1.753268     0.3496038
    5.6859     0.3382408     1.419692     0.3264325
    5.6955     0.3411776    0.9862091     0.3214655
    5.7051     0.3198278    0.6161362     0.3173867
    5.7147     0.3002173    0.3462777      0.289001
    5.7243     0.2769141    0.2379574     0.3684438
    5.7339     0.2635007    0.2095895     0.7047409
    5.7435     0.2452184    0.2553213       0.92891
    5.7531     0.2432447    0.2978089      1.496971
    5.7627     0.2630747    0.3923058      2.380298
    5.7723     0.2573973    0.6979879       2.36444
    5.7819     0.2813133    0.9487581       2.22315
    5.7915     0.2893026     1.100631      1.667557
    5.8011     0.2897936     1.151692      1.287131
    5.8107     0.3034697     1.057883     0.8076344
    5.8203     0.3147945    0.9089099     0.5489951
    5.8299     0.3247125     0.838372     0.4868918
    5.8395     0.3443586     1.071719     0.3843094
    5.8491     0.3701794     1.271146     0.3512644
    5.8587     0.3978567     1.710697     0.3151844
    5.8683     0.4598035     1.966935     0.3202269
    5.8778     0.4925426     2.146496     0.2772163
    5.8874     0.5351036     2.264756     0.2755089
     5.897     0.6572246     2.313321      0.236528
    5.9066     0.7595024     2.314472     0.2545409
    5.9162     0.9462012     1.834243      0.207115
    5.9258      1.095325     1.497165     0.2088267
    5.9354      1.324859     1.214605     0.2338742
     5.945      1.489903     1.237908     0.2062972
    5.9546      1.548689     1.285248     0.2056328
    5.9642      1.620978     1.606155     0.2167291
    5.9738      1.719216     1.886356     0.2257997
    5.9834      2.001947     2.265452     0.2554496
     5.993      2.052307      2.21459     0.2810269
    6.0026       1.89328     1.946962     0.2979273
    6.0122      1.983976     1.759821     0.3382453
    6.0218      1.915388     1.698951     0.3487017
    6.0314      1.659194     1.579169     0.3790181
     6.041       1.50272     1.407318     0.3640623
    6.0506      1.352647     1.354568     0.3830911
    6.0602       1.42065     1.265546       0.37125
    6.0698       1.42721     1.102134     0.3787802
    6.0794      1.129562    0.9540301     0.3632514
     6.089      0.934474    0.7727549       0.30044
    6.0986     0.7098303    0.7058898     0.2957469
    6.1082     0.5862799    0.6206365     0.2578259
    6.1178     0.4400745     0.617299     0.2257286
    6.1274     0.3378728    0.6318334     0.1901176
     6.137     0.2774167    0.6401875     0.1595403
    6.1465     0.2389777     0.651796     0.1291529
    6.1561     0.2433743    0.6798251     0.1070469
    6.1657     0.2424343    0.7090472    0.08324418
    6.1753     0.2356599    0.7567551    0.07274954
    6.1849     0.2547567    0.8020755    0.06960842
    6.1945     0.2683846    0.9216039    0.06721304
    6.2041     0.2720745     1.136037    0.06229679
    6.2137     0.2891669     1.217538    0.07077026
    6.2233     0.3055238     1.262032    0.06227309
    6.2329     0.3115692     1.354166    0.06136378
    6.2425     0.3229329     1.262216    0.05330475
    6.2521     0.3321782     1.059312    0.04886141
    6.2617     0.3473994    0.8570253    0.05048956
    6.2713     0.3582797    0.8838118    0.04785385
    6.2809     0.3548927    0.8488902    0.04558739
    6.2905     0.3834414    0.9179245    0.04615303
    6.3001     0.4087467     1.078328    0.03371911
    6.3097     0.4261186     1.240717    0.03536748
    6.3193     0.4764039     1.081789    0.03491104
    6.3289     0.5713768    0.9918869     0.0285403
    6.3385     0.6500118    0.7920422    0.03365894
    6.3481     0.7197944    0.7183724    0.02871393
    6.3577     0.7512791    0.7659573    0.02897222
    6.3673     0.6783025    0.9283053    0.02647788
    6.3769      0.596521     1.124094    0.02708391
    6.3865      0.535615      1.40837    0.02666077
    6.3961     0.6143782     1.661561    0.02112835
    6.4057     0.6709605     1.813857     0.0176675
    6.4152     0.8900233     1.675011    0.01558222
    6.4248      1.197962     1.536397     0.0165489
    6.4344      1.647424      1.19777    0.02020356
     6.444      1.760909     0.853207    0.01376468
    6.4536      1.604059    0.6125902    0.01673631
    6.4632      1.531086    0.5119148    0.00901079
    6.4728       1.36329    0.4953107   0.009982323
    6.4824      1.119232    0.6680756   0.009289271
     6.492     0.7460966    0.8886029    0.01058495
    6.5016     0.4565601     1.210203    0.01187294
    6.5112     0.2943676     1.420457    0.01808578
    6.5208     0.2351615     1.455568    0.06458945
    6.5304     0.2046113     1.464161     0.1951607
      6.54     0.1796894     1.459786     0.5433481
    6.5496      0.168295     1.193265      1.011691
    6.5592     0.1727359     1.101136      1.355131
    6.5688      0.180698     1.085123      2.045178
    6.5784     0.1982606     1.075378      2.596214
     6.588      0.209708      1.24598      3.068227
    6.5976     0.2158925     1.618816      2.862016
    6.6072     0.2244311     1.889236      2.221077
    6.6168     0.2391973     2.228765      1.688602
    6.6264     0.2824026     2.573518      1.105226
     6.636     0.3546693     2.632332     0.5191989
    6.6456     0.4284084     2.543024      0.241804
    6.6552     0.5519953     2.281153     0.1545478
    6.6648     0.7002472     1.857594    0.07971931
    6.6744     0.7816483     1.546315     0.1085949
     6.684     0.8486391     1.368511     0.1192053
    6.6935      0.894043     1.214743     0.1369111
    6.7031     0.8176914     1.180811     0.1560664
    6.7127     0.7599172      1.12279     0.1961499
    6.7223     0.7647553     1.157708     0.1962073
    6.7319     0.9497467      1.08053      0.197494
    6.7415      1.158256    0.9605319     0.1935579
    6.7511      1.308554    0.8047101       0.18322
    6.7607      1.342825    0.6841148     0.1643997
    6.7703      1.434736    0.5765504     0.1456853
    6.7799      1.533009    0.5479453     0.1307155
    6.7895      1.470638    0.5275613     0.1031278
    6.7991       1.29745    0.5096944     0.1245503
    6.8087      1.152701    0.5119297     0.1238987
    6.8183     0.9319748    0.5234891     0.1286481
    6.8279     0.7399481    0.5333426     0.1525087
    6.8375     0.5623162    0.5481905     0.1753404
    6.8471     0.4830418    0.5638421      0.314907
    6.8567     0.5047058    0.5939574     0.5533265
    6.8663     0.6362783    0.5988548     0.8247143
    6.8759     0.8319487    0.5955682      1.098419
    6.8855     0.9960712    0.5996967      1.490277
    6.8951      1.216506    0.6001471      2.121579
    6.9047      1.224657    0.6236869      2.705505
    6.9143     0.9913597    0.6680896      2.802689
    6.9239     0.7242237    0.7285449      2.395069
    6.9335     0.6437668    0.7907583      1.765232
    6.9431     0.5649066    0.8800759      1.520899
    6.9527     0.5556469     0.969185     0.9358629
    6.9622     0.7334144     1.026918     0.6741508
    6.9718     0.9324628     1.073897     0.4669361
    6.9814      1.215646     1.063322     0.3712641
     6.991      1.364081    0.9388156     0.3768062
    7.0006      1.557843    0.8065542     0.4278303
    7.0102      1.730362    0.6620089     0.4294966
    7.0198      1.755146    0.5222678     0.4240795
    7.0294      1.708111    0.4596912     0.3969658
     7.039      1.513442    0.4078982     0.3685915
    7.0486      1.333903    0.3689687     0.3358805
    7.0582      1.170418    0.3592514     0.3044653
    7.0678      1.165988    0.3388783     0.2810336
    7.0774      1.119069    0.3246468     0.2521613
     7.087      1.152893    0.2985278     0.2328816
    7.0966      1.187774    0.2944796      0.223394
    7.1062      1.107815     0.297055     0.2018095
    7.1158      1.088544     0.294951      0.212554
    7.1254     0.9156656    0.3109856     0.2213178
     7.135     0.7604567    0.3639107     0.2212706
    7.1446     0.6452698    0.4822106     0.2411602
    7.1542     0.5511589    0.5763278     0.2546775
    7.1638     0.4856168    0.6375894     0.2534524
    7.1734     0.4509847    0.7246425     0.2484398
     7.183     0.4232117    0.7907643     0.2637184
    7.1926     0.4277997    0.7714686     0.2926583
    7.2022     0.4079467    0.7633209     0.3211743
    7.2118     0.4011755    0.6912387     0.3704455
    7.2214     0.4219936    0.6612965     0.4277414
     7.231      0.466189    0.6331049     0.5863177
    7.2405      0.540013    0.7099339     0.7669218
    7.2501     0.7204732    0.7058753       1.39532
    7.2597     0.9983399    0.7621343      2.322739
    7.2693      1.494118    0.7683391      3.616456
    7.2789      2.192162    0.7733287      5.088849
    7.2885      2.901917    0.8485734      7.068113
    7.2981       3.26643    0.8887941      8.686743
    7.3077      3.493246    0.9488973      8.630789
    7.3173      3.165233     1.138741       7.50653
    7.3269      2.623045     1.256614      5.647232
    7.3365      2.043409     1.232615       3.95718
    7.3461      1.512567     1.162399      2.431453
    7.3557      1.201895    0.9705797      1.280321
    7.3653      1.245969    0.8127284     0.7552959
    7.3749      1.410136     0.668275     0.4688137
    7.3845      1.497137    0.5703639      0.399847
    7.3941      1.494845    0.4430374     0.3697405
    7.4037      1.484561    0.4591876     0.4026089
    7.4133      1.577582    0.6000065     0.4786844
    7.4229      1.664434    0.7313343     0.5318466
    7.4325       1.75606    0.9921284     0.6132503
    7.4421       1.75656     1.257471     0.6718298
    7.4517      1.684807     1.512499     0.7042458
    7.4613       1.54542     1.568441     0.7192137
    7.4709      1.433673     1.477295     0.7083751
    7.4805      1.330204     1.364825      0.748165
    7.4901      1.319727     1.202532     0.7094709
    7.4997      1.191892     1.095899     0.7371524
    7.5092      1.044592    0.9843877      0.810181
    7.5188      1.087531    0.9407755     0.8946715
    7.5284      1.097712    0.9007528      1.154846
     7.538      1.026464    0.8552462      1.601139
    7.5476      1.067524    0.9592801      2.329529
    7.5572      1.190796      1.15449      3.143803
    7.5668      1.323648     1.117837      4.045004
    7.5764      1.413215     1.173275       4.91686
     7.586      1.450451     1.268503      5.388693
    7.5956      1.382382     1.411527      6.353494
    7.6052      1.379858     1.615136      6.620442
    7.6148      1.329101     1.877852      5.661298
    7.6244      1.309178     2.007797      4.944382
     7.634      1.260158     2.050489      4.164069
    7.6436        1.1928     1.917829      3.455662
    7.6532      1.206621     1.654719      2.786021
    7.6628      1.263743     1.452721      2.217302
    7.6724      1.295632     1.275328      1.829041
     7.682      1.314329     1.289388      1.540751
    7.6916      1.328401      1.28494      1.350745
    7.7012      1.317114     1.370402       1.25171
    7.7108      1.278083     1.415128      1.204515
    7.7204      1.308297     1.509274       1.09931
      7.73        1.3284     1.511342      1.023554
    7.7396      1.366056     1.524005     0.9246644
    7.7492      1.383765     1.438218     0.8487806
    7.7588       1.29024     1.196667      0.826071
    7.7684      1.190369    0.9905494     0.8395093
     7.778      1.163624    0.8518695     0.8084029
    7.7875      1.244288    0.6717763     0.8165264
    7.7971      1.182682    0.5927139     0.8289644
    7.8067      1.205409    0.5974693     0.8248689
    7.8163      1.197439    0.6004942     0.7742407
    7.8259      1.259947    0.6061111     0.7361501
    7.8355      1.307809    0.6724556     0.7193614
    7.8451      1.284882     0.717876     0.6786418
    7.8547      1.142116    0.8329905     0.6417344
    7.8643      1.069743    0.9889291     0.6228124
    7.8739     0.9671354     1.093407     0.5972349
    7.8835     0.8679906     1.214139     0.5942116
    7.8931     0.8132191     1.329709     0.5654676
    7.9027     0.7677917     1.429422     0.5946773
    7.9123      0.767542     1.465235     0.5932356
    7.9219     0.6923917     1.430086     0.5964643
    7.9315     0.6158882     1.444681     0.6191773
    7.9411     0.5620419     1.358907     0.6890887
    7.9507      0.518856     1.212225     0.7141117
    7.9603     0.4867482     1.097105     0.7570529
    7.9699      0.472869     1.046565     0.7681802
    7.9795     0.4774698     1.001829     0.7770622
    7.9891     0.5228764    0.9169822     0.8086158
    7.9987      0.584922    0.9114175     0.8092916
    8.0083     0.6839391     1.041593     0.8058315
    8.0179     0.8223138     1.139429      0.778314
    8.0275     0.9094351     1.209199     0.7446519
    8.0371     0.9951148     1.186204     0.6938821
    8.0467     0.9016092     1.215132     0.7232329
    8.0562     0.8624204     1.192974     0.7533012
    8.0658     0.8346996     1.084485     0.7020092
    8.0754     0.8226334    0.9352334     0.6890114
     8.085     0.8632088    0.8279707     0.6432293
    8.0946     0.9595561    0.7399253     0.5838325
    8.1042      1.137342    0.6369586      0.552946
    8.1138      1.366076    0.5867058     0.4976396
    8.1234      1.418896    0.6138469     0.4501983
     8.133      1.390722    0.6344525     0.4107776
    8.1426      1.425176    0.6926235     0.4032916
    8.1522      1.394024    0.7479581     0.4398919
    8.1618      1.380981    0.7771182     0.5418234
    8.1714      1.414265     0.782056     0.6253193
     8.181      1.236803    0.8094904     0.9777518
    8.1906      1.144652    0.8036082      1.326038
    8.2002      1.045477    0.8483694      1.804136
    8.2098      0.810383    0.9819122      2.086808
    8.2194     0.6144929     1.128042      2.123828
     8.229      0.509017     1.317802      1.832504
    8.2386        0.4333     1.428589      1.652623
    8.2482     0.4406282     1.473358      1.375417
    8.2578     0.5068516     1.439376      1.033051
    8.2674      0.615169     1.440304     0.7881355
     8.277     0.7517785     1.341402     0.5256305
    8.2866     0.7959942      1.24351     0.3029134
    8.2962     0.7911207     1.112307     0.2916801
    8.3058     0.7210563     1.128014     0.1713705
    8.3154     0.6759184     1.080255     0.1292395
     8.325     0.6084962      1.01397     0.1303498
    8.3345     0.5292116    0.9379372     0.1430949
    8.3441     0.5014603    0.8619522     0.1814109
    8.3537     0.4753807     0.822546     0.2287401
    8.3633     0.4997583    0.8583978     0.2676798
    8.3729       0.55777     1.042412     0.3122073
    8.3825     0.5974917     1.213125     0.3733947
    8.3921     0.7257057     1.293252     0.3784797
    8.4017     0.7626418     1.378422     0.4070427
    8.4113       0.76046     1.462463     0.4177403
    8.4209     0.7185933     1.550527     0.4049928
    8.4305     0.6934121     1.331298     0.4113289
    8.4401     0.7292486     1.207941     0.4160695
    8.4497     0.7885548     1.052305     0.4680407
    8.4593     0.8322748    0.9588179     0.6144568
    8.4689      1.000853    0.8719015     0.9575011
    8.4785      1.197803    0.8493946      1.708393
    8.4881      1.474892    0.9093244      2.224464
    8.4977      1.756412    0.9581113      2.735884
    8.5073      2.017334     1.074629      2.943916
    8.5169      2.049627     1.173238      3.060866
    8.5265      1.941358     1.404499      2.618683
    8.5361      1.774028     1.592008      2.137536
    8.5457      1.499296     1.667478      1.596308
    8.5553      1.259256     1.681392      1.033312
    8.5649      1.074689     1.622231     0.6708611
    8.5745     0.9481571     1.561582     0.5385221
    8.5841     0.9109089     1.452134     0.4220979
    8.5937     0.8963911     1.314481      0.361503
    8.6032     0.9426211     1.188513     0.3654058
    8.6128      1.011343     1.019841     0.3467383
    8.6224      1.198623    0.9232524     0.3510298
     8.632      1.292989    0.8056952     0.3648435
    8.6416      1.373188    0.6874484     0.3729945
    8.6512      1.326632    0.6341353     0.4014118
    8.6608      1.330837    0.6096256      0.406656
    8.6704       1.21506    0.6170087     0.3820192
      8.68      1.075732    0.6466695     0.3922772
    8.6896      0.970053    0.6853971     0.3731331
    8.6992     0.8402411    0.7277616     0.3686259
    8.7088     0.7381101    0.8031387     0.3529249
    8.7184      0.761707    0.9326489     0.3589346
     8.728     0.8746704     1.087393     0.3683941
    8.7376     0.9806648     1.201468     0.3949762
    8.7472      1.069595     1.231062     0.5125435
    8.7568      1.072833     1.341011     0.6730464
    8.7664      1.099641     1.473887     0.9398765
     8.776      1.004404      1.62124      1.135668
    8.7856     0.8537773     1.798185      1.548065
    8.7952     0.7960084     1.845493      1.914505
    8.8048     0.7530301     1.799896      1.888035
    8.8144     0.7232236     1.742871      1.647965
     8.824     0.7225897     1.628636      1.412514
    8.8336     0.7390339     1.507994      1.290817
    8.8432     0.8064356     1.446097      1.090313
    8.8528     0.8701251     1.355039     0.8664823
    8.8624     0.9126727     1.273702     0.7323687
    8.8719     0.9423481     1.256254     0.7187412
    8.8815     0.9291097     1.208277     0.6982782
    8.8911      0.937888     1.205978     0.7251646
    8.9007     0.9933977     1.106535     0.6526845
    8.9103     0.9984459     1.119333     0.6349491
    8.9199     0.9704555     1.106144     0.5733091
    8.9295      1.021517    0.9701306     0.5156041
    8.9391      1.074012     0.859691     0.4485498
    8.9487      1.074099    0.7752685     0.4132923
    8.9583      1.075354    0.8247639     0.3462207
    8.9679      1.020059    0.9752743     0.3082105
    8.9775     0.8757239     1.213956     0.2895624
    8.9871     0.7523352     1.427149     0.2687493
    8.9967     0.6470086     1.440755     0.2488855
    9.0063     0.5886681     1.520027     0.2468086
    9.0159     0.5795401     1.453385     0.2370221
    9.0255     0.5868506     1.334878     0.2484983
    9.0351     0.6286938     1.151136     0.2445551
    9.0447     0.7196081    0.9291962     0.2489785
    9.0543     0.7917167    0.8484687     0.2674972
    9.0639     0.8163406    0.7715475     0.2749068
    9.0735     0.8340545     0.721823     0.2777123
    9.0831     0.7959836    0.7168044      0.299431
    9.0927     0.7490237    0.7925052     0.3212261
    9.1023      0.682187    0.9219631     0.3178569
    9.1119     0.6964653     1.041504     0.3173556
    9.1215     0.7380304     1.203369     0.3042888
    9.1311     0.7993242     1.246497     0.2969612
    9.1407     0.8845946     1.227046     0.2796523
    9.1502      1.002334     1.120519     0.2788995
    9.1598      1.055262    0.9626082     0.2706721
    9.1694      1.047385    0.8008946     0.2623128
     9.179      1.182334    0.7360268     0.2645775
    9.1886      1.189591    0.6684663     0.2542831
    9.1982      1.144343    0.6630903     0.2610029
    9.2078       1.08537    0.6641668     0.2681874
    9.2174      1.017958    0.6757435     0.3116051
     9.227     0.9782042    0.7243123        0.3871
    9.2366     0.8908182    0.7478447     0.5050936
    9.2462     0.8503085    0.7774124     0.6245535
    9.2558     0.8331949    0.7475843     0.7848508
    9.2654      0.785795    0.6832465      1.026005
     9.275     0.8432989    0.6433167      1.275559
    9.2846     0.8983842    0.5938002      1.430118
    9.2942     0.8871051    0.5298915      1.604856
    9.3038     0.8593507    0.5103016      1.602031
    9.3134     0.8706169    0.5017627      1.786618
     9.323     0.7870466    0.5462839      2.015033
    9.3326     0.6974666    0.5927345      2.148226
    9.3422     0.6697238    0.6979699      2.451147
    9.3518     0.6235149    0.8158777       2.25722
    9.3614     0.5994487    0.9335387         1.933
     9.371     0.5892675    0.9688453       1.55549
    9.3806     0.6268501     0.958891      1.044854
    9.3902     0.6591879    0.8814615     0.6713248
    9.3998     0.6512271    0.8548978     0.4075584
    9.4094     0.6387783    0.7772073     0.3591736
    9.4189     0.5758277    0.7410948     0.3194707
    9.4285     0.5561833    0.7713114     0.2888676
    9.4381     0.6136007    0.7309875     0.2660569
    9.4477     0.7067222    0.6386461     0.2727013
    9.4573     0.8231544    0.5610845     0.2760448
    9.4669     0.9939671    0.5066617     0.2793743
    9.4765      1.085208    0.4505243     0.2881231
    9.4861      1.182108    0.4249885      0.315272
    9.4957      1.187206    0.3968201     0.3149443
    9.5053      1.169599    0.3820268     0.3214065
    9.5149      1.182152     0.366947     0.3443188
    9.5245       1.12136    0.3766983     0.3639108
    9.5341       1.05438    0.3865243     0.3708471
    9.5437     0.9373584    0.4296759      0.411122
    9.5533     0.8638449    0.4824338     0.5534267
    9.5629     0.7767378    0.5039499     0.6695485
    9.5725      0.770549    0.5426248     0.8366277
    9.5821     0.6791613    0.5449051      1.040389
    9.5917     0.6076137    0.5592558      1.418202
    9.6013     0.5578259    0.5524869      1.412193
    9.6109     0.5332085    0.5846236      1.141928
    9.6205     0.5444752    0.6238736      1.052588
    9.6301      0.582558    0.6867478     0.9060262
    9.6397     0.6282011    0.7197679     0.7016844
    9.6493     0.7942466    0.7849595     0.5677779
    9.6589     0.8904522    0.8152309     0.5020952
    9.6685      1.022712    0.7931412     0.4946861
    9.6781      1.141148    0.8385136     0.4907287
    9.6877      1.151159    0.9289282     0.5380345
    9.6972      1.172931    0.9506547     0.5928613
    9.7068      1.060464    0.9693446     0.6350417
    9.7164      1.036185    0.9813001     0.6485547
     9.726     0.9226613     0.895248     0.6509599
    9.7356     0.8573026    0.7666234      0.659679
    9.7452     0.8709652    0.6566064     0.7237047
    9.7548     0.9224152    0.5638105     0.9040972
    9.7644      1.003511    0.5494066      1.125306
     9.774      1.154504    0.5927922       1.52339
    9.7836      1.306612    0.6506659      1.960692
    9.7932      1.432219    0.7649867      2.601238
    9.8028      1.624966    0.8827985      3.228826
    9.8124       1.66656    0.9480954      3.423342
     9.822      1.656597    0.9898062      3.641803
