#     'r'     'cord11(r)'     'cord12(r)'     'cord22(r)'     cord21(r)
 0.0047982             0            0             0            0
  0.014395             0            0             0            0
  0.023991             0            0             0            0
  0.033588             0            0             0            0
  0.043184             0            0             0            0
  0.052781             0            0             0            0
  0.062377             0            0             0            0
  0.071974             0            0             0            0
   0.08157             0            0             0            0
  0.091167             0            0             0            0
   0.10076             0            0             0            0
   0.11036             0            0             0            0
   0.11996             0            0             0            0
   0.12955             0            0             0            0
   0.13915             0            0             0            0
   0.14875             0            0             0            0
   0.15834             0            0             0            0
   0.16794             0            0             0            0
   0.17753             0            0             0            0
   0.18713             0            0             0            0
   0.19673             0            0             0            0
   0.20632             0            0             0            0
   0.21592             0            0             0            0
   0.22552             0            0             0            0
   0.23511             0            0             0            0
   0.24471             0            0             0            0
   0.25431             0            0             0            0
    0.2639             0            0             0            0
    0.2735             0            0             0            0
    0.2831             0            0             0            0
   0.29269             0            0             0            0
   0.30229             0            0             0            0
   0.31189             0            0             0            0
   0.32148             0            0             0            0
   0.33108             0            0             0            0
   0.34068             0            0             0            0
   0.35027             0            0             0            0
   0.35987             0            0             0            0
   0.36946             0            0             0            0
   0.37906             0            0             0            0
   0.38866             0            0             0            0
   0.39825             0            0             0            0
   0.40785             0            0             0            0
   0.41745             0            0             0            0
   0.42704             0            0             0            0
   0.43664             0            0             0            0
   0.44624             0            0             0            0
   0.45583             0            0             0            0
   0.46543             0            0             0            0
   0.47503             0            0             0            0
   0.48462             0            0             0            0
   0.49422             0            0             0            0
   0.50382             0            0             0            0
   0.51341             0            0             0            0
   0.52301             0            0             0            0
    0.5326             0            0             0            0
    0.5422             0            0             0            0
    0.5518             0            0             0            0
   0.56139             0            0             0            0
   0.57099             0            0             0            0
   0.58059             0            0             0            0
   0.59018             0            0             0            0
   0.59978             0            0             0            0
   0.60938             0            0             0            0
   0.61897             0            0             0            0
   0.62857             0            0             0            0
   0.63817             0            0             0            0
   0.64776             0            0             0            0
   0.65736             0            0             0            0
   0.66696             0            0             0            0
   0.67655             0            0             0            0
   0.68615             0            0             0            0
   0.69575             0            0             0            0
   0.70534             0            0             0            0
   0.71494             0            0             0            0
   0.72453             0            0             0            0
   0.73413             0            0             0            0
   0.74373             0            0             0            0
   0.75332             0            0             0            0
   0.76292             0            0             0            0
   0.77252             0            0             0            0
   0.78211             0            0             0            0
   0.79171             0            0             0            0
   0.80131             0            0             0            0
    0.8109             0            0             0            0
    0.8205             0            0             0            0
    0.8301             0            0             0            0
   0.83969             0            0             0            0
   0.84929             0            0             0            0
   0.85889             0            0             0            0
   0.86848             0            0             0            0
   0.87808             0            0             0            0
   0.88767             0            0             0            0
   0.89727             0            0             0            0
   0.90687             0            0             0            0
   0.91646             0            0             0            0
   0.92606             0            0             0            0
   0.93566             0            0             0            0
   0.94525             0            0             0            0
   0.95485             0            0             0            0
   0.96445             0            0             0            0
   0.97404             0            0             0            0
   0.98364             0            0             0            0
   0.99324             0            0             0            0
    1.0028             0            0             0            0
    1.0124             0            0             0            0
     1.022             0            0             0            0
    1.0316             0            0             0            0
    1.0412             0            0             0            0
    1.0508             0            0             0            0
    1.0604             0            0             0            0
      1.07             0            0             0            0
    1.0796             0            0             0            0
    1.0892             0            0             0            0
    1.0988             0            0             0            0
    1.1084             0            0             0            0
     1.118             0            0             0            0
    1.1276             0            0             0            0
    1.1372             0            0             0            0
    1.1468             0            0             0            0
    1.1564             0            0             0            0
     1.166             0            0             0            0
    1.1756             0            0             0            0
    1.1852             0            0             0            0
    1.1948             0            0             0            0
    1.2044             0            0             0            0
     1.214             0            0             0            0
    1.2236             0            0             0            0
    1.2331             0            0             0            0
    1.2427             0            0             0            0
    1.2523             0            0             0            0
    1.2619             0            0             0            0
    1.2715             0            0             0            0
    1.2811             0            0             0            0
    1.2907             0            0             0            0
    1.3003             0            0             0            0
    1.3099             0            0             0            0
    1.3195             0            0             0            0
    1.3291             0            0             0            0
    1.3387             0            0             0            0
    1.3483             0            0             0            0
    1.3579             0            0             0            0
    1.3675             0            0             0            0
    1.3771             0            0             0            0
    1.3867             0            0             0            0
    1.3963             0            0             0            0
    1.4059             0            0             0            0
    1.4155             0            0             0            0
    1.4251             0            0             0            0
    1.4347             0            0             0            0
    1.4443             0            0             0            0
    1.4539             0            0             0            0
    1.4635             0            0             0            0
    1.4731             0            0             0            0
    1.4827             0            0             0            0
    1.4923             0            0             0            0
    1.5018             0 8.386638e-05             0 0.0001677328
    1.5114             0 0.0003470134             0 0.0006940268
     1.521             0  0.001077814             0  0.002155628
    1.5306             0  0.003810111             0  0.007620222
    1.5402             0   0.01037801             0   0.02075602
    1.5498             0   0.02378567             0   0.04757133
    1.5594             0   0.05019372             0    0.1003874
     1.569             0    0.1012428             0    0.2024856
    1.5786             0    0.2019902             0    0.4039804
    1.5882             0    0.3577992             0    0.7155984
    1.5978             0    0.5594417             0     1.118883
    1.6074             0    0.8028797             0     1.605759
     1.617             0     1.062561             0     2.125123
    1.6266             0     1.294516             0     2.589032
    1.6362             0     1.469534             0     2.939069
    1.6458             0     1.597513             0     3.195026
    1.6554             0     1.690777             0     3.381555
     1.665             0     1.749871             0     3.499741
    1.6746             0     1.784239             0     3.568478
    1.6842             0     1.806637             0     3.613274
    1.6938             0     1.823082             0     3.646165
    1.7034             0     1.833604             0     3.667208
     1.713             0     1.841192             0     3.682384
    1.7226             0     1.850596             0     3.701192
    1.7322             0     1.862456             0     3.724911
    1.7418             0     1.875625             0     3.751249
    1.7514             0     1.888686             0     3.777372
     1.761             0     1.901355             0      3.80271
    1.7706             0     1.914431             0     3.828863
    1.7801             0      1.92804             0     3.856081
    1.7897             0      1.94154             0      3.88308
    1.7993             0     1.954319             0     3.908638
    1.8089             0     1.966296             0     3.932593
    1.8185             0      1.97772             0      3.95544
    1.8281             0     1.987931             0     3.975862
    1.8377             0       1.9959             0     3.991801
    1.8473             0     2.002234             0     4.004467
    1.8569             0     2.007358             0     4.014717
    1.8665             0     2.011228             0     4.022457
    1.8761             0     2.014204             0     4.028407
    1.8857             0     2.016258             0     4.032516
    1.8953             0     2.017622             0     4.035244
    1.9049             0     2.018785             0     4.037569
    1.9145             0     2.019811             0     4.039622
    1.9241             0     2.020648             0     4.041296
    1.9337             0     2.021547             0     4.043094
    1.9433             0     2.022489             0     4.044977
    1.9529             0     2.023289             0     4.046577
    1.9625             0     2.024035             0     4.048071
    1.9721             0     2.024709             0     4.049418
    1.9817             0     2.025246             0     4.050491
    1.9913             0     2.025641             0     4.051281
    2.0009             0     2.025862             0     4.051723
    2.0105             0     2.026077             0     4.052154
    2.0201             0     2.026309             0     4.052617
    2.0297             0     2.026519             0     4.053038
    2.0393             0      2.02674             0     4.053479
    2.0488             0     2.026981             0     4.053963
    2.0584             0     2.027197             0     4.054394
     2.068             0     2.027381             0     4.054762
    2.0776             0     2.027529             0     4.055057
    2.0872             0     2.027607             0     4.055215
    2.0968             0     2.027644             0     4.055289
    2.1064             0      2.02766             0      4.05532
     2.116             0     2.027676             0     4.055352
    2.1256             0     2.027686             0     4.055373
    2.1352             0     2.027697             0     4.055394
    2.1448             0     2.027707             0     4.055415
    2.1544             0     2.027713             0     4.055425
     2.164             0     2.027713             0     4.055425
    2.1736             0     2.027713             0     4.055425
    2.1832             0     2.027713             0     4.055425
    2.1928             0     2.027713             0     4.055425
    2.2024             0     2.027713             0     4.055425
     2.212             0     2.027713             0     4.055425
    2.2216             0     2.027713             0     4.055425
    2.2312             0     2.027713             0     4.055425
    2.2408             0     2.027713             0     4.055425
    2.2504             0     2.027713             0     4.055425
      2.26             0     2.027713             0     4.055425
    2.2696             0     2.027713             0     4.055425
    2.2792             0     2.027713             0     4.055425
    2.2888             0     2.027713             0     4.055425
    2.2984             0     2.027713             0     4.055425
     2.308             0     2.027713             0     4.055425
    2.3176             0     2.027713             0     4.055425
    2.3271             0     2.027713             0     4.055425
    2.3367             0     2.027713             0     4.055425
    2.3463             0     2.027713             0     4.055425
    2.3559             0     2.027713             0     4.055425
    2.3655             0     2.027713             0     4.055425
    2.3751             0     2.027713             0     4.055425
    2.3847             0     2.027713             0     4.055425
    2.3943             0     2.027713             0     4.055425
    2.4039             0     2.027713             0     4.055425
    2.4135             0     2.027713             0     4.055425
    2.4231             0     2.027713             0     4.055425
    2.4327             0     2.027713             0     4.055425
    2.4423             0     2.027713             0     4.055425
    2.4519             0     2.027713             0     4.055425
    2.4615             0     2.027713             0     4.055425
    2.4711             0     2.027713             0     4.055425
    2.4807             0     2.027713             0     4.055425
    2.4903             0     2.027713             0     4.055425
    2.4999             0     2.027713             0     4.055425
    2.5095  0.0003136958     2.027713             0     4.055425
    2.5191   0.002836086     2.027713             0     4.055425
    2.5287   0.009534454     2.027713             0     4.055425
    2.5383    0.02209486     2.027713             0     4.055425
    2.5479    0.04780424     2.027713             0     4.055425
    2.5575    0.09964087     2.027713             0     4.055425
    2.5671     0.1817231     2.027713             0     4.055425
    2.5767     0.3130041     2.027713             0     4.055425
    2.5863     0.5312739     2.027713             0     4.055425
    2.5958     0.8572629     2.027713             0     4.055425
    2.6054      1.284645     2.027713             0     4.055425
     2.615      1.792567     2.027713             0     4.055425
    2.6246      2.349508     2.027713             0     4.055425
    2.6342      2.930714     2.027713             0     4.055425
    2.6438      3.488472     2.027713             0     4.055425
    2.6534       3.95866     2.027713             0     4.055425
     2.663      4.349553     2.027713             0     4.055425
    2.6726      4.656595     2.027713             0     4.055425
    2.6822      4.864476     2.027713             0     4.055425
    2.6918      5.001054     2.027713             0     4.055425
    2.7014      5.081121     2.027713             0     4.055425
     2.711      5.124432     2.027713             0     4.055425
    2.7206      5.150243     2.027713             0     4.055425
    2.7302      5.166072     2.027713             0     4.055425
    2.7398      5.179801     2.027713             0     4.055425
    2.7494      5.198573     2.027713             0     4.055425
     2.759      5.226009     2.027713             0     4.055425
    2.7686      5.262202     2.027713             0     4.055425
    2.7782      5.306881     2.027713             0     4.055425
    2.7878      5.360661     2.027713             0     4.055425
    2.7974      5.422198     2.027713             0     4.055425
     2.807      5.484797     2.027713             0     4.055425
    2.8166      5.543799     2.027713             0     4.055425
    2.8262      5.600235     2.027713             0     4.055425
    2.8358      5.657617     2.027713             0     4.055425
    2.8454      5.715552     2.027713             0     4.055425
     2.855      5.772068     2.027713             0     4.055425
    2.8646      5.824494     2.027713             0     4.055425
    2.8741      5.866765     2.027713             0     4.055425
    2.8837      5.897445     2.027713             0     4.055425
    2.8933      5.919926     2.027713             0     4.055425
    2.9029      5.936974     2.027713             0     4.055425
    2.9125      5.949699     2.027713             0     4.055425
    2.9221      5.959214     2.027713             0     4.055425
    2.9317      5.966274     2.027713             0     4.055425
    2.9413      5.971424     2.027713             0     4.055425
    2.9509       5.97611     2.027713             0     4.055425
    2.9605      5.980683     2.027713  0.0003762162     4.055425
    2.9701       5.98497     2.027713   0.002426926     4.055425
    2.9797      5.990063     2.027713   0.007203054     4.055425
    2.9893      5.995474     2.027713    0.01744323     4.055425
    2.9989       6.00128     2.027713    0.05377153     4.055425
    3.0085      6.007811     2.027713     0.1408599     4.055425
    3.0181      6.014551     2.027713     0.2805875     4.055425
    3.0277      6.021125     2.027713     0.4690347     4.055425
    3.0373      6.027205     2.027713     0.7145437     4.055425
    3.0469      6.033086     2.027713      1.015927     4.055425
    3.0565      6.038183     2.027713      1.371894     4.055425
    3.0661      6.042335     2.027713      1.755551     4.055425
    3.0757      6.045889     2.027713      2.121395     4.055425
    3.0853       6.04872     2.027713       2.46035     4.055425
    3.0949      6.050901     2.027713      2.739871     4.055425
    3.1045      6.052527     2.027713      2.927918     4.055425
    3.1141       6.05367     2.027713      3.046119     4.055425
    3.1237      6.054477     2.027713      3.119963     4.055425
    3.1333       6.05495     2.027713      3.161131     4.055425
    3.1428       6.05518     2.027713      3.187253     4.055425
    3.1524      6.055317     2.027713      3.209918     4.055425
     3.162       6.05539     2.027713      3.226342     4.055425
    3.1716      6.055453     2.027713       3.24015     4.055425
    3.1812      6.055495     2.027713       3.25986     4.055425
    3.1908      6.055505     2.027713      3.290733     4.055425
    3.2004      6.055516     2.027713      3.335856     4.055425
      3.21      6.055516     2.027713      3.395274     4.055425
    3.2196      6.055516     2.027713       3.46148     4.055425
    3.2292      6.055767     2.027713      3.524112     4.055425
    3.2388      6.056886     2.027713      3.584277     4.055425
    3.2484      6.059618     2.027713      3.645284     4.055425
     3.258      6.063129     2.027713      3.705995     4.055425
    3.2676      6.071653     2.027713      3.764406     4.055425
    3.2772      6.087417     2.027713       3.81595     4.055425
    3.2868      6.115728     2.027713      3.858147     4.055425
    3.2964      6.158246     2.027713       3.89012     4.055425
     3.306      6.210364     2.027713      3.912344     4.055425
    3.3156      6.273955     2.027713      3.928485     4.055425
    3.3252      6.349246     2.027713      3.941584     4.055425
    3.3348      6.446635     2.027713      3.953423     4.055425
    3.3444      6.559679     2.027713      3.964698     4.055425
     3.354      6.677744     2.027713      3.974694     4.055425
    3.3636       6.81717     2.027713      3.982514     4.055425
    3.3732      6.985746     2.027713      3.988236     4.055425
    3.3828      7.172028     2.027713      3.992491     4.055425
    3.3924       7.36178     2.027713      3.995029     4.055425
     3.402      7.551658     2.027713      3.996538     4.055425
    3.4116      7.749521     2.027713      3.997774     4.055425
    3.4211      7.936764      2.02788      3.998759      4.05576
    3.4307      8.089801     2.029427      4.000099     4.058854
    3.4403      8.212135     2.034052      4.002318     4.068103
    3.4499      8.301559      2.04474      4.005397      4.08948
    3.4595      8.363916     2.063641      4.009188     4.127281
    3.4691       8.41409     2.093568      4.013377     4.187136
    3.4787      8.451486      2.14092      4.017045      4.28184
    3.4883      8.476624     2.212792      4.019916     4.425583
    3.4979      8.501741     2.316546      4.022346     4.633091
    3.5075      8.540227     2.456588      4.024044     4.913176
    3.5171      8.594527      2.63099      4.025197      5.26198
    3.5267      8.666115     2.822188      4.026286     5.644375
    3.5363      8.765097     3.000399      4.027354     6.000798
    3.5459      8.909977       3.1529      4.028276     6.305801
    3.5555       9.10021     3.286781      4.029177     6.573562
    3.5651      9.330465      3.39954       4.03014      6.79908
    3.5747      9.598522     3.486834      4.030936     6.973669
    3.5843      9.874637     3.567404      4.031628     7.134808
    3.5939      10.14447     3.660436      4.032152     7.320872
    3.6035      10.40069     3.762387      4.032445     7.524774
    3.6131      10.62152     3.863663      4.032592     7.727326
    3.6227      10.79927     3.966532      4.032655     7.933064
    3.6323      10.93195     4.076607      4.032718     8.153214
    3.6419      11.02501      4.18502      4.032739     8.370041
    3.6515      11.09011     4.281146       4.03278     8.562293
    3.6611      11.13462     4.357612      4.032843     8.715224
    3.6707       11.1668     4.412509      4.032864     8.825018
    3.6803      11.19197     4.454792      4.032864     8.909584
    3.6898      11.21633     4.490531      4.032864     8.981061
    3.6994       11.2444     4.521692      4.032864     9.043385
     3.709      11.27612      4.54925      4.032864       9.0985
    3.7186      11.31208     4.574507      4.032864     9.149015
    3.7282      11.35264     4.598475      4.032864     9.196951
    3.7378      11.39629     4.620817      4.032864     9.241634
    3.7474      11.44329     4.640536      4.032864     9.281072
     3.757      11.49397     4.658059      4.032864     9.316119
    3.7666      11.54818     4.675673      4.032864     9.351346
    3.7762      11.60072      4.69529      4.032864     9.390581
    3.7858      11.64646     4.717895      4.032864      9.43579
    3.7954      11.68643     4.744785      4.032864      9.48957
     3.805      11.72204     4.776172      4.032864     9.552344
    3.8146      11.75515     4.810896      4.032864     9.621791
    3.8242      11.78799     4.848199      4.032864     9.696398
    3.8338      11.82203     4.887258      4.032864     9.774515
    3.8434      11.85627     4.930067      4.032864     9.860134
     3.853       11.8889     4.981669      4.032864     9.963339
    3.8626      11.91956     5.047547      4.032864     10.09509
    3.8722      11.94773     5.127727      4.032864     10.25545
    3.8818      11.97159     5.220052      4.032864      10.4401
    3.8914      11.99067     5.323791      4.032864     10.64758
     3.901      12.00651     5.432742      4.032864     10.86548
    3.9106       12.0193     5.536545      4.032864     11.07309
    3.9202      12.03019     5.624657      4.032864     11.24931
    3.9298      12.04069     5.697718      4.032864     11.39544
    3.9394      12.05041     5.761241      4.032864     11.52248
     3.949      12.05963     5.822063      4.032864     11.64413
    3.9585       12.0683     5.891262      4.032864     11.78252
    3.9681      12.07576      5.96659      4.032864     11.93318
    3.9777      12.08241     6.050953      4.032864     12.10191
    3.9873      12.08811     6.151807      4.032864     12.30361
    3.9969      12.09426     6.254964      4.032864     12.50993
    4.0065       12.1045     6.348396      4.032864     12.69679
    4.0161      12.12126     6.434521      4.032864     12.86904
    4.0257      12.15025     6.508355      4.032864     13.01671
    4.0353      12.19984      6.56511      4.032864     13.13022
    4.0449      12.27741     6.613754      4.032864     13.22751
    4.0545      12.38601      6.65782      4.032864     13.31564
    4.0641      12.50872     6.704374      4.032864     13.40875
    4.0737      12.65678     6.763433      4.032864     13.52687
    4.0833      12.82765     6.839056      4.032864     13.67811
    4.0929      12.99515     6.934809      4.032864     13.86962
    4.1025       13.1514     7.046588      4.032864     14.09318
    4.1121      13.28157     7.168966      4.032864     14.33793
    4.1217       13.4023      7.29474      4.032864     14.58948
    4.1313       13.5224     7.417805      4.032864     14.83561
    4.1409      13.63839     7.543105      4.032864     15.08621
    4.1505      13.75115     7.679134      4.032864     15.35827
    4.1601      13.85887     7.841655      4.032864     15.68331
    4.1697      13.97595     8.051018      4.032864     16.10204
    4.1793      14.12311     8.305853      4.032864     16.61171
    4.1889      14.30707     8.580606      4.032864     17.16121
    4.1985      14.50662     8.857165      4.032864     17.71433
    4.2081      14.70147     9.129013      4.032864     18.25803
    4.2177      14.87844     9.378129      4.032864     18.75626
    4.2273      15.01452     9.584522      4.032864     19.16904
    4.2368      15.10825     9.741762      4.032864     19.48352
    4.2464      15.18218     9.858434      4.032864     19.71687
     4.256      15.24238     9.947084      4.032864     19.89417
    4.2656      15.27939     10.01267      4.033887     20.02535
    4.2752      15.29888     10.05842      4.035667     20.11684
    4.2848      15.31415     10.09276      4.040744     20.18551
    4.2944      15.33079      10.1229      4.051412      20.2458
     4.304      15.35541      10.1532      4.079169     20.30641
    4.3136      15.39108     10.18654      4.134053     20.37308
    4.3232      15.43576     10.22495      4.221583     20.44989
    4.3328      15.48635     10.27381      4.361569     20.54762
    4.3424      15.53827      10.3396       4.59108     20.67921
     4.352      15.58954     10.42673      4.928038     20.85346
    4.3616      15.64058      10.5299        5.3566      21.0598
    4.3712      15.68984     10.64155      5.848397      21.2831
    4.3808      15.73596     10.75861       6.37396     21.51723
    4.3904      15.77819     10.87726      6.899553     21.75453
       4.4      15.81857     10.99681      7.367606     21.99362
    4.4096      15.85662     11.11354      7.725052     22.22708
    4.4192      15.89184     11.22331      7.966103     22.44662
    4.4288      15.92415     11.32322      8.127739     22.64643
    4.4384      15.95315     11.41257      8.255511     22.82514
     4.448      15.98021      11.4944      8.358684      22.9888
    4.4576      16.01398     11.57227      8.439309     23.14454
    4.4672      16.05995      11.6548      8.505596      23.3096
    4.4768      16.12677     11.74477      8.556469     23.48955
    4.4864      16.22487     11.84008      8.599348     23.68015
     4.496      16.35802     11.94853      8.638619     23.89705
    4.5055       16.5133     12.06154      8.689018     24.12307
    4.5151      16.68207      12.1646      8.760446     24.32919
    4.5247      16.86829     12.26221      8.843002     24.52442
    4.5343      17.04944     12.35269      8.923745     24.70539
    4.5439      17.20177     12.42387      8.999486     24.84774
    4.5535      17.31784     12.47133      9.072461     24.94266
    4.5631      17.40327     12.50579      9.144117     25.01157
    4.5727      17.46636     12.53482      9.216501     25.06965
    4.5823      17.51074      12.5595      9.291604       25.119
    4.5919      17.53891     12.58341      9.368027     25.16683
    4.6015      17.55532     12.61822      9.446203     25.23643
    4.6111       17.5686     12.67366      9.524595     25.34733
    4.6207      17.58718     12.74978      9.598345     25.49956
    4.6303       17.6133     12.84057      9.662833     25.68115
    4.6399      17.64651     12.94841      9.715875     25.89682
    4.6495      17.68648     13.07219      9.759814     26.14438
    4.6591       17.7385     13.19558      9.795825     26.39116
    4.6687      17.80176     13.31018       9.82541     26.62036
    4.6783      17.88029     13.41336      9.850183     26.82671
    4.6879       17.9809     13.50387      9.872086     27.00775
    4.6975      18.10366     13.58451      9.893423     27.16903
    4.7071      18.24622     13.65387       9.91501     27.30775
    4.7167      18.41274     13.70851      9.936828     27.41702
    4.7263      18.59767     13.75173      9.957414     27.50345
    4.7359       18.7935     13.78504      9.975386     27.57009
    4.7455      19.01625     13.80863      9.991806     27.61726
    4.7551      19.25607     13.82491      10.00748     27.64982
    4.7647      19.47029     13.83596      10.02147     27.67191
    4.7743      19.64494     13.84419      10.03438     27.68838
    4.7838      19.80364     13.85122      10.04772     27.70244
    4.7934      19.94146     13.85862       10.0652     27.71724
     4.803      20.04241     13.86739      10.09163     27.73479
    4.8126      20.12143     13.87772      10.12768     27.75545
    4.8222      20.18434      13.8893      10.18548     27.77859
    4.8318      20.23774     13.90142      10.28664     27.80284
    4.8414      20.30212     13.91426      10.44686     27.82853
     4.851      20.39002     13.92844      10.65482     27.85689
    4.8606      20.51864     13.94377      10.89512     27.88754
    4.8702      20.70743     13.95928       11.1976     27.91857
    4.8798      20.96438     13.97481      11.57279     27.94961
    4.8894      21.31073       13.991      12.02219     27.98201
     4.899      21.77424     14.00712      12.53423     28.01424
    4.9086       22.3248      14.0242      13.08738     28.04839
    4.9182      22.91831     14.04344      13.66181     28.08687
    4.9278      23.54926     14.06704      14.21999     28.13407
    4.9374      24.17618     14.10073      14.72979     28.20146
     4.947      24.74401     14.14803      15.13687     28.29605
    4.9566      25.24122      14.2129      15.42613      28.4258
    4.9662      25.67236     14.29282      15.63434     28.58564
    4.9758      26.05543      14.3835      15.78237     28.76701
    4.9854       26.3883     14.47697      15.88892     28.95394
     4.995      26.68697     14.56341      15.98187     29.12681
    5.0046      26.96496     14.64099      16.06535     29.28198
    5.0142      27.19864     14.70895      16.13314     29.41789
    5.0238      27.38989     14.76708      16.19285     29.53417
    5.0334      27.55663     14.81503      16.25335     29.63005
     5.043      27.69856     14.85796      16.31813     29.71592
    5.0525       27.8088     14.90185      16.39299     29.80371
    5.0621      27.89994     14.95245       16.4754     29.90489
    5.0717      27.97855     15.01482      16.55525     30.02963
    5.0813      28.05395     15.09368      16.62617     30.18736
    5.0909      28.14209     15.18175      16.68257     30.36349
    5.1005      28.25292     15.27138       16.7238     30.54277
    5.1101      28.40394     15.35686      16.75801     30.71372
    5.1197      28.60713     15.43597      16.79498     30.87193
    5.1293      28.85695     15.50314      16.83634     31.00628
    5.1389        29.157     15.54888      16.88555     31.09775
    5.1485      29.50811     15.58041      16.94558     31.16083
    5.1581        29.892       15.606      17.01579       31.212
    5.1677      30.29754      15.6296      17.09858     31.25919
    5.1773      30.74036     15.65127      17.19424     31.30253
    5.1869      31.20865     15.67401      17.30235     31.34803
    5.1965      31.65383     15.70432       17.4168     31.40863
    5.2061      32.07294     15.74986      17.52828     31.49972
    5.2157      32.49014     15.81678      17.62807     31.63356
    5.2253      32.88574     15.89627      17.71474     31.79255
    5.2349      33.23228       15.985      17.79019        31.97
    5.2445      33.52626     16.08611        17.854     32.17222
    5.2541       33.7615     16.19574       17.9072     32.39149
    5.2637      33.94046     16.30675       17.9497     32.61349
    5.2733      34.07833     16.40486      17.98299     32.80972
    5.2829      34.19188     16.48457      18.00961     32.96914
    5.2925      34.28733     16.55211      18.03084     33.10423
    5.3021      34.36851     16.60994      18.04857     33.21989
    5.3117      34.44027      16.6527      18.06382     33.30541
    5.3213      34.51264     16.68286      18.08046     33.36571
    5.3308      34.59517     16.70751      18.11069     33.41503
    5.3404      34.69115     16.72922      18.16793     33.45844
      5.35      34.81073      16.7493      18.26052     33.49859
    5.3596      34.95525     16.76871      18.40427     33.53741
    5.3692      35.12686     16.78602      18.60394     33.57204
    5.3788      35.33148     16.79982      18.85524     33.59964
    5.3884      35.57607     16.81092        19.152     33.62183
     5.398      35.84919      16.8207       19.4726      33.6414
    5.4076        36.126     16.82977       19.7993     33.65953
    5.4172      36.40348     16.83869      20.11179     33.67738
    5.4268      36.66513     16.84816      20.38021     33.69632
    5.4364      36.89215      16.8585      20.58912       33.717
     5.446      37.08368     16.86995      20.75264      33.7399
    5.4556      37.23636     16.88237        20.867     33.76474
    5.4652      37.36247     16.89626      20.92804     33.79252
    5.4748       37.4797      16.9125      20.96177     33.82501
    5.4844      37.59669     16.93065      20.98619      33.8613
     5.494      37.73252     16.95022      21.01048     33.90044
    5.5036      37.90147      16.9702      21.04206     33.94039
    5.5132      38.11047     16.98925      21.08143      33.9785
    5.5228       38.3562     17.00724      21.12176     34.01448
    5.5324      38.62498     17.02384      21.16045     34.04769
     5.542      38.92421     17.03903      21.19978     34.07807
    5.5516      39.27118      17.0534      21.24129      34.1068
    5.5612      39.64716     17.06695      21.28527     34.13391
    5.5708      40.02046     17.08029      21.32851     34.16058
    5.5804      40.38593      17.0947      21.36456      34.1894
      5.59      40.73923     17.11449      21.39235     34.22899
    5.5995      41.04855     17.14581        21.418     34.29162
    5.6091      41.29313     17.18981      21.44619     34.37961
    5.6187      41.48942     17.24753       21.4765     34.49506
    5.6283      41.64691     17.32226      21.50845     34.64451
    5.6379      41.76959     17.41621      21.54127     34.83243
    5.6475      41.86834     17.53577      21.57578     35.07154
    5.6571      41.95749     17.68225      21.61526     35.36451
    5.6667      42.04937      17.8387      21.65955     35.67739
    5.6763      42.14128     17.99097      21.71034     35.98193
    5.6859      42.23037     18.12873      21.76663     36.25745
    5.6955       42.3187     18.23921      21.82606     36.47841
    5.7051      42.40876     18.32548      21.88799     36.65095
    5.7147      42.50228     18.38804      21.94686     36.77609
    5.7243      42.59526     18.42921       22.0066     36.85843
    5.7339      42.68457     18.46127      22.08957     36.92253
    5.7435      42.77113     18.49299       22.2079     36.98598
    5.7531      42.86082     18.52672      22.34604     37.05344
    5.7627      42.95931     18.56628      22.49102     37.13256
    5.7723      43.06893     18.62613      22.64984     37.25227
    5.7819      43.18807     18.71367      22.81538     37.42733
    5.7915      43.30919     18.81903       22.9584     37.63806
    5.8011      43.42952     18.93447      23.07177     37.86894
    5.8107      43.54277     19.05416      23.17012     38.10833
    5.8203      43.64172     19.16928      23.24184     38.33855
    5.8299      43.72171     19.28957      23.28035     38.57915
    5.8395      43.78243     19.42078      23.30502     38.84157
    5.8491        43.832     19.56149      23.32463     39.12298
    5.8587      43.87788     19.72498        23.341     39.44996
    5.8683      43.92439     19.91883      23.35338     39.83766
    5.8778      43.97226     20.13537      23.36487     40.27073
    5.8874      44.02967     20.36063      23.37854     40.72126
     5.897      44.11145     20.59936      23.39459     41.19871
    5.9066      44.22504     20.84583      23.41438     41.69166
    5.9162      44.37537     21.07026      23.44136     42.14052
    5.9258      44.55443     21.26174      23.47761     42.52348
    5.9354       44.7533     21.42877      23.52567     42.85754
     5.945      44.98696      21.5852      23.58807      43.1704
    5.9546       45.2469      21.7543       23.6622      43.5086
    5.9642      45.51745      21.9477      23.73843      43.8954
    5.9738      45.82555     22.15471      23.80651     44.30941
    5.9834      46.17933     22.37744      23.86293     44.75488
     5.993       46.5681     22.61447      23.90806     45.22894
    6.0026      46.95558     22.84696      23.94166     45.69392
    6.0122      47.32587     23.07283      23.96392     46.14566
    6.0218       47.6956     23.29565      23.98012      46.5913
    6.0314      48.06003     23.51539       23.9936     47.03078
     6.041      48.40744     23.73127      24.00525     47.46253
    6.0506      48.73028     23.92777      24.01649     47.85553
    6.0602      49.03499     24.10474      24.02715     48.20949
    6.0698      49.31461     24.27096       24.0367     48.54191
    6.0794      49.57643     24.42111      24.04579     48.84221
     6.089       49.8259     24.55238      24.05522     49.10477
    6.0986      50.04014     24.66683      24.06458     49.33367
    6.1082       50.2136     24.76922      24.07398     49.53845
    6.1178      50.36374     24.86378      24.08376     49.72756
    6.1274      50.48919     24.94747      24.09273     49.89494
     6.137      50.59342      25.0181      24.09976      50.0362
    6.1465      50.69611     25.07963      24.10404     50.15926
    6.1561      50.80591     25.13667      24.10647     50.27334
    6.1657      50.92227     25.19273      24.10839     50.38546
    6.1753      51.03861     25.25172      24.11083     50.50344
    6.1849      51.15455     25.31834       24.1134     50.63667
    6.1945      51.27599     25.39397        24.116     50.78793
    6.2041      51.39701     25.47909      24.11919     50.95818
    6.2137      51.51002      25.5788      24.12274     51.15759
    6.2233      51.61821     25.69271      24.12605     51.38541
    6.2329      51.72531     25.81679      24.12939     51.63358
    6.2425      51.82908     25.94752      24.13301     51.89503
    6.2521      51.92548     26.08415       24.1366     52.16829
    6.2617      52.01722     26.22141      24.13971     52.44282
    6.2713      52.11039     26.34627      24.14216     52.69254
    6.2809      52.20738     26.46187      24.14396     52.92375
    6.2905      52.30842     26.58084      24.14529     53.16168
    6.3001      52.41323     26.71066      24.14663     53.42132
    6.3097      52.52592     26.84503      24.14791     53.69006
    6.3193      52.65213     26.97001      24.14897     53.94002
    6.3289      52.78219     27.08256      24.14968     54.16512
    6.3385      52.91455     27.18875      24.15014     54.37749
    6.3481      53.05165     27.29206      24.15033     54.58412
    6.3577      53.19366     27.39417      24.15039     54.78835
    6.3673      53.32829     27.49682      24.15046     54.99363
    6.3769      53.44617     27.61178      24.15054     55.22356
    6.3865      53.56671     27.75019       24.1506     55.50039
    6.3961      53.70339     27.90982       24.1506     55.81965
    6.4057      53.87504     28.08395       24.1506     56.16791
    6.4152      54.08622     28.25151       24.1506     56.50301
    6.4248      54.32894     28.40268       24.1506     56.80536
    6.4344      54.61235     28.53512       24.1506     57.07024
     6.444       54.9348     28.64554       24.1506     57.29109
    6.4536      55.27242     28.73873       24.1506     57.47746
    6.4632      55.59778     28.82432       24.1506     57.64863
    6.4728      55.88418     28.91536       24.1506     57.83072
    6.4824      56.12253     29.02056       24.1506     58.04112
     6.492      56.31719     29.14569      24.15083     58.29138
    6.5016      56.46785     29.30121      24.15181     58.60242
    6.5112      56.57967     29.49076      24.15513     58.98152
    6.5208      56.66813     29.70132      24.16902     59.40264
    6.5304      56.74568     29.91342      24.20469     59.82684
      6.54      56.81472     30.11318      24.28041     60.22637
    6.5496       56.8787     30.30026      24.40643     60.60052
    6.5592      56.93863     30.47384      24.57738     60.94768
    6.5688      56.99392     30.64014      24.78974     61.28028
    6.5784      57.04397     30.80404      25.05177     61.60807
     6.588       57.0893     30.97876      25.34894     61.95752
    6.5976      57.13036     31.18083      25.66346     62.36167
    6.6072      57.16844     31.40804      25.95511     62.81608
    6.6168      57.20899     31.66819      26.19631     63.33638
    6.6264       57.2572     31.96341      26.39991     63.92683
     6.636      57.32163     32.26377      26.54522     64.52754
    6.6456      57.40744      32.5597      26.63791     65.11941
    6.6552      57.51866     32.85055      26.70895      65.7011
    6.6648      57.65792     33.12151      26.76855     66.24302
    6.6744      57.83091      33.3639       26.8153      66.7278
     6.684      58.04939     33.58804      26.85341     67.17608
    6.6935      58.29914     33.79999      26.88742     67.59997
    6.7031      58.55643     33.99624      26.92021     67.99248
    6.7127      58.83244     34.18136      26.95374     68.36273
    6.7223      59.13059     34.36049      26.98214     68.72098
    6.7319      59.45552     34.53522      27.00527     69.07043
    6.7415       59.8153     34.69705      27.03009     69.39409
    6.7511       60.1967      34.8457      27.06451      69.6914
    6.7607      60.57606      34.9783      27.10969     69.95661
    6.7703        60.945     35.09344      27.15854     70.18689
    6.7799      61.32488     35.19529       27.2083     70.39058
    6.7895      61.72479     35.28971      27.26095     70.57942
    6.7991      62.10823     35.38381      27.32188     70.76762
    6.8087      62.44037     35.47971      27.39304     70.95943
    6.8183       62.7189     35.57906      27.47086     71.15811
    6.8279      62.93403     35.68428      27.54666     71.36857
    6.8375       63.1042      35.7911      27.61456      71.5822
    6.8471      63.25985     35.89288       27.6817     71.78575
    6.8567      63.42505     35.98916      27.76892     71.97832
    6.8663      63.62492     36.08022      27.87833     72.16044
    6.8759      63.85941     36.16369      28.00954     72.32739
    6.8855      64.12963      36.2399      28.19947      72.4798
    6.8951      64.44117     36.31233      28.45611     72.62466
    6.9047      64.78149      36.3846      28.74534     72.76921
    6.9143      65.13127      36.4659      29.03661      72.9318
    6.9239       65.4731     36.56065      29.33184     73.12129
    6.9335      65.79686     36.66292      29.63534     73.32584
    6.9431      66.10399     36.77066      29.90732     73.54131
    6.9527      66.40082     36.88398      30.11703     73.76796
    6.9622      66.70848     36.99967      30.27291     73.99935
    6.9718      67.05325     37.11377      30.38814     74.22753
    6.9814      67.42597     37.22547      30.47934     74.45094
     6.991      67.81422     37.33014      30.55888     74.66027
    7.0006      68.22685     37.42319      30.62528     74.84638
    7.0102      68.66583     37.49885      30.67831      74.9977
    7.0198      69.11112     37.55896      30.72149     75.11791
    7.0294      69.53822     37.60878      30.75883     75.21756
     7.039      69.95803     37.64776      30.78814     75.29552
    7.0486      70.36827     37.67942       30.8144     75.35884
    7.0582      70.74644     37.70761      30.84665     75.41522
    7.0678      71.09363     37.73497      30.88149     75.46993
    7.0774      71.43806     37.75976       30.9173     75.51951
     7.087      71.80042     37.78261      30.95805     75.56523
    7.0966      72.16304     37.80553        31.001     75.61106
    7.1062      72.51372     37.82926       31.0462     75.65853
    7.1158      72.85334     37.85504      31.09821     75.71008
    7.1254      73.16931     37.88392      31.16074     75.76785
     7.135      73.45124      37.9186      31.23377      75.8372
    7.1446       73.6976     37.95968       31.3125     75.91935
    7.1542      73.90858     38.00814      31.39374     76.01629
    7.1638      74.09326     38.07016      31.47231     76.14031
    7.1734      74.25888     38.14763       31.5449     76.29525
     7.183      74.40434     38.24049      31.61093     76.48098
    7.1926      74.53555     38.34672      31.67187     76.69343
    7.2022      74.66342     38.45387      31.73276     76.90774
    7.2118      74.79171     38.56092      31.79494     77.12183
    7.2214      74.93055     38.66837      31.86493     77.33674
     7.231        75.091      38.7748      31.95432      77.5496
    7.2405      75.28365     38.88377      32.08208     77.76755
    7.2501      75.53704     38.99513      32.29206     77.99026
    7.2597      75.87322     39.11249        32.627     78.22498
    7.2693      76.32792     39.23907      33.13606     78.47815
    7.2789      76.93052      39.3648      33.83705      78.7296
    7.2885      77.68225     39.48432       34.7371     78.96863
    7.2981      78.54295     39.60689      35.81063     79.21378
    7.3077      79.45004     39.74296      36.89744     79.48592
    7.3173      80.36303      39.9011      37.91094      79.8022
    7.3269      81.21718     40.07458      38.83067     80.14916
    7.3365      81.97792     40.25416      39.61234     80.50831
    7.3461      82.66954     40.42815      40.23801      80.8563
    7.3557      83.30009     40.59004      40.68696     81.18007
    7.3653      83.88163     40.73984      40.98943     81.47968
    7.3749       84.4294     40.87434      41.20519     81.74869
    7.3845      84.94565     40.99489      41.38171     81.98979
    7.3941      85.45142     41.11714      41.54457     82.23428
    7.4037      85.95906     41.24884      41.69935     82.49767
    7.4133       86.4769     41.39125      41.83858     82.78249
    7.4229      87.00637     41.56131      41.96681     83.12263
    7.4325      87.54104      41.7604      42.10607      83.5208
    7.4421      88.07309     41.97758      42.26689     83.95515
    7.4517      88.59991     42.21357       42.4581     84.42715
    7.4613      89.14871     42.47023      42.68725     84.94047
    7.4709       89.7296     42.73819      42.95957     85.47639
    7.4805      90.30404     43.00432        43.279     86.00864
    7.4901      90.88319     43.25847      43.64695     86.51695
    7.4997      91.50352     43.50048      44.05994     87.00097
    7.5092      92.15188     43.72676      44.51328     87.45353
    7.5188      92.81274     43.93091      45.00076     87.86182
    7.5284      93.48392     44.12348      45.49947     88.24697
     7.538      94.13996       44.315      45.99435        88.63
    7.5476      94.75411     44.51365      46.51276      89.0273
    7.5572      95.31353     44.72699      47.09309     89.45399
    7.5668      95.80461     44.94813      47.74157     89.89626
    7.5764      96.23792     45.17187      48.41536     90.34374
     7.586      96.63271     45.39982      49.14181     90.79964
    7.5956      96.99101     45.64739      49.96228     91.29477
    7.6052      97.31403      45.9258      50.81499      91.8516
    7.6148      97.62236     46.22487      51.60731     92.44975
    7.6244      97.92467     46.54142      52.30238     93.08283
     7.634      98.21914      46.8606      52.90886     93.72121
    7.6436      98.51697     47.16333      53.41732     94.32666
    7.6532      98.82573     47.45666      53.84694     94.91331
    7.6628      99.14963     47.73679      54.22695     95.47358
    7.6724      99.50139     47.99589      54.55056     95.99178
     7.682       99.8845     48.24283      54.81606     96.48566
    7.6916      100.3109     48.49067       55.0469     96.98133
    7.7012      100.7796      48.7506      55.25506      97.5012
    7.7108      101.2688     49.03564      55.45328     98.07128
    7.7204      101.7855     49.33883      55.65626     98.67765
      7.73      102.3398     49.63823      55.85491     99.27646
    7.7396      102.9029     49.92495       56.0387     99.84989
    7.7492      103.4505     50.18496      56.20669     100.3699
    7.7588      103.9899     50.41547      56.35244     100.8309
    7.7684      104.5165     50.62494      56.47943     101.2499
     7.778      105.0435     50.81761      56.59439     101.6352
    7.7875      105.5549     51.00195      56.70685     102.0039
    7.7971      106.0229     51.18002      56.82854       102.36
    7.8067      106.4585      51.3549      56.96123     102.7098
    7.8163      106.8711     51.53422       57.1038     103.0684
    7.8259      107.2671      51.7177      57.25386     103.4354
    7.8355      107.6576     51.89979      57.41197     103.7996
    7.8451      108.0415     52.08382      57.58298     104.1676
    7.8547      108.4037     52.27791      57.76769     104.5558
    7.8643      108.7337     52.48056      57.96425     104.9611
    7.8739      109.0449     52.68956        58.174     105.3791
    7.8835      109.3367     52.90813          58.4     105.8163
    7.8931      109.5883     53.14305      58.63724     106.2861
    7.9027      109.8099     53.39673      58.87392     106.7935
    7.9123      110.0154     53.65328      59.10098     107.3066
    7.9219       110.214      53.9004       59.3086     107.8008
    7.9315      110.4221     54.13502       59.4858       108.27
    7.9411      110.6502     54.34965      59.63159     108.6993
    7.9507      110.8881     54.55589      59.74803     109.1118
    7.9603      111.1241     54.75778      59.83949     109.5156
    7.9699      111.3595     54.94823       59.9126     109.8965
    7.9795       111.599      55.1323      59.97026     110.2646
    7.9891        111.84     55.31565      60.01813     110.6313
    7.9987      112.0758     55.49048      60.05911      110.981
    8.0083      112.3082     55.66344      60.09407     111.3269
    8.0179      112.5463     55.85631      60.12667     111.7126
    8.0275      112.7958     56.06115      60.15795     112.1223
    8.0371      113.0488      56.2598      60.18809     112.5196
    8.0467      113.3024     56.44635      60.21509     112.8927
    8.0562      113.5696     56.62108      60.23736     113.2422
    8.0658      113.8603      56.7802      60.25572     113.5604
    8.0754      114.1762     56.91951      60.26952      113.839
     8.085      114.5105     57.04743      60.27969     114.0949
    8.0946      114.8753     57.16879      60.28867     114.3376
    8.1042      115.2899     57.28387       60.2974     114.5677
    8.1138      115.7462     57.39846       60.3054     114.7969
    8.1234      116.2386     57.51586      60.31271     115.0317
     8.133       116.765     57.64429      60.32321     115.2886
    8.1426      117.3055     57.78674      60.33914     115.5735
    8.1522      117.8317     57.94179      60.36847     115.8836
    8.1618      118.3493     58.11159      60.42923     116.2232
    8.1714      118.8696     58.29251      60.51875      116.585
     8.181      119.3508      58.4809      60.64234     116.9618
    8.1906      119.7638     58.67374      60.83518     117.3475
    8.2002       120.125     58.86699      61.08952      117.734
    8.2098      120.4561     59.06001      61.40037       118.12
    8.2194      120.7621     59.26345      61.74293     118.5269
     8.229      121.0428     59.48371      62.08626     118.9674
    8.2386      121.2997     59.72238       62.4172     119.4448
    8.2482       121.552     59.97334       62.6962     119.9467
    8.2578      121.8326     60.22751      62.93209      120.455
    8.2674      122.1306     60.48277      63.12944     120.9655
     8.277      122.4235     60.72848      63.27032      121.457
    8.2866      122.7085     60.97234      63.36773     121.9447
    8.2962      122.9974     61.22058      63.45824     122.4412
    8.3058      123.2921     61.46481      63.56366     122.9296
    8.3154      123.5758     61.69833      63.67634     123.3967
     8.325      123.8383     61.91403      63.79348     123.8281
    8.3345      124.0811     62.12012      63.91159     124.2402
    8.3441       124.321     62.32149      64.02695      124.643
    8.3537      124.5633     62.52172      64.13663     125.0434
    8.3633      124.8145     62.72565      64.22633     125.4513
    8.3729      125.0839     62.94168       64.2892     125.8834
    8.3825      125.3697     63.17852      64.33224      126.357
    8.3921       125.666     63.43023      64.36805     126.8605
    8.4017      125.9727     63.69749      64.40616      127.395
    8.4113      126.2976     63.98904         64.46     127.9781
    8.4209      126.6454     64.29433      64.54048     128.5887
    8.4305      127.0046     64.59241      64.64516     129.1848
    8.4401      127.3716     64.88365      64.77369     129.7673
    8.4497      127.7556     65.17006      64.93933     130.3401
    8.4593      128.1675     65.44443      65.16551     130.8889
    8.4689       128.637     65.70393       65.4651     131.4079
    8.4785      129.1837     65.95046      65.84345     131.9009
    8.4881      129.8172     66.19428      66.32608     132.3886
    8.4977      130.5347     66.44343      66.88586     132.8869
    8.5073      131.3159      66.7066      67.48396     133.4132
    8.5169       132.115     66.99847      68.06748     133.9969
    8.5265      132.8842     67.33085      68.60754     134.6617
    8.5361      133.6155     67.70256      69.12618     135.4051
    8.5457      134.2876     68.09399       69.5663      136.188
    8.5553       134.861     68.49187      69.88819     136.9837
    8.5649      135.3462      68.8893      70.12302     137.7786
    8.5745      135.7811     69.26701      70.28862      138.534
    8.5841      136.1887     69.61567      70.40145     139.2313
    8.5937      136.5941     69.93084      70.49099     139.8617
    8.6032      137.0214     70.20742      70.56952     140.4148
    8.6128      137.4932     70.45585      70.64653     140.9117
    8.6224      138.0122     70.68625      70.72564     141.3725
     8.632      138.5603     70.90066      70.80198     141.8013
    8.6416      139.1346     71.10219      70.87347     142.2044
    8.6512      139.7311     71.29669      70.93921     142.5934
    8.6608      140.3188     71.49306      71.00362     142.9861
    8.6704      140.8952     71.70093      71.08188     143.4019
      8.68      141.4621     71.91671      71.18451     143.8334
    8.6896       142.019     72.13403      71.31101     144.2681
    8.6992      142.5709     72.35509      71.46034     144.7102
    8.7088       143.102     72.58113      71.63857     145.1623
    8.7184       143.621      72.8107      71.83884     145.6214
     8.728      144.1643     73.04251       72.0494      146.085
    8.7376       144.744      73.2831      72.27451     146.5662
    8.7472      145.3228     73.54536      72.51889     147.0907
    8.7568      145.8876     73.82795      72.78894     147.6559
    8.7664      146.4564     74.11992      73.07528     148.2398
     8.776      147.0005     74.43866      73.36322     148.8773
    8.7856      147.5065     74.79715      73.67932     149.5943
    8.7952      147.9683     75.18768      74.02815     150.3754
    8.8048      148.3666     75.59404      74.37915     151.1881
    8.8144      148.7217     75.98469       74.7076     151.9694
     8.824        149.06     76.34333      75.00653     152.6867
    8.8336      149.4015     76.68677      75.29442     153.3735
    8.8432      149.7646     77.02601      75.56378      154.052
    8.8528       150.169     77.35548      75.78654      154.711
    8.8624      150.6186     77.67315      75.96891     155.3463
    8.8719      151.1018     77.96154      76.12914     155.9231
    8.8815       151.613     78.22527      76.26887     156.4505
    8.8911      152.1477     78.47652      76.39089      156.953
    8.9007      152.6948      78.7118      76.49871     157.4236
    8.9103      153.2336     78.93028      76.59234     157.8606
    8.9199      153.7367      79.1323      76.67054     158.2646
    8.9295      154.2201     79.32566      76.73353     158.6513
    8.9391      154.6994     79.52428      76.78406     159.0486
    8.9487      155.1422      79.7308      76.82539     159.4616
    8.9583      155.5556      79.9491      76.86301     159.8982
    8.9679      155.9504     80.19927      76.90378     160.3985
    8.9775      156.3062     80.48611       76.9494     160.9722
    8.9871      156.6342     80.81236      76.99823     161.6247
    8.9967      156.9423     81.17643      77.04904     162.3529
    9.0063      157.2296     81.55806      77.10245     163.1161
    9.0159      157.5129     81.94305      77.16311     163.8861
    9.0255      157.8037     82.32807      77.23317     164.6561
    9.0351      158.1157     82.70044      77.31217     165.4009
    9.0447      158.4488      83.0317      77.39812     166.0634
    9.0543       158.789     83.31683      77.48481     166.6337
    9.0639      159.1258     83.57158      77.56402     167.1432
    9.0735      159.4572     83.80358      77.63565     167.6072
    9.0831      159.7756     84.01651      77.70105      168.033
    9.0927       160.073     84.22362      77.75969     168.4472
    9.1023       160.355     84.43677      77.81298     168.8735
    9.1119      160.6324     84.66566      77.86494     169.3313
    9.1215      160.9093     84.90868      77.91959     169.8174
    9.1311       161.199     85.15946      77.97855     170.3189
    9.1407      161.5189     85.41352      78.04078      170.827
    9.1502       161.885     85.65438      78.10131     171.3088
    9.1598      162.2933     85.87235      78.15465     171.7447
    9.1694      162.7328     86.06369      78.19645     172.1274
     9.179       163.208       86.234       78.2289      172.468
    9.1886      163.7016     86.38505      78.25533     172.7701
    9.1982      164.1893      86.5185       78.2788      173.037
    9.2078      164.6573     86.64524      78.30516     173.2905
    9.2174      165.1038     86.77638      78.33925     173.5528
     9.227      165.5357     86.91845      78.38955     173.8369
    9.2366      165.9611     87.07229       78.4698     174.1446
    9.2462      166.3875     87.23867      78.58077     174.4773
    9.2558      166.8089      87.4214      78.72895     174.8428
    9.2654      167.2235     87.61747        78.925     175.2349
     9.275      167.6441     87.82028      79.16687     175.6406
    9.2846       168.074     88.02288      79.46639     176.0458
    9.2942      168.5224       88.212      79.83301      176.424
    9.3038      168.9845      88.3855      80.25667      176.771
    9.3134      169.4591     88.55422      80.71802     177.1084
     9.323      169.9417     88.72929      81.18249     177.4586
    9.3326      170.4007       88.908      81.65148      177.816
    9.3422      170.8408       89.092      82.15741      178.184
    9.3518      171.2846     89.29091      82.68622     178.5818
    9.3614      171.7298     89.50475       83.2039     179.0095
     9.371      172.1692      89.7207      83.67726     179.4414
    9.3806      172.6119     89.93017      84.04688     179.8603
    9.3902      173.0521     90.12872      84.31229     180.2574
    9.3998      173.4857     90.31128      84.51321     180.6226
    9.4094      173.9033      90.4945      84.66301      180.989
    9.4189      174.2843     90.66907      84.78218     181.3381
    9.4285      174.6503     90.82023      84.89376     181.6405
    9.4381      175.0181     90.95566      85.01385     181.9113
    9.4477       175.401     91.07997      85.14509     182.1599
    9.4573      175.8188     91.19248      85.27853      182.385
    9.4669      176.2828     91.29511      85.41036     182.5902
    9.4765      176.7965     91.39539      85.54021     182.7908
    9.4861      177.3413     91.48948      85.67276      182.979
    9.4957      177.9117     91.57715      85.82018     183.1543
    9.5053      178.5063     91.66248      85.97253      183.325
    9.5149      179.0999     91.74877       86.1254     183.4975
    9.5245      179.6841      91.8367      86.28718     183.6734
    9.5341      180.2747     91.92622      86.46479     183.8524
    9.5437      180.8763     92.02026      86.66494     184.0405
    9.5533      181.4473     92.12102      86.90061      184.242
    9.5629      181.9635     92.23062      87.18472     184.4612
    9.5725      182.4493     92.35471      87.52229     184.7094
    9.5821      182.8938     92.49332      87.91138     184.9866
    9.5917      183.2978     92.63796      88.36451     185.2759
    9.6013      183.7021     92.78916      88.85925     185.5783
    9.6109      184.0976     92.95168       89.3344     185.9034
    9.6205        184.47     93.12417      89.77594     186.2483
    9.6301      184.8555     93.30133      90.19723     186.6027
    9.6397      185.2812     93.48614      90.57654     186.9723
    9.6493      185.7538       93.685      90.89745       187.37
    9.6589      186.2778     93.90024      91.17108     187.8005
    9.6685      186.8403     94.11999       91.3963       188.24
    9.6781      187.4226     94.33677      91.57835     188.6735
    9.6877      188.0364     94.56401      91.73028      189.128
    9.6972      188.6636      94.8031      91.86266     189.6062
    9.7068       189.273     95.04984      91.99009     190.0997
    9.7164       189.848     95.30484      92.12133     190.6097
     9.726      190.3722     95.55959      92.25067     191.1192
    9.7356      190.8702     95.79684      92.38545     191.5937
    9.7452      191.3543     96.02096      92.53964     192.0419
    9.7548      191.8582     96.24139      92.72899     192.4828
    9.7644      192.4221     96.45257      92.97681     192.9051
     9.774      193.0527     96.65728      93.31303     193.3146
    9.7836      193.7536     96.86303      93.77471     193.7261
    9.7932      194.5503     97.07719      94.37303     194.1544
    9.8028      195.4325     97.30304      95.09416     194.6061
    9.8124      196.3427     97.54095      95.91147     195.0819
     9.822     0.9867255    0.2805264     0.9705681    0.5610527
