#     'r'     'cord11(r)'     'cord12(r)'     'cord22(r)'     cord21(r)
 0.0047982             0            0             0            0
  0.014395             0            0             0            0
  0.023991             0            0             0            0
  0.033588             0            0             0            0
  0.043184             0            0             0            0
  0.052781             0            0             0            0
  0.062377             0            0             0            0
  0.071974             0            0             0            0
   0.08157             0            0             0            0
  0.091167             0            0             0            0
   0.10076             0            0             0            0
   0.11036             0            0             0            0
   0.11996             0            0             0            0
   0.12955             0            0             0            0
   0.13915             0            0             0            0
   0.14875             0            0             0            0
   0.15834             0            0             0            0
   0.16794             0            0             0            0
   0.17753             0            0             0            0
   0.18713             0            0             0            0
   0.19673             0            0             0            0
   0.20632             0            0             0            0
   0.21592             0            0             0            0
   0.22552             0            0             0            0
   0.23511             0            0             0            0
   0.24471             0            0             0            0
   0.25431             0            0             0            0
    0.2639             0            0             0            0
    0.2735             0            0             0            0
    0.2831             0            0             0            0
   0.29269             0            0             0            0
   0.30229             0            0             0            0
   0.31189             0            0             0            0
   0.32148             0            0             0            0
   0.33108             0            0             0            0
   0.34068             0            0             0            0
   0.35027             0            0             0            0
   0.35987             0            0             0            0
   0.36946             0            0             0            0
   0.37906             0            0             0            0
   0.38866             0            0             0            0
   0.39825             0            0             0            0
   0.40785             0            0             0            0
   0.41745             0            0             0            0
   0.42704             0            0             0            0
   0.43664             0            0             0            0
   0.44624             0            0             0            0
   0.45583             0            0             0            0
   0.46543             0            0             0            0
   0.47503             0            0             0            0
   0.48462             0            0             0            0
   0.49422             0            0             0            0
   0.50382             0            0             0            0
   0.51341             0            0             0            0
   0.52301             0            0             0            0
    0.5326             0            0             0            0
    0.5422             0            0             0            0
    0.5518             0            0             0            0
   0.56139             0            0             0            0
   0.57099             0            0             0            0
   0.58059             0            0             0            0
   0.59018             0            0             0            0
   0.59978             0            0             0            0
   0.60938             0            0             0            0
   0.61897             0            0             0            0
   0.62857             0            0             0            0
   0.63817             0            0             0            0
   0.64776             0            0             0            0
   0.65736             0            0             0            0
   0.66696             0            0             0            0
   0.67655             0            0             0            0
   0.68615             0            0             0            0
   0.69575             0            0             0            0
   0.70534             0            0             0            0
   0.71494             0            0             0            0
   0.72453             0            0             0            0
   0.73413             0            0             0            0
   0.74373             0            0             0            0
   0.75332             0            0             0            0
   0.76292             0            0             0            0
   0.77252             0            0             0            0
   0.78211             0            0             0            0
   0.79171             0            0             0            0
   0.80131             0            0             0            0
    0.8109             0            0             0            0
    0.8205             0            0             0            0
    0.8301             0            0             0            0
   0.83969             0            0             0            0
   0.84929             0            0             0            0
   0.85889             0            0             0            0
   0.86848             0            0             0            0
   0.87808             0            0             0            0
   0.88767             0            0             0            0
   0.89727             0            0             0            0
   0.90687             0            0             0            0
   0.91646             0            0             0            0
   0.92606             0            0             0            0
   0.93566             0            0             0            0
   0.94525             0            0             0            0
   0.95485             0            0             0            0
   0.96445             0            0             0            0
   0.97404             0            0             0            0
   0.98364             0            0             0            0
   0.99324             0            0             0            0
    1.0028             0            0             0            0
    1.0124             0            0             0            0
     1.022             0            0             0            0
    1.0316             0            0             0            0
    1.0412             0            0             0            0
    1.0508             0            0             0            0
    1.0604             0            0             0            0
      1.07             0            0             0            0
    1.0796             0            0             0            0
    1.0892             0            0             0            0
    1.0988             0            0             0            0
    1.1084             0            0             0            0
     1.118             0            0             0            0
    1.1276             0            0             0            0
    1.1372             0            0             0            0
    1.1468             0            0             0            0
    1.1564             0            0             0            0
     1.166             0            0             0            0
    1.1756             0            0             0            0
    1.1852             0            0             0            0
    1.1948             0            0             0            0
    1.2044             0            0             0            0
     1.214             0            0             0            0
    1.2236             0            0             0            0
    1.2331             0            0             0            0
    1.2427             0            0             0            0
    1.2523             0            0             0            0
    1.2619             0            0             0            0
    1.2715             0            0             0            0
    1.2811             0            0             0            0
    1.2907             0            0             0            0
    1.3003             0            0             0            0
    1.3099             0            0             0            0
    1.3195             0            0             0            0
    1.3291             0            0             0            0
    1.3387             0            0             0            0
    1.3483             0            0             0            0
    1.3579             0            0             0            0
    1.3675             0            0             0            0
    1.3771             0            0             0            0
    1.3867             0            0             0            0
    1.3963             0            0             0            0
    1.4059             0            0             0            0
    1.4155             0            0             0            0
    1.4251             0            0             0            0
    1.4347             0            0             0            0
    1.4443             0            0             0            0
    1.4539             0            0             0            0
    1.4635             0            0             0            0
    1.4731             0            0             0            0
    1.4827             0            0             0            0
    1.4923             0            0             0            0
    1.5018             0            0             0            0
    1.5114             0            0             0            0
     1.521             0 0.0001939254             0 0.0003878509
    1.5306             0  0.001155487             0  0.002310974
    1.5402             0  0.003617814             0  0.007235628
    1.5498             0   0.01284667             0   0.02569334
    1.5594             0   0.03597696             0   0.07195392
     1.569             0   0.08156455             0    0.1631291
    1.5786             0    0.1642467             0    0.3284935
    1.5882             0    0.3103335             0    0.6206671
    1.5978             0    0.5311802             0      1.06236
    1.6074             0    0.8057402             0      1.61148
     1.617             0     1.095988             0     2.191976
    1.6266             0     1.350226             0     2.700451
    1.6362             0     1.544235             0     3.088469
    1.6458             0     1.673856             0     3.347712
    1.6554             0     1.745024             0     3.490048
     1.665             0     1.783594             0     3.567188
    1.6746             0     1.805499             0     3.610999
    1.6842             0     1.815792             0     3.631584
    1.6938             0      1.81934             0      3.63868
    1.7034             0     1.820735             0      3.64147
     1.713             0     1.821236             0     3.642472
    1.7226             0     1.821835             0      3.64367
    1.7322             0     1.822782             0     3.645565
    1.7418             0     1.824124             0     3.648248
    1.7514             0     1.826149             0     3.652298
     1.761             0     1.828602             0     3.657205
    1.7706             0     1.831543             0     3.663086
    1.7801             0     1.835348             0     3.670695
    1.7897             0       1.8398             0       3.6796
    1.7993             0     1.844972             0     3.689945
    1.8089             0     1.851128             0     3.702257
    1.8185             0     1.858065             0     3.716129
    1.8281             0     1.864888             0     3.729776
    1.8377             0     1.871791             0     3.743582
    1.8473             0     1.879258             0     3.758516
    1.8569             0     1.886836             0     3.773672
    1.8665             0     1.894712             0     3.789424
    1.8761             0     1.903162             0     3.806323
    1.8857             0     1.911728             0     3.823457
    1.8953             0     1.919953             0     3.839906
    1.9049             0     1.927594             0     3.855188
    1.9145             0     1.934734             0     3.869468
    1.9241             0     1.941793             0     3.883587
    1.9337             0     1.948398             0     3.896795
    1.9433             0      1.95439             0     3.908779
    1.9529             0     1.960594             0     3.921189
    1.9625             0     1.966986             0     3.933971
    1.9721             0      1.97316             0     3.946321
    1.9817             0     1.979183             0     3.958365
    1.9913             0     1.984628             0     3.969256
    2.0009             0      1.98954             0     3.979079
    2.0105             0     1.993901             0     3.987802
    2.0201             0     1.997755             0     3.995511
    2.0297             0     2.001411             0     4.002821
    2.0393             0     2.004682             0     4.009363
    2.0488             0     2.007532             0     4.015065
    2.0584             0     2.009842             0     4.019683
     2.068             0     2.011562             0     4.023124
    2.0776             0     2.012997             0     4.025994
    2.0872             0      2.01439             0     4.028781
    2.0968             0     2.015616             0     4.031231
    2.1064             0     2.016677             0     4.033355
     2.116             0     2.017666             0     4.035332
    2.1256             0     2.018481             0     4.036962
    2.1352             0     2.019185             0      4.03837
    2.1448             0       2.0198             0     4.039601
    2.1544             0      2.02031             0      4.04062
     2.164             0     2.020799             0     4.041598
    2.1736             0     2.021308             0     4.042617
    2.1832             0     2.021876             0     4.043752
    2.1928             0     2.022433             0     4.044866
    2.2024             0     2.022958             0     4.045917
     2.212             0     2.023494             0     4.046988
    2.2216             0     2.023936             0     4.047872
    2.2312             0     2.024267             0     4.048534
    2.2408             0     2.024577             0     4.049154
    2.2504             0     2.024845             0      4.04969
      2.26             0     2.025097             0     4.050194
    2.2696             0     2.025334             0     4.050667
    2.2792             0     2.025559             0     4.051119
    2.2888             0     2.025749             0     4.051497
    2.2984             0     2.025911             0     4.051823
     2.308             0     2.026095             0      4.05219
    2.3176             0     2.026263             0     4.052527
    2.3271             0     2.026369             0     4.052737
    2.3367             0     2.026468             0     4.052936
    2.3463             0     2.026568             0     4.053136
    2.3559             0     2.026647             0     4.053294
    2.3655             0      2.02672             0     4.053441
    2.3751             0     2.026794             0     4.053588
    2.3847             0     2.026883             0     4.053766
    2.3943             0     2.026993             0     4.053986
    2.4039             0     2.027093             0     4.054186
    2.4135             0     2.027146             0     4.054291
    2.4231             0     2.027182             0     4.054365
    2.4327             0     2.027214             0     4.054428
    2.4423             0     2.027261             0     4.054522
    2.4519             0     2.027303             0     4.054606
    2.4615             0     2.027324             0     4.054648
    2.4711             0      2.02735             0     4.054701
    2.4807             0     2.027387             0     4.054774
    2.4903             0     2.027413             0     4.054827
    2.4999  3.137004e-05      2.02745             0       4.0549
    2.5095  0.0005439811     2.027492             0     4.054984
    2.5191    0.00140509     2.027508             0     4.055016
    2.5287   0.002349023     2.027518             0     4.055037
    2.5383   0.005050984     2.027524             0     4.055047
    2.5479    0.01428927     2.027529             0     4.055058
    2.5575    0.03461652     2.027534             0     4.055068
    2.5671    0.07890116     2.027534             0     4.055068
    2.5767     0.1841796     2.027539             0     4.055079
    2.5863     0.3784592      2.02755             0       4.0551
    2.5958      0.667808     2.027555             0      4.05511
    2.6054      1.089027     2.027555             0      4.05511
     2.615      1.656043     2.027555             0      4.05511
    2.6246      2.337075     2.027555             0      4.05511
    2.6342      3.058326     2.027555             0      4.05511
    2.6438      3.709537      2.02756             0     4.055121
    2.6534      4.229935     2.027566             0     4.055131
     2.663      4.611179     2.027566             0     4.055131
    2.6726      4.862462     2.027571             0     4.055142
    2.6822      5.009985     2.027576             0     4.055152
    2.6918      5.090869     2.027576             0     4.055152
    2.7014      5.132129     2.027576             0     4.055152
     2.711      5.148291     2.027576             0     4.055152
    2.7206       5.15154     2.027576             0     4.055152
    2.7302      5.152328     2.027576             0     4.055152
    2.7398      5.152873     2.027576             0     4.055152
    2.7494      5.153837     2.027576             0     4.055152
     2.759      5.155357     2.027576             0     4.055152
    2.7686      5.157433     2.027576             0     4.055152
    2.7782      5.160567     2.027576             0     4.055152
    2.7878      5.165294     2.027576             0     4.055152
    2.7974      5.172045     2.027576             0     4.055152
     2.807      5.181071     2.027576             0     4.055152
    2.8166      5.192237     2.027576             0     4.055152
    2.8262      5.206107     2.027576             0     4.055152
    2.8358      5.223677     2.027576             0     4.055152
    2.8454      5.243623     2.027576             0     4.055152
     2.855      5.266664     2.027576             0     4.055152
    2.8646      5.293935     2.027576             0     4.055152
    2.8741      5.324184     2.027576             0     4.055152
    2.8837      5.355832     2.027576             0     4.055152
    2.8933      5.389171     2.027576             0     4.055152
    2.9029      5.424864     2.027576             0     4.055152
    2.9125      5.461739     2.027576             0     4.055152
    2.9221      5.499632     2.027576             0     4.055152
    2.9317      5.537401     2.027576             0     4.055152
    2.9413      5.574111     2.027576             0     4.055152
    2.9509      5.610116     2.027576             0     4.055152
    2.9605      5.646004     2.027576             0     4.055152
    2.9701      5.681025     2.027576  2.090068e-05     4.055152
    2.9797      5.714022     2.027576  0.0005017467     4.055152
    2.9893      5.744827     2.027576   0.004663863     4.055152
    2.9989       5.77368     2.027576    0.02544139     4.055152
    3.0085      5.800302     2.027576    0.07232451     4.055152
    3.0181      5.825128     2.027576      0.161714     4.055152
    3.0277      5.848017     2.027576      0.327637     4.055152
    3.0373      5.868179     2.027576     0.6003134     4.055152
    3.0469      5.885898     2.027576     0.9825402     4.055152
    3.0565      5.901562     2.027576      1.415604     4.055152
    3.0661      5.915171     2.027576      1.859806     4.055152
    3.0757      5.926547     2.027576      2.299151     4.055152
    3.0853      5.936548     2.027576      2.670454     4.055152
    3.0949      5.945899     2.027576      2.926271     4.055152
    3.1045      5.954066     2.027576      3.072235     4.055152
    3.1141      5.960849     2.027576      3.139557     4.055152
    3.1237      5.966667     2.027576      3.169217     4.055152
    3.1333      5.972023     2.027576      3.189537     4.055152
    3.1428       5.97694     2.027576      3.202108     4.055152
    3.1524      5.981634     2.027576       3.20677     4.055152
     3.162      5.986111     2.027576      3.207966     4.055152
    3.1716      5.990072     2.027576      3.208825     4.055152
    3.1812      5.993877     2.027576      3.210166     4.055152
    3.1908      5.997472     2.027576      3.212406     4.055152
    3.2004       6.00046     2.027576      3.215905     4.055152
      3.21      6.003048     2.027576      3.221538     4.055152
    3.2196      6.005647     2.027576      3.229124     4.055152
    3.2292      6.008402     2.027576      3.238028     4.055152
    3.2388        6.0112     2.027576      3.250051     4.055152
    3.2484      6.013841     2.027576      3.266391     4.055152
     3.258      6.016784     2.027576      3.285083     4.055152
    3.2676       6.02113     2.027576      3.307037     4.055152
    3.2772      6.030642     2.027576      3.332998     4.055152
    3.2868      6.051858     2.027576       3.36072     4.055152
    3.2964      6.088966     2.027576      3.390932     4.055152
     3.306      6.144582     2.027576      3.423766     4.055152
    3.3156      6.222038     2.027576      3.458589     4.055152
    3.3252      6.328309     2.027576      3.494692     4.055152
    3.3348      6.453784     2.027576      3.531506     4.055152
    3.3444      6.574777     2.027576      3.569117     4.055152
     3.354      6.692085     2.027576      3.606728     4.055152
    3.3636      6.814609     2.027576      3.641914     4.055152
    3.3732      6.956273     2.027576      3.674663     4.055152
    3.3828      7.139782     2.027576      3.707786     4.055152
    3.3924      7.364182     2.027576      3.740724     4.055152
     3.402      7.601412     2.027576      3.770419     4.055152
    3.4116      7.836093     2.027576      3.797071     4.055152
    3.4211       8.04541     2.027576      3.821921     4.055152
    3.4307      8.194652     2.027576      3.844697     4.055152
    3.4403       8.29028     2.027701       3.86425     4.055403
    3.4499       8.35185     2.029457      3.881805     4.058914
    3.4595      8.388738     2.035002      3.897669     4.070005
    3.4691      8.410581     2.049037      3.910994     4.098073
    3.4787      8.422869     2.082361      3.923439     4.164722
    3.4883      8.430119     2.148305      3.934711     4.296611
    3.4979      8.439172     2.256784        3.9446     4.513569
    3.5075      8.453263     2.421792      3.952835     4.843584
    3.5171       8.47634     2.634125      3.959853      5.26825
    3.5267      8.515025     2.862432      3.965867     5.724864
    3.5363      8.587873     3.078308      3.970874     6.156616
    3.5459      8.710897     3.256097      3.975838     6.512195
    3.5555      8.888065      3.38579      3.980364      6.77158
    3.5651      9.122249     3.471897      3.984114     6.943794
    3.5747      9.417044     3.532259      3.987549     7.064519
    3.5843      9.757694     3.586203      3.990441     7.172406
    3.5939      10.09613     3.645542      3.992787     7.291085
    3.6035      10.38124     3.721958      3.994861     7.443917
    3.6131      10.58776     3.822804      3.996767     7.645608
    3.6227      10.71536     3.942942      3.999007     7.885884
    3.6323      10.79032     4.072745      4.001374     8.145489
    3.6419      10.83701     4.192324      4.003636     8.384649
    3.6515      10.86274     4.280831      4.005522     8.561662
    3.6611      10.87964     4.337758      4.007113     8.675516
    3.6707      10.89456     4.371031      4.008496     8.742062
    3.6803      10.90949     4.390329      4.009564     8.780657
    3.6898      10.92528     4.404019      4.010883     8.808038
    3.6994       10.9424     4.414071      4.012516     8.828141
     3.709      10.96032     4.422651      4.014255     8.845301
    3.7186      10.97906     4.431357       4.01593     8.862715
    3.7282      10.99895     4.441306      4.017501     8.882612
    3.7378      11.02014     4.452891       4.01882     8.905782
    3.7474      11.04238     4.464471      4.019784     8.928943
     3.757      11.06673     4.476181      4.020601     8.952362
    3.7666      11.09415     4.488765      4.021417     8.977529
    3.7762      11.12486     4.502353      4.022338     9.004707
    3.7858      11.15884     4.516847      4.023344     9.033695
    3.7954      11.19501     4.531521      4.024286     9.063042
     3.805      11.23389     4.546658      4.025186     9.093316
    3.8146       11.2743       4.5622      4.026024     9.124401
    3.8242      11.31413     4.578091       4.02659     9.156182
    3.8338      11.35389     4.597363      4.027071     9.194725
    3.8434      11.39511      4.62519      4.027637      9.25038
     3.853      11.43583      4.66599      4.028076      9.33198
    3.8626      11.47562      4.72678       4.02837     9.453561
    3.8722      11.51478      4.81007      4.028725      9.62014
    3.8818      11.55159      4.91015      4.029311     9.820301
    3.8914      11.58635     5.035081      4.029981     10.07016
     3.901      11.61988     5.177401      4.030422      10.3548
    3.9106      11.65274     5.305986      4.030652     10.61197
    3.9202      11.68367     5.405223       4.03084     10.81045
    3.9298      11.71209     5.482255      4.030966     10.96451
    3.9394      11.73942     5.547393      4.031154     11.09479
     3.949      11.76622     5.609511      4.031447     11.21902
    3.9585      11.79225     5.681921      4.031615     11.36384
    3.9681      11.81711     5.766067      4.031657     11.53213
    3.9777      11.84129     5.868328      4.031803     11.73666
    3.9873      11.86457     5.998206      4.031929     11.99641
    3.9969      11.88685     6.131453      4.032034     12.26291
    4.0065      11.90849     6.255131      4.032201     12.51026
    4.0161      11.93216     6.363536      4.032306     12.72707
    4.0257      11.96095     6.437081       4.03239     12.87416
    4.0353      12.00073     6.481081      4.032473     12.96216
    4.0449      12.06253     6.510156      4.032494     13.02031
    4.0545      12.15222     6.535932      4.032515     13.07186
    4.0641      12.29456     6.567632      4.032536     13.13526
    4.0737      12.49904     6.610883      4.032536     13.22177
    4.0833      12.72603     6.674722      4.032578     13.34944
    4.0929      12.94663     6.764636       4.03262     13.52927
    4.1025      13.14184     6.877137       4.03262     13.75427
    4.1121      13.30747     7.003854       4.03262     14.00771
    4.1217      13.43501     7.129898       4.03262      14.2598
    4.1313      13.51617     7.239482       4.03262     14.47896
    4.1409      13.58007     7.331436       4.03262     14.66287
    4.1505      13.65646      7.42863      4.032641     14.85726
    4.1601      13.76312     7.561952      4.032662      15.1239
    4.1697      13.91044     7.755297      4.032683     15.51059
    4.1793      14.09547      8.01088      4.032704     16.02176
    4.1889      14.30929     8.324981      4.032704     16.64996
    4.1985      14.53061     8.667347      4.032704     17.33469
    4.2081      14.72899       8.9843      4.032704      17.9686
    4.2177      14.89386     9.243547      4.032704     18.48709
    4.2273       15.0188     9.441013      4.032704     18.88203
    4.2368      15.09899     9.581566      4.032704     19.16313
    4.2464      15.14652     9.669707      4.032704     19.33941
     4.256      15.17592     9.722954      4.032704     19.44591
    4.2656      15.19657     9.761183      4.033497     19.52237
    4.2752      15.21324     9.795559      4.036549     19.59112
    4.2848      15.22682     9.827459      4.040506     19.65492
    4.2944      15.23972     9.859355      4.046589     19.71871
     4.304      15.25202        9.892      4.059554       19.784
    4.3136      15.26385     9.924332      4.082811     19.84866
    4.3232      15.27512     9.956182      4.134156     19.91236
    4.3328      15.28626     9.990369      4.245064     19.98074
    4.3424      15.29825     10.03074      4.450282     20.06149
     4.352      15.31087     10.08228      4.789669     20.16456
    4.3616      15.32393     10.15372      5.270684     20.30745
    4.3712      15.33845     10.25052       5.85326     20.50104
    4.3808      15.35522     10.36691      6.463576     20.73381
    4.3904      15.37369     10.49139      7.026804     20.98279
       4.4      15.39496     10.61859      7.509605     21.23718
    4.4096      15.41954     10.73553      7.881222     21.47106
    4.4192      15.44615     10.83353      8.132362     21.66706
    4.4288      15.47313     10.91556      8.282032     21.83113
    4.4384       15.5016     10.98629      8.355219     21.97259
     4.448      15.53309     11.05047      8.398057     22.10094
    4.4576       15.5678      11.1106      8.430608     22.22119
    4.4672      15.60892     11.17465      8.447782      22.3493
    4.4768      15.66526     11.25183      8.455735     22.50365
    4.4864      15.75744     11.35116      8.464394     22.70232
     4.496      15.89885     11.47381      8.476734     22.94761
    4.5055      16.08839     11.61051      8.492422     23.22102
    4.5151      16.32129     11.75153      8.510414     23.50306
    4.5247      16.58506     11.88459      8.530747     23.76919
    4.5343      16.83677      11.9907      8.553821     23.98139
    4.5439      17.03014     12.06717      8.579196     24.13433
    4.5535      17.16242     12.12258      8.606622     24.24517
    4.5631      17.25286     12.16374      8.637413     24.32749
    4.5727      17.31511     12.19863      8.672264     24.39726
    4.5823      17.35829     12.22971      8.711381     24.45941
    4.5919      17.38814     12.26114      8.751906     24.52228
    4.6015      17.40843      12.3015      8.792343     24.60299
    4.6111      17.42525     12.35519      8.836897     24.71038
    4.6207      17.44035     12.43008      8.884574     24.86016
    4.6303      17.45407     12.53379      8.932104     25.06758
    4.6399      17.47011     12.65978      8.980782     25.31956
    4.6495      17.49142     12.79558      9.031156     25.59115
    4.6591      17.51948     12.92506      9.080403     25.85012
    4.6687      17.56001      13.0356      9.129644     26.07119
    4.6783      17.62308     13.12353      9.181395     26.24707
    4.6879      17.71783     13.18523       9.23386     26.37046
    4.6975      17.83913     13.22758      9.286282     26.45516
    4.7071      17.97426     13.26111      9.337285     26.52222
    4.7167      18.13047     13.28867      9.385316     26.57734
    4.7263      18.31668     13.31538      9.431421     26.63076
    4.7359      18.53065      13.3438      9.475915      26.6876
    4.7455      18.77104     13.37387      9.519049     26.74774
    4.7551      19.02494     13.40488      9.562493     26.80976
    4.7647      19.26644     13.43554      9.605356     26.87109
    4.7743      19.47212     13.46544      9.646814     26.93088
    4.7838       19.6262      13.4951      9.687332      26.9902
    4.7934      19.73186     13.52485      9.725196      27.0497
     4.803      19.80773     13.55417      9.762926     27.10833
    4.8126      19.86155     13.58325      9.807322      27.1665
    4.8222        19.898     13.61204      9.881652     27.22409
    4.8318      19.92837     13.63982       10.0034     27.27963
    4.8414      19.96218     13.66697      10.17346     27.33394
     4.851      20.00789     13.69295      10.41011     27.38589
    4.8606      20.08321     13.71712      10.68553     27.43424
    4.8702      20.21467     13.73952      10.97963     27.47905
    4.8798      20.44319     13.75996      11.33603     27.51993
    4.8894      20.80201     13.77896       11.7858     27.55791
     4.899      21.30288     13.79724      12.33529     27.59447
    4.9086      21.95685     13.81515      12.98345      27.6303
    4.9182      22.69427     13.83447      13.67589     27.66895
    4.9278      23.39796     13.85721      14.30583     27.71442
    4.9374       24.0049     13.88905      14.83184     27.77811
     4.947      24.50454     13.93669      15.24323     27.87339
    4.9566      24.92996     14.00154      15.50855     28.00308
    4.9662      25.31178     14.08859      15.65361     28.17718
    4.9758      25.65693      14.1946      15.73586     28.38919
    4.9854      25.96748     14.30817      15.79386     28.61635
     4.995      26.23929      14.4227      15.83811      28.8454
    5.0046      26.46476       14.528      15.86437     29.05601
    5.0142      26.65863     14.60674      15.88487     29.21348
    5.0238      26.82854     14.65799      15.90494     29.31598
    5.0334      26.96204     14.69827      15.92489     29.39654
     5.043      27.06157     14.73252      15.94908     29.46505
    5.0525      27.14432     14.76432      15.97819     29.52864
    5.0621       27.2195     14.80249      16.01029     29.60498
    5.0717      27.28715     14.86143      16.04427     29.72287
    5.0813      27.35472      14.9508      16.08164      29.9016
    5.0909      27.43829     15.06587        16.123     30.13175
    5.1005      27.55031     15.18581      16.16937     30.37161
    5.1101      27.69767     15.29314      16.21952     30.58628
    5.1197      27.90423     15.38867       16.2714     30.77734
    5.1293       28.1735     15.46035       16.3261      30.9207
    5.1389      28.49438     15.50291      16.38229     31.00581
    5.1485      28.84222      15.5324       16.4372      31.0648
    5.1581      29.18769     15.55416      16.48777     31.10832
    5.1677      29.53474      15.5701       16.5337     31.14021
    5.1773      29.88215     15.58431      16.57654     31.16861
    5.1869      30.24647      15.6003      16.61649     31.20059
    5.1965      30.64826     15.62488      16.65446     31.24975
    5.2061      31.04909     15.66423      16.69126     31.32846
    5.2157      31.40251     15.72635      16.72681     31.45271
    5.2253      31.70975     15.81265      16.76378     31.62529
    5.2349      31.99436     15.91314      16.80254     31.82629
    5.2445      32.24423     16.01743      16.84091     32.03487
    5.2541      32.44139     16.12208      16.88054     32.24416
    5.2637      32.60562     16.21468      16.92292     32.42935
    5.2733       32.7478     16.28822      16.96776     32.57644
    5.2829      32.86939     16.34242      17.01456     32.68485
    5.2925       32.9749      16.3785      17.06332     32.75701
    5.3021       33.0733     16.40152      17.11617     32.80303
    5.3117      33.17089      16.4151      17.17446      32.8302
    5.3213      33.26978      16.4269      17.23733      32.8538
    5.3308      33.37177     16.44031      17.30809     32.88062
    5.3404      33.47634     16.45532      17.39781     32.91065
      5.35      33.58835     16.47132       17.5277     32.94264
    5.3596       33.7171     16.48843      17.70912     32.97685
    5.3692      33.87648     16.50581      17.94503     33.01161
    5.3788      34.07727     16.52273      18.25151     33.04545
    5.3884      34.32668     16.53991       18.6211     33.07982
     5.398      34.62729     16.55754      19.05246     33.11507
    5.4076       34.9492     16.57557      19.51611     33.15115
    5.4172      35.25958     16.59473      19.90791     33.18947
    5.4268      35.53347     16.61429      20.19681     33.22859
    5.4364      35.75212     16.63369      20.41374     33.26739
     5.446      35.92637     16.65333      20.58023     33.30666
    5.4556      36.06556     16.67259      20.69912     33.34517
    5.4652      36.18658     16.69044      20.76584     33.38089
    5.4748      36.31098     16.70739      20.80274     33.41479
    5.4844        36.453     16.72422      20.82783     33.44845
     5.494      36.62538     16.74098      20.84816     33.48196
    5.5036      36.84192     16.75749       20.8648     33.51497
    5.5132      37.10775      16.7738      20.87902      33.5476
    5.5228      37.42633      16.7898        20.892     33.57959
    5.5324      37.78975     16.80508      20.90452     33.61017
     5.542      38.17207     16.81981      20.91734     33.63962
    5.5516      38.57044     16.83406      20.93197     33.66812
    5.5612      39.02383     16.84826      20.94921     33.69653
    5.5708      39.53302     16.86313      20.96855     33.72627
    5.5804      40.01603     16.87993      20.98933     33.75987
      5.59      40.42384     16.89896      21.01374     33.79791
    5.5995      40.73903     16.92361      21.04225     33.84722
    5.6091      40.96273     16.96215      21.07217      33.9243
    5.6187      41.11825     17.01903      21.10392     34.03807
    5.6283      41.21922     17.10546      21.13739     34.21092
    5.6379      41.28849     17.22909      21.17092     34.45818
    5.6475      41.34633     17.38482      21.20464     34.76965
    5.6571       41.4025     17.56059      21.23854     35.12119
    5.6667      41.46219     17.74354      21.27172     35.48708
    5.6763      41.52466     17.92114      21.30489     35.84228
    5.6859      41.58927     18.07523      21.33761     36.15045
    5.6955      41.65537     18.19246      21.36907     36.38492
    5.7051      41.71989      18.2708      21.40019      36.5416
    5.7147      41.78062     18.31801      21.42984     36.63602
    5.7243      41.83733     18.34677      21.46209     36.69353
    5.7339      41.89062     18.36887       21.5149     36.73774
    5.7435      41.94095     18.39191      21.59557     36.78381
    5.7531      41.98943     18.41941      21.71575     36.83881
    5.7627      42.03986     18.45383      21.90849     36.90766
    5.7723      42.09186      18.5084      22.14513     37.01679
    5.7819      42.14587     18.59109      22.37469     37.18218
    5.7915      42.20327     18.69434      22.57003     37.38868
    5.8011      42.26171     18.80819      22.71887     37.61638
    5.8107      42.32178     18.92025      22.82474      37.8405
    5.8203      42.38459     19.02032      22.89352     38.04065
    5.8299      42.44977     19.10953      22.94622     38.21905
    5.8395      42.51819     19.20736      22.99069     38.41472
    5.8491       42.5915     19.32775      23.02836      38.6555
    5.8587      42.67056     19.48148       23.0626     38.96296
    5.8683      42.75913     19.67171      23.09535     39.34341
    5.8778       42.8578     19.88517      23.12625     39.77034
    5.8874      42.96462     20.11483      23.15492     40.22966
     5.897      43.08896     20.35396      23.18158     40.70792
    5.9066      43.23718     20.59647      23.20722     41.19294
    5.9162      43.41622     20.81458      23.23141     41.62916
    5.9258       43.6312     20.99029      23.25327     41.98059
    5.9354      43.88688     21.13379      23.27661     42.26757
     5.945      44.18521     21.26398       23.2999     42.52796
    5.9546       44.5083     21.39835      23.32176     42.79671
    5.9642      44.84642     21.55284      23.34425     43.10568
    5.9738      45.20387     21.74004      23.36789     43.48008
    5.9834      45.60337      21.9633      23.39367     43.92659
     5.993      46.04003     22.20497      23.42251     44.40995
    6.0026      46.46635     22.43019      23.45374     44.86038
    6.0122      46.88662     22.63144      23.48816     45.26287
    6.0218      47.31063     22.81982      23.52544     45.63963
    6.0314      47.70057     22.99893      23.56506     45.99785
     6.041      48.04659     23.16262      23.60565     46.32524
    6.0506      48.36006     23.31449      23.64659     46.62898
    6.0602      48.66548     23.45901      23.68806     46.91803
    6.0698      48.98011     23.59003      23.72942     47.18006
    6.0794      49.26347     23.70417      23.77047     47.40834
     6.089      49.49295     23.80033      23.80729     47.60065
    6.0986      49.67633     23.88292      23.84048     47.76585
    6.1082      49.82134     23.95726       23.8714     47.91452
    6.1178      49.93653     24.02685      23.89848     48.05369
    6.1274      50.02411     24.09729      23.92185     48.19457
     6.137       50.0936     24.16924      23.94156     48.33848
    6.1465       50.1521     24.24255      23.95789      48.4851
    6.1561      50.20692     24.31834      23.97128     48.63669
    6.1657       50.2623     24.39765      23.98211     48.79529
    6.1753      50.31697      24.4816      23.99101      48.9632
    6.1849      50.37322     24.57116      23.99916     49.14232
    6.1945      50.43342      24.6705      24.00702       49.341
    6.2041       50.4958     24.78945      24.01448      49.5789
    6.2137      50.56077     24.92593      24.02217     49.85186
    6.2233      50.62984     25.07016      24.02989     50.14033
    6.2329      50.70173     25.22281      24.03707     50.44562
    6.2425      50.77587     25.37594      24.04376     50.75188
    6.2521      50.85265     25.51223      24.04974     51.02446
    6.2617      50.93255     25.62508      24.05557     51.25016
    6.2713      51.01577     25.72791      24.06136     51.45581
    6.2809      51.10013     25.83057      24.06687     51.66113
    6.2905      51.18774     25.93557      24.07231     51.87114
    6.3001      51.28202     26.05457      24.07705     52.10913
    6.3097      51.38169     26.19323      24.08117     52.38645
    6.3193      51.48975     26.33252      24.08537     52.66504
    6.3289       51.6156     26.45726      24.08917     52.91453
    6.3385      51.76274      26.5649      24.09291     53.12981
    6.3481      51.92825     26.65632      24.09668     53.31263
    6.3577      52.10655     26.74642      24.10016     53.49285
    6.3673      52.28033     26.84958      24.10353     53.69917
    6.3769      52.43577     26.97493      24.10679     53.94985
    6.3865      52.57423     27.13005      24.11007      54.2601
    6.3961      52.71529     27.31867        24.113     54.63733
    6.4057      52.87343     27.53284      24.11538     55.06567
    6.4152      53.06606     27.74848      24.11743     55.49695
    6.4248       53.3245     27.94756      24.11941     55.89512
    6.4344      53.67773     28.11757      24.12169     56.23514
     6.444       54.1021     28.24548       24.1238     56.49095
    6.4536      54.52233     28.33716       24.1257     56.67432
    6.4632      54.91501     28.40771      24.12731     56.81541
    6.4728      55.27862     28.47108       24.1285     56.94217
    6.4824      55.59141      28.5445      24.12971     57.08901
     6.492      55.82714     28.64303      24.13097     57.28607
    6.5016      55.97957     28.77627      24.13239     57.55254
    6.5112      56.07503     28.94377      24.13429     57.88753
    6.5208      56.14254     29.12742      24.13955     58.25484
    6.5304      56.19877     29.31442      24.15613     58.62884
      6.54      56.24805     29.50223       24.2034     59.00447
    6.5496      56.29281     29.67315      24.30323      59.3463
    6.5592       56.3368     29.82139      24.45562     59.64279
    6.5688      56.38253     29.96306       24.6752     59.92613
    6.5784       56.4317     30.10347      24.97579     60.20695
     6.588      56.48479     30.25478      25.34371     60.50955
    6.5976      56.54034     30.44205      25.73002     60.88409
    6.6072      56.59797     30.67203      26.06211     61.34406
    6.6168      56.65883     30.94279      26.31828     61.88558
    6.6264       56.7275     31.25945      26.50186      62.5189
     6.636      56.81162     31.60372      26.60892     63.20744
    6.6456      56.91531     31.94696      26.65921     63.89393
    6.6552       57.0455     32.26784      26.68548     64.53568
    6.6648      57.21228     32.54392      26.70106     65.08784
    6.6744       57.4102     32.77163      26.71361     65.54327
     6.684      57.62858     32.96719      26.72884     65.93438
    6.6935      57.86268       33.141      26.74601       66.282
    6.7031      58.09328     33.30264      26.76571     66.60529
    6.7127      58.30642     33.45853      26.78946     66.91705
    6.7223      58.51299     33.61329        26.816     67.22657
    6.7319      58.74596     33.76561       26.8427     67.53123
    6.7415       59.0332     33.90492       26.8693     67.80983
    6.7511      59.37029     34.02574      26.89499     68.05148
    6.7607      59.73364     34.12793      26.91877     68.25586
    6.7703      60.11536     34.21471      26.94004     68.42941
    6.7799      60.52437     34.29233      26.95906     68.58466
    6.7895       60.9395     34.36678      26.97519     68.73356
    6.7991      61.32316     34.43879      26.99094     68.87758
    6.8087      61.66371     34.50991      27.00817     69.01982
    6.8183      61.95428      34.5822      27.02574     69.16439
    6.8279      62.18797     34.65618      27.04536     69.31237
    6.8375      62.37051     34.73211       27.0683     69.46423
    6.8471      62.51744      34.8104      27.10269     69.62081
    6.8567      62.65667     34.89215      27.16378     69.78429
    6.8663      62.81795     34.97659        27.261     69.95319
    6.8759      63.02606     35.06139      27.39706     70.12279
    6.8855       63.2859     35.14649      27.58072     70.29298
    6.8951      63.60128     35.23215      27.83768      70.4643
    6.9047       63.9502     35.31976      28.18206     70.63953
    6.9143      64.26783      35.4125      28.57612       70.825
    6.9239       64.5144     35.51304      28.94901     71.02609
    6.9335      64.71157     35.62272      29.24829     71.24544
    6.9431      64.88626     35.74367      29.48535     71.48734
    6.9527      65.04865     35.87791      29.66306     71.75582
    6.9622      65.23599      36.0232      29.77985     72.04641
    6.9718      65.47875     36.17654      29.86285     72.35308
    6.9814      65.79265     36.33297      29.92398     72.66593
     6.991      66.17065     36.47991      29.97869     72.95982
    7.0006      66.59998     36.60836       30.0377     73.21671
    7.0102      67.08444     36.71673      30.10075     73.43346
    7.0198      67.59939     36.80436      30.16369     73.60873
    7.0294      68.11244     36.87722       30.2244     73.75445
     7.039      68.59099     36.94178      30.28117     73.88355
    7.0486      69.01511     36.99973      30.33354     73.99947
    7.0582      69.38915     37.05421      30.38128     74.10842
    7.0678      69.73905     37.10658      30.42504     74.21316
    7.0774       70.0822     37.15649      30.46501     74.31297
     7.087      70.42431     37.20349      30.50146     74.40697
    7.0966      70.77771     37.24833      30.53585     74.49666
    7.1062      71.12525     37.29319      30.56798     74.58637
    7.1158      71.45866      37.3382      30.59938      74.6764
    7.1254      71.76373     37.38439      30.63234     74.76879
     7.135      72.01954     37.43599      30.66606     74.87197
    7.1446      72.23466     37.50084      30.70138     75.00168
    7.1542      72.41824     37.58219      30.73935     75.16439
    7.1638      72.57776     37.67574      30.77837     75.35148
    7.1734      72.72224       37.781      30.81702     75.56199
     7.183      72.85746      37.8984      30.85656      75.7968
    7.1926      72.98945     38.01976      30.89963     76.03952
    7.2022      73.11941      38.1393      30.94728      76.2786
    7.2118      73.24557      38.2529       31.0011     76.50579
    7.2214      73.37427     38.35881      31.06338     76.71761
     7.231      73.51349     38.46043      31.14272     76.92087
    7.2405      73.67163     38.56616      31.24888     77.13232
    7.2501      73.87027     38.67791      31.41895     77.35581
    7.2597      74.14184     38.79408      31.71217     77.58816
    7.2693       74.5367     38.91552       32.1818     77.83104
    7.2789      75.12222     39.03817      32.87196     78.07634
    7.2885      75.93348     39.16755      33.83832     78.33509
    7.2981      76.91842      39.3065      35.09396     78.61299
    7.3077      78.00062     39.45385      36.47779     78.90771
    7.3173      79.06941      39.6217      37.77069     79.24339
    7.3269      80.00096     39.81478      38.82731     79.62956
    7.3365      80.75394     40.01596      39.60084     80.03192
    7.3461      81.32923     40.21003      40.11673     80.42006
    7.3557      81.76952     40.38332      40.41723     80.76664
    7.3653      82.16761     40.52858      40.58247     81.05716
    7.3749      82.60069     40.64953      40.68209     81.29906
    7.3845      83.07596     40.75095      40.75297      81.5019
    7.3941      83.56634     40.83414      40.81593     81.66829
    7.4037      84.05594      40.9084      40.87928      81.8168
    7.4133      84.56043      40.9958      40.95175     81.99161
    7.4229      85.09594     41.10595      41.03506      82.2119
    7.4325      85.66239     41.24891      41.12971     82.49781
    7.4421       86.2456     41.43598      41.23621     82.87197
    7.4517      86.81845     41.66693      41.35054     83.33386
    7.4613      87.35754     41.92447      41.46912     83.84893
    7.4709        87.856     42.17971      41.58834     84.35943
    7.4805      88.31964     42.41851      41.71029     84.83702
    7.4901       88.7653     42.63477      41.83265     85.26955
    7.4997      89.18879     42.82888       41.9544     85.65776
    7.5092      89.56685     43.00501      42.08495     86.01003
    7.5188      89.92819     43.16843      42.22917     86.33686
    7.5284      90.29947     43.32514      42.40298     86.65029
     7.538       90.6613     43.47496      42.63729     86.94993
    7.5476       91.0189     43.63017      42.97234     87.26034
    7.5572      91.40554     43.81143      43.44006     87.62286
    7.5668      91.83713     44.00678      44.05594     88.01357
    7.5764      92.30808     44.20425      44.82567      88.4085
     7.586       92.8021     44.41524      45.71304     88.83047
    7.5956      93.29204      44.6474      46.72668     89.29479
    7.6052      93.77098     44.91024      47.84948     89.82049
    7.6148      94.24186     45.21436      48.91506     90.42871
    7.6244      94.70161     45.55351      49.83754     91.10701
     7.634      95.15048     45.90862      50.63179     91.81723
    7.6436      95.58009     46.25673      51.29789     92.51346
    7.6532      96.00139     46.57091       51.8449     93.14182
    7.6628      96.43622     46.84487      52.28447     93.68974
    7.6724      96.88785     47.08599      52.64087     94.17198
     7.682      97.34956     47.31324      52.93841     94.62647
    7.6916      97.81824      47.5419      53.19436     95.08381
    7.7012      98.28858     47.77836       53.4253     95.55672
    7.7108      98.75112     48.02702      53.64381     96.05405
    7.7204      99.21324     48.28874      53.84927     96.57747
      7.73      99.68552     48.55973      54.03906     97.11946
    7.7396      100.1693     48.83272      54.21367     97.66545
    7.7492      100.6643      49.0998      54.37301      98.1996
    7.7588      101.1469     49.33795      54.52386      98.6759
    7.7684      101.5956     49.53613      54.67425     99.07226
     7.778      102.0225     49.70348      54.82342     99.40696
    7.7875      102.4603     49.84222      54.97086     99.68443
    7.7971      102.9026     49.95764      55.12054     99.91528
    7.8067      103.3388     50.06655      55.27135     100.1331
    7.8163      103.7789     50.17643      55.41752     100.3529
    7.8259      104.2301     50.28739      55.55593     100.5748
    7.8355      104.7026     50.40525      55.68963     100.8105
    7.8451       105.181     50.53372      55.81837     101.0674
    7.8547      105.6298     50.67738      55.94025     101.3548
    7.8643      106.0399     50.84656      56.05727     101.6931
    7.8739      106.4184      51.0404      56.17045     102.0808
    7.8835      106.7603     51.25572      56.28124     102.5114
    7.8931      107.0743     51.49367      56.38934     102.9873
    7.9027      107.3703     51.75239      56.49774     103.5048
    7.9123      107.6584     52.02447      56.60901     104.0489
    7.9219       107.933     52.29727      56.72072     104.5945
    7.9315      108.1797      52.5688      56.83514     105.1376
    7.9411      108.4024     52.83424      56.95857     105.6685
    7.9507      108.6072     53.07826      57.09129     106.1565
    7.9603      108.7982     53.29797      57.23076     106.5959
    7.9699      108.9809      53.5024      57.37571     107.0048
    7.9795      109.1623     53.69822      57.52292     107.3964
    7.9891      109.3537     53.88209      57.67434     107.7642
    7.9987      109.5662     54.05772      57.82921     108.1154
    8.0083      109.8101     54.24577      57.98419     108.4915
    8.0179      110.1003     54.45628      58.13656     108.9126
    8.0275      110.4348     54.68351      58.28339      109.367
    8.0371      110.8036     54.91581      58.42242     109.8316
    8.0467      111.1717     55.14925       58.5597     110.2985
    8.0562      111.5149     55.38391      58.70308     110.7678
    8.0658      111.8459     55.60636      58.84473     111.2127
    8.0754      112.1699     55.80411      58.98045     111.6082
     8.085      112.5002     55.97715      59.11074     111.9543
    8.0946      112.8582     56.13139      59.23104     112.2628
    8.1042       113.271     56.26716      59.34274     112.5343
    8.1138       113.765     56.38811      59.44622     112.7762
    8.1234      114.3159     56.50705       59.5398     113.0141
     8.133       114.873     56.63102      59.62501      113.262
    8.1426      115.4326     56.76312      59.70576     113.5262
    8.1522      115.9942     56.90686       59.7896     113.8137
    8.1618      116.5483     57.05938      59.88744     114.1188
    8.1714      117.1078     57.21569      60.00404     114.4314
     8.181      117.6396     57.37561      60.16456     114.7512
    8.1906      118.1185     57.53808      60.39579     115.0762
    8.2002        118.56     57.70485       60.7107     115.4097
    8.2098      118.9349     57.89006      61.10306     115.7801
    8.2194      119.2234     58.10407      61.52865     116.2081
     8.229      119.4515     58.35273      61.92948     116.7055
    8.2386      119.6432     58.63259      62.28338     117.2652
    8.2482      119.8214     58.92899      62.59159      117.858
    8.2578      120.0151     59.22719      62.83731     118.4544
    8.2674       120.245     59.52268      63.02354     119.0454
     8.277      120.5257     59.80879      63.15819     119.6176
    8.2866      120.8442     60.07527      63.24331     120.1505
    8.2962      121.1716      60.3187      63.30454     120.6374
    8.3058      121.4843     60.55073      63.35233     121.1015
    8.3154      121.7739     60.77997      63.38343     121.5599
     8.325      122.0407     60.99787      63.41034     121.9957
    8.3345      122.2776     61.20143      63.43876     122.4029
    8.3441      122.4927     61.38957      63.47256     122.7791
    8.3537       122.697     61.56605      63.51539     123.1321
    8.3633      122.9014     61.74256      63.56733     123.4851
    8.3729      123.1237     61.94262      63.62815     123.8852
    8.3825       123.367     62.18056      63.70023     124.3611
    8.3921      123.6463     62.44557      63.77945     124.8911
    8.4017      123.9612      62.7287      63.86241     125.4574
    8.4113      124.2842     63.03045      63.94971     126.0609
    8.4209      124.5986     63.35121      64.03699     126.7024
    8.4305      124.8994     63.65871      64.12379     127.3174
    8.4401      125.2032     63.93027      64.21197     127.8605
    8.4497       125.528     64.17254      64.30641     128.3451
    8.4593      125.8756      64.3886       64.4223     128.7772
    8.4689      126.2697     64.58572      64.59097     129.1714
    8.4785      126.7434     64.77148      64.87768      129.543
    8.4881      127.3206     64.96171      65.30159     129.9234
    8.4977        128.02     65.16416      65.83747     130.3283
    8.5073      128.8386     65.38502      66.45245       130.77
    8.5169      129.7229     65.62981      67.10409     131.2596
    8.5265      130.5925     65.91115      67.72183     131.8223
    8.5361       131.404     66.23894       68.2403     132.4779
    8.5457      132.1205     66.59629      68.64824     133.1926
    8.5553      132.7256     66.96427      68.93618     133.9285
    8.5649      133.2388     67.32809      69.12321     134.6562
    8.5745      133.6846     67.67951      69.25623      135.359
    8.5841      134.0952     68.01289      69.36213     136.0258
    8.5937      134.4952     68.31962       69.4487     136.6392
    8.6032      134.9032     68.59775      69.52919     137.1955
    8.6128      135.3376     68.84368      69.60823     137.6874
    8.6224      135.8301     69.06055      69.68584     138.1211
     8.632      136.3866     69.25396      69.76564     138.5079
    8.6416      136.9833     69.42135      69.84807     138.8427
    8.6512       137.589     69.56985      69.93478     139.1397
    8.6608      138.1865      69.7099      70.02546     139.4198
    8.6704      138.7601     69.84834      70.11416     139.6967
      8.68      139.2774     69.99127      70.20143     139.9825
    8.6896      139.7404     70.14227      70.28789     140.2845
    8.6992       140.151     70.30282      70.37187     140.6056
    8.7088      140.5098     70.47712      70.45374     140.9542
    8.7184      140.8515     70.67519      70.53469     141.3504
     8.728      141.2252     70.90621      70.61758     141.8124
    8.7376      141.6497     71.16854      70.70477     142.3371
    8.7472      142.1199     71.44795      70.80865     142.8959
    8.7568      142.6123     71.74404      70.94465     143.4881
    8.7664      143.1127     72.06879      71.13009     144.1376
     8.776      143.5984     72.42665      71.36923     144.8533
    8.7856      144.0283     72.82287      71.67913     145.6457
    8.7952      144.4108       73.246      72.07983      146.492
    8.8048      144.7707     73.67025      72.52083     147.3405
    8.8144      145.1145     74.08346      72.93182     148.1669
     8.824      145.4519     74.47755      73.28831     148.9551
    8.8336      145.7937     74.84498      73.60389       149.69
    8.8432       146.156     75.19179      73.88245     150.3836
    8.8528      146.5498     75.52134      74.11187     151.0427
    8.8624      146.9695     75.83129      74.29973     151.6626
    8.8719      147.4071     76.13024      74.47061     152.2605
    8.8815      147.8495     76.42208      74.63782     152.8442
    8.8911      148.2919     76.70859      74.80616     153.4172
    8.9007      148.7505     76.98362      74.96946     153.9672
    8.9103      149.2245     77.24891       75.1224     154.4978
    8.9199       149.694     77.51473      75.26621     155.0295
    8.9295        150.17     77.76326       75.3961     155.5265
    8.9391      150.6719     77.98276      75.51136     155.9655
    8.9487      151.1875      78.1793      75.61461     156.3586
    8.9583      151.7045     78.37206      75.70579     156.7441
    8.9679      152.2096     78.58938      75.78452     157.1788
    8.9775      152.6675     78.85426       75.8566     157.7085
    8.9871      153.0616     79.17449      75.92406      158.349
    8.9967      153.4011     79.52296      75.98673     159.0459
    9.0063      153.7015     79.88348      76.04688      159.767
    9.0159      153.9861     80.24631      76.10572     160.4926
    9.0255      154.2709     80.58727      76.16488     161.1745
    9.0351      154.5683     80.89192       76.2251     161.7838
    9.0447      154.8989      81.1474      76.28549     162.2948
    9.0543      155.2702     81.36617      76.34883     162.7323
    9.0639      155.6661     81.56596      76.41549     163.1319
    9.0735      156.0734     81.75053      76.48355     163.5011
    9.0831      156.4764      81.9287      76.55479     163.8574
    9.0927      156.8593     82.11602      76.63155      164.232
    9.1023      157.2147     82.32926      76.71076     164.6585
    9.1119      157.5577     82.57397      76.78965     165.1479
    9.1215      157.9154     82.85435      76.86703     165.7087
    9.1311      158.2996     83.16098      76.94202      166.322
    9.1407      158.7213     83.47122      77.01409     166.9424
    9.1502      159.1948     83.76628      77.08405     167.5326
    9.1598      159.7122     84.02865      77.15303     168.0573
    9.1694       160.242     84.25123      77.22006     168.5025
     9.179      160.8051     84.44562      77.28647     168.8912
    9.1886      161.4053     84.62363      77.35201     169.2473
    9.1982      161.9971     84.79275      77.41722     169.5855
    9.2078      162.5637     84.96168      77.48434     169.9234
    9.2174      163.0993     85.13257      77.55803     170.2651
     9.227      163.6086      85.3115      77.64702      170.623
    9.2366      164.0865     85.50004      77.76088     171.0001
    9.2462      164.5327     85.69579      77.90536     171.3916
    9.2558      164.9649      85.8919      78.08598     171.7838
    9.2654      165.3815     86.07629      78.31853     172.1526
     9.275      165.8015      86.2476      78.61472     172.4952
    9.2846      166.2515     86.40769      78.96362     172.8154
    9.2942      166.7137      86.5534      79.35581     173.1068
    9.3038      167.1668     86.68856      79.77106     173.3771
    9.3134      167.6165     86.82034      80.21075     173.6407
     9.323      168.0483     86.95708      80.70505     173.9142
    9.3326      168.4358       87.106      81.24748      174.212
    9.3422      168.7934      87.2751      81.84796     174.5502
    9.3518      169.1324     87.47384      82.46394     174.9477
    9.3614      169.4536     87.70398      83.01325      175.408
     9.371      169.7665     87.95475      83.47151     175.9095
    9.3806      170.0872     88.20939       83.8138     176.4188
    9.3902       170.427     88.45298      84.04017      176.906
    9.3998       170.774     88.68327      84.18276     177.3665
    9.4094      171.1163     88.90019      84.28431     177.8004
    9.4189      171.4393     89.10238      84.37437     178.2048
    9.4285      171.7409     89.30421      84.45527     178.6084
    9.4381      172.0532     89.50509      84.52922     179.0102
    9.4477      172.4064      89.6886      84.60115     179.3772
    9.4573      172.8165     89.84968      84.67457     179.6994
    9.4669      173.3045     89.99333      84.74904     179.9867
    9.4765      173.8641     90.12236      84.82527     180.2447
    9.4861      174.4756     90.24063      84.90649     180.4813
    9.4957      175.1159     90.35186       84.9915     180.7037
    9.5053      175.7541     90.45749      85.07751      180.915
    9.5149      176.3922     90.55928      85.16766     181.1186
    9.5245      177.0184     90.66054      85.26377     181.3211
    9.5341      177.6111     90.76468      85.36368     181.5294
    9.5437      178.1548     90.87627      85.47022     181.7525
    9.5533      178.6475     91.00123       85.6019     182.0025
    9.5629      179.0971     91.13664       85.7692     182.2733
    9.5725       179.522     91.28059      85.97565     182.5612
    9.5821       179.921     91.43048      86.23346      182.861
    9.5917      180.2757     91.58296      86.57181     183.1659
    9.6013      180.5977      91.7368      86.96211     183.4736
    9.6109      180.8998     91.89447      87.31502     183.7889
    9.6205      181.1987     92.06236      87.61884     184.1247
    9.6301      181.5119     92.24481      87.89055     184.4896
    9.6397      181.8491       92.441      88.11402      184.882
    9.6493       182.246      92.6513      88.29083     185.3026
    9.6589      182.7171      92.8754      88.44014     185.7508
    9.6685       183.253     93.10108      88.57952     186.2022
    9.6781      183.8604     93.33049      88.71758      186.661
    9.6877      184.5052     93.57948      88.86201      187.159
    9.6972      185.1602     93.84479      89.02109     187.6896
    9.7068      185.7908     94.11635      89.19415     188.2327
    9.7164       186.384     94.39278      89.37542     188.7856
     9.726      186.9394     94.65924      89.55931     189.3185
    9.7356       187.445     94.89568      89.74513     189.7914
    9.7452      187.9369     95.09857      89.94165     190.1971
    9.7548      188.4483     95.27289      90.17335     190.5458
    9.7644      188.9986     95.43221      90.46279     190.8644
     9.774      189.6164       95.596      90.84129      191.192
    9.7836      190.3224     95.77466      91.34014     191.5493
    9.7932      191.1096     95.97846       91.9946     191.9569
    9.8028      191.9901     96.21614      92.83263     192.4323
    9.8124      192.9398     96.48075      93.79071     192.9615
     9.822      1.033667    0.3093419      1.134212    0.6186837
