#     'r'     'cord11(r)'     'cord12(r)'     'cord22(r)'     cord21(r)
 0.0047982             0            0             0            0
  0.014395             0            0             0            0
  0.023991             0            0             0            0
  0.033588             0            0             0            0
  0.043184             0            0             0            0
  0.052781             0            0             0            0
  0.062377             0            0             0            0
  0.071974             0            0             0            0
   0.08157             0            0             0            0
  0.091167             0            0             0            0
   0.10076             0            0             0            0
   0.11036             0            0             0            0
   0.11996             0            0             0            0
   0.12955             0            0             0            0
   0.13915             0            0             0            0
   0.14875             0            0             0            0
   0.15834             0            0             0            0
   0.16794             0            0             0            0
   0.17753             0            0             0            0
   0.18713             0            0             0            0
   0.19673             0            0             0            0
   0.20632             0            0             0            0
   0.21592             0            0             0            0
   0.22552             0            0             0            0
   0.23511             0            0             0            0
   0.24471             0            0             0            0
   0.25431             0            0             0            0
    0.2639             0            0             0            0
    0.2735             0            0             0            0
    0.2831             0            0             0            0
   0.29269             0            0             0            0
   0.30229             0            0             0            0
   0.31189             0            0             0            0
   0.32148             0            0             0            0
   0.33108             0            0             0            0
   0.34068             0            0             0            0
   0.35027             0            0             0            0
   0.35987             0            0             0            0
   0.36946             0            0             0            0
   0.37906             0            0             0            0
   0.38866             0            0             0            0
   0.39825             0            0             0            0
   0.40785             0            0             0            0
   0.41745             0            0             0            0
   0.42704             0            0             0            0
   0.43664             0            0             0            0
   0.44624             0            0             0            0
   0.45583             0            0             0            0
   0.46543             0            0             0            0
   0.47503             0            0             0            0
   0.48462             0            0             0            0
   0.49422             0            0             0            0
   0.50382             0            0             0            0
   0.51341             0            0             0            0
   0.52301             0            0             0            0
    0.5326             0            0             0            0
    0.5422             0            0             0            0
    0.5518             0            0             0            0
   0.56139             0            0             0            0
   0.57099             0            0             0            0
   0.58059             0            0             0            0
   0.59018             0            0             0            0
   0.59978             0            0             0            0
   0.60938             0            0             0            0
   0.61897             0            0             0            0
   0.62857             0            0             0            0
   0.63817             0            0             0            0
   0.64776             0            0             0            0
   0.65736             0            0             0            0
   0.66696             0            0             0            0
   0.67655             0            0             0            0
   0.68615             0            0             0            0
   0.69575             0            0             0            0
   0.70534             0            0             0            0
   0.71494             0            0             0            0
   0.72453             0            0             0            0
   0.73413             0            0             0            0
   0.74373             0            0             0            0
   0.75332             0            0             0            0
   0.76292             0            0             0            0
   0.77252             0            0             0            0
   0.78211             0            0             0            0
   0.79171             0            0             0            0
   0.80131             0            0             0            0
    0.8109             0            0             0            0
    0.8205             0            0             0            0
    0.8301             0            0             0            0
   0.83969             0            0             0            0
   0.84929             0            0             0            0
   0.85889             0            0             0            0
   0.86848             0            0             0            0
   0.87808             0            0             0            0
   0.88767             0            0             0            0
   0.89727             0            0             0            0
   0.90687             0            0             0            0
   0.91646             0            0             0            0
   0.92606             0            0             0            0
   0.93566             0            0             0            0
   0.94525             0            0             0            0
   0.95485             0            0             0            0
   0.96445             0            0             0            0
   0.97404             0            0             0            0
   0.98364             0            0             0            0
   0.99324             0            0             0            0
    1.0028             0            0             0            0
    1.0124             0            0             0            0
     1.022             0            0             0            0
    1.0316             0            0             0            0
    1.0412             0            0             0            0
    1.0508             0            0             0            0
    1.0604             0            0             0            0
      1.07             0            0             0            0
    1.0796             0            0             0            0
    1.0892             0            0             0            0
    1.0988             0            0             0            0
    1.1084             0            0             0            0
     1.118             0            0             0            0
    1.1276             0            0             0            0
    1.1372             0            0             0            0
    1.1468             0            0             0            0
    1.1564             0            0             0            0
     1.166             0            0             0            0
    1.1756             0            0             0            0
    1.1852             0            0             0            0
    1.1948             0            0             0            0
    1.2044             0            0             0            0
     1.214             0            0             0            0
    1.2236             0            0             0            0
    1.2331             0            0             0            0
    1.2427             0            0             0            0
    1.2523             0            0             0            0
    1.2619             0            0             0            0
    1.2715             0            0             0            0
    1.2811             0            0             0            0
    1.2907             0            0             0            0
    1.3003             0            0             0            0
    1.3099             0            0             0            0
    1.3195             0            0             0            0
    1.3291             0            0             0            0
    1.3387             0            0             0            0
    1.3483             0            0             0            0
    1.3579             0            0             0            0
    1.3675             0            0             0            0
    1.3771             0            0             0            0
    1.3867             0            0             0            0
    1.3963             0            0             0            0
    1.4059             0            0             0            0
    1.4155             0            0             0            0
    1.4251             0            0             0            0
    1.4347             0            0             0            0
    1.4443             0            0             0            0
    1.4539             0            0             0            0
    1.4635             0            0             0            0
    1.4731             0            0             0            0
    1.4827             0            0             0            0
    1.4923             0            0             0            0
    1.5018             0            0             0            0
    1.5114             0            0             0            0
     1.521             0            0             0            0
    1.5306             0            0             0            0
    1.5402             0 6.813063e-05             0 0.0001362613
    1.5498             0  0.000372938             0 0.0007458759
    1.5594             0  0.001355825             0  0.002711651
     1.569             0   0.00749083             0   0.01498166
    1.5786             0   0.03470544             0   0.06941088
    1.5882             0    0.1264951             0    0.2529902
    1.5978             0    0.3627107             0    0.7254214
    1.6074             0    0.7882062             0     1.576412
     1.617             0     1.265045             0     2.530091
    1.6266             0     1.594011             0     3.188021
    1.6362             0     1.747451             0     3.494903
    1.6458             0     1.800469             0     3.600939
    1.6554             0     1.814935             0      3.62987
     1.665             0     1.819134             0     3.638268
    1.6746             0     1.820154             0     3.640308
    1.6842             0     1.820717             0     3.641435
    1.6938             0     1.821695             0      3.64339
    1.7034             0     1.823944             0     3.647889
     1.713             0     1.829053             0     3.658106
    1.7226             0     1.838656             0     3.677312
    1.7322             0     1.851717             0     3.703434
    1.7418             0     1.865636             0     3.731272
    1.7514             0     1.878631             0     3.757263
     1.761             0     1.890768             0     3.781537
    1.7706             0     1.901611             0     3.803222
    1.7801             0      1.91046             0      3.82092
    1.7897             0     1.918552             0     3.837104
    1.7993             0     1.927962             0     3.855925
    1.8089             0      1.94068             0     3.881361
    1.8185             0     1.956497             0     3.912994
    1.8281             0       1.9731             0     3.946199
    1.8377             0     1.987645             0      3.97529
    1.8473             0     1.998633             0     3.997266
    1.8569             0     2.006182             0     4.012365
    1.8665             0     2.010752             0     4.021504
    1.8761             0     2.013223             0     4.026447
    1.8857             0     2.014688             0     4.029376
    1.8953             0     2.015866             0     4.031732
    1.9049             0     2.017003             0     4.034006
    1.9145             0     2.018144             0     4.036288
    1.9241             0      2.01948             0      4.03896
    1.9337             0     2.020822             0     4.041644
    1.9433             0     2.021948             0     4.043896
    1.9529             0       2.0229             0     4.045801
    1.9625             0     2.023753             0     4.047505
    1.9721             0     2.024547             0     4.049094
    1.9817             0     2.025142             0     4.050284
    1.9913             0      2.02551             0     4.051021
    2.0009             0     2.025774             0     4.051547
    2.0105             0     2.025952             0     4.051905
    2.0201             0     2.026157             0     4.052315
    2.0297             0     2.026394             0     4.052788
    2.0393             0     2.026631             0     4.053261
    2.0488             0     2.026831             0     4.053661
    2.0584             0      2.02702             0     4.054039
     2.068             0     2.027214             0     4.054429
    2.0776             0     2.027372             0     4.054744
    2.0872             0     2.027483             0     4.054965
    2.0968             0     2.027572             0     4.055144
    2.1064             0     2.027651             0     4.055302
     2.116             0     2.027698             0     4.055396
    2.1256             0     2.027714             0     4.055428
    2.1352             0     2.027719             0     4.055439
    2.1448             0     2.027725             0     4.055449
    2.1544             0     2.027725             0     4.055449
     2.164             0     2.027725             0     4.055449
    2.1736             0     2.027725             0     4.055449
    2.1832             0     2.027725             0     4.055449
    2.1928             0     2.027725             0     4.055449
    2.2024             0     2.027725             0     4.055449
     2.212             0     2.027725             0     4.055449
    2.2216             0     2.027725             0     4.055449
    2.2312             0     2.027725             0     4.055449
    2.2408             0     2.027725             0     4.055449
    2.2504             0     2.027725             0     4.055449
      2.26             0     2.027725             0     4.055449
    2.2696             0     2.027725             0     4.055449
    2.2792             0     2.027725             0     4.055449
    2.2888             0     2.027725             0     4.055449
    2.2984             0     2.027725             0     4.055449
     2.308             0     2.027725             0     4.055449
    2.3176             0     2.027725             0     4.055449
    2.3271             0     2.027725             0     4.055449
    2.3367             0     2.027725             0     4.055449
    2.3463             0     2.027725             0     4.055449
    2.3559             0     2.027725             0     4.055449
    2.3655             0     2.027725             0     4.055449
    2.3751             0     2.027725             0     4.055449
    2.3847             0     2.027725             0     4.055449
    2.3943             0     2.027725             0     4.055449
    2.4039             0     2.027725             0     4.055449
    2.4135             0     2.027725             0     4.055449
    2.4231             0     2.027725             0     4.055449
    2.4327             0     2.027725             0     4.055449
    2.4423             0     2.027725             0     4.055449
    2.4519             0     2.027725             0     4.055449
    2.4615             0     2.027725             0     4.055449
    2.4711             0     2.027725             0     4.055449
    2.4807             0     2.027725             0     4.055449
    2.4903             0     2.027725             0     4.055449
    2.4999             0     2.027725             0     4.055449
    2.5095             0     2.027725             0     4.055449
    2.5191             0     2.027725             0     4.055449
    2.5287             0     2.027725             0     4.055449
    2.5383             0     2.027725             0     4.055449
    2.5479  6.273555e-05     2.027725             0     4.055449
    2.5575   0.001035596     2.027725             0     4.055449
    2.5671   0.005109676     2.027725             0     4.055449
    2.5767    0.02047153     2.027725             0     4.055449
    2.5863     0.0790287     2.027725             0     4.055449
    2.5958     0.2441363     2.027725             0     4.055449
    2.6054      0.623947     2.027725             0     4.055449
     2.615      1.319762     2.027725             0     4.055449
    2.6246      2.257094     2.027725             0     4.055449
    2.6342      3.254621     2.027725             0     4.055449
    2.6438      4.134486     2.027725             0     4.055449
    2.6534      4.723981     2.027725             0     4.055449
     2.663      5.007993     2.027725             0     4.055449
    2.6726      5.110218     2.027725             0     4.055449
    2.6822      5.140092     2.027725             0     4.055449
    2.6918       5.14861     2.027725             0     4.055449
    2.7014      5.150962     2.027725             0     4.055449
     2.711       5.15195     2.027725             0     4.055449
    2.7206      5.152474     2.027725             0     4.055449
    2.7302      5.154379     2.027725             0     4.055449
    2.7398      5.160087     2.027725             0     4.055449
    2.7494      5.172723     2.027725             0     4.055449
     2.759      5.196154     2.027725             0     4.055449
    2.7686      5.233387     2.027725             0     4.055449
    2.7782      5.283275     2.027725             0     4.055449
    2.7878      5.341958     2.027725             0     4.055449
    2.7974      5.405973     2.027725             0     4.055449
     2.807      5.474327     2.027725             0     4.055449
    2.8166      5.546929     2.027725             0     4.055449
    2.8262      5.623106     2.027725             0     4.055449
    2.8358       5.69855     2.027725             0     4.055449
    2.8454      5.767904     2.027725             0     4.055449
     2.855      5.825599     2.027725             0     4.055449
    2.8646      5.869172     2.027725             0     4.055449
    2.8741      5.901163     2.027725             0     4.055449
    2.8837      5.924642     2.027725             0     4.055449
    2.8933       5.94278     2.027725             0     4.055449
    2.9029      5.956346     2.027725             0     4.055449
    2.9125      5.965925     2.027725             0     4.055449
    2.9221      5.971949     2.027725             0     4.055449
    2.9317      5.975454     2.027725             0     4.055449
    2.9413      5.978054     2.027725             0     4.055449
    2.9509        5.9801     2.027725             0     4.055449
    2.9605        5.9823     2.027725             0     4.055449
    2.9701      5.985893     2.027725             0     4.055449
    2.9797      5.991091     2.027725             0     4.055449
    2.9893      5.998227     2.027725  0.0001463017     4.055449
    2.9989      6.007282     2.027725  0.0007115435     4.055449
    3.0085       6.01676     2.027725   0.002825105     4.055449
    3.0181      6.025944     2.027725    0.01648337     4.055449
    3.0277      6.034343     2.027725    0.07411646     4.055449
    3.0373       6.04118     2.027725     0.2432924     4.055449
    3.0469      6.046382     2.027725     0.6481754     4.055449
    3.0565      6.050241     2.027725      1.396201     4.055449
    3.0661      6.052645     2.027725      2.248822     4.055449
    3.0757      6.054018     2.027725      2.815717     4.055449
    3.0853        6.0549     2.027725      3.065866     4.055449
    3.0949      6.055215     2.027725      3.162509     4.055449
    3.1045      6.055382     2.027725      3.196387     4.055449
    3.1141      6.055487     2.027725      3.204827     4.055449
    3.1237      6.055519     2.027725      3.207369     4.055449
    3.1333      6.055529     2.027725      3.208751     4.055449
    3.1428      6.055529     2.027725      3.211222     4.055449
    3.1524      6.055529     2.027725      3.216142     4.055449
     3.162      6.055529     2.027725      3.226047     4.055449
    3.1716      6.055529     2.027725      3.243619     4.055449
    3.1812      6.055529     2.027725      3.270057     4.055449
    3.1908      6.055529     2.027725      3.304439     4.055449
    3.2004      6.055529     2.027725      3.344298     4.055449
      3.21      6.055529     2.027725      3.390623     4.055449
    3.2196      6.055529     2.027725      3.450682     4.055449
    3.2292      6.055529     2.027725      3.522266     4.055449
    3.2388      6.055529     2.027725      3.597374     4.055449
    3.2484      6.055529     2.027725      3.669666     4.055449
     3.258      6.055529     2.027725      3.732844     4.055449
    3.2676      6.055634     2.027725      3.786066     4.055449
    3.2772      6.056146     2.027725      3.830692     4.055449
    3.2868      6.057622     2.027725      3.868442     4.055449
    3.2964      6.066268     2.027725      3.899424     4.055449
     3.306       6.10133     2.027725        3.9242     4.055449
    3.3156      6.197621     2.027725      3.943988     4.055449
    3.3252       6.36336     2.027725       3.95858     4.055449
    3.3348      6.554121     2.027725      3.969061     4.055449
    3.3444      6.702949     2.027725      3.976233     4.055449
     3.354      6.786272     2.027725      3.981053     4.055449
    3.3636      6.834247     2.027725      3.985181     4.055449
    3.3732      6.886987     2.027725       3.98935     4.055449
    3.3828      6.983082     2.027725      3.993479     4.055449
    3.3924      7.184632     2.027725       3.99725     4.055449
     3.402      7.536268     2.027725      4.001167     4.055449
    3.4116      7.931481     2.027725      4.005357     4.055449
    3.4211      8.208724     2.027725      4.009276     4.055449
    3.4307      8.349073     2.027725       4.01265     4.055449
    3.4403      8.412565     2.027725      4.015583     4.055449
    3.4499      8.438059     2.027808      4.018014     4.055616
    3.4595      8.451157     2.028446      4.020172     4.056892
    3.4691      8.463003     2.029838      4.022016     4.059676
    3.4787      8.474568     2.035875      4.023483      4.07175
    3.4883        8.4866     2.057787       4.02474     4.115573
    3.4979      8.504737     2.115923      4.025663     4.231846
    3.5075      8.532481     2.259787      4.026521     4.519574
    3.5171      8.566338     2.544266      4.027464     5.088532
    3.5267      8.603817        2.916       4.02849     5.831999
    3.5363      8.647292     3.239022      4.029517     6.478044
    3.5459      8.722394     3.437925      4.030271      6.87585
    3.5555      8.882415     3.532366      4.030983     7.064731
    3.5651       9.16574     3.573188      4.031654     7.146375
    3.5747      9.578532     3.592193      4.032135     7.184386
    3.5843      10.09296     3.606159      4.032471     7.212318
    3.5939      10.55708     3.629205      4.032639      7.25841
    3.6035      10.85605     3.684944      4.032702     7.369889
    3.6131      11.02239      3.79963      4.032785     7.599261
    3.6227       11.1034     3.984313      4.032848     7.968626
    3.6323       11.1421     4.182487      4.032869     8.364974
    3.6419      11.16198     4.325307       4.03289     8.650615
    3.6515      11.17373     4.407056       4.03289     8.814113
    3.6611      11.18318     4.453264       4.03289     8.906527
    3.6707      11.19377     4.483748       4.03289     8.967496
    3.6803      11.20819     4.504833       4.03289     9.009666
    3.6898      11.22803     4.524197       4.03289     9.048395
    3.6994      11.25751     4.546359       4.03289     9.092718
     3.709      11.30288      4.57215       4.03289     9.144299
    3.7186      11.36771     4.598778       4.03289     9.197556
    3.7282      11.44807     4.623246       4.03289     9.246492
    3.7378      11.52569     4.643393       4.03289     9.286786
    3.7474      11.58649     4.659823       4.03289     9.319646
     3.757       11.6304     4.675888       4.03289     9.351776
    3.7666      11.66473     4.694284       4.03289     9.388569
    3.7762      11.69819     4.717342       4.03289     9.434684
    3.7858      11.73647     4.745599       4.03289     9.491198
    3.7954      11.78002     4.779778       4.03289     9.559556
     3.805      11.82383     4.818899       4.03289     9.637798
    3.8146      11.86381     4.857963       4.03289     9.715927
    3.8242      11.89777     4.891798       4.03289     9.783597
    3.8338      11.92519     4.918471       4.03289     9.836943
    3.8434      11.94854     4.939499       4.03289     9.878997
     3.853      11.97164     4.958561       4.03289     9.917123
    3.8626      11.99515     4.984189       4.03289     9.968377
    3.8722      12.01689     5.031531       4.03289     10.06306
    3.8818      12.03534     5.122614       4.03289     10.24523
    3.8914      12.05034     5.280745       4.03289     10.56149
     3.901      12.06264     5.488332       4.03289     10.97666
    3.9106      12.07253     5.656968       4.03289     11.31394
    3.9202      12.08032     5.740958       4.03289     11.48192
    3.9298      12.08609     5.777839       4.03289     11.55568
    3.9394      12.09015     5.798554       4.03289     11.59711
     3.949      12.09349     5.814059       4.03289     11.62812
    3.9585      12.09628      5.83208       4.03289     11.66416
    3.9681      12.09812     5.869489       4.03289     11.73898
    3.9777      12.09912     5.954368       4.03289     11.90874
    3.9873      12.09965     6.124239       4.03289     12.24848
    3.9969          12.1     6.336063       4.03289     12.67213
    4.0065      12.10018     6.492928       4.03289     12.98586
    4.0161      12.10027     6.575535       4.03289     13.15107
    4.0257      12.10039     6.614497       4.03289     13.22899
    4.0353       12.1015     6.633979       4.03289     13.26796
    4.0449      12.10748     6.645945       4.03289     13.29189
    4.0545      12.13202     6.657503       4.03289     13.31501
    4.0641      12.20377     6.670798       4.03289      13.3416
    4.0737      12.36926     6.690304       4.03289     13.38061
    4.0833      12.67256     6.730112       4.03289     13.46022
    4.0929      13.06164     6.814146       4.03289     13.62829
    4.1025      13.37309     6.969366       4.03289     13.93873
    4.1121      13.53548     7.181231       4.03289     14.36246
    4.1217      13.60251     7.378999       4.03289       14.758
    4.1313      13.62552     7.509516       4.03289     15.01903
    4.1409      13.63554     7.581954       4.03289     15.16391
    4.1505      13.64679     7.630579       4.03289     15.26116
    4.1601       13.6767     7.691644       4.03289     15.38329
    4.1697      13.75553     7.824326       4.03289     15.64865
    4.1793      13.94317     8.102112       4.03289     16.20422
    4.1889      14.28437     8.565786       4.03289     17.13157
    4.1985      14.68769     9.111277       4.03289     18.22255
    4.2081      14.98852     9.547908       4.03289     19.09582
    4.2177      15.15405      9.80341       4.03289     19.60682
    4.2273      15.23556     9.926093       4.03289     19.85219
    4.2368      15.26876     9.983566       4.03289     19.96713
    4.2464      15.28195     10.01446       4.03289     20.02893
     4.256      15.28657      10.0371       4.03289      20.0742
    4.2656      15.28943     10.05946       4.03289     20.11892
    4.2752      15.29349     10.08366       4.03289     20.16732
    4.2848       15.3023     10.11112       4.03289     20.22224
    4.2944      15.32192     10.13788       4.03289     20.27576
     4.304       15.3617     10.16022       4.03289     20.32045
    4.3136      15.42474      10.1812      4.033892      20.3624
    4.3232        15.501     10.20718      4.041309     20.41435
    4.3328       15.5785     10.24568      4.072531     20.49136
    4.3424      15.64678     10.30344      4.161128     20.60689
     4.352      15.70288     10.38025      4.402169      20.7605
    4.3616      15.75024     10.47207      4.933073     20.94414
    4.3712      15.79101     10.58821      5.776223     21.17641
    4.3808      15.82994     10.75523      6.720723     21.51047
    4.3904      15.86801     10.97604      7.505108     21.95208
       4.4      15.90275     11.18983      8.025571     22.37965
    4.4096      15.93216     11.33571        8.2934     22.67142
    4.4192      15.95456     11.41965      8.398147      22.8393
    4.4288      15.97014     11.47793      8.436037     22.95587
    4.4384      15.98115     11.53371      8.453952     23.06743
     4.448      15.99075     11.59038      8.474301     23.18076
    4.4576      16.00055     11.64333      8.502457     23.28666
    4.4672      16.01269     11.69095      8.529645      23.3819
    4.4768       16.0292      11.7417      8.550551      23.4834
    4.4864      16.05703     11.81468      8.571219     23.62936
     4.496      16.11712     11.93655      8.605716     23.87311
    4.5055      16.23167     12.12281      8.667968     24.24562
    4.5151      16.44151     12.32137      8.751519     24.64273
    4.5247      16.78258     12.45608      8.839269     24.91216
    4.5343      17.14869     12.52294       8.91816     25.04588
    4.5439      17.38733     12.55344      8.984534     25.10688
    4.5535      17.48929     12.56564      9.041574     25.13128
    4.5631      17.52633      12.5699      9.096488      25.1398
    4.5727      17.54257     12.57187      9.163623     25.14373
    4.5823      17.55134     12.57371        9.2546     25.14743
    4.5919      17.56309     12.57626       9.37125     25.15252
    4.6015      17.57965     12.58204      9.501769     25.16409
    4.6111      17.59672     12.59624      9.625175     25.19248
    4.6207      17.61109     12.63026      9.720631     25.26053
    4.6303      17.62258     12.70854      9.781123     25.41707
    4.6399      17.63625     12.86877      9.816705     25.73754
    4.6495      17.65933     13.09758      9.838889     26.19516
    4.6591      17.69513     13.31874      9.856775     26.63748
    4.6687      17.74061     13.48341      9.876749     26.96682
    4.6783       17.7898     13.59449      9.902262     27.18899
    4.6879       17.8572     13.67256       9.93111     27.34512
    4.6975      17.97181     13.72894      9.957681     27.45788
    4.7071       18.1443     13.76768      9.980214     27.53536
    4.7167      18.36083     13.79348      9.999378     27.58697
    4.7263      18.56175     13.81025      10.01543     27.62049
    4.7359      18.74935     13.82171      10.02829     27.64342
    4.7455      19.03297      13.8316      10.03919     27.66319
    4.7551      19.41603     13.84161      10.04892     27.68321
    4.7647        19.756     13.85119      10.05662     27.70239
    4.7743      19.96807     13.85913      10.06231     27.71827
    4.7838      20.07852      13.8652       10.0662      27.7304
    4.7934      20.13458     13.87024      10.06844     27.74047
     4.803      20.16928     13.87529       10.0698     27.75058
    4.8126      20.19592      13.8815      10.07275     27.76301
    4.8222      20.21889     13.89001      10.08963     27.78003
    4.8318      20.24055     13.90176      10.14404     27.80353
    4.8414      20.26299     13.91662      10.27976     27.83325
     4.851      20.28825     13.93383      10.53692     27.86766
    4.8606      20.31873     13.95288      10.87226     27.90575
    4.8702      20.36313     13.97365      11.16886      27.9473
    4.8798      20.44783     13.99569      11.38299     27.99139
    4.8894      20.63967     14.01646      11.61441     28.03291
     4.899      21.08859     14.03275      12.03908     28.06551
    4.9086       21.9736     14.04382      12.87674     28.08765
    4.9182      23.15776      14.0508      14.00656      28.1016
    4.9278      24.14462     14.05607      14.94519     28.11213
    4.9374      24.75838      14.0621      15.48685     28.12421
     4.947      25.18589     14.07266      15.75419     28.14532
    4.9566      25.59737     14.09944      15.88244     28.19888
    4.9662      26.07494      14.1628      15.94274     28.32559
    4.9758      26.48551     14.28273       15.9746     28.56546
    4.9854      26.73802     14.46555      15.99486      28.9311
     4.995      26.91838      14.6543      16.00983      29.3086
    5.0046      27.11278     14.77327      16.02892     29.54654
    5.0142       27.3532     14.82435      16.06518      29.6487
    5.0238      27.57594     14.84372      16.12841     29.68744
    5.0334      27.73294     14.85075      16.22345     29.70149
     5.043      27.85872     14.85574      16.34178     29.71147
    5.0525      27.96762     14.86577      16.46789     29.73154
    5.0621      28.04842     14.88633      16.58155     29.77266
    5.0717      28.09986     14.92531      16.66392     29.85062
    5.0813      28.13436     14.99742      16.71495     29.99484
    5.0909      28.16705     15.12298      16.74251     30.24596
    5.1005      28.20841     15.28938      16.75604     30.57876
    5.1101      28.27786     15.44403      16.76704     30.88805
    5.1197      28.42654     15.54272      16.78564     31.08544
    5.1293      28.71423     15.58577      16.81983     31.17154
    5.1389      29.14568     15.60336      16.87992     31.20671
    5.1485      29.61873      15.6145      16.97497       31.229
    5.1581       30.0229     15.62455      17.10386      31.2491
    5.1677      30.38211     15.63619       17.2528     31.27237
    5.1773      30.80555      15.6492      17.40871     31.29841
    5.1869      31.34348     15.65988      17.56061     31.31976
    5.1965      31.88905     15.66727      17.69594     31.33453
    5.2061      32.34229     15.67694      17.80882     31.35388
    5.2157      32.76126     15.70405      17.89735     31.40809
    5.2253       33.2248     15.77647         17.96     31.55293
    5.2349      33.66807     15.92144      17.99825     31.84289
    5.2445      33.98684     16.13239      18.01911     32.26479
    5.2541      34.16994     16.34013      18.02978     32.68026
    5.2637      34.25573     16.48397      18.03536     32.96795
    5.2733      34.29488     16.56816      18.03961     33.13631
    5.2829      34.31979     16.61503      18.04435     33.23006
    5.2925      34.35227     16.64121      18.05079     33.28243
    5.3021      34.40635     16.66022      18.05928     33.32043
    5.3117      34.48614     16.68103         18.07     33.36206
    5.3213      34.58441     16.70542      18.08111     33.41085
    5.3308      34.68858     16.73272        18.091     33.46545
    5.3404      34.79092     16.75953       18.1018     33.51906
      5.35      34.88636     16.78164      18.12309     33.56328
    5.3596       34.9742     16.79753      18.17873     33.59505
    5.3692      35.06777     16.80805      18.32423     33.61609
    5.3788      35.19814     16.81629      18.62819     33.63257
    5.3884      35.42167     16.82543      19.09717     33.65086
     5.398        35.811     16.83679      19.64043     33.67358
    5.4076      36.33202     16.84957      20.17724     33.69913
    5.4172      36.80619     16.86188      20.59638     33.72375
    5.4268      37.11959     16.87184      20.82268     33.74368
    5.4364      37.29857     16.87948      20.92025     33.75897
     5.446      37.39705     16.88756      20.95459     33.77513
    5.4556      37.45592     16.89966      20.96401     33.79933
    5.4652       37.4986     16.91835      20.96608      33.8367
    5.4748      37.53122     16.94255      20.96735     33.88511
    5.4844      37.56315     16.96872      20.97049     33.93743
     5.494      37.61967     16.99302       20.9801     33.98604
    5.5036      37.74291      17.0127      20.99924      34.0254
    5.5132      37.99115     17.02763      21.02777     34.05525
    5.5228      38.34612     17.03978      21.06362     34.07956
    5.5324      38.67579     17.05132      21.10494     34.10264
     5.542      38.92347     17.06345      21.15381      34.1269
    5.5516      39.17942     17.07552      21.21092     34.15104
    5.5612       39.5865     17.08632      21.27169     34.17264
    5.5708      40.18715     17.09539      21.33363     34.19078
    5.5804      40.80949     17.10203      21.39357     34.20405
      5.59      41.24415     17.10666      21.44263     34.21333
    5.5995      41.47691     17.11123      21.47861     34.22246
    5.6091      41.60214     17.11924      21.50275     34.23848
    5.6187      41.68343     17.14222      21.51945     34.28444
    5.6283       41.7647     17.20256      21.53645     34.40511
    5.6379      41.86297     17.32728      21.55902     34.65456
    5.6475      41.96412     17.51882      21.59145     35.03764
    5.6571      42.05931     17.73748      21.63613     35.47495
    5.6667      42.15789     17.96592      21.69734     35.93184
    5.6763      42.26744     18.17822      21.77478     36.35645
    5.6859      42.38704     18.32364         21.86     36.64727
    5.6955      42.50494     18.40233      21.94051     36.80465
    5.7051      42.60544     18.44084      22.00575     36.88167
    5.7147      42.68312     18.45937      22.05119     36.91875
    5.7243      42.74597     18.46959      22.07861     36.93919
    5.7339      42.81031      18.4763      22.09821      36.9526
    5.7435      42.89476     18.48104      22.12926     36.96208
    5.7531      43.00999     18.48695      22.20859      36.9739
    5.7627       43.1548      18.4993      22.39123     36.99861
    5.7723      43.31542     18.53758       22.7046     37.07517
    5.7819      43.47145     18.63249      23.03217     37.26497
    5.7915      43.60652      18.8003      23.23095     37.60059
    5.8011      43.70926      19.0018      23.31494     38.00361
    5.8107      43.78026     19.16784      23.34715     38.33567
    5.8203      43.82719     19.27639      23.35834     38.55277
    5.8299      43.85989     19.35148      23.36278     38.70297
    5.8395      43.89148     19.42857      23.36499     38.85713
    5.8491       43.9288     19.54779      23.36652     39.09558
    5.8587      43.97203     19.72822      23.36773     39.45645
    5.8683       44.0199     19.93542      23.36938     39.87085
    5.8778      44.06897     20.14599      23.37352     40.29198
    5.8874      44.11467      20.3886      23.38173     40.77721
     5.897      44.15911     20.67875       23.3951      41.3575
    5.9066      44.21421     20.99478      23.41478     41.98955
    5.9162      44.30547     21.27858      23.44464     42.55716
    5.9258      44.48007     21.46761      23.49077     42.93521
    5.9354      44.76729     21.57197      23.56388     43.14394
     5.945       45.0672     21.64165      23.66775      43.2833
    5.9546      45.27881     21.71184      23.78252     43.42369
    5.9642       45.4438     21.81972      23.87554     43.63944
    5.9738      45.66467     22.01022      23.92947     44.02044
    5.9834      46.00934     22.32351      23.95313     44.64703
     5.993      46.45901     22.71554      23.96377     45.43107
    6.0026      46.94926     23.04621      23.97176     46.09243
    6.0122      47.46127     23.25786      23.98041     46.51572
    6.0218      47.95885     23.40767      23.99117     46.81534
    6.0314      48.36097     23.55867      24.00423     47.11733
     6.041       48.6353     23.75667      24.01909     47.51335
    6.0506      48.83914      24.0133      24.03428      48.0266
    6.0602      49.09229     24.27593       24.0476     48.55186
    6.0698      49.46089     24.47811      24.05809     48.95622
    6.0794      49.86829     24.61703      24.06679     49.23407
     6.089      50.19049     24.72274      24.07527     49.44548
    6.0986       50.3871      24.8102      24.08336     49.62039
    6.1082       50.4924     24.88902      24.09063     49.77804
    6.1178      50.56202      24.9644       24.0977      49.9288
    6.1274      50.62647       25.032      24.10378     50.06401
     6.137      50.70389     25.08917      24.10838     50.17835
    6.1465      50.80149     25.13997      24.11233     50.27994
    6.1561      50.91967     25.18806      24.11555     50.37613
    6.1657      51.05679     25.23254      24.11797     50.46508
    6.1753       51.2083     25.27326      24.12061     50.54651
    6.1849      51.36285     25.31335      24.12368      50.6267
    6.1945      51.50823     25.36014      24.12719     50.72027
    6.2041      51.63751     25.43447      24.13135     50.86894
    6.2137      51.74797     25.56979      24.13561     51.13958
    6.2233      51.84308     25.78224       24.1396     51.56448
    6.2329      51.92984     26.01305      24.14313      52.0261
    6.2425      52.01858     26.19021      24.14579     52.38042
    6.2521      52.11883      26.3101      24.14756     52.62021
    6.2617      52.23053     26.39558      24.14869     52.79116
    6.2713      52.35127     26.46646      24.14959     52.93293
    6.2809      52.47203     26.53935      24.15018      53.0787
    6.2905      52.58187      26.6323      24.15043      53.2646
    6.3001      52.67613     26.76907      24.15055     53.53813
    6.3097      52.75444     26.96234      24.15064     53.92467
    6.3193      52.82034     27.15638      24.15068     54.31276
    6.3289      52.88221       27.284       24.1507       54.568
    6.3385      52.95265     27.35297       24.1507     54.70593
    6.3481      53.06096     27.39051       24.1507     54.78103
    6.3577      53.23967     27.41298       24.1507     54.82595
    6.3673      53.44881     27.44168       24.1507     54.88335
    6.3769      53.61086     27.50563       24.1507     55.01127
    6.3865      53.71847     27.64379       24.1507     55.28757
    6.3961      53.79401     27.88368       24.1507     55.76736
    6.4057      53.85364     28.19348       24.1507     56.38697
    6.4152      53.91707     28.46568       24.1507     56.93136
    6.4248      54.01037     28.63288       24.1507     57.26576
    6.4344      54.18901     28.72358       24.1507     57.44717
     6.444      54.57777     28.77837       24.1507     57.55673
    6.4536      55.21087     28.81957       24.1507     57.63914
    6.4632      55.86844     28.86271       24.1507     57.72543
    6.4728      56.31203      28.9196       24.1507     57.83919
    6.4824      56.52709     29.00025       24.1507     58.00049
     6.492      56.61794     29.11402       24.1507     58.22805
    6.5016      56.65631     29.28959       24.1507     58.57919
    6.5112      56.68445     29.54252       24.1507     59.08504
    6.5208      56.71962     29.83704       24.1507     59.67408
    6.5304      56.76626     30.13862      24.15204     60.27724
      6.54      56.82646     30.41199      24.15832     60.82397
    6.5496      56.90231     30.59581      24.17692     61.19161
    6.5592       56.9875     30.68894      24.23067     61.37788
    6.5688      57.06211     30.74223      24.38676     61.48447
    6.5784      57.11628     30.79052      24.73784     61.58104
     6.588      57.15685     30.86494      25.32273     61.72988
    6.5976      57.18971     30.99761       25.9469     61.99522
    6.6072      57.21533     31.22452      26.35844     62.44905
    6.6168      57.23412     31.54255      26.54845     63.08509
    6.6264      57.24812     31.90485      26.61981      63.8097
     6.636      57.26083     32.27953      26.64659     64.55907
    6.6456      57.28225     32.66431      26.66295     65.32861
    6.6552       57.3303     33.06098      26.69076     66.12196
    6.6648      57.45288     33.41833      26.73881     66.83665
    6.6744      57.71112     33.67529      26.79828     67.35058
     6.684      58.09911     33.84338       26.8574     67.68675
    6.6935      58.50133      33.9748      26.90888      67.9496
    6.7031      58.80943     34.11898      26.94907     68.23795
    6.7127      59.02519     34.30992      26.97576     68.61983
    6.7223      59.20493     34.54907      26.99046     69.09814
    6.7319       59.4004     34.78448      26.99915     69.56896
    6.7415      59.68374     34.96366       27.0127     69.92733
    6.7511      60.12253     35.08329      27.03924     70.16657
    6.7607      60.67289     35.16752      27.07933     70.33504
    6.7703      61.19918     35.23884      27.13729     70.47769
    6.7799      61.61538     35.31121      27.21731     70.62243
    6.7895      61.94949     35.39124      27.31554     70.78249
    6.7991      62.28592     35.48261      27.41892     70.96523
    6.8087      62.64276     35.58917      27.51446     71.17834
    6.8183      62.93501     35.71234       27.5937     71.42467
    6.8279      63.11307     35.84683      27.65257     71.69365
    6.8375      63.21393     35.97966      27.69034     71.95931
    6.8471      63.28129     36.09718       27.7119     72.19437
    6.8567      63.34361      36.1912      27.73074     72.38241
    6.8663      63.43368     36.26302      27.76115     72.52605
    6.8759      63.60052     36.32025      27.82759      72.6405
    6.8855      63.92825     36.37352      27.96449     72.74705
    6.8951       64.4644     36.43187      28.25342     72.86374
    6.9047      65.08091     36.49925      28.79253     72.99849
    6.9143      65.59506     36.57647      29.43872     73.15295
    6.9239      65.95379     36.66103       29.9272     73.32207
    6.9335      66.19137     36.74891       30.1971     73.49783
    6.9431      66.36105     36.83898       30.3323     73.67796
    6.9527       66.5151     36.94229      30.40721     73.88459
    6.9622      66.70529     37.08347      30.46492     74.16694
    6.9718      66.97866     37.25794      30.53775     74.51587
    6.9814      67.34146     37.41905      30.61973     74.83811
     6.991      67.73614     37.52904      30.69175     75.05807
    7.0006      68.13999     37.59296      30.74537     75.18591
    7.0102      68.62782     37.63441      30.78277     75.26881
    7.0198       69.2639     37.66745      30.80633     75.33491
    7.0294      69.94257     37.69895      30.82005      75.3979
     7.039      70.48578     37.73156      30.82875     75.46313
    7.0486      70.85171     37.76126      30.83622     75.52252
    7.0582      71.11993     37.78422      30.85032     75.56843
    7.0678      71.38975     37.80137      30.87851     75.60273
    7.0774      71.69007     37.81492      30.92646     75.62985
     7.087      72.01492     37.82877       30.9926     75.65754
    7.0966      72.41112     37.84594      31.06438     75.69188
    7.1062      72.87629     37.86573      31.13426     75.73147
    7.1158      73.28869     37.88488      31.20835     75.76975
    7.1254      73.59718     37.90009      31.29549     75.80017
     7.135       73.8365     37.91094      31.39488     75.82188
    7.1446      74.03355     37.92272      31.49648     75.84544
    7.1542       74.2152     37.94701       31.5833     75.89402
    7.1638      74.38931     38.00214      31.64533     76.00427
    7.1734      74.55788     38.11379      31.68614     76.22758
     7.183      74.71552     38.27722      31.71589     76.55445
    7.1926      74.85161     38.43989      31.74835     76.87979
    7.2022      74.96371     38.56305      31.79108     77.12609
    7.2118      75.05985     38.65307      31.84088     77.30613
    7.2214      75.14985     38.72963       31.8927     77.45926
     7.231      75.24304     38.81838      31.94288     77.63677
    7.2405      75.35019     38.94172      31.98954     77.88343
    7.2501      75.47804      39.0894      32.03915      78.1788
    7.2597      75.62925     39.22096      32.12391     78.44192
    7.2693      75.81804     39.31404      32.34156     78.62808
    7.2789      76.13031     39.38726      32.88122     78.77452
    7.2885        76.773     39.47915      33.98346     78.95831
    7.2981       78.0272     39.61187      35.73063     79.22375
    7.3077      79.83023     39.76841      37.81005     79.53682
    7.3173      81.49165     39.93262      39.56697     79.86524
    7.3269      82.52459     40.12639      40.56899     80.25277
    7.3365        83.078     40.33895      40.97695      80.6779
    7.3461      83.40139     40.53261      41.11876     81.06521
    7.3557      83.65839     40.72318       41.1673     81.44636
    7.3653      83.97738     40.90125      41.20383      81.8025
    7.3749      84.44519      41.0361      41.27606     82.07221
    7.3845      85.03449     41.13453      41.40757     82.26906
    7.3941       85.6731     41.21603      41.58098     82.43206
    7.4037      86.28787     41.29868      41.74548     82.59735
    7.4133      86.81464     41.39197       41.8722     82.78394
    7.4229      87.29325     41.50169      41.98163     83.00337
    7.4325      87.73311     41.64121      42.09786     83.28242
    7.4421      88.11401     41.84754      42.24268     83.69509
    7.4517      88.55055     42.17206      42.42972     84.34411
    7.4613      89.16562     42.57452      42.67291     85.14903
    7.4709      89.90287     42.94066      42.99407     85.88131
    7.4805      90.63313     43.25546      43.40594     86.51093
    7.4901      91.35686      43.5498       43.9171      87.0996
    7.4997       92.1703     43.79535        44.511      87.5907
    7.5092      93.12264     43.97642      45.14152     87.95284
    7.5188       94.0746     44.11963      45.73298     88.23926
    7.5284      94.81601     44.26449      46.20701     88.52898
     7.538      95.29846      44.4487       46.5345      88.8974
    7.5476      95.60629     44.68765       46.7523      89.3753
    7.5572      95.88582     44.95358      46.97346     89.90717
    7.5668      96.25362     45.17777      47.35759     90.35555
    7.5764      96.69338     45.33789      48.08601     90.67578
     7.586      97.08993     45.48632      49.20187     90.97265
    7.5956      97.39483     45.68092      50.41079     91.36184
    7.6052        97.644      45.9246      51.47162     91.84919
    7.6148      97.88861     46.18602       52.4256     92.37203
    7.6244      98.18126     46.48954      53.25403     92.97909
     7.634      98.50562     46.85692      53.85538     93.71385
    7.6436      98.80574     47.25175      54.22138     94.50349
    7.6532      99.07901     47.63001       54.4424     95.26002
    7.6628      99.35219     47.95543       54.6162     95.91087
    7.6724      99.66303     48.20994      54.78712     96.41988
     7.682      100.0794     48.41589      54.95163     96.83179
    7.6916      100.6048     48.61986        55.124     97.23973
    7.7012      101.1479     48.86078      55.33789     97.72157
    7.7108      101.6518     49.12791      55.59968     98.25583
    7.7204      102.1575      49.4018      55.87769     98.80361
      7.73      102.7589     49.71849      56.12544     99.43698
    7.7396      103.4745     50.09636      56.31877     100.1927
    7.7492       104.156     50.46603      56.45815     100.9321
    7.7588      104.6856     50.74212      56.56039     101.4842
    7.7684       105.125     50.92614      56.65043     101.8523
     7.778      105.5801     51.07071      56.74952     102.1414
    7.7875       106.033     51.21395      56.86829     102.4279
    7.7971      106.4057     51.37043      57.00043     102.7409
    7.8067      106.7223     51.54218      57.13682     103.0844
    7.8163      107.0796     51.72456      57.27921     103.4491
    7.8259      107.5253     51.90846       57.4341     103.8169
    7.8355      108.0131     52.09157      57.61114     104.1831
    7.8451      108.4886     52.27206      57.81763     104.5441
    7.8547      108.8923     52.44295       58.0588     104.8859
    7.8643      109.1691     52.61453      58.34165     105.2291
    7.8739      109.3635     52.81651      58.66264      105.633
    7.8835      109.5608     53.06737       58.9898     106.1347
    7.8931      109.8089     53.33172      59.28575     106.6634
    7.9027      110.0862     53.57181      59.52584     107.1436
    7.9123      110.3439     53.80747      59.69608     107.6149
    7.9219      110.5804     54.05889      59.80842     108.1178
    7.9315      110.8114     54.29869      59.88604     108.5974
    7.9411      111.0593     54.51214      59.94574     109.0243
    7.9507        111.33     54.74144      59.99603     109.4829
    7.9603      111.5971     54.99123      60.04162     109.9825
    7.9699       111.835     55.21133      60.08345     110.4227
    7.9795      112.0303     55.37432      60.12232     110.7486
    7.9891      112.1824     55.49281      60.15962     110.9856
    7.9987      112.3057     55.59613      60.19293     111.1923
    8.0083       112.434      55.7149      60.22127     111.4298
    8.0179      112.6104     55.88059      60.24406     111.7612
    8.0275       112.874     56.09558      60.26204     112.1912
    8.0371      113.2212     56.32244      60.27593     112.6449
    8.0467      113.5795     56.53979      60.28656     113.0796
    8.0562      113.8705     56.76675      60.29496     113.5335
    8.0658      114.0861     56.99013      60.30147     113.9803
    8.0754      114.2846     57.16049      60.30661      114.321
     8.085      114.5388     57.27045      60.31043     114.5409
    8.0946      114.8735     57.34388      60.31292     114.6878
    8.1042      115.3128     57.40459      60.31455     114.8092
    8.1138      115.8426     57.47366      60.31549     114.9473
    8.1234      116.4132     57.56135      60.31603     115.1227
     8.133      117.0514     57.67196      60.31649     115.3439
    8.1426      117.7122      57.8119      60.31672     115.6238
    8.1522       118.241      58.0018      60.31787     116.0036
    8.1618      118.6531     58.24816       60.3215     116.4963
    8.1714      119.1218     58.50362       60.3326     117.0072
     8.181      119.7053     58.70186      60.38527     117.4037
    8.1906      120.2848     58.83636      60.55321     117.6727
    8.2002      120.7166     58.94325      60.88537     117.8865
    8.2098      120.9831     59.05482      61.38459     118.1096
    8.2194      121.1524     59.21207      61.91457     118.4241
     8.229      121.3005     59.45111      62.34469     118.9022
    8.2386      121.4717     59.77913      62.71369     119.5583
    8.2482      121.6849     60.16598      63.04555      120.332
    8.2578      121.9383     60.51716      63.28625     121.0343
    8.2674      122.2048     60.76644      63.40737     121.5329
     8.277      122.4913     60.96547        63.457     121.9309
    8.2866      122.8456     61.18575      63.47865     122.3715
    8.2962      123.2708     61.43288      63.49568     122.8658
    8.3058      123.6711     61.67903      63.53179     123.3581
    8.3154      123.9729     61.92647      63.61133     123.8529
     8.325      124.2062     62.16362      63.74872     124.3272
    8.3345      124.4162     62.35191      63.92578     124.7038
    8.3441      124.6163     62.48996       64.0964     124.9799
    8.3537      124.8121     62.61387       64.2241     125.2277
    8.3633      125.0107     62.76357      64.30471     125.5271
    8.3729      125.2272     62.96718       64.3488     125.9344
    8.3825      125.4977     63.22739      64.37341     126.4548
    8.3921      125.8525     63.51831      64.39756     127.0366
    8.4017      126.2998     63.83768      64.43336     127.6754
    8.4113      126.7511     64.19281      64.48971     128.3856
    8.4209      127.1118     64.58621      64.57407     129.1724
    8.4305       127.406      64.9741      64.68431     129.9482
    8.4401      127.6767     65.28507      64.81199     130.5701
    8.4497      127.9888     65.52671       64.9499     131.0534
    8.4593      128.4007     65.73327        65.097     131.4665
    8.4689      128.8838     65.92756      65.27304     131.8551
    8.4785      129.3712     66.13435      65.51775     132.2687
    8.4881      129.8634      66.3774      65.92018     132.7548
    8.4977      130.4995     66.63861      66.61656     133.2772
    8.5073      131.4378     66.88778      67.63958     133.7756
    8.5169      132.5511     67.14998      68.75989        134.3
    8.5265      133.5373     67.48513      69.61714     134.9703
    8.5361      134.3644     67.92671      70.08441     135.8534
    8.5457      135.0673     68.43345      70.30079     136.8669
    8.5553      135.5598     68.91245      70.41574     137.8249
    8.5649       135.888     69.30017      70.49354     138.6003
    8.5745        136.17     69.61661      70.55764     139.2332
    8.5841      136.4683     69.94449      70.61876      139.889
    8.5937      136.8078     70.31155      70.67693     140.6231
    8.6032      137.2081     70.63777        70.736     141.2755
    8.6128      137.6716     70.87755      70.80301     141.7551
    8.6224       138.143     71.06308      70.87232     142.1262
     8.632         138.6     71.23267      70.92856     142.4653
    8.6416      139.1351     71.41068      70.96876     142.8214
    8.6512      139.7966     71.60719      71.00696     143.2144
    8.6608      140.5494     71.82373      71.06608     143.6475
    8.6704      141.3699     72.05341      71.15778     144.1068
      8.68      142.1382     72.28098      71.27643      144.562
    8.6896      142.7262     72.48859      71.40801     144.9772
    8.6992      143.1742     72.67189      71.55615     145.3438
    8.7088      143.5905     72.83916      71.74931     145.6783
    8.7184      144.0406     73.00328      72.00853     146.0066
     8.728      144.5755     73.19035       72.3172     146.3807
    8.7376      145.2459     73.42916      72.63189     146.8583
    8.7472      146.0156      73.7081      72.90046     147.4162
    8.7568      146.7759     73.97561      73.08905     147.9512
    8.7664      147.4268      74.2401      73.21922     148.4802
     8.776      147.9159     74.57187      73.35339     149.1437
    8.7856      148.2769     75.00731      73.59015     150.0146
    8.7952      148.5898     75.48161      74.04084     150.9632
    8.8048      148.9039     75.92733      74.64082     151.8547
    8.8144      149.2375     76.34855      75.14245     152.6971
     8.824      149.5933     76.74787      75.46174     153.4957
    8.8336       149.967     77.10831      75.67744     154.2166
    8.8432      150.3524     77.42158       75.8478     154.8432
    8.8528       150.757     77.71323      76.01244     155.4265
    8.8624      151.2184     77.96343      76.18848     155.9269
    8.8719      151.7896      78.1645      76.36794      156.329
    8.8815      152.4361     78.37493      76.52519     156.7499
    8.8911      153.0427     78.62671       76.6438     157.2534
    8.9007      153.5514       78.895      76.72274       157.79
    8.9103      153.9571      79.1479      76.77248     158.2958
    8.9199      154.2828     79.37676      76.80558     158.7535
    8.9295      154.6097     79.56335      76.83114     159.1267
    8.9391      155.0195     79.70726      76.85398     159.4145
    8.9487      155.4975     79.82646      76.87957     159.6529
    8.9583      155.9919      79.9494       76.9146     159.8988
    8.9679      156.4787     80.11996      76.95942     160.2399
    8.9775      156.8924     80.38038      77.00579     160.7608
    8.9871      157.2084      80.7777      77.04549     161.5554
    8.9967      157.4855     81.29702      77.07967      162.594
    9.0063      157.7512      81.8506      77.11991     163.7012
    9.0159      158.0055     82.37002      77.18163       164.74
    9.0255      158.2455     82.83198      77.27506      165.664
    9.0351      158.4716     83.22766      77.39401     166.4553
    9.0447       158.695     83.54434      77.51855     167.0887
    9.0543      158.9535      83.7819      77.62721     167.5638
    9.0639       159.305     83.96277      77.70859     167.9255
    9.0735      159.7497     84.11022      77.76991     168.2204
    9.0831      160.1841     84.23516      77.82703     168.4703
    9.0927      160.5087     84.35162      77.89107     168.7032
    9.1023      160.7253     84.48646       77.9637     168.9729
    9.1119      160.8871     84.67669      78.04043     169.3534
    9.1215      161.0418      84.9596      78.11206     169.9192
    9.1311      161.2348     85.33317      78.17028     170.6663
    9.1407       161.489     85.70888      78.21315     171.4178
    9.1502      161.8156     86.00387      78.24328     172.0077
    9.1598       162.211     86.21732      78.26593     172.4346
    9.1694      162.6679     86.37831      78.28485     172.7566
     9.179      163.1526     86.50886      78.30284     173.0177
    9.1886      163.6516     86.61949      78.32015      173.239
    9.1982      164.2139     86.71783      78.33631     173.4357
    9.2078      164.7991     86.81057      78.35165     173.6211
    9.2174        165.35     86.90552      78.36491      173.811
     9.227      165.8553     87.01178      78.37748     174.0236
    9.2366      166.3318     87.15352       78.3923      174.307
    9.2462      166.7592     87.36694      78.42116     174.7339
    9.2558       167.083     87.64516      78.49751     175.2903
    9.2654      167.3562      87.9321      78.68298     175.8642
     9.275      167.7213     88.18145      79.06609     176.3629
    9.2846      168.2299     88.38763      79.55537     176.7753
    9.2942      168.8233     88.56707      79.93383     177.1341
    9.3038      169.4096     88.73085      80.16588     177.4617
    9.3134      169.8944     88.87854      80.38406     177.7571
     9.323      170.3118     89.01087       80.7776     178.0217
    9.3326       170.773     89.13729      81.54033     178.2746
    9.3422      171.3086     89.27551      82.60984      178.551
    9.3518      171.8215     89.45499      83.57184       178.91
    9.3614      172.2398     89.70382      84.14097     179.4076
     9.371      172.5968     89.99715      84.39693     179.9943
    9.3806      172.9654       90.252       84.5188      180.504
    9.3902      173.4107     90.42203      84.60039     180.8441
    9.3998      173.9185     90.53198      84.68117      181.064
    9.4094       174.396     90.62737      84.77621     181.2547
    9.4189      174.7741      90.7537      84.87418     181.5074
    9.4285      175.0645     90.92958      84.97482     181.8592
    9.4381      175.3147     91.11633      85.10233     182.2327
    9.4477       175.559     91.27056      85.26633     182.5411
    9.4573      175.8458     91.39367      85.43925     182.7873
    9.4669      176.2495     91.50093      85.58432     183.0019
    9.4765      176.8602     91.59523      85.69844     183.1905
    9.4861      177.6339     91.67698      85.80788      183.354
    9.4957      178.4004     91.74683      85.94103     183.4937
    9.5053      179.1186     91.80584      86.10605     183.6117
    9.5149      179.8031     91.86016       86.2904     183.7203
    9.5245      180.4644     91.91876      86.47171     183.8375
    9.5341      181.0723     91.98824      86.64329     183.9765
    9.5437      181.5413     92.07037      86.81613     184.1407
    9.5533      181.9279      92.1638      87.00906     184.3276
    9.5629      182.3599     92.27718      87.24119     184.5544
    9.5725      182.9043     92.43447       87.5372     184.8689
    9.5821      183.4884     92.62907      87.96835     185.2581
    9.5917      183.9798     92.81618      88.62332     185.6324
    9.6013      184.3747     92.96978      89.41723     185.9396
    9.6109      184.7142     93.10091      90.12866     186.2018
    9.6205      185.0051     93.23601      90.66371      186.472
    9.6301      185.2633     93.39464      91.04591     186.7893
    9.6397      185.5408     93.58963      91.30644     187.1793
    9.6493        185.92     93.80405      91.48449     187.6081
    9.6589      186.4691     94.01786      91.62161     188.0357
    9.6685      187.1799     94.21795      91.74091     188.4359
    9.6781      187.9332     94.39698      91.85201      188.794
    9.6877      188.6216     94.59383       91.9529     189.1877
    9.6972      189.3192     94.84537      92.04183     189.6907
    9.7068       190.043      95.1522       92.1284     190.3044
    9.7164      190.6446     95.50288      92.22258     191.0058
     9.726      191.0722     95.84573       92.3288     191.6915
    9.7356      191.3782     96.11914      92.44647     192.2383
    9.7452      191.6427      96.3262      92.56881     192.6524
    9.7548      191.9552     96.49996      92.69353     192.9999
    9.7644      192.3855     96.65027      92.83159     193.3005
     9.774      192.9595     96.78183      93.04982     193.5637
    9.7836      193.6904     96.91766      93.45696     193.8353
    9.7932      194.6032      97.0975      94.10738      194.195
    9.8028       195.652     97.37306      94.93282     194.7461
    9.8124      196.7898     97.71304        95.961     195.4261
     9.822      1.397163     0.329156      1.520639    0.6583121
